147 [1456348160] INFO perfrun.launcher <> - argc = 6; cmdline = /global/common/edison/software/intel/vtune_amplifier_2018.2.0.551022/bin32/amplxe-runss -dump-vdso -r /tmp/amplxe-tmp-fernando/amplxe-res-18201-384690650107279 --tmp-dir /tmp/amplxe-tmp-fernando 
181 [1456348160] INFO perfrun.launcher <> - plugin system has been added successfully
181 [1456348160] INFO perfrun.launcher <> - plugin itt has been added successfully
182 [1456348160] INFO perfrun.launcher <> - plugin ptracecollector has been added successfully
182 [1456348160] INFO perfrun.launcher <> - plugin gpu has been added successfully
182 [1456348160] INFO perfrun.launcher <> - plugin  has been added successfully
182 [1456348160] INFO perfrun.launcher <> - plugin  has been added successfully
182 [1456348160] INFO perfrun.launcher <> - plugin  has been added successfully
182 [1456348160] INFO perfrun.launcher <> - plugin mrte has been added successfully
182 [1456348160] INFO perfrun.launcher <> - plugin emon has been added successfully
184 [1456348160] INFO perfrun.launcher <> - plugin stdsrc has been added successfully
191 [1456348160] INFO perfrun.launcher <> - plugin sep has been added successfully
194 [1456348160] INFO perfrun.launcher <> - plugin vtsspp has been added successfully
196 [1456348160] INFO perfrun.sdk <> - Reading value (2) from file: /proc/sys/kernel/perf_event_paranoid
204 [1456348160] INFO perfrun.perfcollector <> - cpu: family = 6 model = 63
206 [1456348160] INFO perfrun.perfcollector <> - dir found : /sys/bus/event_source/devices/cpu
207 [1456348160] INFO perfrun.perfcollector <> - format: pc config:19 mask:19
208 [1456348160] INFO perfrun.perfcollector <> - format: any config:21 mask:21
208 [1456348160] INFO perfrun.perfcollector <> - format: inv config:23 mask:23
208 [1456348160] INFO perfrun.perfcollector <> - format: edge config:18 mask:18
208 [1456348160] INFO perfrun.perfcollector <> - format: cmask config:24-31 mask:24-31
208 [1456348160] INFO perfrun.perfcollector <> - format: event config:0-7 mask:0-7
208 [1456348160] INFO perfrun.perfcollector <> - format: in_tx config:32 mask:32
208 [1456348160] INFO perfrun.perfcollector <> - format: ldlat config1:0-15 mask:0-15
208 [1456348160] INFO perfrun.perfcollector <> - format: umask config:8-15 mask:8-15
208 [1456348160] INFO perfrun.perfcollector <> - format: in_tx_cp config:33 mask:33
208 [1456348160] INFO perfrun.perfcollector <> - format: offcore_rsp config1:0-63 mask:0-63
208 [1456348160] INFO perfrun.perfcollector <> - hwInfo : PERF_CPU_PMU_DETAILS
208 [1456348160] INFO perfrun.perfcollector <> - pmu added : family : cpu , id : 0
208 [1456348160] INFO perfrun.perfcollector <> - dir found : /sys/bus/event_source/devices/msr
208 [1456348160] INFO perfrun.perfcollector <> - format: event config:0-63 mask:0-63
208 [1456348160] WARN perfrun.perfcollector <> - pmu hwInfo is not set, at file: vcs/perfrun1/plugins/perfcollector/src/controller.cpp:657
208 [1456348160] INFO perfrun.perfcollector <> - pmu added : family : msr , id : 0
208 [1456348160] INFO perfrun.perfcollector <> - dir found : /sys/bus/event_source/devices/uncore_cbox_10
208 [1456348160] INFO perfrun.perfcollector <> - format: edge config:18 mask:18
208 [1456348160] INFO perfrun.perfcollector <> - format: event config:0-7 mask:0-7
208 [1456348160] INFO perfrun.perfcollector <> - format: umask config:8-15 mask:8-15
208 [1456348160] INFO perfrun.perfcollector <> - format: filter_c6 config1:61 mask:61
208 [1456348160] INFO perfrun.perfcollector <> - format: filter_nc config1:62 mask:62
208 [1456348160] INFO perfrun.perfcollector <> - format: filter_isoc config1:63 mask:63
209 [1456348160] INFO perfrun.perfcollector <> - format: filter_link config1:6-8 mask:6-8
209 [1456348160] INFO perfrun.perfcollector <> - format: filter_nid config1:32-47 mask:32-47
209 [1456348160] INFO perfrun.perfcollector <> - format: filter_opc config1:52-60 mask:52-60
209 [1456348160] INFO perfrun.perfcollector <> - format: filter_tid config1:0-5 mask:0-5
209 [1456348160] INFO perfrun.perfcollector <> - format: tid_en config:19 mask:19
209 [1456348160] INFO perfrun.perfcollector <> - format: thresh config:24-31 mask:24-31
209 [1456348160] INFO perfrun.perfcollector <> - format: filter_state config1:17-23 mask:17-23
209 [1456348160] WARN perfrun.perfcollector <> - pmu hwInfo is not set, at file: vcs/perfrun1/plugins/perfcollector/src/controller.cpp:657
209 [1456348160] INFO perfrun.perfcollector <> - pmu added : family : uncore_cbox , id : 10
209 [1456348160] INFO perfrun.perfcollector <> - dir found : /sys/bus/event_source/devices/uncore_cbox_11
209 [1456348160] INFO perfrun.perfcollector <> - format: edge config:18 mask:18
209 [1456348160] INFO perfrun.perfcollector <> - format: event config:0-7 mask:0-7
209 [1456348160] INFO perfrun.perfcollector <> - format: umask config:8-15 mask:8-15
209 [1456348160] INFO perfrun.perfcollector <> - format: filter_c6 config1:61 mask:61
209 [1456348160] INFO perfrun.perfcollector <> - format: filter_nc config1:62 mask:62
209 [1456348160] INFO perfrun.perfcollector <> - format: filter_isoc config1:63 mask:63
209 [1456348160] INFO perfrun.perfcollector <> - format: filter_link config1:6-8 mask:6-8
209 [1456348160] INFO perfrun.perfcollector <> - format: filter_nid config1:32-47 mask:32-47
209 [1456348160] INFO perfrun.perfcollector <> - format: filter_opc config1:52-60 mask:52-60
209 [1456348160] INFO perfrun.perfcollector <> - format: filter_tid config1:0-5 mask:0-5
209 [1456348160] INFO perfrun.perfcollector <> - format: tid_en config:19 mask:19
209 [1456348160] INFO perfrun.perfcollector <> - format: thresh config:24-31 mask:24-31
209 [1456348160] INFO perfrun.perfcollector <> - format: filter_state config1:17-23 mask:17-23
209 [1456348160] WARN perfrun.perfcollector <> - pmu hwInfo is not set, at file: vcs/perfrun1/plugins/perfcollector/src/controller.cpp:657
209 [1456348160] INFO perfrun.perfcollector <> - pmu added : family : uncore_cbox , id : 11
209 [1456348160] INFO perfrun.perfcollector <> - dir found : /sys/bus/event_source/devices/uncore_cbox_12
209 [1456348160] INFO perfrun.perfcollector <> - format: edge config:18 mask:18
210 [1456348160] INFO perfrun.perfcollector <> - format: event config:0-7 mask:0-7
210 [1456348160] INFO perfrun.perfcollector <> - format: umask config:8-15 mask:8-15
210 [1456348160] INFO perfrun.perfcollector <> - format: filter_c6 config1:61 mask:61
210 [1456348160] INFO perfrun.perfcollector <> - format: filter_nc config1:62 mask:62
210 [1456348160] INFO perfrun.perfcollector <> - format: filter_isoc config1:63 mask:63
210 [1456348160] INFO perfrun.perfcollector <> - format: filter_link config1:6-8 mask:6-8
210 [1456348160] INFO perfrun.perfcollector <> - format: filter_nid config1:32-47 mask:32-47
210 [1456348160] INFO perfrun.perfcollector <> - format: filter_opc config1:52-60 mask:52-60
210 [1456348160] INFO perfrun.perfcollector <> - format: filter_tid config1:0-5 mask:0-5
210 [1456348160] INFO perfrun.perfcollector <> - format: tid_en config:19 mask:19
210 [1456348160] INFO perfrun.perfcollector <> - format: thresh config:24-31 mask:24-31
210 [1456348160] INFO perfrun.perfcollector <> - format: filter_state config1:17-23 mask:17-23
210 [1456348160] WARN perfrun.perfcollector <> - pmu hwInfo is not set, at file: vcs/perfrun1/plugins/perfcollector/src/controller.cpp:657
210 [1456348160] INFO perfrun.perfcollector <> - pmu added : family : uncore_cbox , id : 12
210 [1456348160] INFO perfrun.perfcollector <> - dir found : /sys/bus/event_source/devices/uncore_cbox_13
210 [1456348160] INFO perfrun.perfcollector <> - format: edge config:18 mask:18
210 [1456348160] INFO perfrun.perfcollector <> - format: event config:0-7 mask:0-7
210 [1456348160] INFO perfrun.perfcollector <> - format: umask config:8-15 mask:8-15
210 [1456348160] INFO perfrun.perfcollector <> - format: filter_c6 config1:61 mask:61
210 [1456348160] INFO perfrun.perfcollector <> - format: filter_nc config1:62 mask:62
210 [1456348160] INFO perfrun.perfcollector <> - format: filter_isoc config1:63 mask:63
210 [1456348160] INFO perfrun.perfcollector <> - format: filter_link config1:6-8 mask:6-8
210 [1456348160] INFO perfrun.perfcollector <> - format: filter_nid config1:32-47 mask:32-47
210 [1456348160] INFO perfrun.perfcollector <> - format: filter_opc config1:52-60 mask:52-60
210 [1456348160] INFO perfrun.perfcollector <> - format: filter_tid config1:0-5 mask:0-5
210 [1456348160] INFO perfrun.perfcollector <> - format: tid_en config:19 mask:19
210 [1456348160] INFO perfrun.perfcollector <> - format: thresh config:24-31 mask:24-31
210 [1456348160] INFO perfrun.perfcollector <> - format: filter_state config1:17-23 mask:17-23
210 [1456348160] WARN perfrun.perfcollector <> - pmu hwInfo is not set, at file: vcs/perfrun1/plugins/perfcollector/src/controller.cpp:657
211 [1456348160] INFO perfrun.perfcollector <> - pmu added : family : uncore_cbox , id : 13
211 [1456348160] INFO perfrun.perfcollector <> - dir found : /sys/bus/event_source/devices/uncore_cbox_14
211 [1456348160] INFO perfrun.perfcollector <> - format: edge config:18 mask:18
211 [1456348160] INFO perfrun.perfcollector <> - format: event config:0-7 mask:0-7
211 [1456348160] INFO perfrun.perfcollector <> - format: umask config:8-15 mask:8-15
211 [1456348160] INFO perfrun.perfcollector <> - format: filter_c6 config1:61 mask:61
211 [1456348160] INFO perfrun.perfcollector <> - format: filter_nc config1:62 mask:62
211 [1456348160] INFO perfrun.perfcollector <> - format: filter_isoc config1:63 mask:63
211 [1456348160] INFO perfrun.perfcollector <> - format: filter_link config1:6-8 mask:6-8
211 [1456348160] INFO perfrun.perfcollector <> - format: filter_nid config1:32-47 mask:32-47
211 [1456348160] INFO perfrun.perfcollector <> - format: filter_opc config1:52-60 mask:52-60
211 [1456348160] INFO perfrun.perfcollector <> - format: filter_tid config1:0-5 mask:0-5
211 [1456348160] INFO perfrun.perfcollector <> - format: tid_en config:19 mask:19
211 [1456348160] INFO perfrun.perfcollector <> - format: thresh config:24-31 mask:24-31
211 [1456348160] INFO perfrun.perfcollector <> - format: filter_state config1:17-23 mask:17-23
211 [1456348160] WARN perfrun.perfcollector <> - pmu hwInfo is not set, at file: vcs/perfrun1/plugins/perfcollector/src/controller.cpp:657
211 [1456348160] INFO perfrun.perfcollector <> - pmu added : family : uncore_cbox , id : 14
211 [1456348160] INFO perfrun.perfcollector <> - dir found : /sys/bus/event_source/devices/uncore_cbox_15
211 [1456348160] INFO perfrun.perfcollector <> - format: edge config:18 mask:18
211 [1456348160] INFO perfrun.perfcollector <> - format: event config:0-7 mask:0-7
211 [1456348160] INFO perfrun.perfcollector <> - format: umask config:8-15 mask:8-15
211 [1456348160] INFO perfrun.perfcollector <> - format: filter_c6 config1:61 mask:61
211 [1456348160] INFO perfrun.perfcollector <> - format: filter_nc config1:62 mask:62
211 [1456348160] INFO perfrun.perfcollector <> - format: filter_isoc config1:63 mask:63
211 [1456348160] INFO perfrun.perfcollector <> - format: filter_link config1:6-8 mask:6-8
211 [1456348160] INFO perfrun.perfcollector <> - format: filter_nid config1:32-47 mask:32-47
212 [1456348160] INFO perfrun.perfcollector <> - format: filter_opc config1:52-60 mask:52-60
212 [1456348160] INFO perfrun.perfcollector <> - format: filter_tid config1:0-5 mask:0-5
212 [1456348160] INFO perfrun.perfcollector <> - format: tid_en config:19 mask:19
212 [1456348160] INFO perfrun.perfcollector <> - format: thresh config:24-31 mask:24-31
212 [1456348160] INFO perfrun.perfcollector <> - format: filter_state config1:17-23 mask:17-23
212 [1456348160] WARN perfrun.perfcollector <> - pmu hwInfo is not set, at file: vcs/perfrun1/plugins/perfcollector/src/controller.cpp:657
212 [1456348160] INFO perfrun.perfcollector <> - pmu added : family : uncore_cbox , id : 15
212 [1456348160] INFO perfrun.perfcollector <> - dir found : /sys/bus/event_source/devices/software
212 [1456348160] WARN perfrun.perfcollector <> - format subdir doesn't exist, at file: vcs/perfrun1/plugins/perfcollector/src/controller.cpp:578
212 [1456348160] WARN perfrun.perfcollector <> - pmu hwInfo is not set, at file: vcs/perfrun1/plugins/perfcollector/src/controller.cpp:657
212 [1456348160] INFO perfrun.perfcollector <> - pmu added : family : software , id : 0
212 [1456348160] INFO perfrun.perfcollector <> - dir found : /sys/bus/event_source/devices/power
212 [1456348160] INFO perfrun.perfcollector <> - format: event config:0-7 mask:0-7
212 [1456348160] WARN perfrun.perfcollector <> - pmu hwInfo is not set, at file: vcs/perfrun1/plugins/perfcollector/src/controller.cpp:657
212 [1456348160] INFO perfrun.perfcollector <> - pmu added : family : power , id : 0
212 [1456348160] INFO perfrun.perfcollector <> - dir found : /sys/bus/event_source/devices/uncore_pcu
212 [1456348160] INFO perfrun.perfcollector <> - format: inv config:23 mask:23
212 [1456348160] INFO perfrun.perfcollector <> - format: occ_invert config:30 mask:30
212 [1456348160] INFO perfrun.perfcollector <> - format: edge config:18 mask:18
212 [1456348160] INFO perfrun.perfcollector <> - format: event config:0-7,21 mask:0-7,21
212 [1456348160] INFO perfrun.perfcollector <> - format: occ_sel config:14-15 mask:14-15
212 [1456348160] INFO perfrun.perfcollector <> - format: thresh config:24-28 mask:24-28
212 [1456348160] INFO perfrun.perfcollector <> - format: filter_band0 config1:0-7 mask:0-7
212 [1456348160] INFO perfrun.perfcollector <> - format: filter_band1 config1:8-15 mask:8-15
212 [1456348160] INFO perfrun.perfcollector <> - format: filter_band2 config1:16-23 mask:16-23
212 [1456348160] INFO perfrun.perfcollector <> - format: filter_band3 config1:24-31 mask:24-31
212 [1456348160] INFO perfrun.perfcollector <> - format: occ_edge config:14-51 mask:14-51
215 [1456348160] WARN perfrun.perfcollector <> - pmu hwInfo is not set, at file: vcs/perfrun1/plugins/perfcollector/src/controller.cpp:657
215 [1456348160] INFO perfrun.perfcollector <> - pmu added : family : uncore_pcu , id : 0
215 [1456348160] INFO perfrun.perfcollector <> - dir found : /sys/bus/event_source/devices/tracepoint
215 [1456348160] WARN perfrun.perfcollector <> - format subdir doesn't exist, at file: vcs/perfrun1/plugins/perfcollector/src/controller.cpp:578
216 [1456348160] WARN perfrun.perfcollector <> - pmu hwInfo is not set, at file: vcs/perfrun1/plugins/perfcollector/src/controller.cpp:657
216 [1456348160] INFO perfrun.perfcollector <> - pmu added : family : tracepoint , id : 0
216 [1456348160] INFO perfrun.perfcollector <> - dir found : /sys/bus/event_source/devices/uncore_imc_0
216 [1456348160] INFO perfrun.perfcollector <> - format: inv config:23 mask:23
216 [1456348160] INFO perfrun.perfcollector <> - format: edge config:18 mask:18
216 [1456348160] INFO perfrun.perfcollector <> - format: event config:0-7 mask:0-7
216 [1456348160] INFO perfrun.perfcollector <> - format: umask config:8-15 mask:8-15
216 [1456348160] INFO perfrun.perfcollector <> - format: thresh config:24-31 mask:24-31
216 [1456348160] INFO perfrun.perfcollector <> - hwInfo : PERF_IMC_PMU_DETAILS
216 [1456348160] INFO perfrun.perfcollector <> - pmu added : family : uncore_imc , id : 0
216 [1456348160] INFO perfrun.perfcollector <> - dir found : /sys/bus/event_source/devices/uncore_imc_1
216 [1456348160] INFO perfrun.perfcollector <> - format: inv config:23 mask:23
216 [1456348160] INFO perfrun.perfcollector <> - format: edge config:18 mask:18
216 [1456348160] INFO perfrun.perfcollector <> - format: event config:0-7 mask:0-7
216 [1456348160] INFO perfrun.perfcollector <> - format: umask config:8-15 mask:8-15
216 [1456348160] INFO perfrun.perfcollector <> - format: thresh config:24-31 mask:24-31
216 [1456348160] INFO perfrun.perfcollector <> - hwInfo : PERF_IMC_PMU_DETAILS
216 [1456348160] INFO perfrun.perfcollector <> - pmu added : family : uncore_imc , id : 1
216 [1456348160] INFO perfrun.perfcollector <> - dir found : /sys/bus/event_source/devices/uncore_imc_4
216 [1456348160] INFO perfrun.perfcollector <> - format: inv config:23 mask:23
216 [1456348160] INFO perfrun.perfcollector <> - format: edge config:18 mask:18
216 [1456348160] INFO perfrun.perfcollector <> - format: event config:0-7 mask:0-7
216 [1456348160] INFO perfrun.perfcollector <> - format: umask config:8-15 mask:8-15
216 [1456348160] INFO perfrun.perfcollector <> - format: thresh config:24-31 mask:24-31
216 [1456348160] INFO perfrun.perfcollector <> - hwInfo : PERF_IMC_PMU_DETAILS
216 [1456348160] INFO perfrun.perfcollector <> - pmu added : family : uncore_imc , id : 4
216 [1456348160] INFO perfrun.perfcollector <> - dir found : /sys/bus/event_source/devices/uncore_imc_5
217 [1456348160] INFO perfrun.perfcollector <> - format: inv config:23 mask:23
217 [1456348160] INFO perfrun.perfcollector <> - format: edge config:18 mask:18
217 [1456348160] INFO perfrun.perfcollector <> - format: event config:0-7 mask:0-7
217 [1456348160] INFO perfrun.perfcollector <> - format: umask config:8-15 mask:8-15
217 [1456348160] INFO perfrun.perfcollector <> - format: thresh config:24-31 mask:24-31
217 [1456348160] INFO perfrun.perfcollector <> - hwInfo : PERF_IMC_PMU_DETAILS
217 [1456348160] INFO perfrun.perfcollector <> - pmu added : family : uncore_imc , id : 5
217 [1456348160] INFO perfrun.perfcollector <> - dir found : /sys/bus/event_source/devices/uncore_qpi_0
217 [1456348160] INFO perfrun.perfcollector <> - format: inv config:23 mask:23
217 [1456348160] INFO perfrun.perfcollector <> - format: edge config:18 mask:18
217 [1456348160] INFO perfrun.perfcollector <> - format: match_rnid4 config1:31 mask:31
217 [1456348160] INFO perfrun.perfcollector <> - format: event config:0-7,21 mask:0-7,21
217 [1456348160] INFO perfrun.perfcollector <> - format: mask0 config2:0-31 mask:0-31
217 [1456348160] INFO perfrun.perfcollector <> - format: mask1 config2:32-63 mask:32-63
217 [1456348160] INFO perfrun.perfcollector <> - format: umask config:8-15 mask:8-15
217 [1456348160] INFO perfrun.perfcollector <> - format: mask_rnid30 config2:32-35 mask:32-35
217 [1456348160] INFO perfrun.perfcollector <> - format: match_rnid30 config1:32-35 mask:32-35
217 [1456348160] INFO perfrun.perfcollector <> - format: match_dnid config1:13-17 mask:13-17
217 [1456348160] INFO perfrun.perfcollector <> - format: mask_mc config2:9-12 mask:9-12
217 [1456348160] INFO perfrun.perfcollector <> - format: mask_dnid config2:13-17 mask:13-17
217 [1456348160] INFO perfrun.perfcollector <> - format: match_opc config1:5-8 mask:5-8
217 [1456348160] INFO perfrun.perfcollector <> - format: match_rds config1:48-51 mask:48-51
217 [1456348160] INFO perfrun.perfcollector <> - format: match_vnw config1:3-4 mask:3-4
217 [1456348160] INFO perfrun.perfcollector <> - format: mask_opc config2:5-8 mask:5-8
217 [1456348160] INFO perfrun.perfcollector <> - format: mask_rds config2:48-51 mask:48-51
217 [1456348160] INFO perfrun.perfcollector <> - format: mask_vnw config2:3-4 mask:3-4
217 [1456348160] INFO perfrun.perfcollector <> - format: match_mc config1:9-12 mask:9-12
218 [1456348160] INFO perfrun.perfcollector <> - format: match0 config1:0-31 mask:0-31
218 [1456348160] INFO perfrun.perfcollector <> - format: match1 config1:32-63 mask:32-63
218 [1456348160] INFO perfrun.perfcollector <> - format: mask_rnid4 config2:31 mask:31
218 [1456348160] INFO perfrun.perfcollector <> - format: thresh config:24-31 mask:24-31
218 [1456348160] INFO perfrun.perfcollector <> - hwInfo : PERF_QPI_PMU_DETAILS
218 [1456348160] INFO perfrun.perfcollector <> - pmu added : family : uncore_qpi , id : 0
218 [1456348160] INFO perfrun.perfcollector <> - dir found : /sys/bus/event_source/devices/uncore_qpi_1
218 [1456348160] INFO perfrun.perfcollector <> - format: inv config:23 mask:23
218 [1456348160] INFO perfrun.perfcollector <> - format: edge config:18 mask:18
218 [1456348160] INFO perfrun.perfcollector <> - format: match_rnid4 config1:31 mask:31
218 [1456348160] INFO perfrun.perfcollector <> - format: event config:0-7,21 mask:0-7,21
218 [1456348160] INFO perfrun.perfcollector <> - format: mask0 config2:0-31 mask:0-31
218 [1456348160] INFO perfrun.perfcollector <> - format: mask1 config2:32-63 mask:32-63
218 [1456348160] INFO perfrun.perfcollector <> - format: umask config:8-15 mask:8-15
218 [1456348160] INFO perfrun.perfcollector <> - format: mask_rnid30 config2:32-35 mask:32-35
218 [1456348160] INFO perfrun.perfcollector <> - format: match_rnid30 config1:32-35 mask:32-35
218 [1456348160] INFO perfrun.perfcollector <> - format: match_dnid config1:13-17 mask:13-17
218 [1456348160] INFO perfrun.perfcollector <> - format: mask_mc config2:9-12 mask:9-12
218 [1456348160] INFO perfrun.perfcollector <> - format: mask_dnid config2:13-17 mask:13-17
218 [1456348160] INFO perfrun.perfcollector <> - format: match_opc config1:5-8 mask:5-8
218 [1456348160] INFO perfrun.perfcollector <> - format: match_rds config1:48-51 mask:48-51
218 [1456348160] INFO perfrun.perfcollector <> - format: match_vnw config1:3-4 mask:3-4
218 [1456348160] INFO perfrun.perfcollector <> - format: mask_opc config2:5-8 mask:5-8
218 [1456348160] INFO perfrun.perfcollector <> - format: mask_rds config2:48-51 mask:48-51
218 [1456348160] INFO perfrun.perfcollector <> - format: mask_vnw config2:3-4 mask:3-4
218 [1456348160] INFO perfrun.perfcollector <> - format: match_mc config1:9-12 mask:9-12
218 [1456348160] INFO perfrun.perfcollector <> - format: match0 config1:0-31 mask:0-31
219 [1456348160] INFO perfrun.perfcollector <> - format: match1 config1:32-63 mask:32-63
219 [1456348160] INFO perfrun.perfcollector <> - format: mask_rnid4 config2:31 mask:31
219 [1456348160] INFO perfrun.perfcollector <> - format: thresh config:24-31 mask:24-31
219 [1456348160] INFO perfrun.perfcollector <> - hwInfo : PERF_QPI_PMU_DETAILS
219 [1456348160] INFO perfrun.perfcollector <> - pmu added : family : uncore_qpi , id : 1
219 [1456348160] INFO perfrun.perfcollector <> - dir found : /sys/bus/event_source/devices/uncore_cbox_0
219 [1456348160] INFO perfrun.perfcollector <> - format: edge config:18 mask:18
219 [1456348160] INFO perfrun.perfcollector <> - format: event config:0-7 mask:0-7
219 [1456348160] INFO perfrun.perfcollector <> - format: umask config:8-15 mask:8-15
219 [1456348160] INFO perfrun.perfcollector <> - format: filter_c6 config1:61 mask:61
219 [1456348160] INFO perfrun.perfcollector <> - format: filter_nc config1:62 mask:62
219 [1456348160] INFO perfrun.perfcollector <> - format: filter_isoc config1:63 mask:63
219 [1456348160] INFO perfrun.perfcollector <> - format: filter_link config1:6-8 mask:6-8
219 [1456348160] INFO perfrun.perfcollector <> - format: filter_nid config1:32-47 mask:32-47
219 [1456348160] INFO perfrun.perfcollector <> - format: filter_opc config1:52-60 mask:52-60
219 [1456348160] INFO perfrun.perfcollector <> - format: filter_tid config1:0-5 mask:0-5
219 [1456348160] INFO perfrun.perfcollector <> - format: tid_en config:19 mask:19
219 [1456348160] INFO perfrun.perfcollector <> - format: thresh config:24-31 mask:24-31
219 [1456348160] INFO perfrun.perfcollector <> - format: filter_state config1:17-23 mask:17-23
219 [1456348160] WARN perfrun.perfcollector <> - pmu hwInfo is not set, at file: vcs/perfrun1/plugins/perfcollector/src/controller.cpp:657
219 [1456348160] INFO perfrun.perfcollector <> - pmu added : family : uncore_cbox , id : 0
219 [1456348160] INFO perfrun.perfcollector <> - dir found : /sys/bus/event_source/devices/uncore_cbox_1
219 [1456348160] INFO perfrun.perfcollector <> - format: edge config:18 mask:18
219 [1456348160] INFO perfrun.perfcollector <> - format: event config:0-7 mask:0-7
220 [1456348160] INFO perfrun.perfcollector <> - format: umask config:8-15 mask:8-15
220 [1456348160] INFO perfrun.perfcollector <> - format: filter_c6 config1:61 mask:61
220 [1456348160] INFO perfrun.perfcollector <> - format: filter_nc config1:62 mask:62
220 [1456348160] INFO perfrun.perfcollector <> - format: filter_isoc config1:63 mask:63
220 [1456348160] INFO perfrun.perfcollector <> - format: filter_link config1:6-8 mask:6-8
220 [1456348160] INFO perfrun.perfcollector <> - format: filter_nid config1:32-47 mask:32-47
220 [1456348160] INFO perfrun.perfcollector <> - format: filter_opc config1:52-60 mask:52-60
220 [1456348160] INFO perfrun.perfcollector <> - format: filter_tid config1:0-5 mask:0-5
220 [1456348160] INFO perfrun.perfcollector <> - format: tid_en config:19 mask:19
220 [1456348160] INFO perfrun.perfcollector <> - format: thresh config:24-31 mask:24-31
220 [1456348160] INFO perfrun.perfcollector <> - format: filter_state config1:17-23 mask:17-23
220 [1456348160] WARN perfrun.perfcollector <> - pmu hwInfo is not set, at file: vcs/perfrun1/plugins/perfcollector/src/controller.cpp:657
220 [1456348160] INFO perfrun.perfcollector <> - pmu added : family : uncore_cbox , id : 1
220 [1456348160] INFO perfrun.perfcollector <> - dir found : /sys/bus/event_source/devices/uncore_cbox_2
220 [1456348160] INFO perfrun.perfcollector <> - format: edge config:18 mask:18
220 [1456348160] INFO perfrun.perfcollector <> - format: event config:0-7 mask:0-7
220 [1456348160] INFO perfrun.perfcollector <> - format: umask config:8-15 mask:8-15
220 [1456348160] INFO perfrun.perfcollector <> - format: filter_c6 config1:61 mask:61
220 [1456348160] INFO perfrun.perfcollector <> - format: filter_nc config1:62 mask:62
220 [1456348160] INFO perfrun.perfcollector <> - format: filter_isoc config1:63 mask:63
220 [1456348160] INFO perfrun.perfcollector <> - format: filter_link config1:6-8 mask:6-8
220 [1456348160] INFO perfrun.perfcollector <> - format: filter_nid config1:32-47 mask:32-47
220 [1456348160] INFO perfrun.perfcollector <> - format: filter_opc config1:52-60 mask:52-60
220 [1456348160] INFO perfrun.perfcollector <> - format: filter_tid config1:0-5 mask:0-5
220 [1456348160] INFO perfrun.perfcollector <> - format: tid_en config:19 mask:19
220 [1456348160] INFO perfrun.perfcollector <> - format: thresh config:24-31 mask:24-31
220 [1456348160] INFO perfrun.perfcollector <> - format: filter_state config1:17-23 mask:17-23
221 [1456348160] WARN perfrun.perfcollector <> - pmu hwInfo is not set, at file: vcs/perfrun1/plugins/perfcollector/src/controller.cpp:657
221 [1456348160] INFO perfrun.perfcollector <> - pmu added : family : uncore_cbox , id : 2
221 [1456348160] INFO perfrun.perfcollector <> - dir found : /sys/bus/event_source/devices/uncore_cbox_3
221 [1456348160] INFO perfrun.perfcollector <> - format: edge config:18 mask:18
221 [1456348160] INFO perfrun.perfcollector <> - format: event config:0-7 mask:0-7
221 [1456348160] INFO perfrun.perfcollector <> - format: umask config:8-15 mask:8-15
221 [1456348160] INFO perfrun.perfcollector <> - format: filter_c6 config1:61 mask:61
221 [1456348160] INFO perfrun.perfcollector <> - format: filter_nc config1:62 mask:62
221 [1456348160] INFO perfrun.perfcollector <> - format: filter_isoc config1:63 mask:63
221 [1456348160] INFO perfrun.perfcollector <> - format: filter_link config1:6-8 mask:6-8
221 [1456348160] INFO perfrun.perfcollector <> - format: filter_nid config1:32-47 mask:32-47
221 [1456348160] INFO perfrun.perfcollector <> - format: filter_opc config1:52-60 mask:52-60
221 [1456348160] INFO perfrun.perfcollector <> - format: filter_tid config1:0-5 mask:0-5
221 [1456348160] INFO perfrun.perfcollector <> - format: tid_en config:19 mask:19
221 [1456348160] INFO perfrun.perfcollector <> - format: thresh config:24-31 mask:24-31
221 [1456348160] INFO perfrun.perfcollector <> - format: filter_state config1:17-23 mask:17-23
221 [1456348160] WARN perfrun.perfcollector <> - pmu hwInfo is not set, at file: vcs/perfrun1/plugins/perfcollector/src/controller.cpp:657
221 [1456348160] INFO perfrun.perfcollector <> - pmu added : family : uncore_cbox , id : 3
221 [1456348160] INFO perfrun.perfcollector <> - dir found : /sys/bus/event_source/devices/uncore_cbox_4
221 [1456348160] INFO perfrun.perfcollector <> - format: edge config:18 mask:18
221 [1456348160] INFO perfrun.perfcollector <> - format: event config:0-7 mask:0-7
221 [1456348160] INFO perfrun.perfcollector <> - format: umask config:8-15 mask:8-15
221 [1456348160] INFO perfrun.perfcollector <> - format: filter_c6 config1:61 mask:61
221 [1456348160] INFO perfrun.perfcollector <> - format: filter_nc config1:62 mask:62
221 [1456348160] INFO perfrun.perfcollector <> - format: filter_isoc config1:63 mask:63
221 [1456348160] INFO perfrun.perfcollector <> - format: filter_link config1:6-8 mask:6-8
221 [1456348160] INFO perfrun.perfcollector <> - format: filter_nid config1:32-47 mask:32-47
222 [1456348160] INFO perfrun.perfcollector <> - format: filter_opc config1:52-60 mask:52-60
222 [1456348160] INFO perfrun.perfcollector <> - format: filter_tid config1:0-5 mask:0-5
222 [1456348160] INFO perfrun.perfcollector <> - format: tid_en config:19 mask:19
222 [1456348160] INFO perfrun.perfcollector <> - format: thresh config:24-31 mask:24-31
222 [1456348160] INFO perfrun.perfcollector <> - format: filter_state config1:17-23 mask:17-23
222 [1456348160] WARN perfrun.perfcollector <> - pmu hwInfo is not set, at file: vcs/perfrun1/plugins/perfcollector/src/controller.cpp:657
222 [1456348160] INFO perfrun.perfcollector <> - pmu added : family : uncore_cbox , id : 4
222 [1456348160] INFO perfrun.perfcollector <> - dir found : /sys/bus/event_source/devices/uncore_cbox_5
222 [1456348160] INFO perfrun.perfcollector <> - format: edge config:18 mask:18
222 [1456348160] INFO perfrun.perfcollector <> - format: event config:0-7 mask:0-7
222 [1456348160] INFO perfrun.perfcollector <> - format: umask config:8-15 mask:8-15
222 [1456348160] INFO perfrun.perfcollector <> - format: filter_c6 config1:61 mask:61
222 [1456348160] INFO perfrun.perfcollector <> - format: filter_nc config1:62 mask:62
222 [1456348160] INFO perfrun.perfcollector <> - format: filter_isoc config1:63 mask:63
222 [1456348160] INFO perfrun.perfcollector <> - format: filter_link config1:6-8 mask:6-8
222 [1456348160] INFO perfrun.perfcollector <> - format: filter_nid config1:32-47 mask:32-47
222 [1456348160] INFO perfrun.perfcollector <> - format: filter_opc config1:52-60 mask:52-60
222 [1456348160] INFO perfrun.perfcollector <> - format: filter_tid config1:0-5 mask:0-5
222 [1456348160] INFO perfrun.perfcollector <> - format: tid_en config:19 mask:19
222 [1456348160] INFO perfrun.perfcollector <> - format: thresh config:24-31 mask:24-31
222 [1456348160] INFO perfrun.perfcollector <> - format: filter_state config1:17-23 mask:17-23
222 [1456348160] WARN perfrun.perfcollector <> - pmu hwInfo is not set, at file: vcs/perfrun1/plugins/perfcollector/src/controller.cpp:657
222 [1456348160] INFO perfrun.perfcollector <> - pmu added : family : uncore_cbox , id : 5
222 [1456348160] INFO perfrun.perfcollector <> - dir found : /sys/bus/event_source/devices/uncore_cbox_6
222 [1456348160] INFO perfrun.perfcollector <> - format: edge config:18 mask:18
222 [1456348160] INFO perfrun.perfcollector <> - format: event config:0-7 mask:0-7
222 [1456348160] INFO perfrun.perfcollector <> - format: umask config:8-15 mask:8-15
223 [1456348160] INFO perfrun.perfcollector <> - format: filter_c6 config1:61 mask:61
223 [1456348160] INFO perfrun.perfcollector <> - format: filter_nc config1:62 mask:62
223 [1456348160] INFO perfrun.perfcollector <> - format: filter_isoc config1:63 mask:63
223 [1456348160] INFO perfrun.perfcollector <> - format: filter_link config1:6-8 mask:6-8
223 [1456348160] INFO perfrun.perfcollector <> - format: filter_nid config1:32-47 mask:32-47
223 [1456348160] INFO perfrun.perfcollector <> - format: filter_opc config1:52-60 mask:52-60
223 [1456348160] INFO perfrun.perfcollector <> - format: filter_tid config1:0-5 mask:0-5
223 [1456348160] INFO perfrun.perfcollector <> - format: tid_en config:19 mask:19
223 [1456348160] INFO perfrun.perfcollector <> - format: thresh config:24-31 mask:24-31
223 [1456348160] INFO perfrun.perfcollector <> - format: filter_state config1:17-23 mask:17-23
223 [1456348160] WARN perfrun.perfcollector <> - pmu hwInfo is not set, at file: vcs/perfrun1/plugins/perfcollector/src/controller.cpp:657
223 [1456348160] INFO perfrun.perfcollector <> - pmu added : family : uncore_cbox , id : 6
223 [1456348160] INFO perfrun.perfcollector <> - dir found : /sys/bus/event_source/devices/uncore_cbox_7
223 [1456348160] INFO perfrun.perfcollector <> - format: edge config:18 mask:18
223 [1456348160] INFO perfrun.perfcollector <> - format: event config:0-7 mask:0-7
223 [1456348160] INFO perfrun.perfcollector <> - format: umask config:8-15 mask:8-15
223 [1456348160] INFO perfrun.perfcollector <> - format: filter_c6 config1:61 mask:61
223 [1456348160] INFO perfrun.perfcollector <> - format: filter_nc config1:62 mask:62
223 [1456348160] INFO perfrun.perfcollector <> - format: filter_isoc config1:63 mask:63
223 [1456348160] INFO perfrun.perfcollector <> - format: filter_link config1:6-8 mask:6-8
223 [1456348160] INFO perfrun.perfcollector <> - format: filter_nid config1:32-47 mask:32-47
223 [1456348160] INFO perfrun.perfcollector <> - format: filter_opc config1:52-60 mask:52-60
223 [1456348160] INFO perfrun.perfcollector <> - format: filter_tid config1:0-5 mask:0-5
223 [1456348160] INFO perfrun.perfcollector <> - format: tid_en config:19 mask:19
223 [1456348160] INFO perfrun.perfcollector <> - format: thresh config:24-31 mask:24-31
224 [1456348160] INFO perfrun.perfcollector <> - format: filter_state config1:17-23 mask:17-23
224 [1456348160] WARN perfrun.perfcollector <> - pmu hwInfo is not set, at file: vcs/perfrun1/plugins/perfcollector/src/controller.cpp:657
224 [1456348160] INFO perfrun.perfcollector <> - pmu added : family : uncore_cbox , id : 7
224 [1456348160] INFO perfrun.perfcollector <> - dir found : /sys/bus/event_source/devices/uncore_cbox_8
224 [1456348160] INFO perfrun.perfcollector <> - format: edge config:18 mask:18
224 [1456348160] INFO perfrun.perfcollector <> - format: event config:0-7 mask:0-7
224 [1456348160] INFO perfrun.perfcollector <> - format: umask config:8-15 mask:8-15
224 [1456348160] INFO perfrun.perfcollector <> - format: filter_c6 config1:61 mask:61
224 [1456348160] INFO perfrun.perfcollector <> - format: filter_nc config1:62 mask:62
224 [1456348160] INFO perfrun.perfcollector <> - format: filter_isoc config1:63 mask:63
224 [1456348160] INFO perfrun.perfcollector <> - format: filter_link config1:6-8 mask:6-8
224 [1456348160] INFO perfrun.perfcollector <> - format: filter_nid config1:32-47 mask:32-47
224 [1456348160] INFO perfrun.perfcollector <> - format: filter_opc config1:52-60 mask:52-60
224 [1456348160] INFO perfrun.perfcollector <> - format: filter_tid config1:0-5 mask:0-5
224 [1456348160] INFO perfrun.perfcollector <> - format: tid_en config:19 mask:19
224 [1456348160] INFO perfrun.perfcollector <> - format: thresh config:24-31 mask:24-31
224 [1456348160] INFO perfrun.perfcollector <> - format: filter_state config1:17-23 mask:17-23
224 [1456348160] WARN perfrun.perfcollector <> - pmu hwInfo is not set, at file: vcs/perfrun1/plugins/perfcollector/src/controller.cpp:657
224 [1456348160] INFO perfrun.perfcollector <> - pmu added : family : uncore_cbox , id : 8
224 [1456348160] INFO perfrun.perfcollector <> - dir found : /sys/bus/event_source/devices/uncore_cbox_9
224 [1456348160] INFO perfrun.perfcollector <> - format: edge config:18 mask:18
224 [1456348160] INFO perfrun.perfcollector <> - format: event config:0-7 mask:0-7
224 [1456348160] INFO perfrun.perfcollector <> - format: umask config:8-15 mask:8-15
224 [1456348160] INFO perfrun.perfcollector <> - format: filter_c6 config1:61 mask:61
224 [1456348160] INFO perfrun.perfcollector <> - format: filter_nc config1:62 mask:62
224 [1456348160] INFO perfrun.perfcollector <> - format: filter_isoc config1:63 mask:63
224 [1456348160] INFO perfrun.perfcollector <> - format: filter_link config1:6-8 mask:6-8
225 [1456348160] INFO perfrun.perfcollector <> - format: filter_nid config1:32-47 mask:32-47
225 [1456348160] INFO perfrun.perfcollector <> - format: filter_opc config1:52-60 mask:52-60
225 [1456348160] INFO perfrun.perfcollector <> - format: filter_tid config1:0-5 mask:0-5
225 [1456348160] INFO perfrun.perfcollector <> - format: tid_en config:19 mask:19
225 [1456348160] INFO perfrun.perfcollector <> - format: thresh config:24-31 mask:24-31
225 [1456348160] INFO perfrun.perfcollector <> - format: filter_state config1:17-23 mask:17-23
225 [1456348160] WARN perfrun.perfcollector <> - pmu hwInfo is not set, at file: vcs/perfrun1/plugins/perfcollector/src/controller.cpp:657
225 [1456348160] INFO perfrun.perfcollector <> - pmu added : family : uncore_cbox , id : 9
225 [1456348160] INFO perfrun.perfcollector <> - dir found : /sys/bus/event_source/devices/uncore_r2pcie
225 [1456348160] INFO perfrun.perfcollector <> - format: inv config:23 mask:23
225 [1456348160] INFO perfrun.perfcollector <> - format: edge config:18 mask:18
225 [1456348160] INFO perfrun.perfcollector <> - format: event config:0-7 mask:0-7
225 [1456348160] INFO perfrun.perfcollector <> - format: umask config:8-15 mask:8-15
225 [1456348160] INFO perfrun.perfcollector <> - format: thresh config:24-31 mask:24-31
225 [1456348160] WARN perfrun.perfcollector <> - pmu hwInfo is not set, at file: vcs/perfrun1/plugins/perfcollector/src/controller.cpp:657
225 [1456348160] INFO perfrun.perfcollector <> - pmu added : family : uncore_r2pcie , id : 0
225 [1456348160] INFO perfrun.perfcollector <> - dir found : /sys/bus/event_source/devices/uncore_r3qpi_0
225 [1456348160] INFO perfrun.perfcollector <> - format: inv config:23 mask:23
225 [1456348160] INFO perfrun.perfcollector <> - format: edge config:18 mask:18
225 [1456348160] INFO perfrun.perfcollector <> - format: event config:0-7 mask:0-7
225 [1456348160] INFO perfrun.perfcollector <> - format: umask config:8-15 mask:8-15
225 [1456348160] INFO perfrun.perfcollector <> - format: thresh config:24-31 mask:24-31
225 [1456348160] WARN perfrun.perfcollector <> - pmu hwInfo is not set, at file: vcs/perfrun1/plugins/perfcollector/src/controller.cpp:657
225 [1456348160] INFO perfrun.perfcollector <> - pmu added : family : uncore_r3qpi , id : 0
225 [1456348160] INFO perfrun.perfcollector <> - dir found : /sys/bus/event_source/devices/uncore_r3qpi_1
225 [1456348160] INFO perfrun.perfcollector <> - format: inv config:23 mask:23
225 [1456348160] INFO perfrun.perfcollector <> - format: edge config:18 mask:18
225 [1456348160] INFO perfrun.perfcollector <> - format: event config:0-7 mask:0-7
226 [1456348160] INFO perfrun.perfcollector <> - format: umask config:8-15 mask:8-15
226 [1456348160] INFO perfrun.perfcollector <> - format: thresh config:24-31 mask:24-31
226 [1456348160] WARN perfrun.perfcollector <> - pmu hwInfo is not set, at file: vcs/perfrun1/plugins/perfcollector/src/controller.cpp:657
226 [1456348160] INFO perfrun.perfcollector <> - pmu added : family : uncore_r3qpi , id : 1
226 [1456348160] INFO perfrun.perfcollector <> - dir found : /sys/bus/event_source/devices/uncore_sbox_0
226 [1456348160] INFO perfrun.perfcollector <> - format: inv config:23 mask:23
226 [1456348160] INFO perfrun.perfcollector <> - format: edge config:18 mask:18
226 [1456348160] INFO perfrun.perfcollector <> - format: event config:0-7 mask:0-7
226 [1456348160] INFO perfrun.perfcollector <> - format: umask config:8-15 mask:8-15
226 [1456348160] INFO perfrun.perfcollector <> - format: tid_en config:19 mask:19
226 [1456348160] INFO perfrun.perfcollector <> - format: thresh config:24-31 mask:24-31
226 [1456348160] WARN perfrun.perfcollector <> - pmu hwInfo is not set, at file: vcs/perfrun1/plugins/perfcollector/src/controller.cpp:657
226 [1456348160] INFO perfrun.perfcollector <> - pmu added : family : uncore_sbox , id : 0
226 [1456348160] INFO perfrun.perfcollector <> - dir found : /sys/bus/event_source/devices/uncore_sbox_1
226 [1456348160] INFO perfrun.perfcollector <> - format: inv config:23 mask:23
226 [1456348160] INFO perfrun.perfcollector <> - format: edge config:18 mask:18
226 [1456348160] INFO perfrun.perfcollector <> - format: event config:0-7 mask:0-7
226 [1456348160] INFO perfrun.perfcollector <> - format: umask config:8-15 mask:8-15
226 [1456348160] INFO perfrun.perfcollector <> - format: tid_en config:19 mask:19
226 [1456348160] INFO perfrun.perfcollector <> - format: thresh config:24-31 mask:24-31
226 [1456348160] WARN perfrun.perfcollector <> - pmu hwInfo is not set, at file: vcs/perfrun1/plugins/perfcollector/src/controller.cpp:657
226 [1456348160] INFO perfrun.perfcollector <> - pmu added : family : uncore_sbox , id : 1
226 [1456348160] INFO perfrun.perfcollector <> - dir found : /sys/bus/event_source/devices/uncore_sbox_2
226 [1456348160] INFO perfrun.perfcollector <> - format: inv config:23 mask:23
226 [1456348160] INFO perfrun.perfcollector <> - format: edge config:18 mask:18
226 [1456348160] INFO perfrun.perfcollector <> - format: event config:0-7 mask:0-7
226 [1456348160] INFO perfrun.perfcollector <> - format: umask config:8-15 mask:8-15
226 [1456348160] INFO perfrun.perfcollector <> - format: tid_en config:19 mask:19
226 [1456348160] INFO perfrun.perfcollector <> - format: thresh config:24-31 mask:24-31
227 [1456348160] WARN perfrun.perfcollector <> - pmu hwInfo is not set, at file: vcs/perfrun1/plugins/perfcollector/src/controller.cpp:657
227 [1456348160] INFO perfrun.perfcollector <> - pmu added : family : uncore_sbox , id : 2
227 [1456348160] INFO perfrun.perfcollector <> - dir found : /sys/bus/event_source/devices/uncore_sbox_3
227 [1456348160] INFO perfrun.perfcollector <> - format: inv config:23 mask:23
227 [1456348160] INFO perfrun.perfcollector <> - format: edge config:18 mask:18
227 [1456348160] INFO perfrun.perfcollector <> - format: event config:0-7 mask:0-7
227 [1456348160] INFO perfrun.perfcollector <> - format: umask config:8-15 mask:8-15
227 [1456348160] INFO perfrun.perfcollector <> - format: tid_en config:19 mask:19
227 [1456348160] INFO perfrun.perfcollector <> - format: thresh config:24-31 mask:24-31
227 [1456348160] WARN perfrun.perfcollector <> - pmu hwInfo is not set, at file: vcs/perfrun1/plugins/perfcollector/src/controller.cpp:657
227 [1456348160] INFO perfrun.perfcollector <> - pmu added : family : uncore_sbox , id : 3
227 [1456348160] INFO perfrun.perfcollector <> - dir found : /sys/bus/event_source/devices/cstate_core
227 [1456348160] INFO perfrun.perfcollector <> - format: event config:0-63 mask:0-63
227 [1456348160] WARN perfrun.perfcollector <> - pmu hwInfo is not set, at file: vcs/perfrun1/plugins/perfcollector/src/controller.cpp:657
227 [1456348160] INFO perfrun.perfcollector <> - pmu added : family : cstate_core , id : 0
227 [1456348160] INFO perfrun.perfcollector <> - dir found : /sys/bus/event_source/devices/cstate_pkg
227 [1456348160] INFO perfrun.perfcollector <> - format: event config:0-63 mask:0-63
227 [1456348160] WARN perfrun.perfcollector <> - pmu hwInfo is not set, at file: vcs/perfrun1/plugins/perfcollector/src/controller.cpp:657
227 [1456348160] INFO perfrun.perfcollector <> - pmu added : family : cstate_pkg , id : 0
227 [1456348160] INFO perfrun.perfcollector <> - dir found : /sys/bus/event_source/devices/intel_bts
227 [1456348160] WARN perfrun.perfcollector <> - format subdir doesn't exist, at file: vcs/perfrun1/plugins/perfcollector/src/controller.cpp:578
227 [1456348160] WARN perfrun.perfcollector <> - pmu hwInfo is not set, at file: vcs/perfrun1/plugins/perfcollector/src/controller.cpp:657
227 [1456348160] INFO perfrun.perfcollector <> - pmu added : family : intel_bts , id : 0
227 [1456348160] INFO perfrun.perfcollector <> - dir found : /sys/bus/event_source/devices/intel_cqm
227 [1456348160] INFO perfrun.perfcollector <> - format: event config:0-7 mask:0-7
227 [1456348160] WARN perfrun.perfcollector <> - pmu hwInfo is not set, at file: vcs/perfrun1/plugins/perfcollector/src/controller.cpp:657
227 [1456348160] INFO perfrun.perfcollector <> - pmu added : family : intel_cqm , id : 0
228 [1456348160] INFO perfrun.perfcollector <> - dir found : /sys/bus/event_source/devices/breakpoint
228 [1456348160] WARN perfrun.perfcollector <> - format subdir doesn't exist, at file: vcs/perfrun1/plugins/perfcollector/src/controller.cpp:578
228 [1456348160] WARN perfrun.perfcollector <> - pmu hwInfo is not set, at file: vcs/perfrun1/plugins/perfcollector/src/controller.cpp:657
228 [1456348160] INFO perfrun.perfcollector <> - pmu added : family : breakpoint , id : 0
228 [1456348160] INFO perfrun.perfcollector <> - dir found : /sys/bus/event_source/devices/uncore_ha_0
228 [1456348160] INFO perfrun.perfcollector <> - format: inv config:23 mask:23
228 [1456348160] INFO perfrun.perfcollector <> - format: edge config:18 mask:18
228 [1456348160] INFO perfrun.perfcollector <> - format: event config:0-7 mask:0-7
228 [1456348160] INFO perfrun.perfcollector <> - format: umask config:8-15 mask:8-15
228 [1456348160] INFO perfrun.perfcollector <> - format: thresh config:24-31 mask:24-31
228 [1456348160] WARN perfrun.perfcollector <> - pmu hwInfo is not set, at file: vcs/perfrun1/plugins/perfcollector/src/controller.cpp:657
228 [1456348160] INFO perfrun.perfcollector <> - pmu added : family : uncore_ha , id : 0
228 [1456348160] INFO perfrun.perfcollector <> - dir found : /sys/bus/event_source/devices/uncore_ha_1
228 [1456348160] INFO perfrun.perfcollector <> - format: inv config:23 mask:23
228 [1456348160] INFO perfrun.perfcollector <> - format: edge config:18 mask:18
228 [1456348160] INFO perfrun.perfcollector <> - format: event config:0-7 mask:0-7
228 [1456348160] INFO perfrun.perfcollector <> - format: umask config:8-15 mask:8-15
228 [1456348160] INFO perfrun.perfcollector <> - format: thresh config:24-31 mask:24-31
228 [1456348160] WARN perfrun.perfcollector <> - pmu hwInfo is not set, at file: vcs/perfrun1/plugins/perfcollector/src/controller.cpp:657
228 [1456348160] INFO perfrun.perfcollector <> - pmu added : family : uncore_ha , id : 1
228 [1456348160] INFO perfrun.perfcollector <> - dir found : /sys/bus/event_source/devices/uncore_ubox
228 [1456348160] INFO perfrun.perfcollector <> - format: inv config:23 mask:23
228 [1456348160] INFO perfrun.perfcollector <> - format: edge config:18 mask:18
228 [1456348160] INFO perfrun.perfcollector <> - format: event config:0-7 mask:0-7
228 [1456348160] INFO perfrun.perfcollector <> - format: umask config:8-15 mask:8-15
228 [1456348160] INFO perfrun.perfcollector <> - format: filter_cid config1:5 mask:5
228 [1456348160] INFO perfrun.perfcollector <> - format: filter_tid config1:0 mask:0
228 [1456348160] INFO perfrun.perfcollector <> - format: thresh config:24-28 mask:24-28
228 [1456348160] WARN perfrun.perfcollector <> - pmu hwInfo is not set, at file: vcs/perfrun1/plugins/perfcollector/src/controller.cpp:657
229 [1456348160] INFO perfrun.perfcollector <> - pmu added : family : uncore_ubox , id : 0
229 [1456348160] INFO perfrun.launcher <> - plugin perf has been added successfully
232 [1456348160] INFO perfrun.launcher <> - plugin tpss has been added successfully
232 [1456348160] INFO perfrun.launcher <> - plugin cuscol has been added successfully
233 [1456348160] INFO perfrun.launcher <> - plugin exprof has been added successfully
233 [1456348160] INFO perfrun.launcher <> - plugin dpdk has been added successfully
233 [1456348160] INFO perfrun.launcher <> - plugin media has been added successfully
233 [1456348160] INFO perfrun.launcher <> - plugin commcollector has been added successfully
233 [1456348160] INFO perfrun.launcher <> - plugin cve has been added successfully
235 [1456348160] INFO perfrun.launcher <> - the option was added --interval: Specify an interval of data collection (for example, sampling) in milliseconds.
235 [1456348160] INFO perfrun.launcher <> - the option was added --follow-child: Profile process with or without children.
236 [1456348160] INFO perfrun.launcher <> - the option was added --gelding: BADMSG: perfrun1.launcher.plugin_manager::gelding
236 [1456348160] INFO perfrun.launcher <> - the option was added --time-source: Specify time source for measurement. Possible values: sys - wall clock time; tsc - time stamp counter; ext - time from an external source; auto - auto select accurate time source.
236 [1456348160] INFO perfrun.launcher <> - the option was added --stack: Enable or disable collection of stacks.
236 [1456348160] INFO perfrun.launcher <> - the option was added --stack-stitching: Enable or disable the stack stitching algorithm for Intel TBB-based applications.
236 [1456348160] INFO perfrun.launcher <> - the option was added --type: Specify type of data to be collected. For example, --type cpu:counters,waiting:nostack,io.
236 [1456348160] INFO perfrun.launcher <> - the option was added --mrte-mode: Specify Java/.NET/other managed runtime collection mode. Possible values: native - collect information only for native code; managed - collect information only for managed code; mixed - collect information for both managed and native code; auto - choose the mode based on binary type.
236 [1456348160] INFO perfrun.launcher <> - the option was added --mrte-mode-list: List supported Java/.NET/other managed runtime collection modes.
236 [1456348160] INFO perfrun.launcher <> - the option was added --mrte-type: Specify which managed runtimes to collect. Possible values: java - collect information for Java; dotnet - collect information for .NET; python - collect information for CPython. You can specify several values separated by comma.
236 [1456348160] INFO perfrun.launcher <> - the option was added --mrte-type-list: List supported Java/.NET/other managed runtime types.
236 [1456348160] INFO perfrun.launcher <> - the option was added --trace-strategy: Specify how to profile a process tree. <string> can be "<process>:trace:notrace" - profile the process but do not profile its children. Shorthand parameters: t - trace, nt - notrace. For example, "vtunedemo.exe:t:t".
236 [1456348160] INFO perfrun.launcher <> - the option was added --collector: BADMSG: perfrun1.launcher.plugin_manager::collector
236 [1456348160] INFO perfrun.launcher <> - the option was added --system-wide: Enable system-wide profiling. This mode may require additional permissions.
236 [1456348160] INFO perfrun.launcher <> - the option was added --kvm-guest: Enable KVM guest OS profiling.
236 [1456348160] INFO perfrun.launcher <> - the option was added --kvm-guest-kallsyms: Specify a local path to the /proc/kallsyms file copied from the guest OS for proper symbol resolution.
236 [1456348160] INFO perfrun.launcher <> - the option was added --kvm-guest-modules: Specify a local path to the /proc/modules file copied from the guest OS for proper symbol resolution.
236 [1456348160] INFO perfrun.launcher <> - the option was added --target-system: BADMSG: perfrun1.launcher.plugin_manager::target-system
236 [1456348160] INFO perfrun.launcher <> - the option was added --dump-vdso: Dump [vdso] to result directory
236 [1456348160] INFO perfrun.launcher <> - the option was added --bandwidth-limits: Measure bandwidth limits
236 [1456348160] INFO perfrun.launcher <> - the option was added --bandwidth-strategy: Bandwidth limits determination specific properties (example: --bandwidth-strategy array-size=0,duration=500).
236 [1456348160] INFO perfrun.launcher <> - the option was added --bandwidth-config: List of benchmarks to run.
236 [1456348160] INFO perfrun.launcher <> - the option was added --system-collector-config: Specify subcollectors. Possible values: all, vdso, container, device-info, none.
236 [1456348160] INFO perfrun.launcher <> - the option was added --itt-config: Specify a sub-set of ITT API to collect.
236 [1456348160] INFO perfrun.launcher <> - the option was added --itt-debug: Set pseudo-breakpoint at ITT API collector's start to enable the debugger to attach early.
236 [1456348160] INFO perfrun.launcher <> - the option was added --itt-ring-buffer-multiplier: The size of internal ITT API collector ring buffer, in bytes per second
237 [1456348160] INFO perfrun.launcher <> - the option was added --ptrace: Ptrace collector.
237 [1456348160] INFO perfrun.launcher <> - the option was added --target-pid: BADMSG: perfrun1.ptracecollector::target-pid
237 [1456348160] INFO perfrun.launcher <> - the option was added --ptrace-server-pid: BADMSG: perfrun1.ptracecollector::ptrace-server-pid
237 [1456348160] INFO perfrun.launcher <> - the option was added --ptrace-trace: BADMSG: perfrun1.ptracecollector::ptrace-trace
237 [1456348160] INFO perfrun.launcher <> - the option was added --ptrace-time-source: BADMSG: perfrun1.ptracecollector::ptrace-time-source
237 [1456348160] INFO perfrun.launcher <> - the option was added --ptrace-start-type: BADMSG: perfrun1.ptracecollector::ptrace-start-type
237 [1456348160] INFO perfrun.launcher <> - the option was added --gpu-config: Specify types of GPU data to be collected. Possible values: preset1, preset2.
237 [1456348160] INFO perfrun.launcher <> - the option was added --gpu-debug: Enable self-testing of the GPGPU profiling collector.
237 [1456348160] INFO perfrun.launcher <> - the option was added --stdsrc-config: Specify Standard Sources category tag(s).
237 [1456348160] INFO perfrun.launcher <> - the option was added --ftrace-config-list: List Linux Ftrace category tag(s).
237 [1456348160] INFO perfrun.launcher <> - the option was added --ftrace-config: Specify Linux Ftrace category tag(s).
237 [1456348160] INFO perfrun.launcher <> - the option was added --ftrace-function-groups: Enable tracing of specific groups of functions.
237 [1456348160] INFO perfrun.launcher <> - the option was added --event-info: BADMSG: perfrun1.stdsrc::event-info
237 [1456348160] INFO perfrun.launcher <> - the option was added --cpu-list: List supported CPUs.
237 [1456348160] INFO perfrun.launcher <> - the option was added --target-list: List available targets for performing sampling collection.
237 [1456348160] INFO perfrun.launcher <> - the option was added --event-value-list: Display event information.
237 [1456348160] INFO perfrun.launcher <> - the option was added --platform-value-list: Display details of supported platforms.
237 [1456348160] INFO perfrun.launcher <> - the option was added --uncore-event-list: List uncore events for which a sampling data collection can be performed on this platform.
237 [1456348160] INFO perfrun.launcher <> - the option was added --modifier-list: Specify the event name <string> for which the modifiers list is requested.
237 [1456348160] INFO perfrun.launcher <> - the option was added --pmu-list: List supported PMUs.
237 [1456348160] INFO perfrun.launcher <> - the option was added --os-mode-only: Enable sampling data collection for OS-mode processes only.
237 [1456348160] INFO perfrun.launcher <> - the option was added --user-mode-only: Enable sampling data collection for user-mode processes only.
237 [1456348160] INFO perfrun.launcher <> - the option was added --event-config: Perform data collection for the events with <string> configured using the format <event name1>":modifier1=val:modifier2=val/constraint1={:modifier3=val:modifier4=val}...,"<event name2>":... Specify the events(s) to monitor and embed the event names within double quotes("). [:modifier=val] specifies individual event modifiers along with the respective values for a given platform. Note that the modifiers can be generic to an event as well as specific to a constraint (or an event qualifier). The constraint specific special modifiers appear after [/constraint=]. The modifiers can be in decimal or hexadecimal format. Only specific modifiers accept the value as a string. Each event specification is delimited by a comma (,). For a list of supported modifiers and constraints, refer to the documentation.
238 [1456348160] INFO perfrun.launcher <> - the option was added --chipset-event-config: BADMSG: perfrun1.sep::chipset-event-config
238 [1456348160] INFO perfrun.launcher <> - the option was added --uncore-event-config: Perform uncore data collection in ebc count mode for the events with <string> configured using the format "<event name1>"...,"<event name2>":... Specify the events(s) to monitor and embed the event names within double quotes(").
238 [1456348160] INFO perfrun.launcher <> - the option was added --count-emon: Enable counting mode and output the data in EMON format.
238 [1456348160] INFO perfrun.launcher <> - the option was added --event-based-counts: Enable event-based counting mode. During sampling data collection, event counts data is collected for the list of events specified in -event-config option.
238 [1456348160] INFO perfrun.launcher <> - the option was added --event-mux-tfactor: Specify the event multiplexing tfactor as <integer> to set the length of the interval between interrupts. The larger the tfactor value, the larger the period between interrupts. Currently this option is only available on Intel platforms codenamed Knights Corner.
238 [1456348160] INFO perfrun.launcher <> - the option was added --full-pebs-capture: Capture full pebs information.
238 [1456348160] INFO perfrun.launcher <> - the option was added --last-branch-records: Capture Last Branch Records information.
238 [1456348160] INFO perfrun.launcher <> - the option was added --pmu-type: Specify the targeted PMU name as <string>.
238 [1456348160] INFO perfrun.launcher <> - the option was added --platform-type: Specify the targeted platform number as <number>.
238 [1456348160] INFO perfrun.launcher <> - the option was added --bts-count: Specify the <integer> number of BTS records collected after each sample or context switch (VTSS++ only).
238 [1456348160] INFO perfrun.launcher <> - the option was added --cpu-mask: Specify which CPU(s) <string> to collect data on. For example, specify "2-8,10,12-14" to sample only CPUs 2 through 8, 10, and 12 through 14.
238 [1456348160] INFO perfrun.launcher <> - the option was added --event-mux-alg: Specify the event multiplexing algorithm. Possible values: sequence, timer, trigger.
238 [1456348160] INFO perfrun.launcher <> - the option was added --event-mux-timeslice: Specify the event multiplexing time slice value as <integer>. The time slice specifies the duration between cycles for each event multiplexing group. The default value is 50 milliseconds. This option is valid only for timer-based event multiplexing. Specify the event multiplexing time slice value as <integer>. The time slice specifies the duration between cycles for each event multiplexing group. The default value is 1 millisecond. This option is valid only for timer-based event multiplexing.
238 [1456348160] INFO perfrun.launcher <> - the option was added --event-mux-factor: Specify the event multiplexing factor as <integer>. It controls the switching of event multiplexing groups. The default factor is 50. This option is valid only for trigger-based event multiplexing. Specify the event multiplexing factor as <integer>. It controls the switching of event multiplexing groups. The default factor is 1. This option is valid only for trigger-based event multiplexing.
238 [1456348160] INFO perfrun.launcher <> - the option was added --event-mux-trigger: Specify the name of the trigger event for event multiplexing as <string>. This option is valid only for trigger-based event multiplexing. The default trigger is CPU_CLK_UNHALTED.CORE (or CPU_CLK_UNHALTED.THREAD). BADMSG: perfrun1.vtsspp::event-mux-trigger
238 [1456348160] INFO perfrun.launcher <> - the option was added --pwr-config: BADMSG: perfrun1.vtsspp::pwr-config
238 [1456348160] INFO perfrun.launcher <> - the option was added --sys-config: BADMSG: perfrun1.vtsspp::sys-config
238 [1456348160] INFO perfrun.launcher <> - the option was added --pt-mode: BADMSG: perfrun1.vtsspp::pt-mode
238 [1456348160] INFO perfrun.launcher <> - the option was added --sample-after-multiplier: Specify the sample after multiplier as <double>. This multiplier modifies the sample after value for all the events specified in -event-config option. The values can range from 0.1 to 100.0. SAV multiplier value
238 [1456348160] INFO perfrun.launcher <> - the option was added --uncore-sampling-interval: Specify the uncore sampling interval as <integer>. This value set the uncore sampling interval for all the uncore events specified in -event-config option.
238 [1456348160] INFO perfrun.launcher <> - the option was added --count: Enable counting mode. Enable counting mode
238 [1456348160] INFO perfrun.launcher <> - the option was added --trace-mpi: Configure collector to trace MPI code.
239 [1456348160] INFO perfrun.launcher <> - the option was added --raw-perf-config: Specify a verified configuration for the Perf collector in the format: <describer>,<content>. For example: map-events-file,<path_to_map_events_file>.
239 [1456348160] INFO perfrun.launcher <> - the option was added --stackwalk: Specify stack unwinding method. Possible values: online - unwind stacks during collection; offline - unwind stacks after collection is finished. Specify stack unwinding method. Possible value: lbr - unwind stacks during collection. Specify stack unwinding method. Possible values: online - unwind stacks during collection; offline - unwind stacks after collection is finished; lbr - enable LBR-based call stack collection. Specify stack unwinding method. Possible values: online - unwind stacks during collection; offline - unwind stacks after collection is finished. Specify stack unwinding method. Possible values: online - unwind stacks during collection; offline - unwind stacks after collection is finished.
239 [1456348160] INFO perfrun.launcher <> - the option was added --filter-include: Filter data during collection. Possible values: contended=<on|off> - filter out uncontended events; contended_nostack=<time> - filter out stacks for contended events that take less than <time> microseconds; wait=<time> - ignore transitions and blocks with wait time less than <time> microseconds; wait_nostack=<time> - filter out stacks for waits that take less than <time> microseconds.
239 [1456348160] INFO perfrun.launcher <> - the option was added --debug-pin: Debug PIN tool and runtime.
239 [1456348160] INFO perfrun.launcher <> - the option was added --debug-exception: Disallow the application to set own abnormal termination handler.
239 [1456348160] INFO perfrun.launcher <> - the option was added --trace-type: Specify the trace file granularity. Possible values: per-thread - per-thread trace file generation; per-process - per-process trace file generation.
239 [1456348160] INFO perfrun.launcher <> - the option was added --instrumentation-type: Specify type of instrumentation.
239 [1456348160] INFO perfrun.launcher <> - the option was added --altstack: Enable or disable usage of altstacks for profiling signal handlers.
239 [1456348160] INFO perfrun.launcher <> - the option was added --profiling-signal: BADMSG: perfrun1.ptracecollector::profiling-signal Alternate profiling signal.
239 [1456348160] INFO perfrun.launcher <> - the option was added --memory-strategy: Specify a minimal memory object size to be traced and a hash table size for faster objects search; for example: --memory-strategy obj-size-min=1024,hash-table-size=4096.
239 [1456348160] INFO perfrun.launcher <> - the option was added --custom-collector: Allows to provide arbitrary command line to be run on collection steps.
239 [1456348160] INFO perfrun.launcher <> - the option was added --exprof-com-list: List available COM ports.
239 [1456348160] INFO perfrun.launcher <> - the option was added --exprof-dvc-list: List available DvC IDs.
239 [1456348160] INFO perfrun.launcher <> - the option was added --exprof-trace-channel: BADMSG: perfrun1.exprof::exprof-trace-channel
239 [1456348160] INFO perfrun.launcher <> - the option was added --exprof-event-config: Specify ExactProfiling Event Classes.
239 [1456348160] INFO perfrun.launcher <> - the option was added --analyze-dpdk: analyze-dpdk
239 [1456348160] INFO perfrun.launcher <> - the option was added --network-sampling-interval: network-sampling-interval
239 [1456348160] INFO perfrun.launcher <> - the option was added --dpdk-file-prefix: dpdk-file-prefix
244 [1456348160] INFO perfrun.launcher <> - create msngr2::ICliToolContext
245 [1456348160] INFO perfrun.launcher <> - create file finder object
253 [1461353280] INFO perfrun.system <> - dumping [vdso] pseudomodule
254 [1461353280] INFO perfrun.launcher <> - plugin [itt] was disabled because it doesn't support the given collection type.
254 [1461353280] INFO perfrun.launcher <> - plugin [ptracecollector] was disabled because it doesn't support the given collection type.
254 [1461353280] INFO perfrun.launcher <> - plugin [gpu] was disabled because it doesn't support the given collection type.
254 [1461353280] INFO perfrun.launcher <> - plugin [] was disabled because it doesn't support the given collection type.
254 [1461353280] INFO perfrun.launcher <> - plugin [] was disabled because it doesn't support the given collection type.
254 [1461353280] INFO perfrun.launcher <> - plugin [] was disabled because it doesn't support the given collection type.
254 [1461353280] INFO perfrun.launcher <> - plugin [mrte] was disabled because it doesn't support the given collection type.
254 [1461353280] INFO perfrun.launcher <> - plugin [emon] was disabled because it doesn't support the given collection type.
254 [1461353280] INFO perfrun.launcher <> - plugin [stdsrc] was disabled because it doesn't support the given collection type.
255 [1461353280] INFO perfrun.launcher <> - plugin [sep] was disabled because it doesn't support the given collection type.
255 [1461353280] INFO perfrun.launcher <> - plugin [vtsspp] was disabled because it doesn't support the given collection type.
255 [1461353280] INFO perfrun.launcher <> - plugin [perf] was disabled because it doesn't support the given collection type.
255 [1461353280] INFO perfrun.launcher <> - plugin [tpss] was disabled because it doesn't support the given collection type.
255 [1461353280] INFO perfrun.launcher <> - plugin [cuscol] was disabled because it doesn't support the given collection type.
255 [1461353280] INFO perfrun.launcher <> - plugin [exprof] was disabled because it doesn't support the given collection type.
255 [1461353280] INFO perfrun.launcher <> - plugin [dpdk] was disabled because it doesn't support the given collection type.
255 [1461353280] INFO perfrun.launcher <> - plugin [media] was disabled because it doesn't support the given collection type.
255 [1461353280] INFO perfrun.commcollector <> - Disabling commcollector because integrity connection type is not used
255 [1461353280] INFO perfrun.launcher <> - plugin [commcollector] was disabled because it doesn't support the given collection type.
255 [1461353280] INFO perfrun.launcher <> - plugin [cve] was disabled because it doesn't support the given collection type.
255 [1456348160] INFO perfrun.launcher <> - Application exit code: 0
256 [1456348160] INFO perfrun.launcher <> - Exit code: 0
