14 [46912496789952] INFO perfrun.launcher <> - argc = 7; cmdline = /global/common/edison/software/intel/vtune_amplifier_2018.2.0.551022/bin64/amplxe-runss --ui-output-format xml --ui-output-fd 6 --option-file /global/project/projectdirs/alice/ftorales/GH_Correlations/pair_gale_shapley/vtune_res/try_9/config/runss.options 
24 [46912496789952] INFO perfrun.launcher <> - plugin system has been added successfully
25 [46912496789952] INFO perfrun.launcher <> - plugin itt has been added successfully
25 [46912496789952] INFO perfrun.launcher <> - plugin ptracecollector has been added successfully
25 [46912496789952] INFO perfrun.launcher <> - plugin gpu has been added successfully
25 [46912496789952] INFO perfrun.launcher <> - plugin  has been added successfully
25 [46912496789952] INFO perfrun.launcher <> - plugin  has been added successfully
25 [46912496789952] INFO perfrun.launcher <> - plugin  has been added successfully
25 [46912496789952] INFO perfrun.launcher <> - plugin mrte has been added successfully
25 [46912496789952] INFO perfrun.launcher <> - plugin emon has been added successfully
26 [46912496789952] INFO perfrun.launcher <> - plugin stdsrc has been added successfully
26 [46912496789952] INFO perfrun.launcher <> - plugin sep has been added successfully
26 [46912496789952] INFO perfrun.launcher <> - plugin vtsspp has been added successfully
26 [46912496789952] INFO perfrun.sdk <> - Reading value (2) from file: /proc/sys/kernel/perf_event_paranoid
32 [46912496789952] INFO perfrun.perfcollector <> - cpu: family = 6 model = 63
32 [46912496789952] INFO perfrun.perfcollector <> - dir found : /sys/bus/event_source/devices/cpu
32 [46912496789952] INFO perfrun.perfcollector <> - format: pc config:19 mask:19
32 [46912496789952] INFO perfrun.perfcollector <> - format: any config:21 mask:21
32 [46912496789952] INFO perfrun.perfcollector <> - format: inv config:23 mask:23
33 [46912496789952] INFO perfrun.perfcollector <> - format: edge config:18 mask:18
33 [46912496789952] INFO perfrun.perfcollector <> - format: cmask config:24-31 mask:24-31
33 [46912496789952] INFO perfrun.perfcollector <> - format: event config:0-7 mask:0-7
33 [46912496789952] INFO perfrun.perfcollector <> - format: in_tx config:32 mask:32
33 [46912496789952] INFO perfrun.perfcollector <> - format: ldlat config1:0-15 mask:0-15
33 [46912496789952] INFO perfrun.perfcollector <> - format: umask config:8-15 mask:8-15
33 [46912496789952] INFO perfrun.perfcollector <> - format: in_tx_cp config:33 mask:33
33 [46912496789952] INFO perfrun.perfcollector <> - format: offcore_rsp config1:0-63 mask:0-63
33 [46912496789952] INFO perfrun.perfcollector <> - hwInfo : PERF_CPU_PMU_DETAILS
33 [46912496789952] INFO perfrun.perfcollector <> - pmu added : family : cpu , id : 0
33 [46912496789952] INFO perfrun.perfcollector <> - dir found : /sys/bus/event_source/devices/msr
33 [46912496789952] INFO perfrun.perfcollector <> - format: event config:0-63 mask:0-63
33 [46912496789952] WARN perfrun.perfcollector <> - pmu hwInfo is not set, at file: vcs/perfrun1/plugins/perfcollector/src/controller.cpp:657
33 [46912496789952] INFO perfrun.perfcollector <> - pmu added : family : msr , id : 0
33 [46912496789952] INFO perfrun.perfcollector <> - dir found : /sys/bus/event_source/devices/uncore_cbox_10
33 [46912496789952] INFO perfrun.perfcollector <> - format: edge config:18 mask:18
33 [46912496789952] INFO perfrun.perfcollector <> - format: event config:0-7 mask:0-7
33 [46912496789952] INFO perfrun.perfcollector <> - format: umask config:8-15 mask:8-15
33 [46912496789952] INFO perfrun.perfcollector <> - format: filter_c6 config1:61 mask:61
33 [46912496789952] INFO perfrun.perfcollector <> - format: filter_nc config1:62 mask:62
33 [46912496789952] INFO perfrun.perfcollector <> - format: filter_isoc config1:63 mask:63
33 [46912496789952] INFO perfrun.perfcollector <> - format: filter_link config1:6-8 mask:6-8
33 [46912496789952] INFO perfrun.perfcollector <> - format: filter_nid config1:32-47 mask:32-47
33 [46912496789952] INFO perfrun.perfcollector <> - format: filter_opc config1:52-60 mask:52-60
33 [46912496789952] INFO perfrun.perfcollector <> - format: filter_tid config1:0-5 mask:0-5
34 [46912496789952] INFO perfrun.perfcollector <> - format: tid_en config:19 mask:19
34 [46912496789952] INFO perfrun.perfcollector <> - format: thresh config:24-31 mask:24-31
34 [46912496789952] INFO perfrun.perfcollector <> - format: filter_state config1:17-23 mask:17-23
34 [46912496789952] WARN perfrun.perfcollector <> - pmu hwInfo is not set, at file: vcs/perfrun1/plugins/perfcollector/src/controller.cpp:657
34 [46912496789952] INFO perfrun.perfcollector <> - pmu added : family : uncore_cbox , id : 10
34 [46912496789952] INFO perfrun.perfcollector <> - dir found : /sys/bus/event_source/devices/uncore_cbox_11
34 [46912496789952] INFO perfrun.perfcollector <> - format: edge config:18 mask:18
34 [46912496789952] INFO perfrun.perfcollector <> - format: event config:0-7 mask:0-7
34 [46912496789952] INFO perfrun.perfcollector <> - format: umask config:8-15 mask:8-15
34 [46912496789952] INFO perfrun.perfcollector <> - format: filter_c6 config1:61 mask:61
34 [46912496789952] INFO perfrun.perfcollector <> - format: filter_nc config1:62 mask:62
34 [46912496789952] INFO perfrun.perfcollector <> - format: filter_isoc config1:63 mask:63
34 [46912496789952] INFO perfrun.perfcollector <> - format: filter_link config1:6-8 mask:6-8
34 [46912496789952] INFO perfrun.perfcollector <> - format: filter_nid config1:32-47 mask:32-47
34 [46912496789952] INFO perfrun.perfcollector <> - format: filter_opc config1:52-60 mask:52-60
34 [46912496789952] INFO perfrun.perfcollector <> - format: filter_tid config1:0-5 mask:0-5
34 [46912496789952] INFO perfrun.perfcollector <> - format: tid_en config:19 mask:19
34 [46912496789952] INFO perfrun.perfcollector <> - format: thresh config:24-31 mask:24-31
34 [46912496789952] INFO perfrun.perfcollector <> - format: filter_state config1:17-23 mask:17-23
34 [46912496789952] WARN perfrun.perfcollector <> - pmu hwInfo is not set, at file: vcs/perfrun1/plugins/perfcollector/src/controller.cpp:657
34 [46912496789952] INFO perfrun.perfcollector <> - pmu added : family : uncore_cbox , id : 11
34 [46912496789952] INFO perfrun.perfcollector <> - dir found : /sys/bus/event_source/devices/uncore_cbox_12
34 [46912496789952] INFO perfrun.perfcollector <> - format: edge config:18 mask:18
34 [46912496789952] INFO perfrun.perfcollector <> - format: event config:0-7 mask:0-7
34 [46912496789952] INFO perfrun.perfcollector <> - format: umask config:8-15 mask:8-15
34 [46912496789952] INFO perfrun.perfcollector <> - format: filter_c6 config1:61 mask:61
35 [46912496789952] INFO perfrun.perfcollector <> - format: filter_nc config1:62 mask:62
35 [46912496789952] INFO perfrun.perfcollector <> - format: filter_isoc config1:63 mask:63
35 [46912496789952] INFO perfrun.perfcollector <> - format: filter_link config1:6-8 mask:6-8
35 [46912496789952] INFO perfrun.perfcollector <> - format: filter_nid config1:32-47 mask:32-47
35 [46912496789952] INFO perfrun.perfcollector <> - format: filter_opc config1:52-60 mask:52-60
35 [46912496789952] INFO perfrun.perfcollector <> - format: filter_tid config1:0-5 mask:0-5
35 [46912496789952] INFO perfrun.perfcollector <> - format: tid_en config:19 mask:19
35 [46912496789952] INFO perfrun.perfcollector <> - format: thresh config:24-31 mask:24-31
35 [46912496789952] INFO perfrun.perfcollector <> - format: filter_state config1:17-23 mask:17-23
35 [46912496789952] WARN perfrun.perfcollector <> - pmu hwInfo is not set, at file: vcs/perfrun1/plugins/perfcollector/src/controller.cpp:657
35 [46912496789952] INFO perfrun.perfcollector <> - pmu added : family : uncore_cbox , id : 12
35 [46912496789952] INFO perfrun.perfcollector <> - dir found : /sys/bus/event_source/devices/uncore_cbox_13
35 [46912496789952] INFO perfrun.perfcollector <> - format: edge config:18 mask:18
35 [46912496789952] INFO perfrun.perfcollector <> - format: event config:0-7 mask:0-7
35 [46912496789952] INFO perfrun.perfcollector <> - format: umask config:8-15 mask:8-15
35 [46912496789952] INFO perfrun.perfcollector <> - format: filter_c6 config1:61 mask:61
35 [46912496789952] INFO perfrun.perfcollector <> - format: filter_nc config1:62 mask:62
35 [46912496789952] INFO perfrun.perfcollector <> - format: filter_isoc config1:63 mask:63
35 [46912496789952] INFO perfrun.perfcollector <> - format: filter_link config1:6-8 mask:6-8
35 [46912496789952] INFO perfrun.perfcollector <> - format: filter_nid config1:32-47 mask:32-47
35 [46912496789952] INFO perfrun.perfcollector <> - format: filter_opc config1:52-60 mask:52-60
35 [46912496789952] INFO perfrun.perfcollector <> - format: filter_tid config1:0-5 mask:0-5
35 [46912496789952] INFO perfrun.perfcollector <> - format: tid_en config:19 mask:19
35 [46912496789952] INFO perfrun.perfcollector <> - format: thresh config:24-31 mask:24-31
35 [46912496789952] INFO perfrun.perfcollector <> - format: filter_state config1:17-23 mask:17-23
35 [46912496789952] WARN perfrun.perfcollector <> - pmu hwInfo is not set, at file: vcs/perfrun1/plugins/perfcollector/src/controller.cpp:657
35 [46912496789952] INFO perfrun.perfcollector <> - pmu added : family : uncore_cbox , id : 13
36 [46912496789952] INFO perfrun.perfcollector <> - dir found : /sys/bus/event_source/devices/uncore_cbox_14
36 [46912496789952] INFO perfrun.perfcollector <> - format: edge config:18 mask:18
36 [46912496789952] INFO perfrun.perfcollector <> - format: event config:0-7 mask:0-7
36 [46912496789952] INFO perfrun.perfcollector <> - format: umask config:8-15 mask:8-15
36 [46912496789952] INFO perfrun.perfcollector <> - format: filter_c6 config1:61 mask:61
36 [46912496789952] INFO perfrun.perfcollector <> - format: filter_nc config1:62 mask:62
36 [46912496789952] INFO perfrun.perfcollector <> - format: filter_isoc config1:63 mask:63
36 [46912496789952] INFO perfrun.perfcollector <> - format: filter_link config1:6-8 mask:6-8
36 [46912496789952] INFO perfrun.perfcollector <> - format: filter_nid config1:32-47 mask:32-47
36 [46912496789952] INFO perfrun.perfcollector <> - format: filter_opc config1:52-60 mask:52-60
36 [46912496789952] INFO perfrun.perfcollector <> - format: filter_tid config1:0-5 mask:0-5
36 [46912496789952] INFO perfrun.perfcollector <> - format: tid_en config:19 mask:19
36 [46912496789952] INFO perfrun.perfcollector <> - format: thresh config:24-31 mask:24-31
36 [46912496789952] INFO perfrun.perfcollector <> - format: filter_state config1:17-23 mask:17-23
36 [46912496789952] WARN perfrun.perfcollector <> - pmu hwInfo is not set, at file: vcs/perfrun1/plugins/perfcollector/src/controller.cpp:657
36 [46912496789952] INFO perfrun.perfcollector <> - pmu added : family : uncore_cbox , id : 14
36 [46912496789952] INFO perfrun.perfcollector <> - dir found : /sys/bus/event_source/devices/uncore_cbox_15
36 [46912496789952] INFO perfrun.perfcollector <> - format: edge config:18 mask:18
36 [46912496789952] INFO perfrun.perfcollector <> - format: event config:0-7 mask:0-7
36 [46912496789952] INFO perfrun.perfcollector <> - format: umask config:8-15 mask:8-15
36 [46912496789952] INFO perfrun.perfcollector <> - format: filter_c6 config1:61 mask:61
36 [46912496789952] INFO perfrun.perfcollector <> - format: filter_nc config1:62 mask:62
36 [46912496789952] INFO perfrun.perfcollector <> - format: filter_isoc config1:63 mask:63
36 [46912496789952] INFO perfrun.perfcollector <> - format: filter_link config1:6-8 mask:6-8
36 [46912496789952] INFO perfrun.perfcollector <> - format: filter_nid config1:32-47 mask:32-47
36 [46912496789952] INFO perfrun.perfcollector <> - format: filter_opc config1:52-60 mask:52-60
36 [46912496789952] INFO perfrun.perfcollector <> - format: filter_tid config1:0-5 mask:0-5
37 [46912496789952] INFO perfrun.perfcollector <> - format: tid_en config:19 mask:19
37 [46912496789952] INFO perfrun.perfcollector <> - format: thresh config:24-31 mask:24-31
37 [46912496789952] INFO perfrun.perfcollector <> - format: filter_state config1:17-23 mask:17-23
37 [46912496789952] WARN perfrun.perfcollector <> - pmu hwInfo is not set, at file: vcs/perfrun1/plugins/perfcollector/src/controller.cpp:657
37 [46912496789952] INFO perfrun.perfcollector <> - pmu added : family : uncore_cbox , id : 15
37 [46912496789952] INFO perfrun.perfcollector <> - dir found : /sys/bus/event_source/devices/software
37 [46912496789952] WARN perfrun.perfcollector <> - format subdir doesn't exist, at file: vcs/perfrun1/plugins/perfcollector/src/controller.cpp:578
37 [46912496789952] WARN perfrun.perfcollector <> - pmu hwInfo is not set, at file: vcs/perfrun1/plugins/perfcollector/src/controller.cpp:657
37 [46912496789952] INFO perfrun.perfcollector <> - pmu added : family : software , id : 0
37 [46912496789952] INFO perfrun.perfcollector <> - dir found : /sys/bus/event_source/devices/power
37 [46912496789952] INFO perfrun.perfcollector <> - format: event config:0-7 mask:0-7
37 [46912496789952] WARN perfrun.perfcollector <> - pmu hwInfo is not set, at file: vcs/perfrun1/plugins/perfcollector/src/controller.cpp:657
37 [46912496789952] INFO perfrun.perfcollector <> - pmu added : family : power , id : 0
37 [46912496789952] INFO perfrun.perfcollector <> - dir found : /sys/bus/event_source/devices/uncore_pcu
37 [46912496789952] INFO perfrun.perfcollector <> - format: inv config:23 mask:23
37 [46912496789952] INFO perfrun.perfcollector <> - format: occ_invert config:30 mask:30
37 [46912496789952] INFO perfrun.perfcollector <> - format: edge config:18 mask:18
37 [46912496789952] INFO perfrun.perfcollector <> - format: event config:0-7,21 mask:0-7,21
37 [46912496789952] INFO perfrun.perfcollector <> - format: occ_sel config:14-15 mask:14-15
37 [46912496789952] INFO perfrun.perfcollector <> - format: thresh config:24-28 mask:24-28
37 [46912496789952] INFO perfrun.perfcollector <> - format: filter_band0 config1:0-7 mask:0-7
37 [46912496789952] INFO perfrun.perfcollector <> - format: filter_band1 config1:8-15 mask:8-15
37 [46912496789952] INFO perfrun.perfcollector <> - format: filter_band2 config1:16-23 mask:16-23
37 [46912496789952] INFO perfrun.perfcollector <> - format: filter_band3 config1:24-31 mask:24-31
37 [46912496789952] INFO perfrun.perfcollector <> - format: occ_edge config:14-51 mask:14-51
37 [46912496789952] WARN perfrun.perfcollector <> - pmu hwInfo is not set, at file: vcs/perfrun1/plugins/perfcollector/src/controller.cpp:657
37 [46912496789952] INFO perfrun.perfcollector <> - pmu added : family : uncore_pcu , id : 0
38 [46912496789952] INFO perfrun.perfcollector <> - dir found : /sys/bus/event_source/devices/tracepoint
38 [46912496789952] WARN perfrun.perfcollector <> - format subdir doesn't exist, at file: vcs/perfrun1/plugins/perfcollector/src/controller.cpp:578
38 [46912496789952] WARN perfrun.perfcollector <> - pmu hwInfo is not set, at file: vcs/perfrun1/plugins/perfcollector/src/controller.cpp:657
38 [46912496789952] INFO perfrun.perfcollector <> - pmu added : family : tracepoint , id : 0
38 [46912496789952] INFO perfrun.perfcollector <> - dir found : /sys/bus/event_source/devices/uncore_imc_0
38 [46912496789952] INFO perfrun.perfcollector <> - format: inv config:23 mask:23
38 [46912496789952] INFO perfrun.perfcollector <> - format: edge config:18 mask:18
38 [46912496789952] INFO perfrun.perfcollector <> - format: event config:0-7 mask:0-7
38 [46912496789952] INFO perfrun.perfcollector <> - format: umask config:8-15 mask:8-15
38 [46912496789952] INFO perfrun.perfcollector <> - format: thresh config:24-31 mask:24-31
38 [46912496789952] INFO perfrun.perfcollector <> - hwInfo : PERF_IMC_PMU_DETAILS
38 [46912496789952] INFO perfrun.perfcollector <> - pmu added : family : uncore_imc , id : 0
38 [46912496789952] INFO perfrun.perfcollector <> - dir found : /sys/bus/event_source/devices/uncore_imc_1
38 [46912496789952] INFO perfrun.perfcollector <> - format: inv config:23 mask:23
38 [46912496789952] INFO perfrun.perfcollector <> - format: edge config:18 mask:18
38 [46912496789952] INFO perfrun.perfcollector <> - format: event config:0-7 mask:0-7
38 [46912496789952] INFO perfrun.perfcollector <> - format: umask config:8-15 mask:8-15
38 [46912496789952] INFO perfrun.perfcollector <> - format: thresh config:24-31 mask:24-31
38 [46912496789952] INFO perfrun.perfcollector <> - hwInfo : PERF_IMC_PMU_DETAILS
38 [46912496789952] INFO perfrun.perfcollector <> - pmu added : family : uncore_imc , id : 1
38 [46912496789952] INFO perfrun.perfcollector <> - dir found : /sys/bus/event_source/devices/uncore_imc_4
38 [46912496789952] INFO perfrun.perfcollector <> - format: inv config:23 mask:23
38 [46912496789952] INFO perfrun.perfcollector <> - format: edge config:18 mask:18
38 [46912496789952] INFO perfrun.perfcollector <> - format: event config:0-7 mask:0-7
38 [46912496789952] INFO perfrun.perfcollector <> - format: umask config:8-15 mask:8-15
38 [46912496789952] INFO perfrun.perfcollector <> - format: thresh config:24-31 mask:24-31
38 [46912496789952] INFO perfrun.perfcollector <> - hwInfo : PERF_IMC_PMU_DETAILS
38 [46912496789952] INFO perfrun.perfcollector <> - pmu added : family : uncore_imc , id : 4
38 [46912496789952] INFO perfrun.perfcollector <> - dir found : /sys/bus/event_source/devices/uncore_imc_5
39 [46912496789952] INFO perfrun.perfcollector <> - format: inv config:23 mask:23
39 [46912496789952] INFO perfrun.perfcollector <> - format: edge config:18 mask:18
39 [46912496789952] INFO perfrun.perfcollector <> - format: event config:0-7 mask:0-7
39 [46912496789952] INFO perfrun.perfcollector <> - format: umask config:8-15 mask:8-15
39 [46912496789952] INFO perfrun.perfcollector <> - format: thresh config:24-31 mask:24-31
39 [46912496789952] INFO perfrun.perfcollector <> - hwInfo : PERF_IMC_PMU_DETAILS
39 [46912496789952] INFO perfrun.perfcollector <> - pmu added : family : uncore_imc , id : 5
39 [46912496789952] INFO perfrun.perfcollector <> - dir found : /sys/bus/event_source/devices/uncore_qpi_0
39 [46912496789952] INFO perfrun.perfcollector <> - format: inv config:23 mask:23
39 [46912496789952] INFO perfrun.perfcollector <> - format: edge config:18 mask:18
39 [46912496789952] INFO perfrun.perfcollector <> - format: match_rnid4 config1:31 mask:31
39 [46912496789952] INFO perfrun.perfcollector <> - format: event config:0-7,21 mask:0-7,21
39 [46912496789952] INFO perfrun.perfcollector <> - format: mask0 config2:0-31 mask:0-31
39 [46912496789952] INFO perfrun.perfcollector <> - format: mask1 config2:32-63 mask:32-63
39 [46912496789952] INFO perfrun.perfcollector <> - format: umask config:8-15 mask:8-15
39 [46912496789952] INFO perfrun.perfcollector <> - format: mask_rnid30 config2:32-35 mask:32-35
39 [46912496789952] INFO perfrun.perfcollector <> - format: match_rnid30 config1:32-35 mask:32-35
39 [46912496789952] INFO perfrun.perfcollector <> - format: match_dnid config1:13-17 mask:13-17
39 [46912496789952] INFO perfrun.perfcollector <> - format: mask_mc config2:9-12 mask:9-12
39 [46912496789952] INFO perfrun.perfcollector <> - format: mask_dnid config2:13-17 mask:13-17
39 [46912496789952] INFO perfrun.perfcollector <> - format: match_opc config1:5-8 mask:5-8
39 [46912496789952] INFO perfrun.perfcollector <> - format: match_rds config1:48-51 mask:48-51
39 [46912496789952] INFO perfrun.perfcollector <> - format: match_vnw config1:3-4 mask:3-4
39 [46912496789952] INFO perfrun.perfcollector <> - format: mask_opc config2:5-8 mask:5-8
39 [46912496789952] INFO perfrun.perfcollector <> - format: mask_rds config2:48-51 mask:48-51
39 [46912496789952] INFO perfrun.perfcollector <> - format: mask_vnw config2:3-4 mask:3-4
39 [46912496789952] INFO perfrun.perfcollector <> - format: match_mc config1:9-12 mask:9-12
40 [46912496789952] INFO perfrun.perfcollector <> - format: match0 config1:0-31 mask:0-31
40 [46912496789952] INFO perfrun.perfcollector <> - format: match1 config1:32-63 mask:32-63
40 [46912496789952] INFO perfrun.perfcollector <> - format: mask_rnid4 config2:31 mask:31
40 [46912496789952] INFO perfrun.perfcollector <> - format: thresh config:24-31 mask:24-31
40 [46912496789952] INFO perfrun.perfcollector <> - hwInfo : PERF_QPI_PMU_DETAILS
40 [46912496789952] INFO perfrun.perfcollector <> - pmu added : family : uncore_qpi , id : 0
40 [46912496789952] INFO perfrun.perfcollector <> - dir found : /sys/bus/event_source/devices/uncore_qpi_1
40 [46912496789952] INFO perfrun.perfcollector <> - format: inv config:23 mask:23
40 [46912496789952] INFO perfrun.perfcollector <> - format: edge config:18 mask:18
40 [46912496789952] INFO perfrun.perfcollector <> - format: match_rnid4 config1:31 mask:31
40 [46912496789952] INFO perfrun.perfcollector <> - format: event config:0-7,21 mask:0-7,21
40 [46912496789952] INFO perfrun.perfcollector <> - format: mask0 config2:0-31 mask:0-31
40 [46912496789952] INFO perfrun.perfcollector <> - format: mask1 config2:32-63 mask:32-63
40 [46912496789952] INFO perfrun.perfcollector <> - format: umask config:8-15 mask:8-15
40 [46912496789952] INFO perfrun.perfcollector <> - format: mask_rnid30 config2:32-35 mask:32-35
40 [46912496789952] INFO perfrun.perfcollector <> - format: match_rnid30 config1:32-35 mask:32-35
40 [46912496789952] INFO perfrun.perfcollector <> - format: match_dnid config1:13-17 mask:13-17
40 [46912496789952] INFO perfrun.perfcollector <> - format: mask_mc config2:9-12 mask:9-12
40 [46912496789952] INFO perfrun.perfcollector <> - format: mask_dnid config2:13-17 mask:13-17
40 [46912496789952] INFO perfrun.perfcollector <> - format: match_opc config1:5-8 mask:5-8
40 [46912496789952] INFO perfrun.perfcollector <> - format: match_rds config1:48-51 mask:48-51
40 [46912496789952] INFO perfrun.perfcollector <> - format: match_vnw config1:3-4 mask:3-4
40 [46912496789952] INFO perfrun.perfcollector <> - format: mask_opc config2:5-8 mask:5-8
40 [46912496789952] INFO perfrun.perfcollector <> - format: mask_rds config2:48-51 mask:48-51
40 [46912496789952] INFO perfrun.perfcollector <> - format: mask_vnw config2:3-4 mask:3-4
41 [46912496789952] INFO perfrun.perfcollector <> - format: match_mc config1:9-12 mask:9-12
41 [46912496789952] INFO perfrun.perfcollector <> - format: match0 config1:0-31 mask:0-31
41 [46912496789952] INFO perfrun.perfcollector <> - format: match1 config1:32-63 mask:32-63
41 [46912496789952] INFO perfrun.perfcollector <> - format: mask_rnid4 config2:31 mask:31
41 [46912496789952] INFO perfrun.perfcollector <> - format: thresh config:24-31 mask:24-31
41 [46912496789952] INFO perfrun.perfcollector <> - hwInfo : PERF_QPI_PMU_DETAILS
41 [46912496789952] INFO perfrun.perfcollector <> - pmu added : family : uncore_qpi , id : 1
41 [46912496789952] INFO perfrun.perfcollector <> - dir found : /sys/bus/event_source/devices/uncore_cbox_0
41 [46912496789952] INFO perfrun.perfcollector <> - format: edge config:18 mask:18
41 [46912496789952] INFO perfrun.perfcollector <> - format: event config:0-7 mask:0-7
41 [46912496789952] INFO perfrun.perfcollector <> - format: umask config:8-15 mask:8-15
41 [46912496789952] INFO perfrun.perfcollector <> - format: filter_c6 config1:61 mask:61
41 [46912496789952] INFO perfrun.perfcollector <> - format: filter_nc config1:62 mask:62
41 [46912496789952] INFO perfrun.perfcollector <> - format: filter_isoc config1:63 mask:63
41 [46912496789952] INFO perfrun.perfcollector <> - format: filter_link config1:6-8 mask:6-8
41 [46912496789952] INFO perfrun.perfcollector <> - format: filter_nid config1:32-47 mask:32-47
41 [46912496789952] INFO perfrun.perfcollector <> - format: filter_opc config1:52-60 mask:52-60
41 [46912496789952] INFO perfrun.perfcollector <> - format: filter_tid config1:0-5 mask:0-5
41 [46912496789952] INFO perfrun.perfcollector <> - format: tid_en config:19 mask:19
41 [46912496789952] INFO perfrun.perfcollector <> - format: thresh config:24-31 mask:24-31
41 [46912496789952] INFO perfrun.perfcollector <> - format: filter_state config1:17-23 mask:17-23
41 [46912496789952] WARN perfrun.perfcollector <> - pmu hwInfo is not set, at file: vcs/perfrun1/plugins/perfcollector/src/controller.cpp:657
41 [46912496789952] INFO perfrun.perfcollector <> - pmu added : family : uncore_cbox , id : 0
41 [46912496789952] INFO perfrun.perfcollector <> - dir found : /sys/bus/event_source/devices/uncore_cbox_1
41 [46912496789952] INFO perfrun.perfcollector <> - format: edge config:18 mask:18
41 [46912496789952] INFO perfrun.perfcollector <> - format: event config:0-7 mask:0-7
41 [46912496789952] INFO perfrun.perfcollector <> - format: umask config:8-15 mask:8-15
42 [46912496789952] INFO perfrun.perfcollector <> - format: filter_c6 config1:61 mask:61
42 [46912496789952] INFO perfrun.perfcollector <> - format: filter_nc config1:62 mask:62
42 [46912496789952] INFO perfrun.perfcollector <> - format: filter_isoc config1:63 mask:63
42 [46912496789952] INFO perfrun.perfcollector <> - format: filter_link config1:6-8 mask:6-8
42 [46912496789952] INFO perfrun.perfcollector <> - format: filter_nid config1:32-47 mask:32-47
42 [46912496789952] INFO perfrun.perfcollector <> - format: filter_opc config1:52-60 mask:52-60
42 [46912496789952] INFO perfrun.perfcollector <> - format: filter_tid config1:0-5 mask:0-5
42 [46912496789952] INFO perfrun.perfcollector <> - format: tid_en config:19 mask:19
42 [46912496789952] INFO perfrun.perfcollector <> - format: thresh config:24-31 mask:24-31
42 [46912496789952] INFO perfrun.perfcollector <> - format: filter_state config1:17-23 mask:17-23
42 [46912496789952] WARN perfrun.perfcollector <> - pmu hwInfo is not set, at file: vcs/perfrun1/plugins/perfcollector/src/controller.cpp:657
42 [46912496789952] INFO perfrun.perfcollector <> - pmu added : family : uncore_cbox , id : 1
42 [46912496789952] INFO perfrun.perfcollector <> - dir found : /sys/bus/event_source/devices/uncore_cbox_2
42 [46912496789952] INFO perfrun.perfcollector <> - format: edge config:18 mask:18
42 [46912496789952] INFO perfrun.perfcollector <> - format: event config:0-7 mask:0-7
42 [46912496789952] INFO perfrun.perfcollector <> - format: umask config:8-15 mask:8-15
42 [46912496789952] INFO perfrun.perfcollector <> - format: filter_c6 config1:61 mask:61
42 [46912496789952] INFO perfrun.perfcollector <> - format: filter_nc config1:62 mask:62
42 [46912496789952] INFO perfrun.perfcollector <> - format: filter_isoc config1:63 mask:63
42 [46912496789952] INFO perfrun.perfcollector <> - format: filter_link config1:6-8 mask:6-8
42 [46912496789952] INFO perfrun.perfcollector <> - format: filter_nid config1:32-47 mask:32-47
42 [46912496789952] INFO perfrun.perfcollector <> - format: filter_opc config1:52-60 mask:52-60
42 [46912496789952] INFO perfrun.perfcollector <> - format: filter_tid config1:0-5 mask:0-5
42 [46912496789952] INFO perfrun.perfcollector <> - format: tid_en config:19 mask:19
42 [46912496789952] INFO perfrun.perfcollector <> - format: thresh config:24-31 mask:24-31
42 [46912496789952] INFO perfrun.perfcollector <> - format: filter_state config1:17-23 mask:17-23
42 [46912496789952] WARN perfrun.perfcollector <> - pmu hwInfo is not set, at file: vcs/perfrun1/plugins/perfcollector/src/controller.cpp:657
43 [46912496789952] INFO perfrun.perfcollector <> - pmu added : family : uncore_cbox , id : 2
43 [46912496789952] INFO perfrun.perfcollector <> - dir found : /sys/bus/event_source/devices/uncore_cbox_3
43 [46912496789952] INFO perfrun.perfcollector <> - format: edge config:18 mask:18
43 [46912496789952] INFO perfrun.perfcollector <> - format: event config:0-7 mask:0-7
43 [46912496789952] INFO perfrun.perfcollector <> - format: umask config:8-15 mask:8-15
43 [46912496789952] INFO perfrun.perfcollector <> - format: filter_c6 config1:61 mask:61
43 [46912496789952] INFO perfrun.perfcollector <> - format: filter_nc config1:62 mask:62
43 [46912496789952] INFO perfrun.perfcollector <> - format: filter_isoc config1:63 mask:63
43 [46912496789952] INFO perfrun.perfcollector <> - format: filter_link config1:6-8 mask:6-8
43 [46912496789952] INFO perfrun.perfcollector <> - format: filter_nid config1:32-47 mask:32-47
43 [46912496789952] INFO perfrun.perfcollector <> - format: filter_opc config1:52-60 mask:52-60
43 [46912496789952] INFO perfrun.perfcollector <> - format: filter_tid config1:0-5 mask:0-5
43 [46912496789952] INFO perfrun.perfcollector <> - format: tid_en config:19 mask:19
43 [46912496789952] INFO perfrun.perfcollector <> - format: thresh config:24-31 mask:24-31
43 [46912496789952] INFO perfrun.perfcollector <> - format: filter_state config1:17-23 mask:17-23
43 [46912496789952] WARN perfrun.perfcollector <> - pmu hwInfo is not set, at file: vcs/perfrun1/plugins/perfcollector/src/controller.cpp:657
43 [46912496789952] INFO perfrun.perfcollector <> - pmu added : family : uncore_cbox , id : 3
43 [46912496789952] INFO perfrun.perfcollector <> - dir found : /sys/bus/event_source/devices/uncore_cbox_4
43 [46912496789952] INFO perfrun.perfcollector <> - format: edge config:18 mask:18
43 [46912496789952] INFO perfrun.perfcollector <> - format: event config:0-7 mask:0-7
43 [46912496789952] INFO perfrun.perfcollector <> - format: umask config:8-15 mask:8-15
43 [46912496789952] INFO perfrun.perfcollector <> - format: filter_c6 config1:61 mask:61
43 [46912496789952] INFO perfrun.perfcollector <> - format: filter_nc config1:62 mask:62
43 [46912496789952] INFO perfrun.perfcollector <> - format: filter_isoc config1:63 mask:63
43 [46912496789952] INFO perfrun.perfcollector <> - format: filter_link config1:6-8 mask:6-8
43 [46912496789952] INFO perfrun.perfcollector <> - format: filter_nid config1:32-47 mask:32-47
43 [46912496789952] INFO perfrun.perfcollector <> - format: filter_opc config1:52-60 mask:52-60
43 [46912496789952] INFO perfrun.perfcollector <> - format: filter_tid config1:0-5 mask:0-5
44 [46912496789952] INFO perfrun.perfcollector <> - format: tid_en config:19 mask:19
44 [46912496789952] INFO perfrun.perfcollector <> - format: thresh config:24-31 mask:24-31
44 [46912496789952] INFO perfrun.perfcollector <> - format: filter_state config1:17-23 mask:17-23
44 [46912496789952] WARN perfrun.perfcollector <> - pmu hwInfo is not set, at file: vcs/perfrun1/plugins/perfcollector/src/controller.cpp:657
44 [46912496789952] INFO perfrun.perfcollector <> - pmu added : family : uncore_cbox , id : 4
44 [46912496789952] INFO perfrun.perfcollector <> - dir found : /sys/bus/event_source/devices/uncore_cbox_5
44 [46912496789952] INFO perfrun.perfcollector <> - format: edge config:18 mask:18
44 [46912496789952] INFO perfrun.perfcollector <> - format: event config:0-7 mask:0-7
44 [46912496789952] INFO perfrun.perfcollector <> - format: umask config:8-15 mask:8-15
44 [46912496789952] INFO perfrun.perfcollector <> - format: filter_c6 config1:61 mask:61
44 [46912496789952] INFO perfrun.perfcollector <> - format: filter_nc config1:62 mask:62
44 [46912496789952] INFO perfrun.perfcollector <> - format: filter_isoc config1:63 mask:63
44 [46912496789952] INFO perfrun.perfcollector <> - format: filter_link config1:6-8 mask:6-8
44 [46912496789952] INFO perfrun.perfcollector <> - format: filter_nid config1:32-47 mask:32-47
44 [46912496789952] INFO perfrun.perfcollector <> - format: filter_opc config1:52-60 mask:52-60
44 [46912496789952] INFO perfrun.perfcollector <> - format: filter_tid config1:0-5 mask:0-5
44 [46912496789952] INFO perfrun.perfcollector <> - format: tid_en config:19 mask:19
44 [46912496789952] INFO perfrun.perfcollector <> - format: thresh config:24-31 mask:24-31
44 [46912496789952] INFO perfrun.perfcollector <> - format: filter_state config1:17-23 mask:17-23
44 [46912496789952] WARN perfrun.perfcollector <> - pmu hwInfo is not set, at file: vcs/perfrun1/plugins/perfcollector/src/controller.cpp:657
44 [46912496789952] INFO perfrun.perfcollector <> - pmu added : family : uncore_cbox , id : 5
44 [46912496789952] INFO perfrun.perfcollector <> - dir found : /sys/bus/event_source/devices/uncore_cbox_6
44 [46912496789952] INFO perfrun.perfcollector <> - format: edge config:18 mask:18
44 [46912496789952] INFO perfrun.perfcollector <> - format: event config:0-7 mask:0-7
44 [46912496789952] INFO perfrun.perfcollector <> - format: umask config:8-15 mask:8-15
44 [46912496789952] INFO perfrun.perfcollector <> - format: filter_c6 config1:61 mask:61
44 [46912496789952] INFO perfrun.perfcollector <> - format: filter_nc config1:62 mask:62
44 [46912496789952] INFO perfrun.perfcollector <> - format: filter_isoc config1:63 mask:63
45 [46912496789952] INFO perfrun.perfcollector <> - format: filter_link config1:6-8 mask:6-8
45 [46912496789952] INFO perfrun.perfcollector <> - format: filter_nid config1:32-47 mask:32-47
45 [46912496789952] INFO perfrun.perfcollector <> - format: filter_opc config1:52-60 mask:52-60
45 [46912496789952] INFO perfrun.perfcollector <> - format: filter_tid config1:0-5 mask:0-5
45 [46912496789952] INFO perfrun.perfcollector <> - format: tid_en config:19 mask:19
45 [46912496789952] INFO perfrun.perfcollector <> - format: thresh config:24-31 mask:24-31
45 [46912496789952] INFO perfrun.perfcollector <> - format: filter_state config1:17-23 mask:17-23
45 [46912496789952] WARN perfrun.perfcollector <> - pmu hwInfo is not set, at file: vcs/perfrun1/plugins/perfcollector/src/controller.cpp:657
45 [46912496789952] INFO perfrun.perfcollector <> - pmu added : family : uncore_cbox , id : 6
45 [46912496789952] INFO perfrun.perfcollector <> - dir found : /sys/bus/event_source/devices/uncore_cbox_7
45 [46912496789952] INFO perfrun.perfcollector <> - format: edge config:18 mask:18
45 [46912496789952] INFO perfrun.perfcollector <> - format: event config:0-7 mask:0-7
45 [46912496789952] INFO perfrun.perfcollector <> - format: umask config:8-15 mask:8-15
45 [46912496789952] INFO perfrun.perfcollector <> - format: filter_c6 config1:61 mask:61
45 [46912496789952] INFO perfrun.perfcollector <> - format: filter_nc config1:62 mask:62
45 [46912496789952] INFO perfrun.perfcollector <> - format: filter_isoc config1:63 mask:63
45 [46912496789952] INFO perfrun.perfcollector <> - format: filter_link config1:6-8 mask:6-8
45 [46912496789952] INFO perfrun.perfcollector <> - format: filter_nid config1:32-47 mask:32-47
45 [46912496789952] INFO perfrun.perfcollector <> - format: filter_opc config1:52-60 mask:52-60
45 [46912496789952] INFO perfrun.perfcollector <> - format: filter_tid config1:0-5 mask:0-5
45 [46912496789952] INFO perfrun.perfcollector <> - format: tid_en config:19 mask:19
45 [46912496789952] INFO perfrun.perfcollector <> - format: thresh config:24-31 mask:24-31
45 [46912496789952] INFO perfrun.perfcollector <> - format: filter_state config1:17-23 mask:17-23
45 [46912496789952] WARN perfrun.perfcollector <> - pmu hwInfo is not set, at file: vcs/perfrun1/plugins/perfcollector/src/controller.cpp:657
45 [46912496789952] INFO perfrun.perfcollector <> - pmu added : family : uncore_cbox , id : 7
45 [46912496789952] INFO perfrun.perfcollector <> - dir found : /sys/bus/event_source/devices/uncore_cbox_8
45 [46912496789952] INFO perfrun.perfcollector <> - format: edge config:18 mask:18
45 [46912496789952] INFO perfrun.perfcollector <> - format: event config:0-7 mask:0-7
45 [46912496789952] INFO perfrun.perfcollector <> - format: umask config:8-15 mask:8-15
46 [46912496789952] INFO perfrun.perfcollector <> - format: filter_c6 config1:61 mask:61
46 [46912496789952] INFO perfrun.perfcollector <> - format: filter_nc config1:62 mask:62
46 [46912496789952] INFO perfrun.perfcollector <> - format: filter_isoc config1:63 mask:63
46 [46912496789952] INFO perfrun.perfcollector <> - format: filter_link config1:6-8 mask:6-8
46 [46912496789952] INFO perfrun.perfcollector <> - format: filter_nid config1:32-47 mask:32-47
46 [46912496789952] INFO perfrun.perfcollector <> - format: filter_opc config1:52-60 mask:52-60
46 [46912496789952] INFO perfrun.perfcollector <> - format: filter_tid config1:0-5 mask:0-5
46 [46912496789952] INFO perfrun.perfcollector <> - format: tid_en config:19 mask:19
46 [46912496789952] INFO perfrun.perfcollector <> - format: thresh config:24-31 mask:24-31
46 [46912496789952] INFO perfrun.perfcollector <> - format: filter_state config1:17-23 mask:17-23
46 [46912496789952] WARN perfrun.perfcollector <> - pmu hwInfo is not set, at file: vcs/perfrun1/plugins/perfcollector/src/controller.cpp:657
46 [46912496789952] INFO perfrun.perfcollector <> - pmu added : family : uncore_cbox , id : 8
46 [46912496789952] INFO perfrun.perfcollector <> - dir found : /sys/bus/event_source/devices/uncore_cbox_9
46 [46912496789952] INFO perfrun.perfcollector <> - format: edge config:18 mask:18
46 [46912496789952] INFO perfrun.perfcollector <> - format: event config:0-7 mask:0-7
46 [46912496789952] INFO perfrun.perfcollector <> - format: umask config:8-15 mask:8-15
46 [46912496789952] INFO perfrun.perfcollector <> - format: filter_c6 config1:61 mask:61
46 [46912496789952] INFO perfrun.perfcollector <> - format: filter_nc config1:62 mask:62
46 [46912496789952] INFO perfrun.perfcollector <> - format: filter_isoc config1:63 mask:63
46 [46912496789952] INFO perfrun.perfcollector <> - format: filter_link config1:6-8 mask:6-8
46 [46912496789952] INFO perfrun.perfcollector <> - format: filter_nid config1:32-47 mask:32-47
46 [46912496789952] INFO perfrun.perfcollector <> - format: filter_opc config1:52-60 mask:52-60
46 [46912496789952] INFO perfrun.perfcollector <> - format: filter_tid config1:0-5 mask:0-5
46 [46912496789952] INFO perfrun.perfcollector <> - format: tid_en config:19 mask:19
46 [46912496789952] INFO perfrun.perfcollector <> - format: thresh config:24-31 mask:24-31
46 [46912496789952] INFO perfrun.perfcollector <> - format: filter_state config1:17-23 mask:17-23
47 [46912496789952] WARN perfrun.perfcollector <> - pmu hwInfo is not set, at file: vcs/perfrun1/plugins/perfcollector/src/controller.cpp:657
47 [46912496789952] INFO perfrun.perfcollector <> - pmu added : family : uncore_cbox , id : 9
47 [46912496789952] INFO perfrun.perfcollector <> - dir found : /sys/bus/event_source/devices/uncore_r2pcie
47 [46912496789952] INFO perfrun.perfcollector <> - format: inv config:23 mask:23
47 [46912496789952] INFO perfrun.perfcollector <> - format: edge config:18 mask:18
47 [46912496789952] INFO perfrun.perfcollector <> - format: event config:0-7 mask:0-7
47 [46912496789952] INFO perfrun.perfcollector <> - format: umask config:8-15 mask:8-15
47 [46912496789952] INFO perfrun.perfcollector <> - format: thresh config:24-31 mask:24-31
47 [46912496789952] WARN perfrun.perfcollector <> - pmu hwInfo is not set, at file: vcs/perfrun1/plugins/perfcollector/src/controller.cpp:657
47 [46912496789952] INFO perfrun.perfcollector <> - pmu added : family : uncore_r2pcie , id : 0
47 [46912496789952] INFO perfrun.perfcollector <> - dir found : /sys/bus/event_source/devices/uncore_r3qpi_0
47 [46912496789952] INFO perfrun.perfcollector <> - format: inv config:23 mask:23
47 [46912496789952] INFO perfrun.perfcollector <> - format: edge config:18 mask:18
47 [46912496789952] INFO perfrun.perfcollector <> - format: event config:0-7 mask:0-7
47 [46912496789952] INFO perfrun.perfcollector <> - format: umask config:8-15 mask:8-15
47 [46912496789952] INFO perfrun.perfcollector <> - format: thresh config:24-31 mask:24-31
47 [46912496789952] WARN perfrun.perfcollector <> - pmu hwInfo is not set, at file: vcs/perfrun1/plugins/perfcollector/src/controller.cpp:657
47 [46912496789952] INFO perfrun.perfcollector <> - pmu added : family : uncore_r3qpi , id : 0
47 [46912496789952] INFO perfrun.perfcollector <> - dir found : /sys/bus/event_source/devices/uncore_r3qpi_1
47 [46912496789952] INFO perfrun.perfcollector <> - format: inv config:23 mask:23
47 [46912496789952] INFO perfrun.perfcollector <> - format: edge config:18 mask:18
47 [46912496789952] INFO perfrun.perfcollector <> - format: event config:0-7 mask:0-7
47 [46912496789952] INFO perfrun.perfcollector <> - format: umask config:8-15 mask:8-15
47 [46912496789952] INFO perfrun.perfcollector <> - format: thresh config:24-31 mask:24-31
47 [46912496789952] WARN perfrun.perfcollector <> - pmu hwInfo is not set, at file: vcs/perfrun1/plugins/perfcollector/src/controller.cpp:657
47 [46912496789952] INFO perfrun.perfcollector <> - pmu added : family : uncore_r3qpi , id : 1
47 [46912496789952] INFO perfrun.perfcollector <> - dir found : /sys/bus/event_source/devices/uncore_sbox_0
47 [46912496789952] INFO perfrun.perfcollector <> - format: inv config:23 mask:23
47 [46912496789952] INFO perfrun.perfcollector <> - format: edge config:18 mask:18
47 [46912496789952] INFO perfrun.perfcollector <> - format: event config:0-7 mask:0-7
48 [46912496789952] INFO perfrun.perfcollector <> - format: umask config:8-15 mask:8-15
48 [46912496789952] INFO perfrun.perfcollector <> - format: tid_en config:19 mask:19
48 [46912496789952] INFO perfrun.perfcollector <> - format: thresh config:24-31 mask:24-31
48 [46912496789952] WARN perfrun.perfcollector <> - pmu hwInfo is not set, at file: vcs/perfrun1/plugins/perfcollector/src/controller.cpp:657
48 [46912496789952] INFO perfrun.perfcollector <> - pmu added : family : uncore_sbox , id : 0
48 [46912496789952] INFO perfrun.perfcollector <> - dir found : /sys/bus/event_source/devices/uncore_sbox_1
48 [46912496789952] INFO perfrun.perfcollector <> - format: inv config:23 mask:23
48 [46912496789952] INFO perfrun.perfcollector <> - format: edge config:18 mask:18
48 [46912496789952] INFO perfrun.perfcollector <> - format: event config:0-7 mask:0-7
48 [46912496789952] INFO perfrun.perfcollector <> - format: umask config:8-15 mask:8-15
48 [46912496789952] INFO perfrun.perfcollector <> - format: tid_en config:19 mask:19
48 [46912496789952] INFO perfrun.perfcollector <> - format: thresh config:24-31 mask:24-31
48 [46912496789952] WARN perfrun.perfcollector <> - pmu hwInfo is not set, at file: vcs/perfrun1/plugins/perfcollector/src/controller.cpp:657
48 [46912496789952] INFO perfrun.perfcollector <> - pmu added : family : uncore_sbox , id : 1
48 [46912496789952] INFO perfrun.perfcollector <> - dir found : /sys/bus/event_source/devices/uncore_sbox_2
48 [46912496789952] INFO perfrun.perfcollector <> - format: inv config:23 mask:23
48 [46912496789952] INFO perfrun.perfcollector <> - format: edge config:18 mask:18
48 [46912496789952] INFO perfrun.perfcollector <> - format: event config:0-7 mask:0-7
48 [46912496789952] INFO perfrun.perfcollector <> - format: umask config:8-15 mask:8-15
48 [46912496789952] INFO perfrun.perfcollector <> - format: tid_en config:19 mask:19
48 [46912496789952] INFO perfrun.perfcollector <> - format: thresh config:24-31 mask:24-31
48 [46912496789952] WARN perfrun.perfcollector <> - pmu hwInfo is not set, at file: vcs/perfrun1/plugins/perfcollector/src/controller.cpp:657
48 [46912496789952] INFO perfrun.perfcollector <> - pmu added : family : uncore_sbox , id : 2
48 [46912496789952] INFO perfrun.perfcollector <> - dir found : /sys/bus/event_source/devices/uncore_sbox_3
48 [46912496789952] INFO perfrun.perfcollector <> - format: inv config:23 mask:23
49 [46912496789952] INFO perfrun.perfcollector <> - format: edge config:18 mask:18
49 [46912496789952] INFO perfrun.perfcollector <> - format: event config:0-7 mask:0-7
49 [46912496789952] INFO perfrun.perfcollector <> - format: umask config:8-15 mask:8-15
49 [46912496789952] INFO perfrun.perfcollector <> - format: tid_en config:19 mask:19
49 [46912496789952] INFO perfrun.perfcollector <> - format: thresh config:24-31 mask:24-31
49 [46912496789952] WARN perfrun.perfcollector <> - pmu hwInfo is not set, at file: vcs/perfrun1/plugins/perfcollector/src/controller.cpp:657
49 [46912496789952] INFO perfrun.perfcollector <> - pmu added : family : uncore_sbox , id : 3
49 [46912496789952] INFO perfrun.perfcollector <> - dir found : /sys/bus/event_source/devices/cstate_core
49 [46912496789952] INFO perfrun.perfcollector <> - format: event config:0-63 mask:0-63
49 [46912496789952] WARN perfrun.perfcollector <> - pmu hwInfo is not set, at file: vcs/perfrun1/plugins/perfcollector/src/controller.cpp:657
49 [46912496789952] INFO perfrun.perfcollector <> - pmu added : family : cstate_core , id : 0
49 [46912496789952] INFO perfrun.perfcollector <> - dir found : /sys/bus/event_source/devices/cstate_pkg
49 [46912496789952] INFO perfrun.perfcollector <> - format: event config:0-63 mask:0-63
49 [46912496789952] WARN perfrun.perfcollector <> - pmu hwInfo is not set, at file: vcs/perfrun1/plugins/perfcollector/src/controller.cpp:657
49 [46912496789952] INFO perfrun.perfcollector <> - pmu added : family : cstate_pkg , id : 0
49 [46912496789952] INFO perfrun.perfcollector <> - dir found : /sys/bus/event_source/devices/intel_bts
49 [46912496789952] WARN perfrun.perfcollector <> - format subdir doesn't exist, at file: vcs/perfrun1/plugins/perfcollector/src/controller.cpp:578
49 [46912496789952] WARN perfrun.perfcollector <> - pmu hwInfo is not set, at file: vcs/perfrun1/plugins/perfcollector/src/controller.cpp:657
49 [46912496789952] INFO perfrun.perfcollector <> - pmu added : family : intel_bts , id : 0
49 [46912496789952] INFO perfrun.perfcollector <> - dir found : /sys/bus/event_source/devices/intel_cqm
49 [46912496789952] INFO perfrun.perfcollector <> - format: event config:0-7 mask:0-7
49 [46912496789952] WARN perfrun.perfcollector <> - pmu hwInfo is not set, at file: vcs/perfrun1/plugins/perfcollector/src/controller.cpp:657
49 [46912496789952] INFO perfrun.perfcollector <> - pmu added : family : intel_cqm , id : 0
49 [46912496789952] INFO perfrun.perfcollector <> - dir found : /sys/bus/event_source/devices/breakpoint
49 [46912496789952] WARN perfrun.perfcollector <> - format subdir doesn't exist, at file: vcs/perfrun1/plugins/perfcollector/src/controller.cpp:578
49 [46912496789952] WARN perfrun.perfcollector <> - pmu hwInfo is not set, at file: vcs/perfrun1/plugins/perfcollector/src/controller.cpp:657
49 [46912496789952] INFO perfrun.perfcollector <> - pmu added : family : breakpoint , id : 0
49 [46912496789952] INFO perfrun.perfcollector <> - dir found : /sys/bus/event_source/devices/uncore_ha_0
49 [46912496789952] INFO perfrun.perfcollector <> - format: inv config:23 mask:23
49 [46912496789952] INFO perfrun.perfcollector <> - format: edge config:18 mask:18
49 [46912496789952] INFO perfrun.perfcollector <> - format: event config:0-7 mask:0-7
49 [46912496789952] INFO perfrun.perfcollector <> - format: umask config:8-15 mask:8-15
50 [46912496789952] INFO perfrun.perfcollector <> - format: thresh config:24-31 mask:24-31
50 [46912496789952] WARN perfrun.perfcollector <> - pmu hwInfo is not set, at file: vcs/perfrun1/plugins/perfcollector/src/controller.cpp:657
50 [46912496789952] INFO perfrun.perfcollector <> - pmu added : family : uncore_ha , id : 0
50 [46912496789952] INFO perfrun.perfcollector <> - dir found : /sys/bus/event_source/devices/uncore_ha_1
50 [46912496789952] INFO perfrun.perfcollector <> - format: inv config:23 mask:23
50 [46912496789952] INFO perfrun.perfcollector <> - format: edge config:18 mask:18
50 [46912496789952] INFO perfrun.perfcollector <> - format: event config:0-7 mask:0-7
50 [46912496789952] INFO perfrun.perfcollector <> - format: umask config:8-15 mask:8-15
50 [46912496789952] INFO perfrun.perfcollector <> - format: thresh config:24-31 mask:24-31
50 [46912496789952] WARN perfrun.perfcollector <> - pmu hwInfo is not set, at file: vcs/perfrun1/plugins/perfcollector/src/controller.cpp:657
50 [46912496789952] INFO perfrun.perfcollector <> - pmu added : family : uncore_ha , id : 1
50 [46912496789952] INFO perfrun.perfcollector <> - dir found : /sys/bus/event_source/devices/uncore_ubox
50 [46912496789952] INFO perfrun.perfcollector <> - format: inv config:23 mask:23
50 [46912496789952] INFO perfrun.perfcollector <> - format: edge config:18 mask:18
50 [46912496789952] INFO perfrun.perfcollector <> - format: event config:0-7 mask:0-7
50 [46912496789952] INFO perfrun.perfcollector <> - format: umask config:8-15 mask:8-15
50 [46912496789952] INFO perfrun.perfcollector <> - format: filter_cid config1:5 mask:5
50 [46912496789952] INFO perfrun.perfcollector <> - format: filter_tid config1:0 mask:0
50 [46912496789952] INFO perfrun.perfcollector <> - format: thresh config:24-28 mask:24-28
50 [46912496789952] WARN perfrun.perfcollector <> - pmu hwInfo is not set, at file: vcs/perfrun1/plugins/perfcollector/src/controller.cpp:657
50 [46912496789952] INFO perfrun.perfcollector <> - pmu added : family : uncore_ubox , id : 0
50 [46912496789952] INFO perfrun.launcher <> - plugin perf has been added successfully
51 [46912496789952] INFO perfrun.launcher <> - plugin tpss has been added successfully
51 [46912496789952] INFO perfrun.launcher <> - plugin cuscol has been added successfully
51 [46912496789952] INFO perfrun.launcher <> - plugin exprof has been added successfully
51 [46912496789952] INFO perfrun.launcher <> - plugin dpdk has been added successfully
51 [46912496789952] INFO perfrun.launcher <> - plugin media has been added successfully
51 [46912496789952] INFO perfrun.launcher <> - plugin commcollector has been added successfully
51 [46912496789952] INFO perfrun.launcher <> - plugin cve has been added successfully
51 [46912496789952] INFO perfrun.launcher <> - the option was added --interval: Specify an interval of data collection (for example, sampling) in milliseconds.
51 [46912496789952] INFO perfrun.launcher <> - the option was added --follow-child: Profile process with or without children.
51 [46912496789952] INFO perfrun.launcher <> - the option was added --gelding: BADMSG: perfrun1.launcher.plugin_manager::gelding
51 [46912496789952] INFO perfrun.launcher <> - the option was added --time-source: Specify time source for measurement. Possible values: sys - wall clock time; tsc - time stamp counter; ext - time from an external source; auto - auto select accurate time source.
51 [46912496789952] INFO perfrun.launcher <> - the option was added --stack: Enable or disable collection of stacks.
51 [46912496789952] INFO perfrun.launcher <> - the option was added --stack-stitching: Enable or disable the stack stitching algorithm for Intel TBB-based applications.
51 [46912496789952] INFO perfrun.launcher <> - the option was added --type: Specify type of data to be collected. For example, --type cpu:counters,waiting:nostack,io.
51 [46912496789952] INFO perfrun.launcher <> - the option was added --mrte-mode: Specify Java/.NET/other managed runtime collection mode. Possible values: native - collect information only for native code; managed - collect information only for managed code; mixed - collect information for both managed and native code; auto - choose the mode based on binary type.
51 [46912496789952] INFO perfrun.launcher <> - the option was added --mrte-mode-list: List supported Java/.NET/other managed runtime collection modes.
51 [46912496789952] INFO perfrun.launcher <> - the option was added --mrte-type: Specify which managed runtimes to collect. Possible values: java - collect information for Java; dotnet - collect information for .NET; python - collect information for CPython. You can specify several values separated by comma.
51 [46912496789952] INFO perfrun.launcher <> - the option was added --mrte-type-list: List supported Java/.NET/other managed runtime types.
52 [46912496789952] INFO perfrun.launcher <> - the option was added --trace-strategy: Specify how to profile a process tree. <string> can be "<process>:trace:notrace" - profile the process but do not profile its children. Shorthand parameters: t - trace, nt - notrace. For example, "vtunedemo.exe:t:t".
52 [46912496789952] INFO perfrun.launcher <> - the option was added --collector: BADMSG: perfrun1.launcher.plugin_manager::collector
52 [46912496789952] INFO perfrun.launcher <> - the option was added --system-wide: Enable system-wide profiling. This mode may require additional permissions.
52 [46912496789952] INFO perfrun.launcher <> - the option was added --kvm-guest: Enable KVM guest OS profiling.
52 [46912496789952] INFO perfrun.launcher <> - the option was added --kvm-guest-kallsyms: Specify a local path to the /proc/kallsyms file copied from the guest OS for proper symbol resolution.
52 [46912496789952] INFO perfrun.launcher <> - the option was added --kvm-guest-modules: Specify a local path to the /proc/modules file copied from the guest OS for proper symbol resolution.
52 [46912496789952] INFO perfrun.launcher <> - the option was added --target-system: BADMSG: perfrun1.launcher.plugin_manager::target-system
52 [46912496789952] INFO perfrun.launcher <> - the option was added --dump-vdso: Dump [vdso] to result directory
52 [46912496789952] INFO perfrun.launcher <> - the option was added --bandwidth-limits: Measure bandwidth limits
52 [46912496789952] INFO perfrun.launcher <> - the option was added --bandwidth-strategy: Bandwidth limits determination specific properties (example: --bandwidth-strategy array-size=0,duration=500).
52 [46912496789952] INFO perfrun.launcher <> - the option was added --bandwidth-config: List of benchmarks to run.
52 [46912496789952] INFO perfrun.launcher <> - the option was added --system-collector-config: Specify subcollectors. Possible values: all, vdso, container, device-info, none.
52 [46912496789952] INFO perfrun.launcher <> - the option was added --itt-config: Specify a sub-set of ITT API to collect.
52 [46912496789952] INFO perfrun.launcher <> - the option was added --itt-debug: Set pseudo-breakpoint at ITT API collector's start to enable the debugger to attach early.
52 [46912496789952] INFO perfrun.launcher <> - the option was added --itt-ring-buffer-multiplier: The size of internal ITT API collector ring buffer, in bytes per second
52 [46912496789952] INFO perfrun.launcher <> - the option was added --ptrace: Ptrace collector.
52 [46912496789952] INFO perfrun.launcher <> - the option was added --target-pid: BADMSG: perfrun1.ptracecollector::target-pid
52 [46912496789952] INFO perfrun.launcher <> - the option was added --ptrace-server-pid: BADMSG: perfrun1.ptracecollector::ptrace-server-pid
52 [46912496789952] INFO perfrun.launcher <> - the option was added --ptrace-trace: BADMSG: perfrun1.ptracecollector::ptrace-trace
52 [46912496789952] INFO perfrun.launcher <> - the option was added --ptrace-time-source: BADMSG: perfrun1.ptracecollector::ptrace-time-source
52 [46912496789952] INFO perfrun.launcher <> - the option was added --ptrace-start-type: BADMSG: perfrun1.ptracecollector::ptrace-start-type
52 [46912496789952] INFO perfrun.launcher <> - the option was added --gpu-config: Specify types of GPU data to be collected. Possible values: preset1, preset2.
52 [46912496789952] INFO perfrun.launcher <> - the option was added --gpu-debug: Enable self-testing of the GPGPU profiling collector.
52 [46912496789952] INFO perfrun.launcher <> - the option was added --stdsrc-config: Specify Standard Sources category tag(s).
52 [46912496789952] INFO perfrun.launcher <> - the option was added --ftrace-config-list: List Linux Ftrace category tag(s).
52 [46912496789952] INFO perfrun.launcher <> - the option was added --ftrace-config: Specify Linux Ftrace category tag(s).
52 [46912496789952] INFO perfrun.launcher <> - the option was added --ftrace-function-groups: Enable tracing of specific groups of functions.
53 [46912496789952] INFO perfrun.launcher <> - the option was added --event-info: BADMSG: perfrun1.stdsrc::event-info
53 [46912496789952] INFO perfrun.launcher <> - the option was added --cpu-list: List supported CPUs.
53 [46912496789952] INFO perfrun.launcher <> - the option was added --target-list: List available targets for performing sampling collection.
53 [46912496789952] INFO perfrun.launcher <> - the option was added --event-value-list: Display event information.
53 [46912496789952] INFO perfrun.launcher <> - the option was added --platform-value-list: Display details of supported platforms.
53 [46912496789952] INFO perfrun.launcher <> - the option was added --uncore-event-list: List uncore events for which a sampling data collection can be performed on this platform.
53 [46912496789952] INFO perfrun.launcher <> - the option was added --modifier-list: Specify the event name <string> for which the modifiers list is requested.
53 [46912496789952] INFO perfrun.launcher <> - the option was added --pmu-list: List supported PMUs.
53 [46912496789952] INFO perfrun.launcher <> - the option was added --os-mode-only: Enable sampling data collection for OS-mode processes only.
53 [46912496789952] INFO perfrun.launcher <> - the option was added --user-mode-only: Enable sampling data collection for user-mode processes only.
53 [46912496789952] INFO perfrun.launcher <> - the option was added --event-config: Perform data collection for the events with <string> configured using the format <event name1>":modifier1=val:modifier2=val/constraint1={:modifier3=val:modifier4=val}...,"<event name2>":... Specify the events(s) to monitor and embed the event names within double quotes("). [:modifier=val] specifies individual event modifiers along with the respective values for a given platform. Note that the modifiers can be generic to an event as well as specific to a constraint (or an event qualifier). The constraint specific special modifiers appear after [/constraint=]. The modifiers can be in decimal or hexadecimal format. Only specific modifiers accept the value as a string. Each event specification is delimited by a comma (,). For a list of supported modifiers and constraints, refer to the documentation.
53 [46912496789952] INFO perfrun.launcher <> - the option was added --chipset-event-config: BADMSG: perfrun1.sep::chipset-event-config
53 [46912496789952] INFO perfrun.launcher <> - the option was added --uncore-event-config: Perform uncore data collection in ebc count mode for the events with <string> configured using the format "<event name1>"...,"<event name2>":... Specify the events(s) to monitor and embed the event names within double quotes(").
53 [46912496789952] INFO perfrun.launcher <> - the option was added --count-emon: Enable counting mode and output the data in EMON format.
53 [46912496789952] INFO perfrun.launcher <> - the option was added --event-based-counts: Enable event-based counting mode. During sampling data collection, event counts data is collected for the list of events specified in -event-config option.
53 [46912496789952] INFO perfrun.launcher <> - the option was added --event-mux-tfactor: Specify the event multiplexing tfactor as <integer> to set the length of the interval between interrupts. The larger the tfactor value, the larger the period between interrupts. Currently this option is only available on Intel platforms codenamed Knights Corner.
53 [46912496789952] INFO perfrun.launcher <> - the option was added --full-pebs-capture: Capture full pebs information.
53 [46912496789952] INFO perfrun.launcher <> - the option was added --last-branch-records: Capture Last Branch Records information.
53 [46912496789952] INFO perfrun.launcher <> - the option was added --pmu-type: Specify the targeted PMU name as <string>.
53 [46912496789952] INFO perfrun.launcher <> - the option was added --platform-type: Specify the targeted platform number as <number>.
53 [46912496789952] INFO perfrun.launcher <> - the option was added --bts-count: Specify the <integer> number of BTS records collected after each sample or context switch (VTSS++ only).
53 [46912496789952] INFO perfrun.launcher <> - the option was added --cpu-mask: Specify which CPU(s) <string> to collect data on. For example, specify "2-8,10,12-14" to sample only CPUs 2 through 8, 10, and 12 through 14.
53 [46912496789952] INFO perfrun.launcher <> - the option was added --event-mux-alg: Specify the event multiplexing algorithm. Possible values: sequence, timer, trigger.
53 [46912496789952] INFO perfrun.launcher <> - the option was added --event-mux-timeslice: Specify the event multiplexing time slice value as <integer>. The time slice specifies the duration between cycles for each event multiplexing group. The default value is 50 milliseconds. This option is valid only for timer-based event multiplexing. Specify the event multiplexing time slice value as <integer>. The time slice specifies the duration between cycles for each event multiplexing group. The default value is 1 millisecond. This option is valid only for timer-based event multiplexing.
53 [46912496789952] INFO perfrun.launcher <> - the option was added --event-mux-factor: Specify the event multiplexing factor as <integer>. It controls the switching of event multiplexing groups. The default factor is 50. This option is valid only for trigger-based event multiplexing. Specify the event multiplexing factor as <integer>. It controls the switching of event multiplexing groups. The default factor is 1. This option is valid only for trigger-based event multiplexing.
53 [46912496789952] INFO perfrun.launcher <> - the option was added --event-mux-trigger: Specify the name of the trigger event for event multiplexing as <string>. This option is valid only for trigger-based event multiplexing. The default trigger is CPU_CLK_UNHALTED.CORE (or CPU_CLK_UNHALTED.THREAD). BADMSG: perfrun1.vtsspp::event-mux-trigger
53 [46912496789952] INFO perfrun.launcher <> - the option was added --pwr-config: BADMSG: perfrun1.vtsspp::pwr-config
53 [46912496789952] INFO perfrun.launcher <> - the option was added --sys-config: BADMSG: perfrun1.vtsspp::sys-config
54 [46912496789952] INFO perfrun.launcher <> - the option was added --pt-mode: BADMSG: perfrun1.vtsspp::pt-mode
54 [46912496789952] INFO perfrun.launcher <> - the option was added --sample-after-multiplier: Specify the sample after multiplier as <double>. This multiplier modifies the sample after value for all the events specified in -event-config option. The values can range from 0.1 to 100.0. SAV multiplier value
54 [46912496789952] INFO perfrun.launcher <> - the option was added --uncore-sampling-interval: Specify the uncore sampling interval as <integer>. This value set the uncore sampling interval for all the uncore events specified in -event-config option.
54 [46912496789952] INFO perfrun.launcher <> - the option was added --count: Enable counting mode. Enable counting mode
54 [46912496789952] INFO perfrun.launcher <> - the option was added --trace-mpi: Configure collector to trace MPI code.
54 [46912496789952] INFO perfrun.launcher <> - the option was added --raw-perf-config: Specify a verified configuration for the Perf collector in the format: <describer>,<content>. For example: map-events-file,<path_to_map_events_file>.
54 [46912496789952] INFO perfrun.launcher <> - the option was added --stackwalk: Specify stack unwinding method. Possible values: online - unwind stacks during collection; offline - unwind stacks after collection is finished. Specify stack unwinding method. Possible value: lbr - unwind stacks during collection. Specify stack unwinding method. Possible values: online - unwind stacks during collection; offline - unwind stacks after collection is finished; lbr - enable LBR-based call stack collection. Specify stack unwinding method. Possible values: online - unwind stacks during collection; offline - unwind stacks after collection is finished. Specify stack unwinding method. Possible values: online - unwind stacks during collection; offline - unwind stacks after collection is finished.
54 [46912496789952] INFO perfrun.launcher <> - the option was added --filter-include: Filter data during collection. Possible values: contended=<on|off> - filter out uncontended events; contended_nostack=<time> - filter out stacks for contended events that take less than <time> microseconds; wait=<time> - ignore transitions and blocks with wait time less than <time> microseconds; wait_nostack=<time> - filter out stacks for waits that take less than <time> microseconds.
54 [46912496789952] INFO perfrun.launcher <> - the option was added --debug-pin: Debug PIN tool and runtime.
54 [46912496789952] INFO perfrun.launcher <> - the option was added --debug-exception: Disallow the application to set own abnormal termination handler.
54 [46912496789952] INFO perfrun.launcher <> - the option was added --trace-type: Specify the trace file granularity. Possible values: per-thread - per-thread trace file generation; per-process - per-process trace file generation.
54 [46912496789952] INFO perfrun.launcher <> - the option was added --instrumentation-type: Specify type of instrumentation.
54 [46912496789952] INFO perfrun.launcher <> - the option was added --altstack: Enable or disable usage of altstacks for profiling signal handlers.
54 [46912496789952] INFO perfrun.launcher <> - the option was added --profiling-signal: BADMSG: perfrun1.ptracecollector::profiling-signal Alternate profiling signal.
54 [46912496789952] INFO perfrun.launcher <> - the option was added --memory-strategy: Specify a minimal memory object size to be traced and a hash table size for faster objects search; for example: --memory-strategy obj-size-min=1024,hash-table-size=4096.
54 [46912496789952] INFO perfrun.launcher <> - the option was added --gpu-profiling-config: Specify a type of deep GPU profiling applied for all kernels and a comma-separated list of GPU kernel names and invocations in the following format: profiling_type[@kernel_name[:start_idx:step:stop_idx]], where profiling_type is one of following: none, bblatency, memlatency; kernel_name is the name of GPU kernel; start_idx is the number of the first invocation; and stop_idx is the number of the last invocation to be profiled.
54 [46912496789952] INFO perfrun.launcher <> - the option was added --custom-collector: Allows to provide arbitrary command line to be run on collection steps.
54 [46912496789952] INFO perfrun.launcher <> - the option was added --exprof-com-list: List available COM ports.
54 [46912496789952] INFO perfrun.launcher <> - the option was added --exprof-dvc-list: List available DvC IDs.
54 [46912496789952] INFO perfrun.launcher <> - the option was added --exprof-trace-channel: BADMSG: perfrun1.exprof::exprof-trace-channel
54 [46912496789952] INFO perfrun.launcher <> - the option was added --exprof-event-config: Specify ExactProfiling Event Classes.
54 [46912496789952] INFO perfrun.launcher <> - the option was added --analyze-dpdk: analyze-dpdk
54 [46912496789952] INFO perfrun.launcher <> - the option was added --network-sampling-interval: network-sampling-interval
54 [46912496789952] INFO perfrun.launcher <> - the option was added --dpdk-file-prefix: dpdk-file-prefix
58 [46912496789952] INFO perfrun.launcher <> - create msngr2::ICliToolContext
58 [46912496789952] INFO perfrun.launcher <> - create file finder object
58 [46912496789952] INFO perfrun.launcher <> - create a result directory: pattern = /global/project/projectdirs/alice/ftorales/GH_Correlations/pair_gale_shapley/vtune_res/try_9 pid = 4294967295
60 [46912496789952] INFO perfrun.sdk <> - checked that the directory /global/project/projectdirs/alice/ftorales/GH_Correlations/pair_gale_shapley/vtune_res/try_9 is a local directory
60 [46912496789952] INFO perfrun.sdk <> - the directory /global/project/projectdirs/alice/ftorales/GH_Correlations/pair_gale_shapley/vtune_res/try_9 is located on a share or its FS ID is unknown 1196443219
60 [46912496789952] INFO perfrun.launcher <> - Create a local result directory /tmp/amplxe-tmp-fernando/amplxe-res-64609-385843558325924 due to the user result path /global/project/projectdirs/alice/ftorales/GH_Correlations/pair_gale_shapley/vtune_res/try_9 is located on a share
61 [46912496789952] INFO perfrun.launcher <> - create data directory = /tmp/amplxe-tmp-fernando/amplxe-res-64609-385843558325924/data.0
61 [46912496789952] INFO perfrun.launcher <> - create data directory = /global/project/projectdirs/alice/ftorales/GH_Correlations/pair_gale_shapley/vtune_res/try_9/data.0
80 [46912620742400] INFO perfrun.sdk <> - Allocating TMU :/tmp/amplxe-tmp-fernando/amplxe-res-64609-385843558325924/data.0/systemcollector-64609-cori08.sc
80 [46912620742400] INFO perfrun.system <> - Tpss based collection
81 [46912620742400] INFO perfrun.launcher <> - plugin [ptracecollector] was disabled because it doesn't support the given collection type.
81 [46912620742400] INFO perfrun.launcher <> - plugin [gpu] was disabled because it doesn't support the given collection type.
81 [46912620742400] INFO perfrun.launcher <> - plugin [] was disabled because it doesn't support the given collection type.
81 [46912620742400] INFO perfrun.launcher <> - plugin [] was disabled because it doesn't support the given collection type.
81 [46912620742400] INFO perfrun.launcher <> - plugin [] was disabled because it doesn't support the given collection type.
81 [46912620742400] INFO perfrun.launcher <> - plugin [mrte] was disabled because it doesn't support the given collection type.
81 [46912620742400] INFO perfrun.launcher <> - plugin [emon] was disabled because it doesn't support the given collection type.
81 [46912620742400] INFO perfrun.launcher <> - plugin [stdsrc] was disabled because it doesn't support the given collection type.
81 [46912620742400] INFO perfrun.launcher <> - plugin [sep] was disabled because it doesn't support the given collection type.
81 [46912620742400] INFO perfrun.launcher <> - plugin [vtsspp] was disabled because it doesn't support the given collection type.
81 [46912620742400] INFO perfrun.launcher <> - plugin [perf] was disabled because it doesn't support the given collection type.
81 [46912620742400] INFO perfrun.tpss <> - initialize tpss controller
81 [46912620742400] INFO perfrun.tpss <> - configure collection mode: value = cpu:counters:nostack
81 [46912620742400] INFO perfrun.tpss <> - configure collection mode: value = cpu:stack
81 [46912620742400] INFO perfrun.tpss <> - default obj-size-min=1024
81 [46912620742400] INFO perfrun.tpss <> - default hash-table-size=0
172 [46912620742400] INFO perfrun.launcher <> - plugin [cuscol] was disabled because it doesn't support the given collection type.
172 [46912620742400] INFO perfrun.launcher <> - plugin [exprof] was disabled because it doesn't support the given collection type.
172 [46912620742400] INFO perfrun.launcher <> - plugin [dpdk] was disabled because it doesn't support the given collection type.
172 [46912620742400] INFO perfrun.commcollector <> - Disabling commcollector because integrity connection type is not used
172 [46912620742400] INFO perfrun.launcher <> - plugin [commcollector] was disabled because it doesn't support the given collection type.
172 [46912620742400] INFO perfrun.launcher <> - plugin [cve] was disabled because it doesn't support the given collection type.
172 [46912496789952] INFO perfrun.launcher <> - set environment variable: LD_LIBRARY_PATH = /global/common/edison/software/intel/vtune_amplifier_2018.2.0.551022/lib32/runtime:/global/common/edison/software/intel/vtune_amplifier_2018.2.0.551022/lib64/runtime:/usr/common/software/libevent/2.0.22-20150630/lib:/usr/common/software/hdf5/1.10.1/intel/lib:/usr/common/software/root/6.06.06/lib/root:/opt/cray/job/2.2.3-6.0.7.1_5.43__g6c4e934.ari/lib64:/opt/intel/compilers_and_libraries_2018.1.163/linux/compiler/lib/intel64:/opt/intel/compilers_and_libraries_2018.1.163/linux/mkl/lib/intel64:/usr/syscom/nsg/lib:/global/common/edison/software/intel/vtune_amplifier_2018.2.0.551022/lib64
172 [46912496789952] INFO perfrun.launcher <> - set environment variable: INTEL_LIBITTNOTIFY32 = /global/common/edison/software/intel/vtune_amplifier_2018.2.0.551022/lib32/runtime/libittnotify_collector.so
172 [46912496789952] INFO perfrun.launcher <> - set environment variable: INTEL_LIBITTNOTIFY64 = /global/common/edison/software/intel/vtune_amplifier_2018.2.0.551022/lib64/runtime/libittnotify_collector.so
172 [46912496789952] INFO perfrun.launcher <> - set environment variable: INTEL_ITTNOTIFY_GROUPS = 
172 [46912496789952] INFO perfrun.launcher <> - set environment variable: INTEL_JIT_PROFILER32 = /global/common/edison/software/intel/vtune_amplifier_2018.2.0.551022/lib32/runtime/libittnotify_collector.so
172 [46912496789952] INFO perfrun.launcher <> - set environment variable: INTEL_JIT_PROFILER64 = /global/common/edison/software/intel/vtune_amplifier_2018.2.0.551022/lib64/runtime/libittnotify_collector.so
172 [46912496789952] INFO perfrun.launcher <> - set environment variable: VS_PROFILER = libittnotify_collector.so
172 [46912496789952] INFO perfrun.launcher <> - set environment variable: ENABLE_JITPROFILING = 1
172 [46912496789952] INFO perfrun.launcher <> - set environment variable: CL_CONFIG_USE_VTUNE = True
172 [46912496789952] INFO perfrun.launcher <> - set environment variable: __OCL_MIC_INTEL_LIBITTNOTIFY64 = /amplxe/results/libittnotify_collector.so
172 [46912496789952] INFO perfrun.launcher <> - set environment variable: __OCL_MIC_INTEL_JIT_PROFILER64 = /amplxe/results/libittnotify_collector.so
172 [46912496789952] INFO perfrun.launcher <> - set environment variable: KMP_FORKJOIN_FRAMES = 0
172 [46912496789952] INFO perfrun.launcher <> - set environment variable: KMP_FORKJOIN_FRAMES_MODE = 0
172 [46912496789952] INFO perfrun.launcher <> - RpcServer: run RPC server to handle requests
173 [46912496789952] INFO perfrun.launcher <> - Launcher: command line to start before modification = ./Parallel_mix_gale_shapley 18g7b_calofast_pthat6_UnComp2.root 18g7b_calofast_pthat6_UnComp2.root 0 2 0
174 [46912496789952] INFO perfrun.launcher <> - Launcher: command line to start after modification = /global/common/edison/software/intel/vtune_amplifier_2018.2.0.551022/bin64/pin -error_file /tmp/amplxe-tmp-fernando/amplxe-res-64609-385843558325924/data.0/pinerr.tpsslog -detach_reattach -follow_execv -tool_load_option deepbind -t64 /global/common/edison/software/intel/vtune_amplifier_2018.2.0.551022/lib64/libtpsstool.so -t /global/common/edison/software/intel/vtune_amplifier_2018.2.0.551022/lib32/libtpsstool.so -server_name tpss_ipc.64609 -prd_dir /global/common/edison/software/intel/vtune_amplifier_2018.2.0.551022 -- ./Parallel_mix_gale_shapley 18g7b_calofast_pthat6_UnComp2.root 18g7b_calofast_pthat6_UnComp2.root 0 2 0
174 [46912496789952] INFO perfrun.launcher <> - ProcessCreator object was created
175 [46912496789952] INFO perfrun.launcher <> - Launcher: the process was started in suspend mode
268 [46912620742400] INFO perfrun.system <> - Helper runtool '/global/common/edison/software/intel/vtune_amplifier_2018.2.0.551022/bin32/amplxe-runss -dump-vdso -r /tmp/amplxe-tmp-fernando/amplxe-res-64609-385843558325924 --tmp-dir /tmp/amplxe-tmp-fernando' returned 0
365 [46912620742400] INFO perfrun.system <> - Helper runtool '/global/common/edison/software/intel/vtune_amplifier_2018.2.0.551022/bin64/amplxe-runss -dump-vdso -r /tmp/amplxe-tmp-fernando/amplxe-res-64609-385843558325924 --tmp-dir /tmp/amplxe-tmp-fernando' returned 0
373 [46912620742400] WARN perfrun.sdk <> - Failed to find xl binary on any of the system paths: /bin, /sbin, /usr/bin, /usr/sbin., at file: vcs/perfrun1/sdk/src/utils.cpp:433
373 [46912620742400] WARN perfrun.system <> - Could not start ContainerMapping collector, at file: vcs/perfrun1/plugins/system/src/controller.cpp:496
392 [46912620742400] INFO perfrun.itt <> - start itt controller for pid #64633
393 [46912620742400] INFO perfrun.tpss <> - start tpss controller for pid #64633
443 [46912496789952] INFO perfrun.launcher <> - Launcher: all plugins were started
443 [46912496789952] INFO perfrun.launcher <> - DirectoryMonitor object was created
443 [46912496789952] INFO perfrun.launcher <> - DirectoryMonitor: a callback was added
443 [46912496789952] INFO perfrun.launcher <> - DirectoryMonitor was started with pingTime = 1000
443 [46912496789952] INFO perfrun.launcher <> - DeadlineTimer is going to be constructed
443 [46912496789952] INFO perfrun.launcher <> - DeadlineTimer: a callback was added
452 [46912496789952] INFO perfrun.launcher <> - Launcher: resume the profiled application and  wait its termination or stop command
27594 [46912496789952] INFO perfrun.launcher <> - Launcher: the profiled application was terminated  with exit code = 0
27603 [46912620742400] INFO perfrun.itt <> - stop itt controller
27603 [46912620742400] INFO perfrun.itt <> - detach itt controller
27603 [46912620742400] INFO perfrun.tpss <> - stop tpss controller
27604 [46912620742400] ERROR perfrun.launcher <> - media can not perform an operation and will be disabled., at file: vcs/perfrun1/launcher/src/plugin_manager_impl.hpp:426
27604 [46912620742400] INFO perfrun.sdk <> - De-allocating TMU: /tmp/amplxe-tmp-fernando/amplxe-res-64609-385843558325924/data.0/systemcollector-64609-cori08.sc
27604 [46912620742400] INFO perfrun.system <> - closed the system trace file: /tmp/amplxe-tmp-fernando/amplxe-res-64609-385843558325924/data.0/systemcollector-64609-cori08.sc
27604 [46912496789952] INFO perfrun.launcher <> - Launcher: all plugins were stopped.
27604 [46912496789952] INFO perfrun.launcher <> - DeadlineTimer is going to be destroyed
27604 [46912496789952] INFO perfrun.launcher <> - DirectoryMonitor object was destroyed
27604 [46912496789952] WARN perfrun.launcher <> - Stop command is ignored because it is received when collection is already stopped, at file: vcs/perfrun1/launcher/src/command_handler.cpp:209
27791 [46912496789952] INFO perfrun.launcher <> - Application exit code: 0
27791 [46912496789952] INFO perfrun.launcher <> - Exit code: 0
