27 [46912496789952] INFO perfrun.launcher <> - argc = 7; cmdline = /global/common/edison/software/intel/vtune_amplifier_2018.2.0.551022/bin64/amplxe-runss --ui-output-format xml --ui-output-fd 6 --option-file /global/project/projectdirs/alice/ftorales/GH_Correlations/pair_gale_shapley/vtune_res/try_7/config/runss.options 
36 [46912496789952] INFO perfrun.launcher <> - plugin system has been added successfully
37 [46912496789952] INFO perfrun.launcher <> - plugin itt has been added successfully
37 [46912496789952] INFO perfrun.launcher <> - plugin ptracecollector has been added successfully
37 [46912496789952] INFO perfrun.launcher <> - plugin gpu has been added successfully
37 [46912496789952] INFO perfrun.launcher <> - plugin  has been added successfully
37 [46912496789952] INFO perfrun.launcher <> - plugin  has been added successfully
37 [46912496789952] INFO perfrun.launcher <> - plugin  has been added successfully
37 [46912496789952] INFO perfrun.launcher <> - plugin mrte has been added successfully
37 [46912496789952] INFO perfrun.launcher <> - plugin emon has been added successfully
38 [46912496789952] INFO perfrun.launcher <> - plugin stdsrc has been added successfully
38 [46912496789952] INFO perfrun.launcher <> - plugin sep has been added successfully
38 [46912496789952] INFO perfrun.launcher <> - plugin vtsspp has been added successfully
39 [46912496789952] INFO perfrun.sdk <> - Reading value (2) from file: /proc/sys/kernel/perf_event_paranoid
45 [46912496789952] INFO perfrun.perfcollector <> - cpu: family = 6 model = 63
45 [46912496789952] INFO perfrun.perfcollector <> - dir found : /sys/bus/event_source/devices/cpu
45 [46912496789952] INFO perfrun.perfcollector <> - format: pc config:19 mask:19
45 [46912496789952] INFO perfrun.perfcollector <> - format: any config:21 mask:21
45 [46912496789952] INFO perfrun.perfcollector <> - format: inv config:23 mask:23
45 [46912496789952] INFO perfrun.perfcollector <> - format: edge config:18 mask:18
45 [46912496789952] INFO perfrun.perfcollector <> - format: cmask config:24-31 mask:24-31
45 [46912496789952] INFO perfrun.perfcollector <> - format: event config:0-7 mask:0-7
45 [46912496789952] INFO perfrun.perfcollector <> - format: in_tx config:32 mask:32
45 [46912496789952] INFO perfrun.perfcollector <> - format: ldlat config1:0-15 mask:0-15
45 [46912496789952] INFO perfrun.perfcollector <> - format: umask config:8-15 mask:8-15
45 [46912496789952] INFO perfrun.perfcollector <> - format: in_tx_cp config:33 mask:33
45 [46912496789952] INFO perfrun.perfcollector <> - format: offcore_rsp config1:0-63 mask:0-63
45 [46912496789952] INFO perfrun.perfcollector <> - hwInfo : PERF_CPU_PMU_DETAILS
45 [46912496789952] INFO perfrun.perfcollector <> - pmu added : family : cpu , id : 0
45 [46912496789952] INFO perfrun.perfcollector <> - dir found : /sys/bus/event_source/devices/msr
45 [46912496789952] INFO perfrun.perfcollector <> - format: event config:0-63 mask:0-63
45 [46912496789952] WARN perfrun.perfcollector <> - pmu hwInfo is not set, at file: vcs/perfrun1/plugins/perfcollector/src/controller.cpp:657
46 [46912496789952] INFO perfrun.perfcollector <> - pmu added : family : msr , id : 0
46 [46912496789952] INFO perfrun.perfcollector <> - dir found : /sys/bus/event_source/devices/uncore_cbox_10
46 [46912496789952] INFO perfrun.perfcollector <> - format: edge config:18 mask:18
46 [46912496789952] INFO perfrun.perfcollector <> - format: event config:0-7 mask:0-7
46 [46912496789952] INFO perfrun.perfcollector <> - format: umask config:8-15 mask:8-15
46 [46912496789952] INFO perfrun.perfcollector <> - format: filter_c6 config1:61 mask:61
46 [46912496789952] INFO perfrun.perfcollector <> - format: filter_nc config1:62 mask:62
46 [46912496789952] INFO perfrun.perfcollector <> - format: filter_isoc config1:63 mask:63
46 [46912496789952] INFO perfrun.perfcollector <> - format: filter_link config1:6-8 mask:6-8
46 [46912496789952] INFO perfrun.perfcollector <> - format: filter_nid config1:32-47 mask:32-47
46 [46912496789952] INFO perfrun.perfcollector <> - format: filter_opc config1:52-60 mask:52-60
46 [46912496789952] INFO perfrun.perfcollector <> - format: filter_tid config1:0-5 mask:0-5
46 [46912496789952] INFO perfrun.perfcollector <> - format: tid_en config:19 mask:19
46 [46912496789952] INFO perfrun.perfcollector <> - format: thresh config:24-31 mask:24-31
46 [46912496789952] INFO perfrun.perfcollector <> - format: filter_state config1:17-23 mask:17-23
46 [46912496789952] WARN perfrun.perfcollector <> - pmu hwInfo is not set, at file: vcs/perfrun1/plugins/perfcollector/src/controller.cpp:657
46 [46912496789952] INFO perfrun.perfcollector <> - pmu added : family : uncore_cbox , id : 10
46 [46912496789952] INFO perfrun.perfcollector <> - dir found : /sys/bus/event_source/devices/uncore_cbox_11
46 [46912496789952] INFO perfrun.perfcollector <> - format: edge config:18 mask:18
46 [46912496789952] INFO perfrun.perfcollector <> - format: event config:0-7 mask:0-7
46 [46912496789952] INFO perfrun.perfcollector <> - format: umask config:8-15 mask:8-15
46 [46912496789952] INFO perfrun.perfcollector <> - format: filter_c6 config1:61 mask:61
46 [46912496789952] INFO perfrun.perfcollector <> - format: filter_nc config1:62 mask:62
46 [46912496789952] INFO perfrun.perfcollector <> - format: filter_isoc config1:63 mask:63
46 [46912496789952] INFO perfrun.perfcollector <> - format: filter_link config1:6-8 mask:6-8
46 [46912496789952] INFO perfrun.perfcollector <> - format: filter_nid config1:32-47 mask:32-47
46 [46912496789952] INFO perfrun.perfcollector <> - format: filter_opc config1:52-60 mask:52-60
46 [46912496789952] INFO perfrun.perfcollector <> - format: filter_tid config1:0-5 mask:0-5
47 [46912496789952] INFO perfrun.perfcollector <> - format: tid_en config:19 mask:19
47 [46912496789952] INFO perfrun.perfcollector <> - format: thresh config:24-31 mask:24-31
47 [46912496789952] INFO perfrun.perfcollector <> - format: filter_state config1:17-23 mask:17-23
47 [46912496789952] WARN perfrun.perfcollector <> - pmu hwInfo is not set, at file: vcs/perfrun1/plugins/perfcollector/src/controller.cpp:657
47 [46912496789952] INFO perfrun.perfcollector <> - pmu added : family : uncore_cbox , id : 11
47 [46912496789952] INFO perfrun.perfcollector <> - dir found : /sys/bus/event_source/devices/uncore_cbox_12
47 [46912496789952] INFO perfrun.perfcollector <> - format: edge config:18 mask:18
47 [46912496789952] INFO perfrun.perfcollector <> - format: event config:0-7 mask:0-7
47 [46912496789952] INFO perfrun.perfcollector <> - format: umask config:8-15 mask:8-15
47 [46912496789952] INFO perfrun.perfcollector <> - format: filter_c6 config1:61 mask:61
47 [46912496789952] INFO perfrun.perfcollector <> - format: filter_nc config1:62 mask:62
47 [46912496789952] INFO perfrun.perfcollector <> - format: filter_isoc config1:63 mask:63
47 [46912496789952] INFO perfrun.perfcollector <> - format: filter_link config1:6-8 mask:6-8
47 [46912496789952] INFO perfrun.perfcollector <> - format: filter_nid config1:32-47 mask:32-47
47 [46912496789952] INFO perfrun.perfcollector <> - format: filter_opc config1:52-60 mask:52-60
47 [46912496789952] INFO perfrun.perfcollector <> - format: filter_tid config1:0-5 mask:0-5
47 [46912496789952] INFO perfrun.perfcollector <> - format: tid_en config:19 mask:19
47 [46912496789952] INFO perfrun.perfcollector <> - format: thresh config:24-31 mask:24-31
47 [46912496789952] INFO perfrun.perfcollector <> - format: filter_state config1:17-23 mask:17-23
47 [46912496789952] WARN perfrun.perfcollector <> - pmu hwInfo is not set, at file: vcs/perfrun1/plugins/perfcollector/src/controller.cpp:657
47 [46912496789952] INFO perfrun.perfcollector <> - pmu added : family : uncore_cbox , id : 12
47 [46912496789952] INFO perfrun.perfcollector <> - dir found : /sys/bus/event_source/devices/uncore_cbox_13
47 [46912496789952] INFO perfrun.perfcollector <> - format: edge config:18 mask:18
47 [46912496789952] INFO perfrun.perfcollector <> - format: event config:0-7 mask:0-7
47 [46912496789952] INFO perfrun.perfcollector <> - format: umask config:8-15 mask:8-15
47 [46912496789952] INFO perfrun.perfcollector <> - format: filter_c6 config1:61 mask:61
47 [46912496789952] INFO perfrun.perfcollector <> - format: filter_nc config1:62 mask:62
48 [46912496789952] INFO perfrun.perfcollector <> - format: filter_isoc config1:63 mask:63
48 [46912496789952] INFO perfrun.perfcollector <> - format: filter_link config1:6-8 mask:6-8
48 [46912496789952] INFO perfrun.perfcollector <> - format: filter_nid config1:32-47 mask:32-47
48 [46912496789952] INFO perfrun.perfcollector <> - format: filter_opc config1:52-60 mask:52-60
48 [46912496789952] INFO perfrun.perfcollector <> - format: filter_tid config1:0-5 mask:0-5
48 [46912496789952] INFO perfrun.perfcollector <> - format: tid_en config:19 mask:19
48 [46912496789952] INFO perfrun.perfcollector <> - format: thresh config:24-31 mask:24-31
48 [46912496789952] INFO perfrun.perfcollector <> - format: filter_state config1:17-23 mask:17-23
48 [46912496789952] WARN perfrun.perfcollector <> - pmu hwInfo is not set, at file: vcs/perfrun1/plugins/perfcollector/src/controller.cpp:657
48 [46912496789952] INFO perfrun.perfcollector <> - pmu added : family : uncore_cbox , id : 13
48 [46912496789952] INFO perfrun.perfcollector <> - dir found : /sys/bus/event_source/devices/uncore_cbox_14
48 [46912496789952] INFO perfrun.perfcollector <> - format: edge config:18 mask:18
48 [46912496789952] INFO perfrun.perfcollector <> - format: event config:0-7 mask:0-7
48 [46912496789952] INFO perfrun.perfcollector <> - format: umask config:8-15 mask:8-15
48 [46912496789952] INFO perfrun.perfcollector <> - format: filter_c6 config1:61 mask:61
48 [46912496789952] INFO perfrun.perfcollector <> - format: filter_nc config1:62 mask:62
48 [46912496789952] INFO perfrun.perfcollector <> - format: filter_isoc config1:63 mask:63
48 [46912496789952] INFO perfrun.perfcollector <> - format: filter_link config1:6-8 mask:6-8
48 [46912496789952] INFO perfrun.perfcollector <> - format: filter_nid config1:32-47 mask:32-47
48 [46912496789952] INFO perfrun.perfcollector <> - format: filter_opc config1:52-60 mask:52-60
48 [46912496789952] INFO perfrun.perfcollector <> - format: filter_tid config1:0-5 mask:0-5
48 [46912496789952] INFO perfrun.perfcollector <> - format: tid_en config:19 mask:19
48 [46912496789952] INFO perfrun.perfcollector <> - format: thresh config:24-31 mask:24-31
48 [46912496789952] INFO perfrun.perfcollector <> - format: filter_state config1:17-23 mask:17-23
48 [46912496789952] WARN perfrun.perfcollector <> - pmu hwInfo is not set, at file: vcs/perfrun1/plugins/perfcollector/src/controller.cpp:657
48 [46912496789952] INFO perfrun.perfcollector <> - pmu added : family : uncore_cbox , id : 14
48 [46912496789952] INFO perfrun.perfcollector <> - dir found : /sys/bus/event_source/devices/uncore_cbox_15
48 [46912496789952] INFO perfrun.perfcollector <> - format: edge config:18 mask:18
48 [46912496789952] INFO perfrun.perfcollector <> - format: event config:0-7 mask:0-7
48 [46912496789952] INFO perfrun.perfcollector <> - format: umask config:8-15 mask:8-15
49 [46912496789952] INFO perfrun.perfcollector <> - format: filter_c6 config1:61 mask:61
49 [46912496789952] INFO perfrun.perfcollector <> - format: filter_nc config1:62 mask:62
49 [46912496789952] INFO perfrun.perfcollector <> - format: filter_isoc config1:63 mask:63
49 [46912496789952] INFO perfrun.perfcollector <> - format: filter_link config1:6-8 mask:6-8
49 [46912496789952] INFO perfrun.perfcollector <> - format: filter_nid config1:32-47 mask:32-47
49 [46912496789952] INFO perfrun.perfcollector <> - format: filter_opc config1:52-60 mask:52-60
49 [46912496789952] INFO perfrun.perfcollector <> - format: filter_tid config1:0-5 mask:0-5
49 [46912496789952] INFO perfrun.perfcollector <> - format: tid_en config:19 mask:19
49 [46912496789952] INFO perfrun.perfcollector <> - format: thresh config:24-31 mask:24-31
49 [46912496789952] INFO perfrun.perfcollector <> - format: filter_state config1:17-23 mask:17-23
49 [46912496789952] WARN perfrun.perfcollector <> - pmu hwInfo is not set, at file: vcs/perfrun1/plugins/perfcollector/src/controller.cpp:657
49 [46912496789952] INFO perfrun.perfcollector <> - pmu added : family : uncore_cbox , id : 15
49 [46912496789952] INFO perfrun.perfcollector <> - dir found : /sys/bus/event_source/devices/software
49 [46912496789952] WARN perfrun.perfcollector <> - format subdir doesn't exist, at file: vcs/perfrun1/plugins/perfcollector/src/controller.cpp:578
49 [46912496789952] WARN perfrun.perfcollector <> - pmu hwInfo is not set, at file: vcs/perfrun1/plugins/perfcollector/src/controller.cpp:657
49 [46912496789952] INFO perfrun.perfcollector <> - pmu added : family : software , id : 0
49 [46912496789952] INFO perfrun.perfcollector <> - dir found : /sys/bus/event_source/devices/power
49 [46912496789952] INFO perfrun.perfcollector <> - format: event config:0-7 mask:0-7
49 [46912496789952] WARN perfrun.perfcollector <> - pmu hwInfo is not set, at file: vcs/perfrun1/plugins/perfcollector/src/controller.cpp:657
49 [46912496789952] INFO perfrun.perfcollector <> - pmu added : family : power , id : 0
49 [46912496789952] INFO perfrun.perfcollector <> - dir found : /sys/bus/event_source/devices/uncore_pcu
49 [46912496789952] INFO perfrun.perfcollector <> - format: inv config:23 mask:23
49 [46912496789952] INFO perfrun.perfcollector <> - format: occ_invert config:30 mask:30
49 [46912496789952] INFO perfrun.perfcollector <> - format: edge config:18 mask:18
49 [46912496789952] INFO perfrun.perfcollector <> - format: event config:0-7,21 mask:0-7,21
49 [46912496789952] INFO perfrun.perfcollector <> - format: occ_sel config:14-15 mask:14-15
49 [46912496789952] INFO perfrun.perfcollector <> - format: thresh config:24-28 mask:24-28
49 [46912496789952] INFO perfrun.perfcollector <> - format: filter_band0 config1:0-7 mask:0-7
49 [46912496789952] INFO perfrun.perfcollector <> - format: filter_band1 config1:8-15 mask:8-15
50 [46912496789952] INFO perfrun.perfcollector <> - format: filter_band2 config1:16-23 mask:16-23
50 [46912496789952] INFO perfrun.perfcollector <> - format: filter_band3 config1:24-31 mask:24-31
50 [46912496789952] INFO perfrun.perfcollector <> - format: occ_edge config:14-51 mask:14-51
50 [46912496789952] WARN perfrun.perfcollector <> - pmu hwInfo is not set, at file: vcs/perfrun1/plugins/perfcollector/src/controller.cpp:657
50 [46912496789952] INFO perfrun.perfcollector <> - pmu added : family : uncore_pcu , id : 0
50 [46912496789952] INFO perfrun.perfcollector <> - dir found : /sys/bus/event_source/devices/tracepoint
50 [46912496789952] WARN perfrun.perfcollector <> - format subdir doesn't exist, at file: vcs/perfrun1/plugins/perfcollector/src/controller.cpp:578
50 [46912496789952] WARN perfrun.perfcollector <> - pmu hwInfo is not set, at file: vcs/perfrun1/plugins/perfcollector/src/controller.cpp:657
50 [46912496789952] INFO perfrun.perfcollector <> - pmu added : family : tracepoint , id : 0
50 [46912496789952] INFO perfrun.perfcollector <> - dir found : /sys/bus/event_source/devices/uncore_imc_0
50 [46912496789952] INFO perfrun.perfcollector <> - format: inv config:23 mask:23
50 [46912496789952] INFO perfrun.perfcollector <> - format: edge config:18 mask:18
50 [46912496789952] INFO perfrun.perfcollector <> - format: event config:0-7 mask:0-7
50 [46912496789952] INFO perfrun.perfcollector <> - format: umask config:8-15 mask:8-15
50 [46912496789952] INFO perfrun.perfcollector <> - format: thresh config:24-31 mask:24-31
50 [46912496789952] INFO perfrun.perfcollector <> - hwInfo : PERF_IMC_PMU_DETAILS
50 [46912496789952] INFO perfrun.perfcollector <> - pmu added : family : uncore_imc , id : 0
50 [46912496789952] INFO perfrun.perfcollector <> - dir found : /sys/bus/event_source/devices/uncore_imc_1
50 [46912496789952] INFO perfrun.perfcollector <> - format: inv config:23 mask:23
50 [46912496789952] INFO perfrun.perfcollector <> - format: edge config:18 mask:18
50 [46912496789952] INFO perfrun.perfcollector <> - format: event config:0-7 mask:0-7
50 [46912496789952] INFO perfrun.perfcollector <> - format: umask config:8-15 mask:8-15
50 [46912496789952] INFO perfrun.perfcollector <> - format: thresh config:24-31 mask:24-31
51 [46912496789952] INFO perfrun.perfcollector <> - hwInfo : PERF_IMC_PMU_DETAILS
51 [46912496789952] INFO perfrun.perfcollector <> - pmu added : family : uncore_imc , id : 1
51 [46912496789952] INFO perfrun.perfcollector <> - dir found : /sys/bus/event_source/devices/uncore_imc_4
51 [46912496789952] INFO perfrun.perfcollector <> - format: inv config:23 mask:23
51 [46912496789952] INFO perfrun.perfcollector <> - format: edge config:18 mask:18
51 [46912496789952] INFO perfrun.perfcollector <> - format: event config:0-7 mask:0-7
51 [46912496789952] INFO perfrun.perfcollector <> - format: umask config:8-15 mask:8-15
51 [46912496789952] INFO perfrun.perfcollector <> - format: thresh config:24-31 mask:24-31
51 [46912496789952] INFO perfrun.perfcollector <> - hwInfo : PERF_IMC_PMU_DETAILS
51 [46912496789952] INFO perfrun.perfcollector <> - pmu added : family : uncore_imc , id : 4
51 [46912496789952] INFO perfrun.perfcollector <> - dir found : /sys/bus/event_source/devices/uncore_imc_5
51 [46912496789952] INFO perfrun.perfcollector <> - format: inv config:23 mask:23
51 [46912496789952] INFO perfrun.perfcollector <> - format: edge config:18 mask:18
51 [46912496789952] INFO perfrun.perfcollector <> - format: event config:0-7 mask:0-7
51 [46912496789952] INFO perfrun.perfcollector <> - format: umask config:8-15 mask:8-15
51 [46912496789952] INFO perfrun.perfcollector <> - format: thresh config:24-31 mask:24-31
51 [46912496789952] INFO perfrun.perfcollector <> - hwInfo : PERF_IMC_PMU_DETAILS
51 [46912496789952] INFO perfrun.perfcollector <> - pmu added : family : uncore_imc , id : 5
51 [46912496789952] INFO perfrun.perfcollector <> - dir found : /sys/bus/event_source/devices/uncore_qpi_0
51 [46912496789952] INFO perfrun.perfcollector <> - format: inv config:23 mask:23
51 [46912496789952] INFO perfrun.perfcollector <> - format: edge config:18 mask:18
51 [46912496789952] INFO perfrun.perfcollector <> - format: match_rnid4 config1:31 mask:31
51 [46912496789952] INFO perfrun.perfcollector <> - format: event config:0-7,21 mask:0-7,21
51 [46912496789952] INFO perfrun.perfcollector <> - format: mask0 config2:0-31 mask:0-31
51 [46912496789952] INFO perfrun.perfcollector <> - format: mask1 config2:32-63 mask:32-63
51 [46912496789952] INFO perfrun.perfcollector <> - format: umask config:8-15 mask:8-15
51 [46912496789952] INFO perfrun.perfcollector <> - format: mask_rnid30 config2:32-35 mask:32-35
51 [46912496789952] INFO perfrun.perfcollector <> - format: match_rnid30 config1:32-35 mask:32-35
52 [46912496789952] INFO perfrun.perfcollector <> - format: match_dnid config1:13-17 mask:13-17
52 [46912496789952] INFO perfrun.perfcollector <> - format: mask_mc config2:9-12 mask:9-12
52 [46912496789952] INFO perfrun.perfcollector <> - format: mask_dnid config2:13-17 mask:13-17
52 [46912496789952] INFO perfrun.perfcollector <> - format: match_opc config1:5-8 mask:5-8
52 [46912496789952] INFO perfrun.perfcollector <> - format: match_rds config1:48-51 mask:48-51
52 [46912496789952] INFO perfrun.perfcollector <> - format: match_vnw config1:3-4 mask:3-4
52 [46912496789952] INFO perfrun.perfcollector <> - format: mask_opc config2:5-8 mask:5-8
52 [46912496789952] INFO perfrun.perfcollector <> - format: mask_rds config2:48-51 mask:48-51
52 [46912496789952] INFO perfrun.perfcollector <> - format: mask_vnw config2:3-4 mask:3-4
52 [46912496789952] INFO perfrun.perfcollector <> - format: match_mc config1:9-12 mask:9-12
52 [46912496789952] INFO perfrun.perfcollector <> - format: match0 config1:0-31 mask:0-31
52 [46912496789952] INFO perfrun.perfcollector <> - format: match1 config1:32-63 mask:32-63
52 [46912496789952] INFO perfrun.perfcollector <> - format: mask_rnid4 config2:31 mask:31
52 [46912496789952] INFO perfrun.perfcollector <> - format: thresh config:24-31 mask:24-31
52 [46912496789952] INFO perfrun.perfcollector <> - hwInfo : PERF_QPI_PMU_DETAILS
52 [46912496789952] INFO perfrun.perfcollector <> - pmu added : family : uncore_qpi , id : 0
52 [46912496789952] INFO perfrun.perfcollector <> - dir found : /sys/bus/event_source/devices/uncore_qpi_1
52 [46912496789952] INFO perfrun.perfcollector <> - format: inv config:23 mask:23
52 [46912496789952] INFO perfrun.perfcollector <> - format: edge config:18 mask:18
52 [46912496789952] INFO perfrun.perfcollector <> - format: match_rnid4 config1:31 mask:31
52 [46912496789952] INFO perfrun.perfcollector <> - format: event config:0-7,21 mask:0-7,21
52 [46912496789952] INFO perfrun.perfcollector <> - format: mask0 config2:0-31 mask:0-31
52 [46912496789952] INFO perfrun.perfcollector <> - format: mask1 config2:32-63 mask:32-63
52 [46912496789952] INFO perfrun.perfcollector <> - format: umask config:8-15 mask:8-15
52 [46912496789952] INFO perfrun.perfcollector <> - format: mask_rnid30 config2:32-35 mask:32-35
52 [46912496789952] INFO perfrun.perfcollector <> - format: match_rnid30 config1:32-35 mask:32-35
52 [46912496789952] INFO perfrun.perfcollector <> - format: match_dnid config1:13-17 mask:13-17
52 [46912496789952] INFO perfrun.perfcollector <> - format: mask_mc config2:9-12 mask:9-12
53 [46912496789952] INFO perfrun.perfcollector <> - format: mask_dnid config2:13-17 mask:13-17
53 [46912496789952] INFO perfrun.perfcollector <> - format: match_opc config1:5-8 mask:5-8
53 [46912496789952] INFO perfrun.perfcollector <> - format: match_rds config1:48-51 mask:48-51
53 [46912496789952] INFO perfrun.perfcollector <> - format: match_vnw config1:3-4 mask:3-4
53 [46912496789952] INFO perfrun.perfcollector <> - format: mask_opc config2:5-8 mask:5-8
53 [46912496789952] INFO perfrun.perfcollector <> - format: mask_rds config2:48-51 mask:48-51
53 [46912496789952] INFO perfrun.perfcollector <> - format: mask_vnw config2:3-4 mask:3-4
53 [46912496789952] INFO perfrun.perfcollector <> - format: match_mc config1:9-12 mask:9-12
53 [46912496789952] INFO perfrun.perfcollector <> - format: match0 config1:0-31 mask:0-31
53 [46912496789952] INFO perfrun.perfcollector <> - format: match1 config1:32-63 mask:32-63
53 [46912496789952] INFO perfrun.perfcollector <> - format: mask_rnid4 config2:31 mask:31
53 [46912496789952] INFO perfrun.perfcollector <> - format: thresh config:24-31 mask:24-31
53 [46912496789952] INFO perfrun.perfcollector <> - hwInfo : PERF_QPI_PMU_DETAILS
53 [46912496789952] INFO perfrun.perfcollector <> - pmu added : family : uncore_qpi , id : 1
53 [46912496789952] INFO perfrun.perfcollector <> - dir found : /sys/bus/event_source/devices/uncore_cbox_0
53 [46912496789952] INFO perfrun.perfcollector <> - format: edge config:18 mask:18
53 [46912496789952] INFO perfrun.perfcollector <> - format: event config:0-7 mask:0-7
53 [46912496789952] INFO perfrun.perfcollector <> - format: umask config:8-15 mask:8-15
53 [46912496789952] INFO perfrun.perfcollector <> - format: filter_c6 config1:61 mask:61
53 [46912496789952] INFO perfrun.perfcollector <> - format: filter_nc config1:62 mask:62
53 [46912496789952] INFO perfrun.perfcollector <> - format: filter_isoc config1:63 mask:63
53 [46912496789952] INFO perfrun.perfcollector <> - format: filter_link config1:6-8 mask:6-8
53 [46912496789952] INFO perfrun.perfcollector <> - format: filter_nid config1:32-47 mask:32-47
53 [46912496789952] INFO perfrun.perfcollector <> - format: filter_opc config1:52-60 mask:52-60
53 [46912496789952] INFO perfrun.perfcollector <> - format: filter_tid config1:0-5 mask:0-5
53 [46912496789952] INFO perfrun.perfcollector <> - format: tid_en config:19 mask:19
53 [46912496789952] INFO perfrun.perfcollector <> - format: thresh config:24-31 mask:24-31
54 [46912496789952] INFO perfrun.perfcollector <> - format: filter_state config1:17-23 mask:17-23
54 [46912496789952] WARN perfrun.perfcollector <> - pmu hwInfo is not set, at file: vcs/perfrun1/plugins/perfcollector/src/controller.cpp:657
54 [46912496789952] INFO perfrun.perfcollector <> - pmu added : family : uncore_cbox , id : 0
54 [46912496789952] INFO perfrun.perfcollector <> - dir found : /sys/bus/event_source/devices/uncore_cbox_1
54 [46912496789952] INFO perfrun.perfcollector <> - format: edge config:18 mask:18
54 [46912496789952] INFO perfrun.perfcollector <> - format: event config:0-7 mask:0-7
54 [46912496789952] INFO perfrun.perfcollector <> - format: umask config:8-15 mask:8-15
54 [46912496789952] INFO perfrun.perfcollector <> - format: filter_c6 config1:61 mask:61
54 [46912496789952] INFO perfrun.perfcollector <> - format: filter_nc config1:62 mask:62
54 [46912496789952] INFO perfrun.perfcollector <> - format: filter_isoc config1:63 mask:63
54 [46912496789952] INFO perfrun.perfcollector <> - format: filter_link config1:6-8 mask:6-8
54 [46912496789952] INFO perfrun.perfcollector <> - format: filter_nid config1:32-47 mask:32-47
54 [46912496789952] INFO perfrun.perfcollector <> - format: filter_opc config1:52-60 mask:52-60
54 [46912496789952] INFO perfrun.perfcollector <> - format: filter_tid config1:0-5 mask:0-5
54 [46912496789952] INFO perfrun.perfcollector <> - format: tid_en config:19 mask:19
54 [46912496789952] INFO perfrun.perfcollector <> - format: thresh config:24-31 mask:24-31
54 [46912496789952] INFO perfrun.perfcollector <> - format: filter_state config1:17-23 mask:17-23
54 [46912496789952] WARN perfrun.perfcollector <> - pmu hwInfo is not set, at file: vcs/perfrun1/plugins/perfcollector/src/controller.cpp:657
54 [46912496789952] INFO perfrun.perfcollector <> - pmu added : family : uncore_cbox , id : 1
54 [46912496789952] INFO perfrun.perfcollector <> - dir found : /sys/bus/event_source/devices/uncore_cbox_2
54 [46912496789952] INFO perfrun.perfcollector <> - format: edge config:18 mask:18
54 [46912496789952] INFO perfrun.perfcollector <> - format: event config:0-7 mask:0-7
54 [46912496789952] INFO perfrun.perfcollector <> - format: umask config:8-15 mask:8-15
54 [46912496789952] INFO perfrun.perfcollector <> - format: filter_c6 config1:61 mask:61
54 [46912496789952] INFO perfrun.perfcollector <> - format: filter_nc config1:62 mask:62
54 [46912496789952] INFO perfrun.perfcollector <> - format: filter_isoc config1:63 mask:63
54 [46912496789952] INFO perfrun.perfcollector <> - format: filter_link config1:6-8 mask:6-8
54 [46912496789952] INFO perfrun.perfcollector <> - format: filter_nid config1:32-47 mask:32-47
54 [46912496789952] INFO perfrun.perfcollector <> - format: filter_opc config1:52-60 mask:52-60
55 [46912496789952] INFO perfrun.perfcollector <> - format: filter_tid config1:0-5 mask:0-5
55 [46912496789952] INFO perfrun.perfcollector <> - format: tid_en config:19 mask:19
55 [46912496789952] INFO perfrun.perfcollector <> - format: thresh config:24-31 mask:24-31
55 [46912496789952] INFO perfrun.perfcollector <> - format: filter_state config1:17-23 mask:17-23
55 [46912496789952] WARN perfrun.perfcollector <> - pmu hwInfo is not set, at file: vcs/perfrun1/plugins/perfcollector/src/controller.cpp:657
55 [46912496789952] INFO perfrun.perfcollector <> - pmu added : family : uncore_cbox , id : 2
55 [46912496789952] INFO perfrun.perfcollector <> - dir found : /sys/bus/event_source/devices/uncore_cbox_3
55 [46912496789952] INFO perfrun.perfcollector <> - format: edge config:18 mask:18
55 [46912496789952] INFO perfrun.perfcollector <> - format: event config:0-7 mask:0-7
55 [46912496789952] INFO perfrun.perfcollector <> - format: umask config:8-15 mask:8-15
55 [46912496789952] INFO perfrun.perfcollector <> - format: filter_c6 config1:61 mask:61
55 [46912496789952] INFO perfrun.perfcollector <> - format: filter_nc config1:62 mask:62
55 [46912496789952] INFO perfrun.perfcollector <> - format: filter_isoc config1:63 mask:63
55 [46912496789952] INFO perfrun.perfcollector <> - format: filter_link config1:6-8 mask:6-8
55 [46912496789952] INFO perfrun.perfcollector <> - format: filter_nid config1:32-47 mask:32-47
55 [46912496789952] INFO perfrun.perfcollector <> - format: filter_opc config1:52-60 mask:52-60
55 [46912496789952] INFO perfrun.perfcollector <> - format: filter_tid config1:0-5 mask:0-5
55 [46912496789952] INFO perfrun.perfcollector <> - format: tid_en config:19 mask:19
55 [46912496789952] INFO perfrun.perfcollector <> - format: thresh config:24-31 mask:24-31
55 [46912496789952] INFO perfrun.perfcollector <> - format: filter_state config1:17-23 mask:17-23
55 [46912496789952] WARN perfrun.perfcollector <> - pmu hwInfo is not set, at file: vcs/perfrun1/plugins/perfcollector/src/controller.cpp:657
55 [46912496789952] INFO perfrun.perfcollector <> - pmu added : family : uncore_cbox , id : 3
55 [46912496789952] INFO perfrun.perfcollector <> - dir found : /sys/bus/event_source/devices/uncore_cbox_4
55 [46912496789952] INFO perfrun.perfcollector <> - format: edge config:18 mask:18
55 [46912496789952] INFO perfrun.perfcollector <> - format: event config:0-7 mask:0-7
55 [46912496789952] INFO perfrun.perfcollector <> - format: umask config:8-15 mask:8-15
55 [46912496789952] INFO perfrun.perfcollector <> - format: filter_c6 config1:61 mask:61
56 [46912496789952] INFO perfrun.perfcollector <> - format: filter_nc config1:62 mask:62
56 [46912496789952] INFO perfrun.perfcollector <> - format: filter_isoc config1:63 mask:63
56 [46912496789952] INFO perfrun.perfcollector <> - format: filter_link config1:6-8 mask:6-8
56 [46912496789952] INFO perfrun.perfcollector <> - format: filter_nid config1:32-47 mask:32-47
56 [46912496789952] INFO perfrun.perfcollector <> - format: filter_opc config1:52-60 mask:52-60
56 [46912496789952] INFO perfrun.perfcollector <> - format: filter_tid config1:0-5 mask:0-5
56 [46912496789952] INFO perfrun.perfcollector <> - format: tid_en config:19 mask:19
56 [46912496789952] INFO perfrun.perfcollector <> - format: thresh config:24-31 mask:24-31
56 [46912496789952] INFO perfrun.perfcollector <> - format: filter_state config1:17-23 mask:17-23
56 [46912496789952] WARN perfrun.perfcollector <> - pmu hwInfo is not set, at file: vcs/perfrun1/plugins/perfcollector/src/controller.cpp:657
56 [46912496789952] INFO perfrun.perfcollector <> - pmu added : family : uncore_cbox , id : 4
56 [46912496789952] INFO perfrun.perfcollector <> - dir found : /sys/bus/event_source/devices/uncore_cbox_5
56 [46912496789952] INFO perfrun.perfcollector <> - format: edge config:18 mask:18
56 [46912496789952] INFO perfrun.perfcollector <> - format: event config:0-7 mask:0-7
56 [46912496789952] INFO perfrun.perfcollector <> - format: umask config:8-15 mask:8-15
56 [46912496789952] INFO perfrun.perfcollector <> - format: filter_c6 config1:61 mask:61
56 [46912496789952] INFO perfrun.perfcollector <> - format: filter_nc config1:62 mask:62
56 [46912496789952] INFO perfrun.perfcollector <> - format: filter_isoc config1:63 mask:63
56 [46912496789952] INFO perfrun.perfcollector <> - format: filter_link config1:6-8 mask:6-8
56 [46912496789952] INFO perfrun.perfcollector <> - format: filter_nid config1:32-47 mask:32-47
56 [46912496789952] INFO perfrun.perfcollector <> - format: filter_opc config1:52-60 mask:52-60
56 [46912496789952] INFO perfrun.perfcollector <> - format: filter_tid config1:0-5 mask:0-5
56 [46912496789952] INFO perfrun.perfcollector <> - format: tid_en config:19 mask:19
56 [46912496789952] INFO perfrun.perfcollector <> - format: thresh config:24-31 mask:24-31
56 [46912496789952] INFO perfrun.perfcollector <> - format: filter_state config1:17-23 mask:17-23
56 [46912496789952] WARN perfrun.perfcollector <> - pmu hwInfo is not set, at file: vcs/perfrun1/plugins/perfcollector/src/controller.cpp:657
56 [46912496789952] INFO perfrun.perfcollector <> - pmu added : family : uncore_cbox , id : 5
56 [46912496789952] INFO perfrun.perfcollector <> - dir found : /sys/bus/event_source/devices/uncore_cbox_6
57 [46912496789952] INFO perfrun.perfcollector <> - format: edge config:18 mask:18
57 [46912496789952] INFO perfrun.perfcollector <> - format: event config:0-7 mask:0-7
57 [46912496789952] INFO perfrun.perfcollector <> - format: umask config:8-15 mask:8-15
57 [46912496789952] INFO perfrun.perfcollector <> - format: filter_c6 config1:61 mask:61
57 [46912496789952] INFO perfrun.perfcollector <> - format: filter_nc config1:62 mask:62
57 [46912496789952] INFO perfrun.perfcollector <> - format: filter_isoc config1:63 mask:63
57 [46912496789952] INFO perfrun.perfcollector <> - format: filter_link config1:6-8 mask:6-8
57 [46912496789952] INFO perfrun.perfcollector <> - format: filter_nid config1:32-47 mask:32-47
57 [46912496789952] INFO perfrun.perfcollector <> - format: filter_opc config1:52-60 mask:52-60
57 [46912496789952] INFO perfrun.perfcollector <> - format: filter_tid config1:0-5 mask:0-5
57 [46912496789952] INFO perfrun.perfcollector <> - format: tid_en config:19 mask:19
57 [46912496789952] INFO perfrun.perfcollector <> - format: thresh config:24-31 mask:24-31
57 [46912496789952] INFO perfrun.perfcollector <> - format: filter_state config1:17-23 mask:17-23
57 [46912496789952] WARN perfrun.perfcollector <> - pmu hwInfo is not set, at file: vcs/perfrun1/plugins/perfcollector/src/controller.cpp:657
57 [46912496789952] INFO perfrun.perfcollector <> - pmu added : family : uncore_cbox , id : 6
57 [46912496789952] INFO perfrun.perfcollector <> - dir found : /sys/bus/event_source/devices/uncore_cbox_7
57 [46912496789952] INFO perfrun.perfcollector <> - format: edge config:18 mask:18
57 [46912496789952] INFO perfrun.perfcollector <> - format: event config:0-7 mask:0-7
57 [46912496789952] INFO perfrun.perfcollector <> - format: umask config:8-15 mask:8-15
57 [46912496789952] INFO perfrun.perfcollector <> - format: filter_c6 config1:61 mask:61
57 [46912496789952] INFO perfrun.perfcollector <> - format: filter_nc config1:62 mask:62
57 [46912496789952] INFO perfrun.perfcollector <> - format: filter_isoc config1:63 mask:63
57 [46912496789952] INFO perfrun.perfcollector <> - format: filter_link config1:6-8 mask:6-8
57 [46912496789952] INFO perfrun.perfcollector <> - format: filter_nid config1:32-47 mask:32-47
57 [46912496789952] INFO perfrun.perfcollector <> - format: filter_opc config1:52-60 mask:52-60
57 [46912496789952] INFO perfrun.perfcollector <> - format: filter_tid config1:0-5 mask:0-5
57 [46912496789952] INFO perfrun.perfcollector <> - format: tid_en config:19 mask:19
57 [46912496789952] INFO perfrun.perfcollector <> - format: thresh config:24-31 mask:24-31
58 [46912496789952] INFO perfrun.perfcollector <> - format: filter_state config1:17-23 mask:17-23
58 [46912496789952] WARN perfrun.perfcollector <> - pmu hwInfo is not set, at file: vcs/perfrun1/plugins/perfcollector/src/controller.cpp:657
58 [46912496789952] INFO perfrun.perfcollector <> - pmu added : family : uncore_cbox , id : 7
58 [46912496789952] INFO perfrun.perfcollector <> - dir found : /sys/bus/event_source/devices/uncore_cbox_8
58 [46912496789952] INFO perfrun.perfcollector <> - format: edge config:18 mask:18
58 [46912496789952] INFO perfrun.perfcollector <> - format: event config:0-7 mask:0-7
58 [46912496789952] INFO perfrun.perfcollector <> - format: umask config:8-15 mask:8-15
58 [46912496789952] INFO perfrun.perfcollector <> - format: filter_c6 config1:61 mask:61
58 [46912496789952] INFO perfrun.perfcollector <> - format: filter_nc config1:62 mask:62
58 [46912496789952] INFO perfrun.perfcollector <> - format: filter_isoc config1:63 mask:63
58 [46912496789952] INFO perfrun.perfcollector <> - format: filter_link config1:6-8 mask:6-8
58 [46912496789952] INFO perfrun.perfcollector <> - format: filter_nid config1:32-47 mask:32-47
58 [46912496789952] INFO perfrun.perfcollector <> - format: filter_opc config1:52-60 mask:52-60
58 [46912496789952] INFO perfrun.perfcollector <> - format: filter_tid config1:0-5 mask:0-5
58 [46912496789952] INFO perfrun.perfcollector <> - format: tid_en config:19 mask:19
58 [46912496789952] INFO perfrun.perfcollector <> - format: thresh config:24-31 mask:24-31
58 [46912496789952] INFO perfrun.perfcollector <> - format: filter_state config1:17-23 mask:17-23
58 [46912496789952] WARN perfrun.perfcollector <> - pmu hwInfo is not set, at file: vcs/perfrun1/plugins/perfcollector/src/controller.cpp:657
58 [46912496789952] INFO perfrun.perfcollector <> - pmu added : family : uncore_cbox , id : 8
58 [46912496789952] INFO perfrun.perfcollector <> - dir found : /sys/bus/event_source/devices/uncore_cbox_9
58 [46912496789952] INFO perfrun.perfcollector <> - format: edge config:18 mask:18
58 [46912496789952] INFO perfrun.perfcollector <> - format: event config:0-7 mask:0-7
58 [46912496789952] INFO perfrun.perfcollector <> - format: umask config:8-15 mask:8-15
58 [46912496789952] INFO perfrun.perfcollector <> - format: filter_c6 config1:61 mask:61
58 [46912496789952] INFO perfrun.perfcollector <> - format: filter_nc config1:62 mask:62
58 [46912496789952] INFO perfrun.perfcollector <> - format: filter_isoc config1:63 mask:63
58 [46912496789952] INFO perfrun.perfcollector <> - format: filter_link config1:6-8 mask:6-8
59 [46912496789952] INFO perfrun.perfcollector <> - format: filter_nid config1:32-47 mask:32-47
59 [46912496789952] INFO perfrun.perfcollector <> - format: filter_opc config1:52-60 mask:52-60
59 [46912496789952] INFO perfrun.perfcollector <> - format: filter_tid config1:0-5 mask:0-5
59 [46912496789952] INFO perfrun.perfcollector <> - format: tid_en config:19 mask:19
59 [46912496789952] INFO perfrun.perfcollector <> - format: thresh config:24-31 mask:24-31
59 [46912496789952] INFO perfrun.perfcollector <> - format: filter_state config1:17-23 mask:17-23
59 [46912496789952] WARN perfrun.perfcollector <> - pmu hwInfo is not set, at file: vcs/perfrun1/plugins/perfcollector/src/controller.cpp:657
59 [46912496789952] INFO perfrun.perfcollector <> - pmu added : family : uncore_cbox , id : 9
59 [46912496789952] INFO perfrun.perfcollector <> - dir found : /sys/bus/event_source/devices/uncore_r2pcie
59 [46912496789952] INFO perfrun.perfcollector <> - format: inv config:23 mask:23
59 [46912496789952] INFO perfrun.perfcollector <> - format: edge config:18 mask:18
59 [46912496789952] INFO perfrun.perfcollector <> - format: event config:0-7 mask:0-7
59 [46912496789952] INFO perfrun.perfcollector <> - format: umask config:8-15 mask:8-15
59 [46912496789952] INFO perfrun.perfcollector <> - format: thresh config:24-31 mask:24-31
59 [46912496789952] WARN perfrun.perfcollector <> - pmu hwInfo is not set, at file: vcs/perfrun1/plugins/perfcollector/src/controller.cpp:657
59 [46912496789952] INFO perfrun.perfcollector <> - pmu added : family : uncore_r2pcie , id : 0
59 [46912496789952] INFO perfrun.perfcollector <> - dir found : /sys/bus/event_source/devices/uncore_r3qpi_0
59 [46912496789952] INFO perfrun.perfcollector <> - format: inv config:23 mask:23
59 [46912496789952] INFO perfrun.perfcollector <> - format: edge config:18 mask:18
59 [46912496789952] INFO perfrun.perfcollector <> - format: event config:0-7 mask:0-7
59 [46912496789952] INFO perfrun.perfcollector <> - format: umask config:8-15 mask:8-15
59 [46912496789952] INFO perfrun.perfcollector <> - format: thresh config:24-31 mask:24-31
59 [46912496789952] WARN perfrun.perfcollector <> - pmu hwInfo is not set, at file: vcs/perfrun1/plugins/perfcollector/src/controller.cpp:657
59 [46912496789952] INFO perfrun.perfcollector <> - pmu added : family : uncore_r3qpi , id : 0
59 [46912496789952] INFO perfrun.perfcollector <> - dir found : /sys/bus/event_source/devices/uncore_r3qpi_1
59 [46912496789952] INFO perfrun.perfcollector <> - format: inv config:23 mask:23
60 [46912496789952] INFO perfrun.perfcollector <> - format: edge config:18 mask:18
60 [46912496789952] INFO perfrun.perfcollector <> - format: event config:0-7 mask:0-7
60 [46912496789952] INFO perfrun.perfcollector <> - format: umask config:8-15 mask:8-15
60 [46912496789952] INFO perfrun.perfcollector <> - format: thresh config:24-31 mask:24-31
60 [46912496789952] WARN perfrun.perfcollector <> - pmu hwInfo is not set, at file: vcs/perfrun1/plugins/perfcollector/src/controller.cpp:657
60 [46912496789952] INFO perfrun.perfcollector <> - pmu added : family : uncore_r3qpi , id : 1
60 [46912496789952] INFO perfrun.perfcollector <> - dir found : /sys/bus/event_source/devices/uncore_sbox_0
60 [46912496789952] INFO perfrun.perfcollector <> - format: inv config:23 mask:23
60 [46912496789952] INFO perfrun.perfcollector <> - format: edge config:18 mask:18
60 [46912496789952] INFO perfrun.perfcollector <> - format: event config:0-7 mask:0-7
60 [46912496789952] INFO perfrun.perfcollector <> - format: umask config:8-15 mask:8-15
60 [46912496789952] INFO perfrun.perfcollector <> - format: tid_en config:19 mask:19
60 [46912496789952] INFO perfrun.perfcollector <> - format: thresh config:24-31 mask:24-31
60 [46912496789952] WARN perfrun.perfcollector <> - pmu hwInfo is not set, at file: vcs/perfrun1/plugins/perfcollector/src/controller.cpp:657
60 [46912496789952] INFO perfrun.perfcollector <> - pmu added : family : uncore_sbox , id : 0
60 [46912496789952] INFO perfrun.perfcollector <> - dir found : /sys/bus/event_source/devices/uncore_sbox_1
60 [46912496789952] INFO perfrun.perfcollector <> - format: inv config:23 mask:23
60 [46912496789952] INFO perfrun.perfcollector <> - format: edge config:18 mask:18
60 [46912496789952] INFO perfrun.perfcollector <> - format: event config:0-7 mask:0-7
60 [46912496789952] INFO perfrun.perfcollector <> - format: umask config:8-15 mask:8-15
60 [46912496789952] INFO perfrun.perfcollector <> - format: tid_en config:19 mask:19
60 [46912496789952] INFO perfrun.perfcollector <> - format: thresh config:24-31 mask:24-31
60 [46912496789952] WARN perfrun.perfcollector <> - pmu hwInfo is not set, at file: vcs/perfrun1/plugins/perfcollector/src/controller.cpp:657
60 [46912496789952] INFO perfrun.perfcollector <> - pmu added : family : uncore_sbox , id : 1
60 [46912496789952] INFO perfrun.perfcollector <> - dir found : /sys/bus/event_source/devices/uncore_sbox_2
60 [46912496789952] INFO perfrun.perfcollector <> - format: inv config:23 mask:23
60 [46912496789952] INFO perfrun.perfcollector <> - format: edge config:18 mask:18
60 [46912496789952] INFO perfrun.perfcollector <> - format: event config:0-7 mask:0-7
60 [46912496789952] INFO perfrun.perfcollector <> - format: umask config:8-15 mask:8-15
60 [46912496789952] INFO perfrun.perfcollector <> - format: tid_en config:19 mask:19
61 [46912496789952] INFO perfrun.perfcollector <> - format: thresh config:24-31 mask:24-31
61 [46912496789952] WARN perfrun.perfcollector <> - pmu hwInfo is not set, at file: vcs/perfrun1/plugins/perfcollector/src/controller.cpp:657
61 [46912496789952] INFO perfrun.perfcollector <> - pmu added : family : uncore_sbox , id : 2
61 [46912496789952] INFO perfrun.perfcollector <> - dir found : /sys/bus/event_source/devices/uncore_sbox_3
61 [46912496789952] INFO perfrun.perfcollector <> - format: inv config:23 mask:23
61 [46912496789952] INFO perfrun.perfcollector <> - format: edge config:18 mask:18
61 [46912496789952] INFO perfrun.perfcollector <> - format: event config:0-7 mask:0-7
61 [46912496789952] INFO perfrun.perfcollector <> - format: umask config:8-15 mask:8-15
61 [46912496789952] INFO perfrun.perfcollector <> - format: tid_en config:19 mask:19
61 [46912496789952] INFO perfrun.perfcollector <> - format: thresh config:24-31 mask:24-31
61 [46912496789952] WARN perfrun.perfcollector <> - pmu hwInfo is not set, at file: vcs/perfrun1/plugins/perfcollector/src/controller.cpp:657
61 [46912496789952] INFO perfrun.perfcollector <> - pmu added : family : uncore_sbox , id : 3
61 [46912496789952] INFO perfrun.perfcollector <> - dir found : /sys/bus/event_source/devices/cstate_core
61 [46912496789952] INFO perfrun.perfcollector <> - format: event config:0-63 mask:0-63
61 [46912496789952] WARN perfrun.perfcollector <> - pmu hwInfo is not set, at file: vcs/perfrun1/plugins/perfcollector/src/controller.cpp:657
61 [46912496789952] INFO perfrun.perfcollector <> - pmu added : family : cstate_core , id : 0
61 [46912496789952] INFO perfrun.perfcollector <> - dir found : /sys/bus/event_source/devices/cstate_pkg
61 [46912496789952] INFO perfrun.perfcollector <> - format: event config:0-63 mask:0-63
61 [46912496789952] WARN perfrun.perfcollector <> - pmu hwInfo is not set, at file: vcs/perfrun1/plugins/perfcollector/src/controller.cpp:657
61 [46912496789952] INFO perfrun.perfcollector <> - pmu added : family : cstate_pkg , id : 0
61 [46912496789952] INFO perfrun.perfcollector <> - dir found : /sys/bus/event_source/devices/intel_bts
61 [46912496789952] WARN perfrun.perfcollector <> - format subdir doesn't exist, at file: vcs/perfrun1/plugins/perfcollector/src/controller.cpp:578
61 [46912496789952] WARN perfrun.perfcollector <> - pmu hwInfo is not set, at file: vcs/perfrun1/plugins/perfcollector/src/controller.cpp:657
61 [46912496789952] INFO perfrun.perfcollector <> - pmu added : family : intel_bts , id : 0
61 [46912496789952] INFO perfrun.perfcollector <> - dir found : /sys/bus/event_source/devices/intel_cqm
61 [46912496789952] INFO perfrun.perfcollector <> - format: event config:0-7 mask:0-7
61 [46912496789952] WARN perfrun.perfcollector <> - pmu hwInfo is not set, at file: vcs/perfrun1/plugins/perfcollector/src/controller.cpp:657
61 [46912496789952] INFO perfrun.perfcollector <> - pmu added : family : intel_cqm , id : 0
61 [46912496789952] INFO perfrun.perfcollector <> - dir found : /sys/bus/event_source/devices/breakpoint
61 [46912496789952] WARN perfrun.perfcollector <> - format subdir doesn't exist, at file: vcs/perfrun1/plugins/perfcollector/src/controller.cpp:578
61 [46912496789952] WARN perfrun.perfcollector <> - pmu hwInfo is not set, at file: vcs/perfrun1/plugins/perfcollector/src/controller.cpp:657
61 [46912496789952] INFO perfrun.perfcollector <> - pmu added : family : breakpoint , id : 0
61 [46912496789952] INFO perfrun.perfcollector <> - dir found : /sys/bus/event_source/devices/uncore_ha_0
61 [46912496789952] INFO perfrun.perfcollector <> - format: inv config:23 mask:23
62 [46912496789952] INFO perfrun.perfcollector <> - format: edge config:18 mask:18
62 [46912496789952] INFO perfrun.perfcollector <> - format: event config:0-7 mask:0-7
62 [46912496789952] INFO perfrun.perfcollector <> - format: umask config:8-15 mask:8-15
62 [46912496789952] INFO perfrun.perfcollector <> - format: thresh config:24-31 mask:24-31
62 [46912496789952] WARN perfrun.perfcollector <> - pmu hwInfo is not set, at file: vcs/perfrun1/plugins/perfcollector/src/controller.cpp:657
62 [46912496789952] INFO perfrun.perfcollector <> - pmu added : family : uncore_ha , id : 0
62 [46912496789952] INFO perfrun.perfcollector <> - dir found : /sys/bus/event_source/devices/uncore_ha_1
62 [46912496789952] INFO perfrun.perfcollector <> - format: inv config:23 mask:23
62 [46912496789952] INFO perfrun.perfcollector <> - format: edge config:18 mask:18
62 [46912496789952] INFO perfrun.perfcollector <> - format: event config:0-7 mask:0-7
62 [46912496789952] INFO perfrun.perfcollector <> - format: umask config:8-15 mask:8-15
62 [46912496789952] INFO perfrun.perfcollector <> - format: thresh config:24-31 mask:24-31
62 [46912496789952] WARN perfrun.perfcollector <> - pmu hwInfo is not set, at file: vcs/perfrun1/plugins/perfcollector/src/controller.cpp:657
62 [46912496789952] INFO perfrun.perfcollector <> - pmu added : family : uncore_ha , id : 1
62 [46912496789952] INFO perfrun.perfcollector <> - dir found : /sys/bus/event_source/devices/uncore_ubox
62 [46912496789952] INFO perfrun.perfcollector <> - format: inv config:23 mask:23
62 [46912496789952] INFO perfrun.perfcollector <> - format: edge config:18 mask:18
62 [46912496789952] INFO perfrun.perfcollector <> - format: event config:0-7 mask:0-7
62 [46912496789952] INFO perfrun.perfcollector <> - format: umask config:8-15 mask:8-15
62 [46912496789952] INFO perfrun.perfcollector <> - format: filter_cid config1:5 mask:5
62 [46912496789952] INFO perfrun.perfcollector <> - format: filter_tid config1:0 mask:0
62 [46912496789952] INFO perfrun.perfcollector <> - format: thresh config:24-28 mask:24-28
62 [46912496789952] WARN perfrun.perfcollector <> - pmu hwInfo is not set, at file: vcs/perfrun1/plugins/perfcollector/src/controller.cpp:657
62 [46912496789952] INFO perfrun.perfcollector <> - pmu added : family : uncore_ubox , id : 0
62 [46912496789952] INFO perfrun.launcher <> - plugin perf has been added successfully
63 [46912496789952] INFO perfrun.launcher <> - plugin tpss has been added successfully
63 [46912496789952] INFO perfrun.launcher <> - plugin cuscol has been added successfully
63 [46912496789952] INFO perfrun.launcher <> - plugin exprof has been added successfully
63 [46912496789952] INFO perfrun.launcher <> - plugin dpdk has been added successfully
63 [46912496789952] INFO perfrun.launcher <> - plugin media has been added successfully
63 [46912496789952] INFO perfrun.launcher <> - plugin commcollector has been added successfully
63 [46912496789952] INFO perfrun.launcher <> - plugin cve has been added successfully
63 [46912496789952] INFO perfrun.launcher <> - the option was added --interval: Specify an interval of data collection (for example, sampling) in milliseconds.
63 [46912496789952] INFO perfrun.launcher <> - the option was added --follow-child: Profile process with or without children.
63 [46912496789952] INFO perfrun.launcher <> - the option was added --gelding: BADMSG: perfrun1.launcher.plugin_manager::gelding
64 [46912496789952] INFO perfrun.launcher <> - the option was added --time-source: Specify time source for measurement. Possible values: sys - wall clock time; tsc - time stamp counter; ext - time from an external source; auto - auto select accurate time source.
64 [46912496789952] INFO perfrun.launcher <> - the option was added --stack: Enable or disable collection of stacks.
64 [46912496789952] INFO perfrun.launcher <> - the option was added --stack-stitching: Enable or disable the stack stitching algorithm for Intel TBB-based applications.
64 [46912496789952] INFO perfrun.launcher <> - the option was added --type: Specify type of data to be collected. For example, --type cpu:counters,waiting:nostack,io.
64 [46912496789952] INFO perfrun.launcher <> - the option was added --mrte-mode: Specify Java/.NET/other managed runtime collection mode. Possible values: native - collect information only for native code; managed - collect information only for managed code; mixed - collect information for both managed and native code; auto - choose the mode based on binary type.
64 [46912496789952] INFO perfrun.launcher <> - the option was added --mrte-mode-list: List supported Java/.NET/other managed runtime collection modes.
64 [46912496789952] INFO perfrun.launcher <> - the option was added --mrte-type: Specify which managed runtimes to collect. Possible values: java - collect information for Java; dotnet - collect information for .NET; python - collect information for CPython. You can specify several values separated by comma.
64 [46912496789952] INFO perfrun.launcher <> - the option was added --mrte-type-list: List supported Java/.NET/other managed runtime types.
64 [46912496789952] INFO perfrun.launcher <> - the option was added --trace-strategy: Specify how to profile a process tree. <string> can be "<process>:trace:notrace" - profile the process but do not profile its children. Shorthand parameters: t - trace, nt - notrace. For example, "vtunedemo.exe:t:t".
64 [46912496789952] INFO perfrun.launcher <> - the option was added --collector: BADMSG: perfrun1.launcher.plugin_manager::collector
64 [46912496789952] INFO perfrun.launcher <> - the option was added --system-wide: Enable system-wide profiling. This mode may require additional permissions.
64 [46912496789952] INFO perfrun.launcher <> - the option was added --kvm-guest: Enable KVM guest OS profiling.
64 [46912496789952] INFO perfrun.launcher <> - the option was added --kvm-guest-kallsyms: Specify a local path to the /proc/kallsyms file copied from the guest OS for proper symbol resolution.
64 [46912496789952] INFO perfrun.launcher <> - the option was added --kvm-guest-modules: Specify a local path to the /proc/modules file copied from the guest OS for proper symbol resolution.
64 [46912496789952] INFO perfrun.launcher <> - the option was added --target-system: BADMSG: perfrun1.launcher.plugin_manager::target-system
64 [46912496789952] INFO perfrun.launcher <> - the option was added --dump-vdso: Dump [vdso] to result directory
64 [46912496789952] INFO perfrun.launcher <> - the option was added --bandwidth-limits: Measure bandwidth limits
64 [46912496789952] INFO perfrun.launcher <> - the option was added --bandwidth-strategy: Bandwidth limits determination specific properties (example: --bandwidth-strategy array-size=0,duration=500).
64 [46912496789952] INFO perfrun.launcher <> - the option was added --bandwidth-config: List of benchmarks to run.
64 [46912496789952] INFO perfrun.launcher <> - the option was added --system-collector-config: Specify subcollectors. Possible values: all, vdso, container, device-info, none.
64 [46912496789952] INFO perfrun.launcher <> - the option was added --itt-config: Specify a sub-set of ITT API to collect.
64 [46912496789952] INFO perfrun.launcher <> - the option was added --itt-debug: Set pseudo-breakpoint at ITT API collector's start to enable the debugger to attach early.
64 [46912496789952] INFO perfrun.launcher <> - the option was added --itt-ring-buffer-multiplier: The size of internal ITT API collector ring buffer, in bytes per second
64 [46912496789952] INFO perfrun.launcher <> - the option was added --ptrace: Ptrace collector.
64 [46912496789952] INFO perfrun.launcher <> - the option was added --target-pid: BADMSG: perfrun1.ptracecollector::target-pid
64 [46912496789952] INFO perfrun.launcher <> - the option was added --ptrace-server-pid: BADMSG: perfrun1.ptracecollector::ptrace-server-pid
64 [46912496789952] INFO perfrun.launcher <> - the option was added --ptrace-trace: BADMSG: perfrun1.ptracecollector::ptrace-trace
64 [46912496789952] INFO perfrun.launcher <> - the option was added --ptrace-time-source: BADMSG: perfrun1.ptracecollector::ptrace-time-source
64 [46912496789952] INFO perfrun.launcher <> - the option was added --ptrace-start-type: BADMSG: perfrun1.ptracecollector::ptrace-start-type
65 [46912496789952] INFO perfrun.launcher <> - the option was added --gpu-config: Specify types of GPU data to be collected. Possible values: preset1, preset2.
65 [46912496789952] INFO perfrun.launcher <> - the option was added --gpu-debug: Enable self-testing of the GPGPU profiling collector.
65 [46912496789952] INFO perfrun.launcher <> - the option was added --stdsrc-config: Specify Standard Sources category tag(s).
65 [46912496789952] INFO perfrun.launcher <> - the option was added --ftrace-config-list: List Linux Ftrace category tag(s).
65 [46912496789952] INFO perfrun.launcher <> - the option was added --ftrace-config: Specify Linux Ftrace category tag(s).
65 [46912496789952] INFO perfrun.launcher <> - the option was added --ftrace-function-groups: Enable tracing of specific groups of functions.
65 [46912496789952] INFO perfrun.launcher <> - the option was added --event-info: BADMSG: perfrun1.stdsrc::event-info
65 [46912496789952] INFO perfrun.launcher <> - the option was added --cpu-list: List supported CPUs.
65 [46912496789952] INFO perfrun.launcher <> - the option was added --target-list: List available targets for performing sampling collection.
65 [46912496789952] INFO perfrun.launcher <> - the option was added --event-value-list: Display event information.
65 [46912496789952] INFO perfrun.launcher <> - the option was added --platform-value-list: Display details of supported platforms.
65 [46912496789952] INFO perfrun.launcher <> - the option was added --uncore-event-list: List uncore events for which a sampling data collection can be performed on this platform.
65 [46912496789952] INFO perfrun.launcher <> - the option was added --modifier-list: Specify the event name <string> for which the modifiers list is requested.
65 [46912496789952] INFO perfrun.launcher <> - the option was added --pmu-list: List supported PMUs.
65 [46912496789952] INFO perfrun.launcher <> - the option was added --os-mode-only: Enable sampling data collection for OS-mode processes only.
65 [46912496789952] INFO perfrun.launcher <> - the option was added --user-mode-only: Enable sampling data collection for user-mode processes only.
65 [46912496789952] INFO perfrun.launcher <> - the option was added --event-config: Perform data collection for the events with <string> configured using the format <event name1>":modifier1=val:modifier2=val/constraint1={:modifier3=val:modifier4=val}...,"<event name2>":... Specify the events(s) to monitor and embed the event names within double quotes("). [:modifier=val] specifies individual event modifiers along with the respective values for a given platform. Note that the modifiers can be generic to an event as well as specific to a constraint (or an event qualifier). The constraint specific special modifiers appear after [/constraint=]. The modifiers can be in decimal or hexadecimal format. Only specific modifiers accept the value as a string. Each event specification is delimited by a comma (,). For a list of supported modifiers and constraints, refer to the documentation.
65 [46912496789952] INFO perfrun.launcher <> - the option was added --chipset-event-config: BADMSG: perfrun1.sep::chipset-event-config
65 [46912496789952] INFO perfrun.launcher <> - the option was added --uncore-event-config: Perform uncore data collection in ebc count mode for the events with <string> configured using the format "<event name1>"...,"<event name2>":... Specify the events(s) to monitor and embed the event names within double quotes(").
65 [46912496789952] INFO perfrun.launcher <> - the option was added --count-emon: Enable counting mode and output the data in EMON format.
65 [46912496789952] INFO perfrun.launcher <> - the option was added --event-based-counts: Enable event-based counting mode. During sampling data collection, event counts data is collected for the list of events specified in -event-config option.
65 [46912496789952] INFO perfrun.launcher <> - the option was added --event-mux-tfactor: Specify the event multiplexing tfactor as <integer> to set the length of the interval between interrupts. The larger the tfactor value, the larger the period between interrupts. Currently this option is only available on Intel platforms codenamed Knights Corner.
65 [46912496789952] INFO perfrun.launcher <> - the option was added --full-pebs-capture: Capture full pebs information.
65 [46912496789952] INFO perfrun.launcher <> - the option was added --last-branch-records: Capture Last Branch Records information.
65 [46912496789952] INFO perfrun.launcher <> - the option was added --pmu-type: Specify the targeted PMU name as <string>.
65 [46912496789952] INFO perfrun.launcher <> - the option was added --platform-type: Specify the targeted platform number as <number>.
65 [46912496789952] INFO perfrun.launcher <> - the option was added --bts-count: Specify the <integer> number of BTS records collected after each sample or context switch (VTSS++ only).
66 [46912496789952] INFO perfrun.launcher <> - the option was added --cpu-mask: Specify which CPU(s) <string> to collect data on. For example, specify "2-8,10,12-14" to sample only CPUs 2 through 8, 10, and 12 through 14.
66 [46912496789952] INFO perfrun.launcher <> - the option was added --event-mux-alg: Specify the event multiplexing algorithm. Possible values: sequence, timer, trigger.
66 [46912496789952] INFO perfrun.launcher <> - the option was added --event-mux-timeslice: Specify the event multiplexing time slice value as <integer>. The time slice specifies the duration between cycles for each event multiplexing group. The default value is 50 milliseconds. This option is valid only for timer-based event multiplexing. Specify the event multiplexing time slice value as <integer>. The time slice specifies the duration between cycles for each event multiplexing group. The default value is 1 millisecond. This option is valid only for timer-based event multiplexing.
66 [46912496789952] INFO perfrun.launcher <> - the option was added --event-mux-factor: Specify the event multiplexing factor as <integer>. It controls the switching of event multiplexing groups. The default factor is 50. This option is valid only for trigger-based event multiplexing. Specify the event multiplexing factor as <integer>. It controls the switching of event multiplexing groups. The default factor is 1. This option is valid only for trigger-based event multiplexing.
66 [46912496789952] INFO perfrun.launcher <> - the option was added --event-mux-trigger: Specify the name of the trigger event for event multiplexing as <string>. This option is valid only for trigger-based event multiplexing. The default trigger is CPU_CLK_UNHALTED.CORE (or CPU_CLK_UNHALTED.THREAD). BADMSG: perfrun1.vtsspp::event-mux-trigger
66 [46912496789952] INFO perfrun.launcher <> - the option was added --pwr-config: BADMSG: perfrun1.vtsspp::pwr-config
66 [46912496789952] INFO perfrun.launcher <> - the option was added --sys-config: BADMSG: perfrun1.vtsspp::sys-config
66 [46912496789952] INFO perfrun.launcher <> - the option was added --pt-mode: BADMSG: perfrun1.vtsspp::pt-mode
66 [46912496789952] INFO perfrun.launcher <> - the option was added --sample-after-multiplier: Specify the sample after multiplier as <double>. This multiplier modifies the sample after value for all the events specified in -event-config option. The values can range from 0.1 to 100.0. SAV multiplier value
66 [46912496789952] INFO perfrun.launcher <> - the option was added --uncore-sampling-interval: Specify the uncore sampling interval as <integer>. This value set the uncore sampling interval for all the uncore events specified in -event-config option.
66 [46912496789952] INFO perfrun.launcher <> - the option was added --count: Enable counting mode. Enable counting mode
66 [46912496789952] INFO perfrun.launcher <> - the option was added --trace-mpi: Configure collector to trace MPI code.
66 [46912496789952] INFO perfrun.launcher <> - the option was added --raw-perf-config: Specify a verified configuration for the Perf collector in the format: <describer>,<content>. For example: map-events-file,<path_to_map_events_file>.
66 [46912496789952] INFO perfrun.launcher <> - the option was added --stackwalk: Specify stack unwinding method. Possible values: online - unwind stacks during collection; offline - unwind stacks after collection is finished. Specify stack unwinding method. Possible value: lbr - unwind stacks during collection. Specify stack unwinding method. Possible values: online - unwind stacks during collection; offline - unwind stacks after collection is finished; lbr - enable LBR-based call stack collection. Specify stack unwinding method. Possible values: online - unwind stacks during collection; offline - unwind stacks after collection is finished. Specify stack unwinding method. Possible values: online - unwind stacks during collection; offline - unwind stacks after collection is finished.
66 [46912496789952] INFO perfrun.launcher <> - the option was added --filter-include: Filter data during collection. Possible values: contended=<on|off> - filter out uncontended events; contended_nostack=<time> - filter out stacks for contended events that take less than <time> microseconds; wait=<time> - ignore transitions and blocks with wait time less than <time> microseconds; wait_nostack=<time> - filter out stacks for waits that take less than <time> microseconds.
66 [46912496789952] INFO perfrun.launcher <> - the option was added --debug-pin: Debug PIN tool and runtime.
66 [46912496789952] INFO perfrun.launcher <> - the option was added --debug-exception: Disallow the application to set own abnormal termination handler.
66 [46912496789952] INFO perfrun.launcher <> - the option was added --trace-type: Specify the trace file granularity. Possible values: per-thread - per-thread trace file generation; per-process - per-process trace file generation.
66 [46912496789952] INFO perfrun.launcher <> - the option was added --instrumentation-type: Specify type of instrumentation.
66 [46912496789952] INFO perfrun.launcher <> - the option was added --altstack: Enable or disable usage of altstacks for profiling signal handlers.
66 [46912496789952] INFO perfrun.launcher <> - the option was added --profiling-signal: BADMSG: perfrun1.ptracecollector::profiling-signal Alternate profiling signal.
66 [46912496789952] INFO perfrun.launcher <> - the option was added --memory-strategy: Specify a minimal memory object size to be traced and a hash table size for faster objects search; for example: --memory-strategy obj-size-min=1024,hash-table-size=4096.
66 [46912496789952] INFO perfrun.launcher <> - the option was added --gpu-profiling-config: Specify a type of deep GPU profiling applied for all kernels and a comma-separated list of GPU kernel names and invocations in the following format: profiling_type[@kernel_name[:start_idx:step:stop_idx]], where profiling_type is one of following: none, bblatency, memlatency; kernel_name is the name of GPU kernel; start_idx is the number of the first invocation; and stop_idx is the number of the last invocation to be profiled.
66 [46912496789952] INFO perfrun.launcher <> - the option was added --custom-collector: Allows to provide arbitrary command line to be run on collection steps.
66 [46912496789952] INFO perfrun.launcher <> - the option was added --exprof-com-list: List available COM ports.
66 [46912496789952] INFO perfrun.launcher <> - the option was added --exprof-dvc-list: List available DvC IDs.
66 [46912496789952] INFO perfrun.launcher <> - the option was added --exprof-trace-channel: BADMSG: perfrun1.exprof::exprof-trace-channel
67 [46912496789952] INFO perfrun.launcher <> - the option was added --exprof-event-config: Specify ExactProfiling Event Classes.
67 [46912496789952] INFO perfrun.launcher <> - the option was added --analyze-dpdk: analyze-dpdk
67 [46912496789952] INFO perfrun.launcher <> - the option was added --network-sampling-interval: network-sampling-interval
67 [46912496789952] INFO perfrun.launcher <> - the option was added --dpdk-file-prefix: dpdk-file-prefix
70 [46912496789952] INFO perfrun.launcher <> - create msngr2::ICliToolContext
70 [46912496789952] INFO perfrun.launcher <> - create file finder object
70 [46912496789952] INFO perfrun.launcher <> - create a result directory: pattern = /global/project/projectdirs/alice/ftorales/GH_Correlations/pair_gale_shapley/vtune_res/try_7 pid = 4294967295
72 [46912496789952] INFO perfrun.sdk <> - checked that the directory /global/project/projectdirs/alice/ftorales/GH_Correlations/pair_gale_shapley/vtune_res/try_7 is a local directory
72 [46912496789952] INFO perfrun.sdk <> - the directory /global/project/projectdirs/alice/ftorales/GH_Correlations/pair_gale_shapley/vtune_res/try_7 is located on a share or its FS ID is unknown 1196443219
72 [46912496789952] INFO perfrun.launcher <> - Create a local result directory /tmp/amplxe-tmp-fernando/amplxe-res-417-373061846653373 due to the user result path /global/project/projectdirs/alice/ftorales/GH_Correlations/pair_gale_shapley/vtune_res/try_7 is located on a share
73 [46912496789952] INFO perfrun.launcher <> - create data directory = /tmp/amplxe-tmp-fernando/amplxe-res-417-373061846653373/data.0
73 [46912496789952] INFO perfrun.launcher <> - create data directory = /global/project/projectdirs/alice/ftorales/GH_Correlations/pair_gale_shapley/vtune_res/try_7/data.0
90 [46912620742400] INFO perfrun.sdk <> - Allocating TMU :/tmp/amplxe-tmp-fernando/amplxe-res-417-373061846653373/data.0/systemcollector-417-cori08.sc
90 [46912620742400] INFO perfrun.system <> - Tpss based collection
91 [46912620742400] INFO perfrun.launcher <> - plugin [ptracecollector] was disabled because it doesn't support the given collection type.
91 [46912620742400] INFO perfrun.launcher <> - plugin [gpu] was disabled because it doesn't support the given collection type.
91 [46912620742400] INFO perfrun.launcher <> - plugin [] was disabled because it doesn't support the given collection type.
91 [46912620742400] INFO perfrun.launcher <> - plugin [] was disabled because it doesn't support the given collection type.
91 [46912620742400] INFO perfrun.launcher <> - plugin [] was disabled because it doesn't support the given collection type.
91 [46912620742400] INFO perfrun.launcher <> - plugin [mrte] was disabled because it doesn't support the given collection type.
91 [46912620742400] INFO perfrun.launcher <> - plugin [emon] was disabled because it doesn't support the given collection type.
91 [46912620742400] INFO perfrun.launcher <> - plugin [stdsrc] was disabled because it doesn't support the given collection type.
91 [46912620742400] INFO perfrun.launcher <> - plugin [sep] was disabled because it doesn't support the given collection type.
91 [46912620742400] INFO perfrun.launcher <> - plugin [vtsspp] was disabled because it doesn't support the given collection type.
91 [46912620742400] INFO perfrun.launcher <> - plugin [perf] was disabled because it doesn't support the given collection type.
91 [46912620742400] INFO perfrun.tpss <> - initialize tpss controller
91 [46912620742400] INFO perfrun.tpss <> - configure collection mode: value = cpu:counters:nostack
91 [46912620742400] INFO perfrun.tpss <> - configure collection mode: value = cpu:stack
91 [46912620742400] INFO perfrun.tpss <> - default obj-size-min=1024
91 [46912620742400] INFO perfrun.tpss <> - default hash-table-size=0
171 [46912620742400] INFO perfrun.launcher <> - plugin [cuscol] was disabled because it doesn't support the given collection type.
171 [46912620742400] INFO perfrun.launcher <> - plugin [exprof] was disabled because it doesn't support the given collection type.
171 [46912620742400] INFO perfrun.launcher <> - plugin [dpdk] was disabled because it doesn't support the given collection type.
171 [46912620742400] INFO perfrun.commcollector <> - Disabling commcollector because integrity connection type is not used
171 [46912620742400] INFO perfrun.launcher <> - plugin [commcollector] was disabled because it doesn't support the given collection type.
171 [46912620742400] INFO perfrun.launcher <> - plugin [cve] was disabled because it doesn't support the given collection type.
171 [46912496789952] INFO perfrun.launcher <> - set environment variable: LD_LIBRARY_PATH = /global/common/edison/software/intel/vtune_amplifier_2018.2.0.551022/lib32/runtime:/global/common/edison/software/intel/vtune_amplifier_2018.2.0.551022/lib64/runtime:/usr/common/software/libevent/2.0.22-20150630/lib:/usr/common/software/hdf5/1.10.1/intel/lib:/usr/common/software/root/6.06.06/lib/root:/opt/cray/job/2.2.3-6.0.7.1_5.43__g6c4e934.ari/lib64:/opt/intel/compilers_and_libraries_2018.1.163/linux/compiler/lib/intel64:/opt/intel/compilers_and_libraries_2018.1.163/linux/mkl/lib/intel64:/usr/syscom/nsg/lib:/global/common/edison/software/intel/vtune_amplifier_2018.2.0.551022/lib64
171 [46912496789952] INFO perfrun.launcher <> - set environment variable: INTEL_LIBITTNOTIFY32 = /global/common/edison/software/intel/vtune_amplifier_2018.2.0.551022/lib32/runtime/libittnotify_collector.so
171 [46912496789952] INFO perfrun.launcher <> - set environment variable: INTEL_LIBITTNOTIFY64 = /global/common/edison/software/intel/vtune_amplifier_2018.2.0.551022/lib64/runtime/libittnotify_collector.so
172 [46912496789952] INFO perfrun.launcher <> - set environment variable: INTEL_ITTNOTIFY_GROUPS = 
172 [46912496789952] INFO perfrun.launcher <> - set environment variable: INTEL_JIT_PROFILER32 = /global/common/edison/software/intel/vtune_amplifier_2018.2.0.551022/lib32/runtime/libittnotify_collector.so
172 [46912496789952] INFO perfrun.launcher <> - set environment variable: INTEL_JIT_PROFILER64 = /global/common/edison/software/intel/vtune_amplifier_2018.2.0.551022/lib64/runtime/libittnotify_collector.so
172 [46912496789952] INFO perfrun.launcher <> - set environment variable: VS_PROFILER = libittnotify_collector.so
172 [46912496789952] INFO perfrun.launcher <> - set environment variable: ENABLE_JITPROFILING = 1
172 [46912496789952] INFO perfrun.launcher <> - set environment variable: CL_CONFIG_USE_VTUNE = True
172 [46912496789952] INFO perfrun.launcher <> - set environment variable: __OCL_MIC_INTEL_LIBITTNOTIFY64 = /amplxe/results/libittnotify_collector.so
172 [46912496789952] INFO perfrun.launcher <> - set environment variable: __OCL_MIC_INTEL_JIT_PROFILER64 = /amplxe/results/libittnotify_collector.so
172 [46912496789952] INFO perfrun.launcher <> - set environment variable: KMP_FORKJOIN_FRAMES = 0
172 [46912496789952] INFO perfrun.launcher <> - set environment variable: KMP_FORKJOIN_FRAMES_MODE = 0
172 [46912496789952] INFO perfrun.launcher <> - RpcServer: run RPC server to handle requests
173 [46912496789952] INFO perfrun.launcher <> - Launcher: command line to start before modification = ./Outer_Parallel_mix_gale_shapley 18g7b_calofast_pthat6_UnComp2.root 18g7b_calofast_pthat6_UnComp2.root 0 2 0
173 [46912496789952] INFO perfrun.launcher <> - Launcher: command line to start after modification = /global/common/edison/software/intel/vtune_amplifier_2018.2.0.551022/bin64/pin -error_file /tmp/amplxe-tmp-fernando/amplxe-res-417-373061846653373/data.0/pinerr.tpsslog -detach_reattach -follow_execv -tool_load_option deepbind -t64 /global/common/edison/software/intel/vtune_amplifier_2018.2.0.551022/lib64/libtpsstool.so -t /global/common/edison/software/intel/vtune_amplifier_2018.2.0.551022/lib32/libtpsstool.so -server_name tpss_ipc.417 -prd_dir /global/common/edison/software/intel/vtune_amplifier_2018.2.0.551022 -- ./Outer_Parallel_mix_gale_shapley 18g7b_calofast_pthat6_UnComp2.root 18g7b_calofast_pthat6_UnComp2.root 0 2 0
173 [46912496789952] INFO perfrun.launcher <> - ProcessCreator object was created
175 [46912496789952] INFO perfrun.launcher <> - Launcher: the process was started in suspend mode
274 [46912620742400] INFO perfrun.system <> - Helper runtool '/global/common/edison/software/intel/vtune_amplifier_2018.2.0.551022/bin32/amplxe-runss -dump-vdso -r /tmp/amplxe-tmp-fernando/amplxe-res-417-373061846653373 --tmp-dir /tmp/amplxe-tmp-fernando' returned 0
405 [46912620742400] INFO perfrun.system <> - Helper runtool '/global/common/edison/software/intel/vtune_amplifier_2018.2.0.551022/bin64/amplxe-runss -dump-vdso -r /tmp/amplxe-tmp-fernando/amplxe-res-417-373061846653373 --tmp-dir /tmp/amplxe-tmp-fernando' returned 0
411 [46912620742400] WARN perfrun.sdk <> - Failed to find xl binary on any of the system paths: /bin, /sbin, /usr/bin, /usr/sbin., at file: vcs/perfrun1/sdk/src/utils.cpp:433
411 [46912620742400] WARN perfrun.system <> - Could not start ContainerMapping collector, at file: vcs/perfrun1/plugins/system/src/controller.cpp:496
424 [46912620742400] INFO perfrun.itt <> - start itt controller for pid #437
460 [46912620742400] INFO perfrun.tpss <> - start tpss controller for pid #437
518 [46912496789952] INFO perfrun.launcher <> - Launcher: all plugins were started
518 [46912496789952] INFO perfrun.launcher <> - DirectoryMonitor object was created
518 [46912496789952] INFO perfrun.launcher <> - DirectoryMonitor: a callback was added
518 [46912496789952] INFO perfrun.launcher <> - DirectoryMonitor was started with pingTime = 1000
518 [46912496789952] INFO perfrun.launcher <> - DeadlineTimer is going to be constructed
518 [46912496789952] INFO perfrun.launcher <> - DeadlineTimer: a callback was added
533 [46912496789952] INFO perfrun.launcher <> - Launcher: resume the profiled application and  wait its termination or stop command
78616 [46912496789952] INFO perfrun.launcher <> - Launcher: the profiled application was terminated  with exit code = 130
78629 [46912620742400] INFO perfrun.itt <> - stop itt controller
78629 [46912620742400] INFO perfrun.itt <> - detach itt controller
78629 [46912620742400] INFO perfrun.tpss <> - stop tpss controller
78634 [46912620742400] ERROR perfrun.launcher <> - media can not perform an operation and will be disabled., at file: vcs/perfrun1/launcher/src/plugin_manager_impl.hpp:426
78642 [46912620742400] INFO perfrun.sdk <> - De-allocating TMU: /tmp/amplxe-tmp-fernando/amplxe-res-417-373061846653373/data.0/systemcollector-417-cori08.sc
78642 [46912620742400] INFO perfrun.system <> - closed the system trace file: /tmp/amplxe-tmp-fernando/amplxe-res-417-373061846653373/data.0/systemcollector-417-cori08.sc
78642 [46912496789952] INFO perfrun.launcher <> - Launcher: all plugins were stopped.
78642 [46912496789952] INFO perfrun.launcher <> - DeadlineTimer is going to be destroyed
78642 [46912496789952] INFO perfrun.launcher <> - DirectoryMonitor object was destroyed
78642 [46912496789952] WARN perfrun.launcher <> - Stop command is ignored because it is received when collection is already stopped, at file: vcs/perfrun1/launcher/src/command_handler.cpp:209
79171 [46912496789952] INFO perfrun.launcher <> - Application exit code: 130
79171 [46912496789952] INFO perfrun.launcher <> - Exit code: 4
