157 [46912496791296] INFO perfrun.launcher <> - argc = 6; cmdline = /global/common/edison/software/intel/vtune_amplifier_2018.2.0.551022/bin64/amplxe-runss -dump-vdso -r /tmp/amplxe-tmp-fernando/amplxe-res-28129-5336672074304317 --tmp-dir /tmp/amplxe-tmp-fernando 
166 [46912496791296] INFO perfrun.launcher <> - plugin system has been added successfully
166 [46912496791296] INFO perfrun.launcher <> - plugin itt has been added successfully
168 [46912496791296] INFO perfrun.launcher <> - plugin ptracecollector has been added successfully
168 [46912496791296] INFO perfrun.launcher <> - plugin gpu has been added successfully
168 [46912496791296] INFO perfrun.launcher <> - plugin  has been added successfully
168 [46912496791296] INFO perfrun.launcher <> - plugin  has been added successfully
168 [46912496791296] INFO perfrun.launcher <> - plugin  has been added successfully
168 [46912496791296] INFO perfrun.launcher <> - plugin mrte has been added successfully
168 [46912496791296] INFO perfrun.launcher <> - plugin emon has been added successfully
169 [46912496791296] INFO perfrun.launcher <> - plugin stdsrc has been added successfully
169 [46912496791296] INFO perfrun.launcher <> - plugin sep has been added successfully
169 [46912496791296] INFO perfrun.launcher <> - plugin vtsspp has been added successfully
169 [46912496791296] INFO perfrun.sdk <> - Reading value (2) from file: /proc/sys/kernel/perf_event_paranoid
176 [46912496791296] INFO perfrun.perfcollector <> - cpu: family = 6 model = 63
176 [46912496791296] INFO perfrun.perfcollector <> - dir found : /sys/bus/event_source/devices/cpu
176 [46912496791296] INFO perfrun.perfcollector <> - format: pc config:19 mask:19
176 [46912496791296] INFO perfrun.perfcollector <> - format: any config:21 mask:21
176 [46912496791296] INFO perfrun.perfcollector <> - format: inv config:23 mask:23
176 [46912496791296] INFO perfrun.perfcollector <> - format: edge config:18 mask:18
176 [46912496791296] INFO perfrun.perfcollector <> - format: cmask config:24-31 mask:24-31
176 [46912496791296] INFO perfrun.perfcollector <> - format: event config:0-7 mask:0-7
176 [46912496791296] INFO perfrun.perfcollector <> - format: in_tx config:32 mask:32
176 [46912496791296] INFO perfrun.perfcollector <> - format: ldlat config1:0-15 mask:0-15
176 [46912496791296] INFO perfrun.perfcollector <> - format: umask config:8-15 mask:8-15
176 [46912496791296] INFO perfrun.perfcollector <> - format: in_tx_cp config:33 mask:33
176 [46912496791296] INFO perfrun.perfcollector <> - format: offcore_rsp config1:0-63 mask:0-63
176 [46912496791296] INFO perfrun.perfcollector <> - hwInfo : PERF_CPU_PMU_DETAILS
177 [46912496791296] INFO perfrun.perfcollector <> - pmu added : family : cpu , id : 0
177 [46912496791296] INFO perfrun.perfcollector <> - dir found : /sys/bus/event_source/devices/msr
177 [46912496791296] INFO perfrun.perfcollector <> - format: event config:0-63 mask:0-63
177 [46912496791296] WARN perfrun.perfcollector <> - pmu hwInfo is not set, at file: vcs/perfrun1/plugins/perfcollector/src/controller.cpp:657
177 [46912496791296] INFO perfrun.perfcollector <> - pmu added : family : msr , id : 0
177 [46912496791296] INFO perfrun.perfcollector <> - dir found : /sys/bus/event_source/devices/uncore_cbox_10
177 [46912496791296] INFO perfrun.perfcollector <> - format: edge config:18 mask:18
177 [46912496791296] INFO perfrun.perfcollector <> - format: event config:0-7 mask:0-7
177 [46912496791296] INFO perfrun.perfcollector <> - format: umask config:8-15 mask:8-15
177 [46912496791296] INFO perfrun.perfcollector <> - format: filter_c6 config1:61 mask:61
177 [46912496791296] INFO perfrun.perfcollector <> - format: filter_nc config1:62 mask:62
177 [46912496791296] INFO perfrun.perfcollector <> - format: filter_isoc config1:63 mask:63
177 [46912496791296] INFO perfrun.perfcollector <> - format: filter_link config1:6-8 mask:6-8
177 [46912496791296] INFO perfrun.perfcollector <> - format: filter_nid config1:32-47 mask:32-47
177 [46912496791296] INFO perfrun.perfcollector <> - format: filter_opc config1:52-60 mask:52-60
177 [46912496791296] INFO perfrun.perfcollector <> - format: filter_tid config1:0-5 mask:0-5
177 [46912496791296] INFO perfrun.perfcollector <> - format: tid_en config:19 mask:19
177 [46912496791296] INFO perfrun.perfcollector <> - format: thresh config:24-31 mask:24-31
177 [46912496791296] INFO perfrun.perfcollector <> - format: filter_state config1:17-23 mask:17-23
177 [46912496791296] WARN perfrun.perfcollector <> - pmu hwInfo is not set, at file: vcs/perfrun1/plugins/perfcollector/src/controller.cpp:657
177 [46912496791296] INFO perfrun.perfcollector <> - pmu added : family : uncore_cbox , id : 10
177 [46912496791296] INFO perfrun.perfcollector <> - dir found : /sys/bus/event_source/devices/uncore_cbox_11
177 [46912496791296] INFO perfrun.perfcollector <> - format: edge config:18 mask:18
177 [46912496791296] INFO perfrun.perfcollector <> - format: event config:0-7 mask:0-7
177 [46912496791296] INFO perfrun.perfcollector <> - format: umask config:8-15 mask:8-15
177 [46912496791296] INFO perfrun.perfcollector <> - format: filter_c6 config1:61 mask:61
178 [46912496791296] INFO perfrun.perfcollector <> - format: filter_nc config1:62 mask:62
178 [46912496791296] INFO perfrun.perfcollector <> - format: filter_isoc config1:63 mask:63
178 [46912496791296] INFO perfrun.perfcollector <> - format: filter_link config1:6-8 mask:6-8
178 [46912496791296] INFO perfrun.perfcollector <> - format: filter_nid config1:32-47 mask:32-47
178 [46912496791296] INFO perfrun.perfcollector <> - format: filter_opc config1:52-60 mask:52-60
178 [46912496791296] INFO perfrun.perfcollector <> - format: filter_tid config1:0-5 mask:0-5
178 [46912496791296] INFO perfrun.perfcollector <> - format: tid_en config:19 mask:19
178 [46912496791296] INFO perfrun.perfcollector <> - format: thresh config:24-31 mask:24-31
178 [46912496791296] INFO perfrun.perfcollector <> - format: filter_state config1:17-23 mask:17-23
178 [46912496791296] WARN perfrun.perfcollector <> - pmu hwInfo is not set, at file: vcs/perfrun1/plugins/perfcollector/src/controller.cpp:657
178 [46912496791296] INFO perfrun.perfcollector <> - pmu added : family : uncore_cbox , id : 11
178 [46912496791296] INFO perfrun.perfcollector <> - dir found : /sys/bus/event_source/devices/uncore_cbox_12
178 [46912496791296] INFO perfrun.perfcollector <> - format: edge config:18 mask:18
178 [46912496791296] INFO perfrun.perfcollector <> - format: event config:0-7 mask:0-7
178 [46912496791296] INFO perfrun.perfcollector <> - format: umask config:8-15 mask:8-15
178 [46912496791296] INFO perfrun.perfcollector <> - format: filter_c6 config1:61 mask:61
178 [46912496791296] INFO perfrun.perfcollector <> - format: filter_nc config1:62 mask:62
178 [46912496791296] INFO perfrun.perfcollector <> - format: filter_isoc config1:63 mask:63
178 [46912496791296] INFO perfrun.perfcollector <> - format: filter_link config1:6-8 mask:6-8
178 [46912496791296] INFO perfrun.perfcollector <> - format: filter_nid config1:32-47 mask:32-47
178 [46912496791296] INFO perfrun.perfcollector <> - format: filter_opc config1:52-60 mask:52-60
178 [46912496791296] INFO perfrun.perfcollector <> - format: filter_tid config1:0-5 mask:0-5
178 [46912496791296] INFO perfrun.perfcollector <> - format: tid_en config:19 mask:19
178 [46912496791296] INFO perfrun.perfcollector <> - format: thresh config:24-31 mask:24-31
178 [46912496791296] INFO perfrun.perfcollector <> - format: filter_state config1:17-23 mask:17-23
178 [46912496791296] WARN perfrun.perfcollector <> - pmu hwInfo is not set, at file: vcs/perfrun1/plugins/perfcollector/src/controller.cpp:657
179 [46912496791296] INFO perfrun.perfcollector <> - pmu added : family : uncore_cbox , id : 12
179 [46912496791296] INFO perfrun.perfcollector <> - dir found : /sys/bus/event_source/devices/uncore_cbox_13
179 [46912496791296] INFO perfrun.perfcollector <> - format: edge config:18 mask:18
179 [46912496791296] INFO perfrun.perfcollector <> - format: event config:0-7 mask:0-7
179 [46912496791296] INFO perfrun.perfcollector <> - format: umask config:8-15 mask:8-15
179 [46912496791296] INFO perfrun.perfcollector <> - format: filter_c6 config1:61 mask:61
179 [46912496791296] INFO perfrun.perfcollector <> - format: filter_nc config1:62 mask:62
179 [46912496791296] INFO perfrun.perfcollector <> - format: filter_isoc config1:63 mask:63
179 [46912496791296] INFO perfrun.perfcollector <> - format: filter_link config1:6-8 mask:6-8
179 [46912496791296] INFO perfrun.perfcollector <> - format: filter_nid config1:32-47 mask:32-47
179 [46912496791296] INFO perfrun.perfcollector <> - format: filter_opc config1:52-60 mask:52-60
179 [46912496791296] INFO perfrun.perfcollector <> - format: filter_tid config1:0-5 mask:0-5
179 [46912496791296] INFO perfrun.perfcollector <> - format: tid_en config:19 mask:19
179 [46912496791296] INFO perfrun.perfcollector <> - format: thresh config:24-31 mask:24-31
179 [46912496791296] INFO perfrun.perfcollector <> - format: filter_state config1:17-23 mask:17-23
179 [46912496791296] WARN perfrun.perfcollector <> - pmu hwInfo is not set, at file: vcs/perfrun1/plugins/perfcollector/src/controller.cpp:657
179 [46912496791296] INFO perfrun.perfcollector <> - pmu added : family : uncore_cbox , id : 13
179 [46912496791296] INFO perfrun.perfcollector <> - dir found : /sys/bus/event_source/devices/uncore_cbox_14
179 [46912496791296] INFO perfrun.perfcollector <> - format: edge config:18 mask:18
179 [46912496791296] INFO perfrun.perfcollector <> - format: event config:0-7 mask:0-7
179 [46912496791296] INFO perfrun.perfcollector <> - format: umask config:8-15 mask:8-15
179 [46912496791296] INFO perfrun.perfcollector <> - format: filter_c6 config1:61 mask:61
179 [46912496791296] INFO perfrun.perfcollector <> - format: filter_nc config1:62 mask:62
179 [46912496791296] INFO perfrun.perfcollector <> - format: filter_isoc config1:63 mask:63
179 [46912496791296] INFO perfrun.perfcollector <> - format: filter_link config1:6-8 mask:6-8
179 [46912496791296] INFO perfrun.perfcollector <> - format: filter_nid config1:32-47 mask:32-47
180 [46912496791296] INFO perfrun.perfcollector <> - format: filter_opc config1:52-60 mask:52-60
180 [46912496791296] INFO perfrun.perfcollector <> - format: filter_tid config1:0-5 mask:0-5
180 [46912496791296] INFO perfrun.perfcollector <> - format: tid_en config:19 mask:19
180 [46912496791296] INFO perfrun.perfcollector <> - format: thresh config:24-31 mask:24-31
180 [46912496791296] INFO perfrun.perfcollector <> - format: filter_state config1:17-23 mask:17-23
180 [46912496791296] WARN perfrun.perfcollector <> - pmu hwInfo is not set, at file: vcs/perfrun1/plugins/perfcollector/src/controller.cpp:657
180 [46912496791296] INFO perfrun.perfcollector <> - pmu added : family : uncore_cbox , id : 14
180 [46912496791296] INFO perfrun.perfcollector <> - dir found : /sys/bus/event_source/devices/uncore_cbox_15
180 [46912496791296] INFO perfrun.perfcollector <> - format: edge config:18 mask:18
180 [46912496791296] INFO perfrun.perfcollector <> - format: event config:0-7 mask:0-7
180 [46912496791296] INFO perfrun.perfcollector <> - format: umask config:8-15 mask:8-15
180 [46912496791296] INFO perfrun.perfcollector <> - format: filter_c6 config1:61 mask:61
180 [46912496791296] INFO perfrun.perfcollector <> - format: filter_nc config1:62 mask:62
180 [46912496791296] INFO perfrun.perfcollector <> - format: filter_isoc config1:63 mask:63
180 [46912496791296] INFO perfrun.perfcollector <> - format: filter_link config1:6-8 mask:6-8
180 [46912496791296] INFO perfrun.perfcollector <> - format: filter_nid config1:32-47 mask:32-47
180 [46912496791296] INFO perfrun.perfcollector <> - format: filter_opc config1:52-60 mask:52-60
180 [46912496791296] INFO perfrun.perfcollector <> - format: filter_tid config1:0-5 mask:0-5
180 [46912496791296] INFO perfrun.perfcollector <> - format: tid_en config:19 mask:19
180 [46912496791296] INFO perfrun.perfcollector <> - format: thresh config:24-31 mask:24-31
180 [46912496791296] INFO perfrun.perfcollector <> - format: filter_state config1:17-23 mask:17-23
180 [46912496791296] WARN perfrun.perfcollector <> - pmu hwInfo is not set, at file: vcs/perfrun1/plugins/perfcollector/src/controller.cpp:657
180 [46912496791296] INFO perfrun.perfcollector <> - pmu added : family : uncore_cbox , id : 15
180 [46912496791296] INFO perfrun.perfcollector <> - dir found : /sys/bus/event_source/devices/software
180 [46912496791296] WARN perfrun.perfcollector <> - format subdir doesn't exist, at file: vcs/perfrun1/plugins/perfcollector/src/controller.cpp:578
180 [46912496791296] WARN perfrun.perfcollector <> - pmu hwInfo is not set, at file: vcs/perfrun1/plugins/perfcollector/src/controller.cpp:657
180 [46912496791296] INFO perfrun.perfcollector <> - pmu added : family : software , id : 0
180 [46912496791296] INFO perfrun.perfcollector <> - dir found : /sys/bus/event_source/devices/power
181 [46912496791296] INFO perfrun.perfcollector <> - format: event config:0-7 mask:0-7
181 [46912496791296] WARN perfrun.perfcollector <> - pmu hwInfo is not set, at file: vcs/perfrun1/plugins/perfcollector/src/controller.cpp:657
181 [46912496791296] INFO perfrun.perfcollector <> - pmu added : family : power , id : 0
181 [46912496791296] INFO perfrun.perfcollector <> - dir found : /sys/bus/event_source/devices/uncore_pcu
181 [46912496791296] INFO perfrun.perfcollector <> - format: inv config:23 mask:23
181 [46912496791296] INFO perfrun.perfcollector <> - format: occ_invert config:30 mask:30
181 [46912496791296] INFO perfrun.perfcollector <> - format: edge config:18 mask:18
181 [46912496791296] INFO perfrun.perfcollector <> - format: event config:0-7,21 mask:0-7,21
181 [46912496791296] INFO perfrun.perfcollector <> - format: occ_sel config:14-15 mask:14-15
181 [46912496791296] INFO perfrun.perfcollector <> - format: thresh config:24-28 mask:24-28
181 [46912496791296] INFO perfrun.perfcollector <> - format: filter_band0 config1:0-7 mask:0-7
181 [46912496791296] INFO perfrun.perfcollector <> - format: filter_band1 config1:8-15 mask:8-15
181 [46912496791296] INFO perfrun.perfcollector <> - format: filter_band2 config1:16-23 mask:16-23
181 [46912496791296] INFO perfrun.perfcollector <> - format: filter_band3 config1:24-31 mask:24-31
181 [46912496791296] INFO perfrun.perfcollector <> - format: occ_edge config:14-51 mask:14-51
181 [46912496791296] WARN perfrun.perfcollector <> - pmu hwInfo is not set, at file: vcs/perfrun1/plugins/perfcollector/src/controller.cpp:657
181 [46912496791296] INFO perfrun.perfcollector <> - pmu added : family : uncore_pcu , id : 0
182 [46912496791296] INFO perfrun.perfcollector <> - dir found : /sys/bus/event_source/devices/tracepoint
182 [46912496791296] WARN perfrun.perfcollector <> - format subdir doesn't exist, at file: vcs/perfrun1/plugins/perfcollector/src/controller.cpp:578
182 [46912496791296] WARN perfrun.perfcollector <> - pmu hwInfo is not set, at file: vcs/perfrun1/plugins/perfcollector/src/controller.cpp:657
182 [46912496791296] INFO perfrun.perfcollector <> - pmu added : family : tracepoint , id : 0
182 [46912496791296] INFO perfrun.perfcollector <> - dir found : /sys/bus/event_source/devices/uncore_imc_0
182 [46912496791296] INFO perfrun.perfcollector <> - format: inv config:23 mask:23
182 [46912496791296] INFO perfrun.perfcollector <> - format: edge config:18 mask:18
182 [46912496791296] INFO perfrun.perfcollector <> - format: event config:0-7 mask:0-7
182 [46912496791296] INFO perfrun.perfcollector <> - format: umask config:8-15 mask:8-15
182 [46912496791296] INFO perfrun.perfcollector <> - format: thresh config:24-31 mask:24-31
182 [46912496791296] INFO perfrun.perfcollector <> - hwInfo : PERF_IMC_PMU_DETAILS
182 [46912496791296] INFO perfrun.perfcollector <> - pmu added : family : uncore_imc , id : 0
182 [46912496791296] INFO perfrun.perfcollector <> - dir found : /sys/bus/event_source/devices/uncore_imc_1
182 [46912496791296] INFO perfrun.perfcollector <> - format: inv config:23 mask:23
182 [46912496791296] INFO perfrun.perfcollector <> - format: edge config:18 mask:18
182 [46912496791296] INFO perfrun.perfcollector <> - format: event config:0-7 mask:0-7
182 [46912496791296] INFO perfrun.perfcollector <> - format: umask config:8-15 mask:8-15
182 [46912496791296] INFO perfrun.perfcollector <> - format: thresh config:24-31 mask:24-31
182 [46912496791296] INFO perfrun.perfcollector <> - hwInfo : PERF_IMC_PMU_DETAILS
182 [46912496791296] INFO perfrun.perfcollector <> - pmu added : family : uncore_imc , id : 1
182 [46912496791296] INFO perfrun.perfcollector <> - dir found : /sys/bus/event_source/devices/uncore_imc_4
182 [46912496791296] INFO perfrun.perfcollector <> - format: inv config:23 mask:23
182 [46912496791296] INFO perfrun.perfcollector <> - format: edge config:18 mask:18
182 [46912496791296] INFO perfrun.perfcollector <> - format: event config:0-7 mask:0-7
182 [46912496791296] INFO perfrun.perfcollector <> - format: umask config:8-15 mask:8-15
182 [46912496791296] INFO perfrun.perfcollector <> - format: thresh config:24-31 mask:24-31
182 [46912496791296] INFO perfrun.perfcollector <> - hwInfo : PERF_IMC_PMU_DETAILS
182 [46912496791296] INFO perfrun.perfcollector <> - pmu added : family : uncore_imc , id : 4
182 [46912496791296] INFO perfrun.perfcollector <> - dir found : /sys/bus/event_source/devices/uncore_imc_5
183 [46912496791296] INFO perfrun.perfcollector <> - format: inv config:23 mask:23
183 [46912496791296] INFO perfrun.perfcollector <> - format: edge config:18 mask:18
183 [46912496791296] INFO perfrun.perfcollector <> - format: event config:0-7 mask:0-7
183 [46912496791296] INFO perfrun.perfcollector <> - format: umask config:8-15 mask:8-15
183 [46912496791296] INFO perfrun.perfcollector <> - format: thresh config:24-31 mask:24-31
183 [46912496791296] INFO perfrun.perfcollector <> - hwInfo : PERF_IMC_PMU_DETAILS
183 [46912496791296] INFO perfrun.perfcollector <> - pmu added : family : uncore_imc , id : 5
183 [46912496791296] INFO perfrun.perfcollector <> - dir found : /sys/bus/event_source/devices/uncore_qpi_0
183 [46912496791296] INFO perfrun.perfcollector <> - format: inv config:23 mask:23
183 [46912496791296] INFO perfrun.perfcollector <> - format: edge config:18 mask:18
183 [46912496791296] INFO perfrun.perfcollector <> - format: match_rnid4 config1:31 mask:31
183 [46912496791296] INFO perfrun.perfcollector <> - format: event config:0-7,21 mask:0-7,21
183 [46912496791296] INFO perfrun.perfcollector <> - format: mask0 config2:0-31 mask:0-31
183 [46912496791296] INFO perfrun.perfcollector <> - format: mask1 config2:32-63 mask:32-63
183 [46912496791296] INFO perfrun.perfcollector <> - format: umask config:8-15 mask:8-15
183 [46912496791296] INFO perfrun.perfcollector <> - format: mask_rnid30 config2:32-35 mask:32-35
183 [46912496791296] INFO perfrun.perfcollector <> - format: match_rnid30 config1:32-35 mask:32-35
183 [46912496791296] INFO perfrun.perfcollector <> - format: match_dnid config1:13-17 mask:13-17
183 [46912496791296] INFO perfrun.perfcollector <> - format: mask_mc config2:9-12 mask:9-12
183 [46912496791296] INFO perfrun.perfcollector <> - format: mask_dnid config2:13-17 mask:13-17
183 [46912496791296] INFO perfrun.perfcollector <> - format: match_opc config1:5-8 mask:5-8
183 [46912496791296] INFO perfrun.perfcollector <> - format: match_rds config1:48-51 mask:48-51
183 [46912496791296] INFO perfrun.perfcollector <> - format: match_vnw config1:3-4 mask:3-4
183 [46912496791296] INFO perfrun.perfcollector <> - format: mask_opc config2:5-8 mask:5-8
183 [46912496791296] INFO perfrun.perfcollector <> - format: mask_rds config2:48-51 mask:48-51
183 [46912496791296] INFO perfrun.perfcollector <> - format: mask_vnw config2:3-4 mask:3-4
184 [46912496791296] INFO perfrun.perfcollector <> - format: match_mc config1:9-12 mask:9-12
184 [46912496791296] INFO perfrun.perfcollector <> - format: match0 config1:0-31 mask:0-31
184 [46912496791296] INFO perfrun.perfcollector <> - format: match1 config1:32-63 mask:32-63
184 [46912496791296] INFO perfrun.perfcollector <> - format: mask_rnid4 config2:31 mask:31
184 [46912496791296] INFO perfrun.perfcollector <> - format: thresh config:24-31 mask:24-31
184 [46912496791296] INFO perfrun.perfcollector <> - hwInfo : PERF_QPI_PMU_DETAILS
184 [46912496791296] INFO perfrun.perfcollector <> - pmu added : family : uncore_qpi , id : 0
184 [46912496791296] INFO perfrun.perfcollector <> - dir found : /sys/bus/event_source/devices/uncore_qpi_1
184 [46912496791296] INFO perfrun.perfcollector <> - format: inv config:23 mask:23
184 [46912496791296] INFO perfrun.perfcollector <> - format: edge config:18 mask:18
184 [46912496791296] INFO perfrun.perfcollector <> - format: match_rnid4 config1:31 mask:31
184 [46912496791296] INFO perfrun.perfcollector <> - format: event config:0-7,21 mask:0-7,21
184 [46912496791296] INFO perfrun.perfcollector <> - format: mask0 config2:0-31 mask:0-31
184 [46912496791296] INFO perfrun.perfcollector <> - format: mask1 config2:32-63 mask:32-63
184 [46912496791296] INFO perfrun.perfcollector <> - format: umask config:8-15 mask:8-15
184 [46912496791296] INFO perfrun.perfcollector <> - format: mask_rnid30 config2:32-35 mask:32-35
184 [46912496791296] INFO perfrun.perfcollector <> - format: match_rnid30 config1:32-35 mask:32-35
184 [46912496791296] INFO perfrun.perfcollector <> - format: match_dnid config1:13-17 mask:13-17
184 [46912496791296] INFO perfrun.perfcollector <> - format: mask_mc config2:9-12 mask:9-12
184 [46912496791296] INFO perfrun.perfcollector <> - format: mask_dnid config2:13-17 mask:13-17
184 [46912496791296] INFO perfrun.perfcollector <> - format: match_opc config1:5-8 mask:5-8
184 [46912496791296] INFO perfrun.perfcollector <> - format: match_rds config1:48-51 mask:48-51
184 [46912496791296] INFO perfrun.perfcollector <> - format: match_vnw config1:3-4 mask:3-4
184 [46912496791296] INFO perfrun.perfcollector <> - format: mask_opc config2:5-8 mask:5-8
184 [46912496791296] INFO perfrun.perfcollector <> - format: mask_rds config2:48-51 mask:48-51
184 [46912496791296] INFO perfrun.perfcollector <> - format: mask_vnw config2:3-4 mask:3-4
184 [46912496791296] INFO perfrun.perfcollector <> - format: match_mc config1:9-12 mask:9-12
185 [46912496791296] INFO perfrun.perfcollector <> - format: match0 config1:0-31 mask:0-31
185 [46912496791296] INFO perfrun.perfcollector <> - format: match1 config1:32-63 mask:32-63
185 [46912496791296] INFO perfrun.perfcollector <> - format: mask_rnid4 config2:31 mask:31
185 [46912496791296] INFO perfrun.perfcollector <> - format: thresh config:24-31 mask:24-31
185 [46912496791296] INFO perfrun.perfcollector <> - hwInfo : PERF_QPI_PMU_DETAILS
185 [46912496791296] INFO perfrun.perfcollector <> - pmu added : family : uncore_qpi , id : 1
185 [46912496791296] INFO perfrun.perfcollector <> - dir found : /sys/bus/event_source/devices/uncore_cbox_0
185 [46912496791296] INFO perfrun.perfcollector <> - format: edge config:18 mask:18
185 [46912496791296] INFO perfrun.perfcollector <> - format: event config:0-7 mask:0-7
185 [46912496791296] INFO perfrun.perfcollector <> - format: umask config:8-15 mask:8-15
185 [46912496791296] INFO perfrun.perfcollector <> - format: filter_c6 config1:61 mask:61
185 [46912496791296] INFO perfrun.perfcollector <> - format: filter_nc config1:62 mask:62
185 [46912496791296] INFO perfrun.perfcollector <> - format: filter_isoc config1:63 mask:63
185 [46912496791296] INFO perfrun.perfcollector <> - format: filter_link config1:6-8 mask:6-8
185 [46912496791296] INFO perfrun.perfcollector <> - format: filter_nid config1:32-47 mask:32-47
185 [46912496791296] INFO perfrun.perfcollector <> - format: filter_opc config1:52-60 mask:52-60
185 [46912496791296] INFO perfrun.perfcollector <> - format: filter_tid config1:0-5 mask:0-5
185 [46912496791296] INFO perfrun.perfcollector <> - format: tid_en config:19 mask:19
185 [46912496791296] INFO perfrun.perfcollector <> - format: thresh config:24-31 mask:24-31
185 [46912496791296] INFO perfrun.perfcollector <> - format: filter_state config1:17-23 mask:17-23
185 [46912496791296] WARN perfrun.perfcollector <> - pmu hwInfo is not set, at file: vcs/perfrun1/plugins/perfcollector/src/controller.cpp:657
185 [46912496791296] INFO perfrun.perfcollector <> - pmu added : family : uncore_cbox , id : 0
185 [46912496791296] INFO perfrun.perfcollector <> - dir found : /sys/bus/event_source/devices/uncore_cbox_1
185 [46912496791296] INFO perfrun.perfcollector <> - format: edge config:18 mask:18
185 [46912496791296] INFO perfrun.perfcollector <> - format: event config:0-7 mask:0-7
185 [46912496791296] INFO perfrun.perfcollector <> - format: umask config:8-15 mask:8-15
186 [46912496791296] INFO perfrun.perfcollector <> - format: filter_c6 config1:61 mask:61
186 [46912496791296] INFO perfrun.perfcollector <> - format: filter_nc config1:62 mask:62
186 [46912496791296] INFO perfrun.perfcollector <> - format: filter_isoc config1:63 mask:63
186 [46912496791296] INFO perfrun.perfcollector <> - format: filter_link config1:6-8 mask:6-8
186 [46912496791296] INFO perfrun.perfcollector <> - format: filter_nid config1:32-47 mask:32-47
186 [46912496791296] INFO perfrun.perfcollector <> - format: filter_opc config1:52-60 mask:52-60
186 [46912496791296] INFO perfrun.perfcollector <> - format: filter_tid config1:0-5 mask:0-5
186 [46912496791296] INFO perfrun.perfcollector <> - format: tid_en config:19 mask:19
186 [46912496791296] INFO perfrun.perfcollector <> - format: thresh config:24-31 mask:24-31
186 [46912496791296] INFO perfrun.perfcollector <> - format: filter_state config1:17-23 mask:17-23
186 [46912496791296] WARN perfrun.perfcollector <> - pmu hwInfo is not set, at file: vcs/perfrun1/plugins/perfcollector/src/controller.cpp:657
186 [46912496791296] INFO perfrun.perfcollector <> - pmu added : family : uncore_cbox , id : 1
186 [46912496791296] INFO perfrun.perfcollector <> - dir found : /sys/bus/event_source/devices/uncore_cbox_2
186 [46912496791296] INFO perfrun.perfcollector <> - format: edge config:18 mask:18
186 [46912496791296] INFO perfrun.perfcollector <> - format: event config:0-7 mask:0-7
186 [46912496791296] INFO perfrun.perfcollector <> - format: umask config:8-15 mask:8-15
186 [46912496791296] INFO perfrun.perfcollector <> - format: filter_c6 config1:61 mask:61
186 [46912496791296] INFO perfrun.perfcollector <> - format: filter_nc config1:62 mask:62
186 [46912496791296] INFO perfrun.perfcollector <> - format: filter_isoc config1:63 mask:63
186 [46912496791296] INFO perfrun.perfcollector <> - format: filter_link config1:6-8 mask:6-8
186 [46912496791296] INFO perfrun.perfcollector <> - format: filter_nid config1:32-47 mask:32-47
186 [46912496791296] INFO perfrun.perfcollector <> - format: filter_opc config1:52-60 mask:52-60
186 [46912496791296] INFO perfrun.perfcollector <> - format: filter_tid config1:0-5 mask:0-5
186 [46912496791296] INFO perfrun.perfcollector <> - format: tid_en config:19 mask:19
186 [46912496791296] INFO perfrun.perfcollector <> - format: thresh config:24-31 mask:24-31
186 [46912496791296] INFO perfrun.perfcollector <> - format: filter_state config1:17-23 mask:17-23
187 [46912496791296] WARN perfrun.perfcollector <> - pmu hwInfo is not set, at file: vcs/perfrun1/plugins/perfcollector/src/controller.cpp:657
187 [46912496791296] INFO perfrun.perfcollector <> - pmu added : family : uncore_cbox , id : 2
187 [46912496791296] INFO perfrun.perfcollector <> - dir found : /sys/bus/event_source/devices/uncore_cbox_3
187 [46912496791296] INFO perfrun.perfcollector <> - format: edge config:18 mask:18
187 [46912496791296] INFO perfrun.perfcollector <> - format: event config:0-7 mask:0-7
187 [46912496791296] INFO perfrun.perfcollector <> - format: umask config:8-15 mask:8-15
187 [46912496791296] INFO perfrun.perfcollector <> - format: filter_c6 config1:61 mask:61
187 [46912496791296] INFO perfrun.perfcollector <> - format: filter_nc config1:62 mask:62
187 [46912496791296] INFO perfrun.perfcollector <> - format: filter_isoc config1:63 mask:63
187 [46912496791296] INFO perfrun.perfcollector <> - format: filter_link config1:6-8 mask:6-8
187 [46912496791296] INFO perfrun.perfcollector <> - format: filter_nid config1:32-47 mask:32-47
187 [46912496791296] INFO perfrun.perfcollector <> - format: filter_opc config1:52-60 mask:52-60
187 [46912496791296] INFO perfrun.perfcollector <> - format: filter_tid config1:0-5 mask:0-5
187 [46912496791296] INFO perfrun.perfcollector <> - format: tid_en config:19 mask:19
187 [46912496791296] INFO perfrun.perfcollector <> - format: thresh config:24-31 mask:24-31
187 [46912496791296] INFO perfrun.perfcollector <> - format: filter_state config1:17-23 mask:17-23
187 [46912496791296] WARN perfrun.perfcollector <> - pmu hwInfo is not set, at file: vcs/perfrun1/plugins/perfcollector/src/controller.cpp:657
187 [46912496791296] INFO perfrun.perfcollector <> - pmu added : family : uncore_cbox , id : 3
187 [46912496791296] INFO perfrun.perfcollector <> - dir found : /sys/bus/event_source/devices/uncore_cbox_4
187 [46912496791296] INFO perfrun.perfcollector <> - format: edge config:18 mask:18
187 [46912496791296] INFO perfrun.perfcollector <> - format: event config:0-7 mask:0-7
187 [46912496791296] INFO perfrun.perfcollector <> - format: umask config:8-15 mask:8-15
187 [46912496791296] INFO perfrun.perfcollector <> - format: filter_c6 config1:61 mask:61
187 [46912496791296] INFO perfrun.perfcollector <> - format: filter_nc config1:62 mask:62
187 [46912496791296] INFO perfrun.perfcollector <> - format: filter_isoc config1:63 mask:63
187 [46912496791296] INFO perfrun.perfcollector <> - format: filter_link config1:6-8 mask:6-8
187 [46912496791296] INFO perfrun.perfcollector <> - format: filter_nid config1:32-47 mask:32-47
188 [46912496791296] INFO perfrun.perfcollector <> - format: filter_opc config1:52-60 mask:52-60
188 [46912496791296] INFO perfrun.perfcollector <> - format: filter_tid config1:0-5 mask:0-5
188 [46912496791296] INFO perfrun.perfcollector <> - format: tid_en config:19 mask:19
188 [46912496791296] INFO perfrun.perfcollector <> - format: thresh config:24-31 mask:24-31
188 [46912496791296] INFO perfrun.perfcollector <> - format: filter_state config1:17-23 mask:17-23
188 [46912496791296] WARN perfrun.perfcollector <> - pmu hwInfo is not set, at file: vcs/perfrun1/plugins/perfcollector/src/controller.cpp:657
188 [46912496791296] INFO perfrun.perfcollector <> - pmu added : family : uncore_cbox , id : 4
188 [46912496791296] INFO perfrun.perfcollector <> - dir found : /sys/bus/event_source/devices/uncore_cbox_5
188 [46912496791296] INFO perfrun.perfcollector <> - format: edge config:18 mask:18
188 [46912496791296] INFO perfrun.perfcollector <> - format: event config:0-7 mask:0-7
188 [46912496791296] INFO perfrun.perfcollector <> - format: umask config:8-15 mask:8-15
188 [46912496791296] INFO perfrun.perfcollector <> - format: filter_c6 config1:61 mask:61
188 [46912496791296] INFO perfrun.perfcollector <> - format: filter_nc config1:62 mask:62
188 [46912496791296] INFO perfrun.perfcollector <> - format: filter_isoc config1:63 mask:63
188 [46912496791296] INFO perfrun.perfcollector <> - format: filter_link config1:6-8 mask:6-8
188 [46912496791296] INFO perfrun.perfcollector <> - format: filter_nid config1:32-47 mask:32-47
188 [46912496791296] INFO perfrun.perfcollector <> - format: filter_opc config1:52-60 mask:52-60
188 [46912496791296] INFO perfrun.perfcollector <> - format: filter_tid config1:0-5 mask:0-5
188 [46912496791296] INFO perfrun.perfcollector <> - format: tid_en config:19 mask:19
188 [46912496791296] INFO perfrun.perfcollector <> - format: thresh config:24-31 mask:24-31
188 [46912496791296] INFO perfrun.perfcollector <> - format: filter_state config1:17-23 mask:17-23
188 [46912496791296] WARN perfrun.perfcollector <> - pmu hwInfo is not set, at file: vcs/perfrun1/plugins/perfcollector/src/controller.cpp:657
188 [46912496791296] INFO perfrun.perfcollector <> - pmu added : family : uncore_cbox , id : 5
188 [46912496791296] INFO perfrun.perfcollector <> - dir found : /sys/bus/event_source/devices/uncore_cbox_6
188 [46912496791296] INFO perfrun.perfcollector <> - format: edge config:18 mask:18
188 [46912496791296] INFO perfrun.perfcollector <> - format: event config:0-7 mask:0-7
188 [46912496791296] INFO perfrun.perfcollector <> - format: umask config:8-15 mask:8-15
189 [46912496791296] INFO perfrun.perfcollector <> - format: filter_c6 config1:61 mask:61
189 [46912496791296] INFO perfrun.perfcollector <> - format: filter_nc config1:62 mask:62
189 [46912496791296] INFO perfrun.perfcollector <> - format: filter_isoc config1:63 mask:63
189 [46912496791296] INFO perfrun.perfcollector <> - format: filter_link config1:6-8 mask:6-8
189 [46912496791296] INFO perfrun.perfcollector <> - format: filter_nid config1:32-47 mask:32-47
189 [46912496791296] INFO perfrun.perfcollector <> - format: filter_opc config1:52-60 mask:52-60
189 [46912496791296] INFO perfrun.perfcollector <> - format: filter_tid config1:0-5 mask:0-5
189 [46912496791296] INFO perfrun.perfcollector <> - format: tid_en config:19 mask:19
189 [46912496791296] INFO perfrun.perfcollector <> - format: thresh config:24-31 mask:24-31
189 [46912496791296] INFO perfrun.perfcollector <> - format: filter_state config1:17-23 mask:17-23
189 [46912496791296] WARN perfrun.perfcollector <> - pmu hwInfo is not set, at file: vcs/perfrun1/plugins/perfcollector/src/controller.cpp:657
189 [46912496791296] INFO perfrun.perfcollector <> - pmu added : family : uncore_cbox , id : 6
189 [46912496791296] INFO perfrun.perfcollector <> - dir found : /sys/bus/event_source/devices/uncore_cbox_7
189 [46912496791296] INFO perfrun.perfcollector <> - format: edge config:18 mask:18
189 [46912496791296] INFO perfrun.perfcollector <> - format: event config:0-7 mask:0-7
189 [46912496791296] INFO perfrun.perfcollector <> - format: umask config:8-15 mask:8-15
189 [46912496791296] INFO perfrun.perfcollector <> - format: filter_c6 config1:61 mask:61
189 [46912496791296] INFO perfrun.perfcollector <> - format: filter_nc config1:62 mask:62
189 [46912496791296] INFO perfrun.perfcollector <> - format: filter_isoc config1:63 mask:63
189 [46912496791296] INFO perfrun.perfcollector <> - format: filter_link config1:6-8 mask:6-8
189 [46912496791296] INFO perfrun.perfcollector <> - format: filter_nid config1:32-47 mask:32-47
189 [46912496791296] INFO perfrun.perfcollector <> - format: filter_opc config1:52-60 mask:52-60
189 [46912496791296] INFO perfrun.perfcollector <> - format: filter_tid config1:0-5 mask:0-5
189 [46912496791296] INFO perfrun.perfcollector <> - format: tid_en config:19 mask:19
189 [46912496791296] INFO perfrun.perfcollector <> - format: thresh config:24-31 mask:24-31
189 [46912496791296] INFO perfrun.perfcollector <> - format: filter_state config1:17-23 mask:17-23
189 [46912496791296] WARN perfrun.perfcollector <> - pmu hwInfo is not set, at file: vcs/perfrun1/plugins/perfcollector/src/controller.cpp:657
190 [46912496791296] INFO perfrun.perfcollector <> - pmu added : family : uncore_cbox , id : 7
190 [46912496791296] INFO perfrun.perfcollector <> - dir found : /sys/bus/event_source/devices/uncore_cbox_8
190 [46912496791296] INFO perfrun.perfcollector <> - format: edge config:18 mask:18
190 [46912496791296] INFO perfrun.perfcollector <> - format: event config:0-7 mask:0-7
190 [46912496791296] INFO perfrun.perfcollector <> - format: umask config:8-15 mask:8-15
190 [46912496791296] INFO perfrun.perfcollector <> - format: filter_c6 config1:61 mask:61
190 [46912496791296] INFO perfrun.perfcollector <> - format: filter_nc config1:62 mask:62
190 [46912496791296] INFO perfrun.perfcollector <> - format: filter_isoc config1:63 mask:63
190 [46912496791296] INFO perfrun.perfcollector <> - format: filter_link config1:6-8 mask:6-8
190 [46912496791296] INFO perfrun.perfcollector <> - format: filter_nid config1:32-47 mask:32-47
190 [46912496791296] INFO perfrun.perfcollector <> - format: filter_opc config1:52-60 mask:52-60
190 [46912496791296] INFO perfrun.perfcollector <> - format: filter_tid config1:0-5 mask:0-5
190 [46912496791296] INFO perfrun.perfcollector <> - format: tid_en config:19 mask:19
190 [46912496791296] INFO perfrun.perfcollector <> - format: thresh config:24-31 mask:24-31
190 [46912496791296] INFO perfrun.perfcollector <> - format: filter_state config1:17-23 mask:17-23
190 [46912496791296] WARN perfrun.perfcollector <> - pmu hwInfo is not set, at file: vcs/perfrun1/plugins/perfcollector/src/controller.cpp:657
190 [46912496791296] INFO perfrun.perfcollector <> - pmu added : family : uncore_cbox , id : 8
190 [46912496791296] INFO perfrun.perfcollector <> - dir found : /sys/bus/event_source/devices/uncore_cbox_9
190 [46912496791296] INFO perfrun.perfcollector <> - format: edge config:18 mask:18
190 [46912496791296] INFO perfrun.perfcollector <> - format: event config:0-7 mask:0-7
190 [46912496791296] INFO perfrun.perfcollector <> - format: umask config:8-15 mask:8-15
190 [46912496791296] INFO perfrun.perfcollector <> - format: filter_c6 config1:61 mask:61
190 [46912496791296] INFO perfrun.perfcollector <> - format: filter_nc config1:62 mask:62
190 [46912496791296] INFO perfrun.perfcollector <> - format: filter_isoc config1:63 mask:63
190 [46912496791296] INFO perfrun.perfcollector <> - format: filter_link config1:6-8 mask:6-8
190 [46912496791296] INFO perfrun.perfcollector <> - format: filter_nid config1:32-47 mask:32-47
191 [46912496791296] INFO perfrun.perfcollector <> - format: filter_opc config1:52-60 mask:52-60
191 [46912496791296] INFO perfrun.perfcollector <> - format: filter_tid config1:0-5 mask:0-5
191 [46912496791296] INFO perfrun.perfcollector <> - format: tid_en config:19 mask:19
191 [46912496791296] INFO perfrun.perfcollector <> - format: thresh config:24-31 mask:24-31
191 [46912496791296] INFO perfrun.perfcollector <> - format: filter_state config1:17-23 mask:17-23
191 [46912496791296] WARN perfrun.perfcollector <> - pmu hwInfo is not set, at file: vcs/perfrun1/plugins/perfcollector/src/controller.cpp:657
191 [46912496791296] INFO perfrun.perfcollector <> - pmu added : family : uncore_cbox , id : 9
191 [46912496791296] INFO perfrun.perfcollector <> - dir found : /sys/bus/event_source/devices/uncore_r2pcie
191 [46912496791296] INFO perfrun.perfcollector <> - format: inv config:23 mask:23
191 [46912496791296] INFO perfrun.perfcollector <> - format: edge config:18 mask:18
191 [46912496791296] INFO perfrun.perfcollector <> - format: event config:0-7 mask:0-7
191 [46912496791296] INFO perfrun.perfcollector <> - format: umask config:8-15 mask:8-15
191 [46912496791296] INFO perfrun.perfcollector <> - format: thresh config:24-31 mask:24-31
191 [46912496791296] WARN perfrun.perfcollector <> - pmu hwInfo is not set, at file: vcs/perfrun1/plugins/perfcollector/src/controller.cpp:657
191 [46912496791296] INFO perfrun.perfcollector <> - pmu added : family : uncore_r2pcie , id : 0
191 [46912496791296] INFO perfrun.perfcollector <> - dir found : /sys/bus/event_source/devices/uncore_r3qpi_0
191 [46912496791296] INFO perfrun.perfcollector <> - format: inv config:23 mask:23
191 [46912496791296] INFO perfrun.perfcollector <> - format: edge config:18 mask:18
191 [46912496791296] INFO perfrun.perfcollector <> - format: event config:0-7 mask:0-7
191 [46912496791296] INFO perfrun.perfcollector <> - format: umask config:8-15 mask:8-15
191 [46912496791296] INFO perfrun.perfcollector <> - format: thresh config:24-31 mask:24-31
191 [46912496791296] WARN perfrun.perfcollector <> - pmu hwInfo is not set, at file: vcs/perfrun1/plugins/perfcollector/src/controller.cpp:657
191 [46912496791296] INFO perfrun.perfcollector <> - pmu added : family : uncore_r3qpi , id : 0
191 [46912496791296] INFO perfrun.perfcollector <> - dir found : /sys/bus/event_source/devices/uncore_r3qpi_1
191 [46912496791296] INFO perfrun.perfcollector <> - format: inv config:23 mask:23
191 [46912496791296] INFO perfrun.perfcollector <> - format: edge config:18 mask:18
191 [46912496791296] INFO perfrun.perfcollector <> - format: event config:0-7 mask:0-7
192 [46912496791296] INFO perfrun.perfcollector <> - format: umask config:8-15 mask:8-15
192 [46912496791296] INFO perfrun.perfcollector <> - format: thresh config:24-31 mask:24-31
192 [46912496791296] WARN perfrun.perfcollector <> - pmu hwInfo is not set, at file: vcs/perfrun1/plugins/perfcollector/src/controller.cpp:657
192 [46912496791296] INFO perfrun.perfcollector <> - pmu added : family : uncore_r3qpi , id : 1
192 [46912496791296] INFO perfrun.perfcollector <> - dir found : /sys/bus/event_source/devices/uncore_sbox_0
192 [46912496791296] INFO perfrun.perfcollector <> - format: inv config:23 mask:23
192 [46912496791296] INFO perfrun.perfcollector <> - format: edge config:18 mask:18
192 [46912496791296] INFO perfrun.perfcollector <> - format: event config:0-7 mask:0-7
192 [46912496791296] INFO perfrun.perfcollector <> - format: umask config:8-15 mask:8-15
192 [46912496791296] INFO perfrun.perfcollector <> - format: tid_en config:19 mask:19
192 [46912496791296] INFO perfrun.perfcollector <> - format: thresh config:24-31 mask:24-31
192 [46912496791296] WARN perfrun.perfcollector <> - pmu hwInfo is not set, at file: vcs/perfrun1/plugins/perfcollector/src/controller.cpp:657
192 [46912496791296] INFO perfrun.perfcollector <> - pmu added : family : uncore_sbox , id : 0
192 [46912496791296] INFO perfrun.perfcollector <> - dir found : /sys/bus/event_source/devices/uncore_sbox_1
192 [46912496791296] INFO perfrun.perfcollector <> - format: inv config:23 mask:23
192 [46912496791296] INFO perfrun.perfcollector <> - format: edge config:18 mask:18
192 [46912496791296] INFO perfrun.perfcollector <> - format: event config:0-7 mask:0-7
192 [46912496791296] INFO perfrun.perfcollector <> - format: umask config:8-15 mask:8-15
192 [46912496791296] INFO perfrun.perfcollector <> - format: tid_en config:19 mask:19
192 [46912496791296] INFO perfrun.perfcollector <> - format: thresh config:24-31 mask:24-31
192 [46912496791296] WARN perfrun.perfcollector <> - pmu hwInfo is not set, at file: vcs/perfrun1/plugins/perfcollector/src/controller.cpp:657
192 [46912496791296] INFO perfrun.perfcollector <> - pmu added : family : uncore_sbox , id : 1
192 [46912496791296] INFO perfrun.perfcollector <> - dir found : /sys/bus/event_source/devices/uncore_sbox_2
192 [46912496791296] INFO perfrun.perfcollector <> - format: inv config:23 mask:23
192 [46912496791296] INFO perfrun.perfcollector <> - format: edge config:18 mask:18
192 [46912496791296] INFO perfrun.perfcollector <> - format: event config:0-7 mask:0-7
192 [46912496791296] INFO perfrun.perfcollector <> - format: umask config:8-15 mask:8-15
192 [46912496791296] INFO perfrun.perfcollector <> - format: tid_en config:19 mask:19
193 [46912496791296] INFO perfrun.perfcollector <> - format: thresh config:24-31 mask:24-31
193 [46912496791296] WARN perfrun.perfcollector <> - pmu hwInfo is not set, at file: vcs/perfrun1/plugins/perfcollector/src/controller.cpp:657
193 [46912496791296] INFO perfrun.perfcollector <> - pmu added : family : uncore_sbox , id : 2
193 [46912496791296] INFO perfrun.perfcollector <> - dir found : /sys/bus/event_source/devices/uncore_sbox_3
193 [46912496791296] INFO perfrun.perfcollector <> - format: inv config:23 mask:23
193 [46912496791296] INFO perfrun.perfcollector <> - format: edge config:18 mask:18
193 [46912496791296] INFO perfrun.perfcollector <> - format: event config:0-7 mask:0-7
193 [46912496791296] INFO perfrun.perfcollector <> - format: umask config:8-15 mask:8-15
193 [46912496791296] INFO perfrun.perfcollector <> - format: tid_en config:19 mask:19
193 [46912496791296] INFO perfrun.perfcollector <> - format: thresh config:24-31 mask:24-31
193 [46912496791296] WARN perfrun.perfcollector <> - pmu hwInfo is not set, at file: vcs/perfrun1/plugins/perfcollector/src/controller.cpp:657
193 [46912496791296] INFO perfrun.perfcollector <> - pmu added : family : uncore_sbox , id : 3
193 [46912496791296] INFO perfrun.perfcollector <> - dir found : /sys/bus/event_source/devices/cstate_core
193 [46912496791296] INFO perfrun.perfcollector <> - format: event config:0-63 mask:0-63
193 [46912496791296] WARN perfrun.perfcollector <> - pmu hwInfo is not set, at file: vcs/perfrun1/plugins/perfcollector/src/controller.cpp:657
193 [46912496791296] INFO perfrun.perfcollector <> - pmu added : family : cstate_core , id : 0
193 [46912496791296] INFO perfrun.perfcollector <> - dir found : /sys/bus/event_source/devices/cstate_pkg
193 [46912496791296] INFO perfrun.perfcollector <> - format: event config:0-63 mask:0-63
193 [46912496791296] WARN perfrun.perfcollector <> - pmu hwInfo is not set, at file: vcs/perfrun1/plugins/perfcollector/src/controller.cpp:657
193 [46912496791296] INFO perfrun.perfcollector <> - pmu added : family : cstate_pkg , id : 0
193 [46912496791296] INFO perfrun.perfcollector <> - dir found : /sys/bus/event_source/devices/intel_bts
193 [46912496791296] WARN perfrun.perfcollector <> - format subdir doesn't exist, at file: vcs/perfrun1/plugins/perfcollector/src/controller.cpp:578
193 [46912496791296] WARN perfrun.perfcollector <> - pmu hwInfo is not set, at file: vcs/perfrun1/plugins/perfcollector/src/controller.cpp:657
193 [46912496791296] INFO perfrun.perfcollector <> - pmu added : family : intel_bts , id : 0
193 [46912496791296] INFO perfrun.perfcollector <> - dir found : /sys/bus/event_source/devices/intel_cqm
193 [46912496791296] INFO perfrun.perfcollector <> - format: event config:0-7 mask:0-7
193 [46912496791296] WARN perfrun.perfcollector <> - pmu hwInfo is not set, at file: vcs/perfrun1/plugins/perfcollector/src/controller.cpp:657
193 [46912496791296] INFO perfrun.perfcollector <> - pmu added : family : intel_cqm , id : 0
193 [46912496791296] INFO perfrun.perfcollector <> - dir found : /sys/bus/event_source/devices/breakpoint
193 [46912496791296] WARN perfrun.perfcollector <> - format subdir doesn't exist, at file: vcs/perfrun1/plugins/perfcollector/src/controller.cpp:578
193 [46912496791296] WARN perfrun.perfcollector <> - pmu hwInfo is not set, at file: vcs/perfrun1/plugins/perfcollector/src/controller.cpp:657
193 [46912496791296] INFO perfrun.perfcollector <> - pmu added : family : breakpoint , id : 0
194 [46912496791296] INFO perfrun.perfcollector <> - dir found : /sys/bus/event_source/devices/uncore_ha_0
194 [46912496791296] INFO perfrun.perfcollector <> - format: inv config:23 mask:23
194 [46912496791296] INFO perfrun.perfcollector <> - format: edge config:18 mask:18
194 [46912496791296] INFO perfrun.perfcollector <> - format: event config:0-7 mask:0-7
194 [46912496791296] INFO perfrun.perfcollector <> - format: umask config:8-15 mask:8-15
194 [46912496791296] INFO perfrun.perfcollector <> - format: thresh config:24-31 mask:24-31
194 [46912496791296] WARN perfrun.perfcollector <> - pmu hwInfo is not set, at file: vcs/perfrun1/plugins/perfcollector/src/controller.cpp:657
194 [46912496791296] INFO perfrun.perfcollector <> - pmu added : family : uncore_ha , id : 0
194 [46912496791296] INFO perfrun.perfcollector <> - dir found : /sys/bus/event_source/devices/uncore_ha_1
194 [46912496791296] INFO perfrun.perfcollector <> - format: inv config:23 mask:23
194 [46912496791296] INFO perfrun.perfcollector <> - format: edge config:18 mask:18
194 [46912496791296] INFO perfrun.perfcollector <> - format: event config:0-7 mask:0-7
194 [46912496791296] INFO perfrun.perfcollector <> - format: umask config:8-15 mask:8-15
194 [46912496791296] INFO perfrun.perfcollector <> - format: thresh config:24-31 mask:24-31
194 [46912496791296] WARN perfrun.perfcollector <> - pmu hwInfo is not set, at file: vcs/perfrun1/plugins/perfcollector/src/controller.cpp:657
194 [46912496791296] INFO perfrun.perfcollector <> - pmu added : family : uncore_ha , id : 1
194 [46912496791296] INFO perfrun.perfcollector <> - dir found : /sys/bus/event_source/devices/uncore_ubox
194 [46912496791296] INFO perfrun.perfcollector <> - format: inv config:23 mask:23
194 [46912496791296] INFO perfrun.perfcollector <> - format: edge config:18 mask:18
194 [46912496791296] INFO perfrun.perfcollector <> - format: event config:0-7 mask:0-7
194 [46912496791296] INFO perfrun.perfcollector <> - format: umask config:8-15 mask:8-15
194 [46912496791296] INFO perfrun.perfcollector <> - format: filter_cid config1:5 mask:5
194 [46912496791296] INFO perfrun.perfcollector <> - format: filter_tid config1:0 mask:0
194 [46912496791296] INFO perfrun.perfcollector <> - format: thresh config:24-28 mask:24-28
194 [46912496791296] WARN perfrun.perfcollector <> - pmu hwInfo is not set, at file: vcs/perfrun1/plugins/perfcollector/src/controller.cpp:657
194 [46912496791296] INFO perfrun.perfcollector <> - pmu added : family : uncore_ubox , id : 0
195 [46912496791296] INFO perfrun.launcher <> - plugin perf has been added successfully
195 [46912496791296] INFO perfrun.launcher <> - plugin tpss has been added successfully
195 [46912496791296] INFO perfrun.launcher <> - plugin cuscol has been added successfully
195 [46912496791296] INFO perfrun.launcher <> - plugin exprof has been added successfully
195 [46912496791296] INFO perfrun.launcher <> - plugin dpdk has been added successfully
195 [46912496791296] INFO perfrun.launcher <> - plugin media has been added successfully
195 [46912496791296] INFO perfrun.launcher <> - plugin commcollector has been added successfully
195 [46912496791296] INFO perfrun.launcher <> - plugin cve has been added successfully
196 [46912496791296] INFO perfrun.launcher <> - the option was added --interval: Specify an interval of data collection (for example, sampling) in milliseconds.
196 [46912496791296] INFO perfrun.launcher <> - the option was added --follow-child: Profile process with or without children.
196 [46912496791296] INFO perfrun.launcher <> - the option was added --gelding: BADMSG: perfrun1.launcher.plugin_manager::gelding
196 [46912496791296] INFO perfrun.launcher <> - the option was added --time-source: Specify time source for measurement. Possible values: sys - wall clock time; tsc - time stamp counter; ext - time from an external source; auto - auto select accurate time source.
196 [46912496791296] INFO perfrun.launcher <> - the option was added --stack: Enable or disable collection of stacks.
196 [46912496791296] INFO perfrun.launcher <> - the option was added --stack-stitching: Enable or disable the stack stitching algorithm for Intel TBB-based applications.
196 [46912496791296] INFO perfrun.launcher <> - the option was added --type: Specify type of data to be collected. For example, --type cpu:counters,waiting:nostack,io.
196 [46912496791296] INFO perfrun.launcher <> - the option was added --mrte-mode: Specify Java/.NET/other managed runtime collection mode. Possible values: native - collect information only for native code; managed - collect information only for managed code; mixed - collect information for both managed and native code; auto - choose the mode based on binary type.
196 [46912496791296] INFO perfrun.launcher <> - the option was added --mrte-mode-list: List supported Java/.NET/other managed runtime collection modes.
196 [46912496791296] INFO perfrun.launcher <> - the option was added --mrte-type: Specify which managed runtimes to collect. Possible values: java - collect information for Java; dotnet - collect information for .NET; python - collect information for CPython. You can specify several values separated by comma.
196 [46912496791296] INFO perfrun.launcher <> - the option was added --mrte-type-list: List supported Java/.NET/other managed runtime types.
196 [46912496791296] INFO perfrun.launcher <> - the option was added --trace-strategy: Specify how to profile a process tree. <string> can be "<process>:trace:notrace" - profile the process but do not profile its children. Shorthand parameters: t - trace, nt - notrace. For example, "vtunedemo.exe:t:t".
196 [46912496791296] INFO perfrun.launcher <> - the option was added --collector: BADMSG: perfrun1.launcher.plugin_manager::collector
196 [46912496791296] INFO perfrun.launcher <> - the option was added --system-wide: Enable system-wide profiling. This mode may require additional permissions.
196 [46912496791296] INFO perfrun.launcher <> - the option was added --kvm-guest: Enable KVM guest OS profiling.
196 [46912496791296] INFO perfrun.launcher <> - the option was added --kvm-guest-kallsyms: Specify a local path to the /proc/kallsyms file copied from the guest OS for proper symbol resolution.
196 [46912496791296] INFO perfrun.launcher <> - the option was added --kvm-guest-modules: Specify a local path to the /proc/modules file copied from the guest OS for proper symbol resolution.
196 [46912496791296] INFO perfrun.launcher <> - the option was added --target-system: BADMSG: perfrun1.launcher.plugin_manager::target-system
196 [46912496791296] INFO perfrun.launcher <> - the option was added --dump-vdso: Dump [vdso] to result directory
196 [46912496791296] INFO perfrun.launcher <> - the option was added --bandwidth-limits: Measure bandwidth limits
197 [46912496791296] INFO perfrun.launcher <> - the option was added --bandwidth-strategy: Bandwidth limits determination specific properties (example: --bandwidth-strategy array-size=0,duration=500).
197 [46912496791296] INFO perfrun.launcher <> - the option was added --bandwidth-config: List of benchmarks to run.
197 [46912496791296] INFO perfrun.launcher <> - the option was added --system-collector-config: Specify subcollectors. Possible values: all, vdso, container, device-info, none.
197 [46912496791296] INFO perfrun.launcher <> - the option was added --itt-config: Specify a sub-set of ITT API to collect.
197 [46912496791296] INFO perfrun.launcher <> - the option was added --itt-debug: Set pseudo-breakpoint at ITT API collector's start to enable the debugger to attach early.
197 [46912496791296] INFO perfrun.launcher <> - the option was added --itt-ring-buffer-multiplier: The size of internal ITT API collector ring buffer, in bytes per second
197 [46912496791296] INFO perfrun.launcher <> - the option was added --ptrace: Ptrace collector.
197 [46912496791296] INFO perfrun.launcher <> - the option was added --target-pid: BADMSG: perfrun1.ptracecollector::target-pid
197 [46912496791296] INFO perfrun.launcher <> - the option was added --ptrace-server-pid: BADMSG: perfrun1.ptracecollector::ptrace-server-pid
197 [46912496791296] INFO perfrun.launcher <> - the option was added --ptrace-trace: BADMSG: perfrun1.ptracecollector::ptrace-trace
197 [46912496791296] INFO perfrun.launcher <> - the option was added --ptrace-time-source: BADMSG: perfrun1.ptracecollector::ptrace-time-source
197 [46912496791296] INFO perfrun.launcher <> - the option was added --ptrace-start-type: BADMSG: perfrun1.ptracecollector::ptrace-start-type
197 [46912496791296] INFO perfrun.launcher <> - the option was added --gpu-config: Specify types of GPU data to be collected. Possible values: preset1, preset2.
197 [46912496791296] INFO perfrun.launcher <> - the option was added --gpu-debug: Enable self-testing of the GPGPU profiling collector.
197 [46912496791296] INFO perfrun.launcher <> - the option was added --stdsrc-config: Specify Standard Sources category tag(s).
197 [46912496791296] INFO perfrun.launcher <> - the option was added --ftrace-config-list: List Linux Ftrace category tag(s).
197 [46912496791296] INFO perfrun.launcher <> - the option was added --ftrace-config: Specify Linux Ftrace category tag(s).
197 [46912496791296] INFO perfrun.launcher <> - the option was added --ftrace-function-groups: Enable tracing of specific groups of functions.
197 [46912496791296] INFO perfrun.launcher <> - the option was added --event-info: BADMSG: perfrun1.stdsrc::event-info
197 [46912496791296] INFO perfrun.launcher <> - the option was added --cpu-list: List supported CPUs.
197 [46912496791296] INFO perfrun.launcher <> - the option was added --target-list: List available targets for performing sampling collection.
197 [46912496791296] INFO perfrun.launcher <> - the option was added --event-value-list: Display event information.
197 [46912496791296] INFO perfrun.launcher <> - the option was added --platform-value-list: Display details of supported platforms.
197 [46912496791296] INFO perfrun.launcher <> - the option was added --uncore-event-list: List uncore events for which a sampling data collection can be performed on this platform.
198 [46912496791296] INFO perfrun.launcher <> - the option was added --modifier-list: Specify the event name <string> for which the modifiers list is requested.
198 [46912496791296] INFO perfrun.launcher <> - the option was added --pmu-list: List supported PMUs.
198 [46912496791296] INFO perfrun.launcher <> - the option was added --os-mode-only: Enable sampling data collection for OS-mode processes only.
198 [46912496791296] INFO perfrun.launcher <> - the option was added --user-mode-only: Enable sampling data collection for user-mode processes only.
198 [46912496791296] INFO perfrun.launcher <> - the option was added --event-config: Perform data collection for the events with <string> configured using the format <event name1>":modifier1=val:modifier2=val/constraint1={:modifier3=val:modifier4=val}...,"<event name2>":... Specify the events(s) to monitor and embed the event names within double quotes("). [:modifier=val] specifies individual event modifiers along with the respective values for a given platform. Note that the modifiers can be generic to an event as well as specific to a constraint (or an event qualifier). The constraint specific special modifiers appear after [/constraint=]. The modifiers can be in decimal or hexadecimal format. Only specific modifiers accept the value as a string. Each event specification is delimited by a comma (,). For a list of supported modifiers and constraints, refer to the documentation.
198 [46912496791296] INFO perfrun.launcher <> - the option was added --chipset-event-config: BADMSG: perfrun1.sep::chipset-event-config
198 [46912496791296] INFO perfrun.launcher <> - the option was added --uncore-event-config: Perform uncore data collection in ebc count mode for the events with <string> configured using the format "<event name1>"...,"<event name2>":... Specify the events(s) to monitor and embed the event names within double quotes(").
198 [46912496791296] INFO perfrun.launcher <> - the option was added --count-emon: Enable counting mode and output the data in EMON format.
198 [46912496791296] INFO perfrun.launcher <> - the option was added --event-based-counts: Enable event-based counting mode. During sampling data collection, event counts data is collected for the list of events specified in -event-config option.
198 [46912496791296] INFO perfrun.launcher <> - the option was added --event-mux-tfactor: Specify the event multiplexing tfactor as <integer> to set the length of the interval between interrupts. The larger the tfactor value, the larger the period between interrupts. Currently this option is only available on Intel platforms codenamed Knights Corner.
198 [46912496791296] INFO perfrun.launcher <> - the option was added --full-pebs-capture: Capture full pebs information.
198 [46912496791296] INFO perfrun.launcher <> - the option was added --last-branch-records: Capture Last Branch Records information.
198 [46912496791296] INFO perfrun.launcher <> - the option was added --pmu-type: Specify the targeted PMU name as <string>.
198 [46912496791296] INFO perfrun.launcher <> - the option was added --platform-type: Specify the targeted platform number as <number>.
198 [46912496791296] INFO perfrun.launcher <> - the option was added --bts-count: Specify the <integer> number of BTS records collected after each sample or context switch (VTSS++ only).
198 [46912496791296] INFO perfrun.launcher <> - the option was added --cpu-mask: Specify which CPU(s) <string> to collect data on. For example, specify "2-8,10,12-14" to sample only CPUs 2 through 8, 10, and 12 through 14.
198 [46912496791296] INFO perfrun.launcher <> - the option was added --event-mux-alg: Specify the event multiplexing algorithm. Possible values: sequence, timer, trigger.
198 [46912496791296] INFO perfrun.launcher <> - the option was added --event-mux-timeslice: Specify the event multiplexing time slice value as <integer>. The time slice specifies the duration between cycles for each event multiplexing group. The default value is 50 milliseconds. This option is valid only for timer-based event multiplexing. Specify the event multiplexing time slice value as <integer>. The time slice specifies the duration between cycles for each event multiplexing group. The default value is 1 millisecond. This option is valid only for timer-based event multiplexing.
198 [46912496791296] INFO perfrun.launcher <> - the option was added --event-mux-factor: Specify the event multiplexing factor as <integer>. It controls the switching of event multiplexing groups. The default factor is 50. This option is valid only for trigger-based event multiplexing. Specify the event multiplexing factor as <integer>. It controls the switching of event multiplexing groups. The default factor is 1. This option is valid only for trigger-based event multiplexing.
198 [46912496791296] INFO perfrun.launcher <> - the option was added --event-mux-trigger: Specify the name of the trigger event for event multiplexing as <string>. This option is valid only for trigger-based event multiplexing. The default trigger is CPU_CLK_UNHALTED.CORE (or CPU_CLK_UNHALTED.THREAD). BADMSG: perfrun1.vtsspp::event-mux-trigger
198 [46912496791296] INFO perfrun.launcher <> - the option was added --pwr-config: BADMSG: perfrun1.vtsspp::pwr-config
198 [46912496791296] INFO perfrun.launcher <> - the option was added --sys-config: BADMSG: perfrun1.vtsspp::sys-config
198 [46912496791296] INFO perfrun.launcher <> - the option was added --pt-mode: BADMSG: perfrun1.vtsspp::pt-mode
198 [46912496791296] INFO perfrun.launcher <> - the option was added --sample-after-multiplier: Specify the sample after multiplier as <double>. This multiplier modifies the sample after value for all the events specified in -event-config option. The values can range from 0.1 to 100.0. SAV multiplier value
198 [46912496791296] INFO perfrun.launcher <> - the option was added --uncore-sampling-interval: Specify the uncore sampling interval as <integer>. This value set the uncore sampling interval for all the uncore events specified in -event-config option.
198 [46912496791296] INFO perfrun.launcher <> - the option was added --count: Enable counting mode. Enable counting mode
198 [46912496791296] INFO perfrun.launcher <> - the option was added --trace-mpi: Configure collector to trace MPI code.
199 [46912496791296] INFO perfrun.launcher <> - the option was added --raw-perf-config: Specify a verified configuration for the Perf collector in the format: <describer>,<content>. For example: map-events-file,<path_to_map_events_file>.
199 [46912496791296] INFO perfrun.launcher <> - the option was added --stackwalk: Specify stack unwinding method. Possible values: online - unwind stacks during collection; offline - unwind stacks after collection is finished. Specify stack unwinding method. Possible value: lbr - unwind stacks during collection. Specify stack unwinding method. Possible values: online - unwind stacks during collection; offline - unwind stacks after collection is finished; lbr - enable LBR-based call stack collection. Specify stack unwinding method. Possible values: online - unwind stacks during collection; offline - unwind stacks after collection is finished. Specify stack unwinding method. Possible values: online - unwind stacks during collection; offline - unwind stacks after collection is finished.
199 [46912496791296] INFO perfrun.launcher <> - the option was added --filter-include: Filter data during collection. Possible values: contended=<on|off> - filter out uncontended events; contended_nostack=<time> - filter out stacks for contended events that take less than <time> microseconds; wait=<time> - ignore transitions and blocks with wait time less than <time> microseconds; wait_nostack=<time> - filter out stacks for waits that take less than <time> microseconds.
199 [46912496791296] INFO perfrun.launcher <> - the option was added --debug-pin: Debug PIN tool and runtime.
199 [46912496791296] INFO perfrun.launcher <> - the option was added --debug-exception: Disallow the application to set own abnormal termination handler.
199 [46912496791296] INFO perfrun.launcher <> - the option was added --trace-type: Specify the trace file granularity. Possible values: per-thread - per-thread trace file generation; per-process - per-process trace file generation.
199 [46912496791296] INFO perfrun.launcher <> - the option was added --instrumentation-type: Specify type of instrumentation.
199 [46912496791296] INFO perfrun.launcher <> - the option was added --altstack: Enable or disable usage of altstacks for profiling signal handlers.
199 [46912496791296] INFO perfrun.launcher <> - the option was added --profiling-signal: BADMSG: perfrun1.ptracecollector::profiling-signal Alternate profiling signal.
199 [46912496791296] INFO perfrun.launcher <> - the option was added --memory-strategy: Specify a minimal memory object size to be traced and a hash table size for faster objects search; for example: --memory-strategy obj-size-min=1024,hash-table-size=4096.
199 [46912496791296] INFO perfrun.launcher <> - the option was added --gpu-profiling-config: Specify a type of deep GPU profiling applied for all kernels and a comma-separated list of GPU kernel names and invocations in the following format: profiling_type[@kernel_name[:start_idx:step:stop_idx]], where profiling_type is one of following: none, bblatency, memlatency; kernel_name is the name of GPU kernel; start_idx is the number of the first invocation; and stop_idx is the number of the last invocation to be profiled.
199 [46912496791296] INFO perfrun.launcher <> - the option was added --custom-collector: Allows to provide arbitrary command line to be run on collection steps.
199 [46912496791296] INFO perfrun.launcher <> - the option was added --exprof-com-list: List available COM ports.
199 [46912496791296] INFO perfrun.launcher <> - the option was added --exprof-dvc-list: List available DvC IDs.
199 [46912496791296] INFO perfrun.launcher <> - the option was added --exprof-trace-channel: BADMSG: perfrun1.exprof::exprof-trace-channel
199 [46912496791296] INFO perfrun.launcher <> - the option was added --exprof-event-config: Specify ExactProfiling Event Classes.
199 [46912496791296] INFO perfrun.launcher <> - the option was added --analyze-dpdk: analyze-dpdk
199 [46912496791296] INFO perfrun.launcher <> - the option was added --network-sampling-interval: network-sampling-interval
199 [46912496791296] INFO perfrun.launcher <> - the option was added --dpdk-file-prefix: dpdk-file-prefix
200 [46912496791296] INFO perfrun.launcher <> - create msngr2::ICliToolContext
200 [46912496791296] INFO perfrun.launcher <> - create file finder object
206 [46912620742400] INFO perfrun.system <> - dumping [vdso] pseudomodule
210 [46912620742400] INFO perfrun.launcher <> - plugin [itt] was disabled because it doesn't support the given collection type.
210 [46912620742400] INFO perfrun.launcher <> - plugin [ptracecollector] was disabled because it doesn't support the given collection type.
210 [46912620742400] INFO perfrun.launcher <> - plugin [gpu] was disabled because it doesn't support the given collection type.
210 [46912620742400] INFO perfrun.launcher <> - plugin [] was disabled because it doesn't support the given collection type.
210 [46912620742400] INFO perfrun.launcher <> - plugin [] was disabled because it doesn't support the given collection type.
210 [46912620742400] INFO perfrun.launcher <> - plugin [] was disabled because it doesn't support the given collection type.
210 [46912620742400] INFO perfrun.launcher <> - plugin [mrte] was disabled because it doesn't support the given collection type.
210 [46912620742400] INFO perfrun.launcher <> - plugin [emon] was disabled because it doesn't support the given collection type.
210 [46912620742400] INFO perfrun.launcher <> - plugin [stdsrc] was disabled because it doesn't support the given collection type.
210 [46912620742400] INFO perfrun.launcher <> - plugin [sep] was disabled because it doesn't support the given collection type.
211 [46912620742400] INFO perfrun.launcher <> - plugin [vtsspp] was disabled because it doesn't support the given collection type.
211 [46912620742400] INFO perfrun.launcher <> - plugin [perf] was disabled because it doesn't support the given collection type.
211 [46912620742400] INFO perfrun.launcher <> - plugin [tpss] was disabled because it doesn't support the given collection type.
211 [46912620742400] INFO perfrun.launcher <> - plugin [cuscol] was disabled because it doesn't support the given collection type.
211 [46912620742400] INFO perfrun.launcher <> - plugin [exprof] was disabled because it doesn't support the given collection type.
211 [46912620742400] INFO perfrun.launcher <> - plugin [dpdk] was disabled because it doesn't support the given collection type.
211 [46912620742400] INFO perfrun.launcher <> - plugin [media] was disabled because it doesn't support the given collection type.
211 [46912620742400] INFO perfrun.commcollector <> - Disabling commcollector because integrity connection type is not used
211 [46912620742400] INFO perfrun.launcher <> - plugin [commcollector] was disabled because it doesn't support the given collection type.
211 [46912620742400] INFO perfrun.launcher <> - plugin [cve] was disabled because it doesn't support the given collection type.
211 [46912496791296] INFO perfrun.launcher <> - Application exit code: 0
211 [46912496791296] INFO perfrun.launcher <> - Exit code: 0
