74 [46912496791296] INFO perfrun.launcher <> - argc = 6; cmdline = /global/common/edison/software/intel/vtune_amplifier_2018.2.0.551022/bin64/amplxe-runss -dump-vdso -r /tmp/amplxe-tmp-fernando/amplxe-res-47562-374984005032177 --tmp-dir /tmp/amplxe-tmp-fernando 
87 [46912496791296] INFO perfrun.launcher <> - plugin system has been added successfully
87 [46912496791296] INFO perfrun.launcher <> - plugin itt has been added successfully
89 [46912496791296] INFO perfrun.launcher <> - plugin ptracecollector has been added successfully
89 [46912496791296] INFO perfrun.launcher <> - plugin gpu has been added successfully
89 [46912496791296] INFO perfrun.launcher <> - plugin  has been added successfully
89 [46912496791296] INFO perfrun.launcher <> - plugin  has been added successfully
89 [46912496791296] INFO perfrun.launcher <> - plugin  has been added successfully
89 [46912496791296] INFO perfrun.launcher <> - plugin mrte has been added successfully
89 [46912496791296] INFO perfrun.launcher <> - plugin emon has been added successfully
90 [46912496791296] INFO perfrun.launcher <> - plugin stdsrc has been added successfully
90 [46912496791296] INFO perfrun.launcher <> - plugin sep has been added successfully
91 [46912496791296] INFO perfrun.launcher <> - plugin vtsspp has been added successfully
91 [46912496791296] INFO perfrun.sdk <> - Reading value (2) from file: /proc/sys/kernel/perf_event_paranoid
99 [46912496791296] INFO perfrun.perfcollector <> - cpu: family = 6 model = 63
99 [46912496791296] INFO perfrun.perfcollector <> - dir found : /sys/bus/event_source/devices/cpu
99 [46912496791296] INFO perfrun.perfcollector <> - format: pc config:19 mask:19
99 [46912496791296] INFO perfrun.perfcollector <> - format: any config:21 mask:21
99 [46912496791296] INFO perfrun.perfcollector <> - format: inv config:23 mask:23
99 [46912496791296] INFO perfrun.perfcollector <> - format: edge config:18 mask:18
99 [46912496791296] INFO perfrun.perfcollector <> - format: cmask config:24-31 mask:24-31
99 [46912496791296] INFO perfrun.perfcollector <> - format: event config:0-7 mask:0-7
99 [46912496791296] INFO perfrun.perfcollector <> - format: in_tx config:32 mask:32
99 [46912496791296] INFO perfrun.perfcollector <> - format: ldlat config1:0-15 mask:0-15
99 [46912496791296] INFO perfrun.perfcollector <> - format: umask config:8-15 mask:8-15
99 [46912496791296] INFO perfrun.perfcollector <> - format: in_tx_cp config:33 mask:33
99 [46912496791296] INFO perfrun.perfcollector <> - format: offcore_rsp config1:0-63 mask:0-63
100 [46912496791296] INFO perfrun.perfcollector <> - hwInfo : PERF_CPU_PMU_DETAILS
100 [46912496791296] INFO perfrun.perfcollector <> - pmu added : family : cpu , id : 0
100 [46912496791296] INFO perfrun.perfcollector <> - dir found : /sys/bus/event_source/devices/msr
100 [46912496791296] INFO perfrun.perfcollector <> - format: event config:0-63 mask:0-63
100 [46912496791296] WARN perfrun.perfcollector <> - pmu hwInfo is not set, at file: vcs/perfrun1/plugins/perfcollector/src/controller.cpp:657
100 [46912496791296] INFO perfrun.perfcollector <> - pmu added : family : msr , id : 0
100 [46912496791296] INFO perfrun.perfcollector <> - dir found : /sys/bus/event_source/devices/uncore_cbox_10
100 [46912496791296] INFO perfrun.perfcollector <> - format: edge config:18 mask:18
100 [46912496791296] INFO perfrun.perfcollector <> - format: event config:0-7 mask:0-7
100 [46912496791296] INFO perfrun.perfcollector <> - format: umask config:8-15 mask:8-15
100 [46912496791296] INFO perfrun.perfcollector <> - format: filter_c6 config1:61 mask:61
100 [46912496791296] INFO perfrun.perfcollector <> - format: filter_nc config1:62 mask:62
100 [46912496791296] INFO perfrun.perfcollector <> - format: filter_isoc config1:63 mask:63
100 [46912496791296] INFO perfrun.perfcollector <> - format: filter_link config1:6-8 mask:6-8
100 [46912496791296] INFO perfrun.perfcollector <> - format: filter_nid config1:32-47 mask:32-47
100 [46912496791296] INFO perfrun.perfcollector <> - format: filter_opc config1:52-60 mask:52-60
100 [46912496791296] INFO perfrun.perfcollector <> - format: filter_tid config1:0-5 mask:0-5
100 [46912496791296] INFO perfrun.perfcollector <> - format: tid_en config:19 mask:19
100 [46912496791296] INFO perfrun.perfcollector <> - format: thresh config:24-31 mask:24-31
100 [46912496791296] INFO perfrun.perfcollector <> - format: filter_state config1:17-23 mask:17-23
100 [46912496791296] WARN perfrun.perfcollector <> - pmu hwInfo is not set, at file: vcs/perfrun1/plugins/perfcollector/src/controller.cpp:657
101 [46912496791296] INFO perfrun.perfcollector <> - pmu added : family : uncore_cbox , id : 10
101 [46912496791296] INFO perfrun.perfcollector <> - dir found : /sys/bus/event_source/devices/uncore_cbox_11
101 [46912496791296] INFO perfrun.perfcollector <> - format: edge config:18 mask:18
101 [46912496791296] INFO perfrun.perfcollector <> - format: event config:0-7 mask:0-7
101 [46912496791296] INFO perfrun.perfcollector <> - format: umask config:8-15 mask:8-15
101 [46912496791296] INFO perfrun.perfcollector <> - format: filter_c6 config1:61 mask:61
101 [46912496791296] INFO perfrun.perfcollector <> - format: filter_nc config1:62 mask:62
101 [46912496791296] INFO perfrun.perfcollector <> - format: filter_isoc config1:63 mask:63
101 [46912496791296] INFO perfrun.perfcollector <> - format: filter_link config1:6-8 mask:6-8
101 [46912496791296] INFO perfrun.perfcollector <> - format: filter_nid config1:32-47 mask:32-47
101 [46912496791296] INFO perfrun.perfcollector <> - format: filter_opc config1:52-60 mask:52-60
101 [46912496791296] INFO perfrun.perfcollector <> - format: filter_tid config1:0-5 mask:0-5
101 [46912496791296] INFO perfrun.perfcollector <> - format: tid_en config:19 mask:19
101 [46912496791296] INFO perfrun.perfcollector <> - format: thresh config:24-31 mask:24-31
101 [46912496791296] INFO perfrun.perfcollector <> - format: filter_state config1:17-23 mask:17-23
101 [46912496791296] WARN perfrun.perfcollector <> - pmu hwInfo is not set, at file: vcs/perfrun1/plugins/perfcollector/src/controller.cpp:657
101 [46912496791296] INFO perfrun.perfcollector <> - pmu added : family : uncore_cbox , id : 11
101 [46912496791296] INFO perfrun.perfcollector <> - dir found : /sys/bus/event_source/devices/uncore_cbox_12
101 [46912496791296] INFO perfrun.perfcollector <> - format: edge config:18 mask:18
101 [46912496791296] INFO perfrun.perfcollector <> - format: event config:0-7 mask:0-7
101 [46912496791296] INFO perfrun.perfcollector <> - format: umask config:8-15 mask:8-15
101 [46912496791296] INFO perfrun.perfcollector <> - format: filter_c6 config1:61 mask:61
101 [46912496791296] INFO perfrun.perfcollector <> - format: filter_nc config1:62 mask:62
101 [46912496791296] INFO perfrun.perfcollector <> - format: filter_isoc config1:63 mask:63
102 [46912496791296] INFO perfrun.perfcollector <> - format: filter_link config1:6-8 mask:6-8
102 [46912496791296] INFO perfrun.perfcollector <> - format: filter_nid config1:32-47 mask:32-47
102 [46912496791296] INFO perfrun.perfcollector <> - format: filter_opc config1:52-60 mask:52-60
102 [46912496791296] INFO perfrun.perfcollector <> - format: filter_tid config1:0-5 mask:0-5
102 [46912496791296] INFO perfrun.perfcollector <> - format: tid_en config:19 mask:19
102 [46912496791296] INFO perfrun.perfcollector <> - format: thresh config:24-31 mask:24-31
102 [46912496791296] INFO perfrun.perfcollector <> - format: filter_state config1:17-23 mask:17-23
102 [46912496791296] WARN perfrun.perfcollector <> - pmu hwInfo is not set, at file: vcs/perfrun1/plugins/perfcollector/src/controller.cpp:657
102 [46912496791296] INFO perfrun.perfcollector <> - pmu added : family : uncore_cbox , id : 12
102 [46912496791296] INFO perfrun.perfcollector <> - dir found : /sys/bus/event_source/devices/uncore_cbox_13
102 [46912496791296] INFO perfrun.perfcollector <> - format: edge config:18 mask:18
102 [46912496791296] INFO perfrun.perfcollector <> - format: event config:0-7 mask:0-7
102 [46912496791296] INFO perfrun.perfcollector <> - format: umask config:8-15 mask:8-15
102 [46912496791296] INFO perfrun.perfcollector <> - format: filter_c6 config1:61 mask:61
102 [46912496791296] INFO perfrun.perfcollector <> - format: filter_nc config1:62 mask:62
102 [46912496791296] INFO perfrun.perfcollector <> - format: filter_isoc config1:63 mask:63
102 [46912496791296] INFO perfrun.perfcollector <> - format: filter_link config1:6-8 mask:6-8
102 [46912496791296] INFO perfrun.perfcollector <> - format: filter_nid config1:32-47 mask:32-47
102 [46912496791296] INFO perfrun.perfcollector <> - format: filter_opc config1:52-60 mask:52-60
102 [46912496791296] INFO perfrun.perfcollector <> - format: filter_tid config1:0-5 mask:0-5
102 [46912496791296] INFO perfrun.perfcollector <> - format: tid_en config:19 mask:19
102 [46912496791296] INFO perfrun.perfcollector <> - format: thresh config:24-31 mask:24-31
102 [46912496791296] INFO perfrun.perfcollector <> - format: filter_state config1:17-23 mask:17-23
102 [46912496791296] WARN perfrun.perfcollector <> - pmu hwInfo is not set, at file: vcs/perfrun1/plugins/perfcollector/src/controller.cpp:657
103 [46912496791296] INFO perfrun.perfcollector <> - pmu added : family : uncore_cbox , id : 13
103 [46912496791296] INFO perfrun.perfcollector <> - dir found : /sys/bus/event_source/devices/uncore_cbox_14
103 [46912496791296] INFO perfrun.perfcollector <> - format: edge config:18 mask:18
103 [46912496791296] INFO perfrun.perfcollector <> - format: event config:0-7 mask:0-7
103 [46912496791296] INFO perfrun.perfcollector <> - format: umask config:8-15 mask:8-15
103 [46912496791296] INFO perfrun.perfcollector <> - format: filter_c6 config1:61 mask:61
103 [46912496791296] INFO perfrun.perfcollector <> - format: filter_nc config1:62 mask:62
103 [46912496791296] INFO perfrun.perfcollector <> - format: filter_isoc config1:63 mask:63
103 [46912496791296] INFO perfrun.perfcollector <> - format: filter_link config1:6-8 mask:6-8
103 [46912496791296] INFO perfrun.perfcollector <> - format: filter_nid config1:32-47 mask:32-47
103 [46912496791296] INFO perfrun.perfcollector <> - format: filter_opc config1:52-60 mask:52-60
103 [46912496791296] INFO perfrun.perfcollector <> - format: filter_tid config1:0-5 mask:0-5
103 [46912496791296] INFO perfrun.perfcollector <> - format: tid_en config:19 mask:19
103 [46912496791296] INFO perfrun.perfcollector <> - format: thresh config:24-31 mask:24-31
103 [46912496791296] INFO perfrun.perfcollector <> - format: filter_state config1:17-23 mask:17-23
103 [46912496791296] WARN perfrun.perfcollector <> - pmu hwInfo is not set, at file: vcs/perfrun1/plugins/perfcollector/src/controller.cpp:657
103 [46912496791296] INFO perfrun.perfcollector <> - pmu added : family : uncore_cbox , id : 14
103 [46912496791296] INFO perfrun.perfcollector <> - dir found : /sys/bus/event_source/devices/uncore_cbox_15
103 [46912496791296] INFO perfrun.perfcollector <> - format: edge config:18 mask:18
103 [46912496791296] INFO perfrun.perfcollector <> - format: event config:0-7 mask:0-7
103 [46912496791296] INFO perfrun.perfcollector <> - format: umask config:8-15 mask:8-15
103 [46912496791296] INFO perfrun.perfcollector <> - format: filter_c6 config1:61 mask:61
103 [46912496791296] INFO perfrun.perfcollector <> - format: filter_nc config1:62 mask:62
104 [46912496791296] INFO perfrun.perfcollector <> - format: filter_isoc config1:63 mask:63
104 [46912496791296] INFO perfrun.perfcollector <> - format: filter_link config1:6-8 mask:6-8
104 [46912496791296] INFO perfrun.perfcollector <> - format: filter_nid config1:32-47 mask:32-47
104 [46912496791296] INFO perfrun.perfcollector <> - format: filter_opc config1:52-60 mask:52-60
104 [46912496791296] INFO perfrun.perfcollector <> - format: filter_tid config1:0-5 mask:0-5
104 [46912496791296] INFO perfrun.perfcollector <> - format: tid_en config:19 mask:19
104 [46912496791296] INFO perfrun.perfcollector <> - format: thresh config:24-31 mask:24-31
104 [46912496791296] INFO perfrun.perfcollector <> - format: filter_state config1:17-23 mask:17-23
104 [46912496791296] WARN perfrun.perfcollector <> - pmu hwInfo is not set, at file: vcs/perfrun1/plugins/perfcollector/src/controller.cpp:657
104 [46912496791296] INFO perfrun.perfcollector <> - pmu added : family : uncore_cbox , id : 15
104 [46912496791296] INFO perfrun.perfcollector <> - dir found : /sys/bus/event_source/devices/software
104 [46912496791296] WARN perfrun.perfcollector <> - format subdir doesn't exist, at file: vcs/perfrun1/plugins/perfcollector/src/controller.cpp:578
104 [46912496791296] WARN perfrun.perfcollector <> - pmu hwInfo is not set, at file: vcs/perfrun1/plugins/perfcollector/src/controller.cpp:657
104 [46912496791296] INFO perfrun.perfcollector <> - pmu added : family : software , id : 0
104 [46912496791296] INFO perfrun.perfcollector <> - dir found : /sys/bus/event_source/devices/power
104 [46912496791296] INFO perfrun.perfcollector <> - format: event config:0-7 mask:0-7
104 [46912496791296] WARN perfrun.perfcollector <> - pmu hwInfo is not set, at file: vcs/perfrun1/plugins/perfcollector/src/controller.cpp:657
104 [46912496791296] INFO perfrun.perfcollector <> - pmu added : family : power , id : 0
105 [46912496791296] INFO perfrun.perfcollector <> - dir found : /sys/bus/event_source/devices/uncore_pcu
105 [46912496791296] INFO perfrun.perfcollector <> - format: inv config:23 mask:23
105 [46912496791296] INFO perfrun.perfcollector <> - format: occ_invert config:30 mask:30
105 [46912496791296] INFO perfrun.perfcollector <> - format: edge config:18 mask:18
105 [46912496791296] INFO perfrun.perfcollector <> - format: event config:0-7,21 mask:0-7,21
105 [46912496791296] INFO perfrun.perfcollector <> - format: occ_sel config:14-15 mask:14-15
105 [46912496791296] INFO perfrun.perfcollector <> - format: thresh config:24-28 mask:24-28
105 [46912496791296] INFO perfrun.perfcollector <> - format: filter_band0 config1:0-7 mask:0-7
105 [46912496791296] INFO perfrun.perfcollector <> - format: filter_band1 config1:8-15 mask:8-15
105 [46912496791296] INFO perfrun.perfcollector <> - format: filter_band2 config1:16-23 mask:16-23
105 [46912496791296] INFO perfrun.perfcollector <> - format: filter_band3 config1:24-31 mask:24-31
105 [46912496791296] INFO perfrun.perfcollector <> - format: occ_edge config:14-51 mask:14-51
105 [46912496791296] WARN perfrun.perfcollector <> - pmu hwInfo is not set, at file: vcs/perfrun1/plugins/perfcollector/src/controller.cpp:657
105 [46912496791296] INFO perfrun.perfcollector <> - pmu added : family : uncore_pcu , id : 0
106 [46912496791296] INFO perfrun.perfcollector <> - dir found : /sys/bus/event_source/devices/tracepoint
106 [46912496791296] WARN perfrun.perfcollector <> - format subdir doesn't exist, at file: vcs/perfrun1/plugins/perfcollector/src/controller.cpp:578
106 [46912496791296] WARN perfrun.perfcollector <> - pmu hwInfo is not set, at file: vcs/perfrun1/plugins/perfcollector/src/controller.cpp:657
106 [46912496791296] INFO perfrun.perfcollector <> - pmu added : family : tracepoint , id : 0
106 [46912496791296] INFO perfrun.perfcollector <> - dir found : /sys/bus/event_source/devices/uncore_imc_0
106 [46912496791296] INFO perfrun.perfcollector <> - format: inv config:23 mask:23
106 [46912496791296] INFO perfrun.perfcollector <> - format: edge config:18 mask:18
106 [46912496791296] INFO perfrun.perfcollector <> - format: event config:0-7 mask:0-7
106 [46912496791296] INFO perfrun.perfcollector <> - format: umask config:8-15 mask:8-15
106 [46912496791296] INFO perfrun.perfcollector <> - format: thresh config:24-31 mask:24-31
106 [46912496791296] INFO perfrun.perfcollector <> - hwInfo : PERF_IMC_PMU_DETAILS
106 [46912496791296] INFO perfrun.perfcollector <> - pmu added : family : uncore_imc , id : 0
106 [46912496791296] INFO perfrun.perfcollector <> - dir found : /sys/bus/event_source/devices/uncore_imc_1
106 [46912496791296] INFO perfrun.perfcollector <> - format: inv config:23 mask:23
106 [46912496791296] INFO perfrun.perfcollector <> - format: edge config:18 mask:18
106 [46912496791296] INFO perfrun.perfcollector <> - format: event config:0-7 mask:0-7
106 [46912496791296] INFO perfrun.perfcollector <> - format: umask config:8-15 mask:8-15
106 [46912496791296] INFO perfrun.perfcollector <> - format: thresh config:24-31 mask:24-31
106 [46912496791296] INFO perfrun.perfcollector <> - hwInfo : PERF_IMC_PMU_DETAILS
106 [46912496791296] INFO perfrun.perfcollector <> - pmu added : family : uncore_imc , id : 1
106 [46912496791296] INFO perfrun.perfcollector <> - dir found : /sys/bus/event_source/devices/uncore_imc_4
106 [46912496791296] INFO perfrun.perfcollector <> - format: inv config:23 mask:23
106 [46912496791296] INFO perfrun.perfcollector <> - format: edge config:18 mask:18
106 [46912496791296] INFO perfrun.perfcollector <> - format: event config:0-7 mask:0-7
106 [46912496791296] INFO perfrun.perfcollector <> - format: umask config:8-15 mask:8-15
106 [46912496791296] INFO perfrun.perfcollector <> - format: thresh config:24-31 mask:24-31
106 [46912496791296] INFO perfrun.perfcollector <> - hwInfo : PERF_IMC_PMU_DETAILS
107 [46912496791296] INFO perfrun.perfcollector <> - pmu added : family : uncore_imc , id : 4
107 [46912496791296] INFO perfrun.perfcollector <> - dir found : /sys/bus/event_source/devices/uncore_imc_5
107 [46912496791296] INFO perfrun.perfcollector <> - format: inv config:23 mask:23
107 [46912496791296] INFO perfrun.perfcollector <> - format: edge config:18 mask:18
107 [46912496791296] INFO perfrun.perfcollector <> - format: event config:0-7 mask:0-7
107 [46912496791296] INFO perfrun.perfcollector <> - format: umask config:8-15 mask:8-15
107 [46912496791296] INFO perfrun.perfcollector <> - format: thresh config:24-31 mask:24-31
107 [46912496791296] INFO perfrun.perfcollector <> - hwInfo : PERF_IMC_PMU_DETAILS
107 [46912496791296] INFO perfrun.perfcollector <> - pmu added : family : uncore_imc , id : 5
107 [46912496791296] INFO perfrun.perfcollector <> - dir found : /sys/bus/event_source/devices/uncore_qpi_0
107 [46912496791296] INFO perfrun.perfcollector <> - format: inv config:23 mask:23
107 [46912496791296] INFO perfrun.perfcollector <> - format: edge config:18 mask:18
107 [46912496791296] INFO perfrun.perfcollector <> - format: match_rnid4 config1:31 mask:31
107 [46912496791296] INFO perfrun.perfcollector <> - format: event config:0-7,21 mask:0-7,21
107 [46912496791296] INFO perfrun.perfcollector <> - format: mask0 config2:0-31 mask:0-31
107 [46912496791296] INFO perfrun.perfcollector <> - format: mask1 config2:32-63 mask:32-63
107 [46912496791296] INFO perfrun.perfcollector <> - format: umask config:8-15 mask:8-15
107 [46912496791296] INFO perfrun.perfcollector <> - format: mask_rnid30 config2:32-35 mask:32-35
107 [46912496791296] INFO perfrun.perfcollector <> - format: match_rnid30 config1:32-35 mask:32-35
107 [46912496791296] INFO perfrun.perfcollector <> - format: match_dnid config1:13-17 mask:13-17
107 [46912496791296] INFO perfrun.perfcollector <> - format: mask_mc config2:9-12 mask:9-12
107 [46912496791296] INFO perfrun.perfcollector <> - format: mask_dnid config2:13-17 mask:13-17
107 [46912496791296] INFO perfrun.perfcollector <> - format: match_opc config1:5-8 mask:5-8
107 [46912496791296] INFO perfrun.perfcollector <> - format: match_rds config1:48-51 mask:48-51
107 [46912496791296] INFO perfrun.perfcollector <> - format: match_vnw config1:3-4 mask:3-4
108 [46912496791296] INFO perfrun.perfcollector <> - format: mask_opc config2:5-8 mask:5-8
108 [46912496791296] INFO perfrun.perfcollector <> - format: mask_rds config2:48-51 mask:48-51
108 [46912496791296] INFO perfrun.perfcollector <> - format: mask_vnw config2:3-4 mask:3-4
108 [46912496791296] INFO perfrun.perfcollector <> - format: match_mc config1:9-12 mask:9-12
108 [46912496791296] INFO perfrun.perfcollector <> - format: match0 config1:0-31 mask:0-31
108 [46912496791296] INFO perfrun.perfcollector <> - format: match1 config1:32-63 mask:32-63
108 [46912496791296] INFO perfrun.perfcollector <> - format: mask_rnid4 config2:31 mask:31
108 [46912496791296] INFO perfrun.perfcollector <> - format: thresh config:24-31 mask:24-31
108 [46912496791296] INFO perfrun.perfcollector <> - hwInfo : PERF_QPI_PMU_DETAILS
108 [46912496791296] INFO perfrun.perfcollector <> - pmu added : family : uncore_qpi , id : 0
108 [46912496791296] INFO perfrun.perfcollector <> - dir found : /sys/bus/event_source/devices/uncore_qpi_1
108 [46912496791296] INFO perfrun.perfcollector <> - format: inv config:23 mask:23
108 [46912496791296] INFO perfrun.perfcollector <> - format: edge config:18 mask:18
108 [46912496791296] INFO perfrun.perfcollector <> - format: match_rnid4 config1:31 mask:31
108 [46912496791296] INFO perfrun.perfcollector <> - format: event config:0-7,21 mask:0-7,21
108 [46912496791296] INFO perfrun.perfcollector <> - format: mask0 config2:0-31 mask:0-31
108 [46912496791296] INFO perfrun.perfcollector <> - format: mask1 config2:32-63 mask:32-63
108 [46912496791296] INFO perfrun.perfcollector <> - format: umask config:8-15 mask:8-15
108 [46912496791296] INFO perfrun.perfcollector <> - format: mask_rnid30 config2:32-35 mask:32-35
108 [46912496791296] INFO perfrun.perfcollector <> - format: match_rnid30 config1:32-35 mask:32-35
109 [46912496791296] INFO perfrun.perfcollector <> - format: match_dnid config1:13-17 mask:13-17
109 [46912496791296] INFO perfrun.perfcollector <> - format: mask_mc config2:9-12 mask:9-12
109 [46912496791296] INFO perfrun.perfcollector <> - format: mask_dnid config2:13-17 mask:13-17
109 [46912496791296] INFO perfrun.perfcollector <> - format: match_opc config1:5-8 mask:5-8
109 [46912496791296] INFO perfrun.perfcollector <> - format: match_rds config1:48-51 mask:48-51
109 [46912496791296] INFO perfrun.perfcollector <> - format: match_vnw config1:3-4 mask:3-4
109 [46912496791296] INFO perfrun.perfcollector <> - format: mask_opc config2:5-8 mask:5-8
109 [46912496791296] INFO perfrun.perfcollector <> - format: mask_rds config2:48-51 mask:48-51
109 [46912496791296] INFO perfrun.perfcollector <> - format: mask_vnw config2:3-4 mask:3-4
109 [46912496791296] INFO perfrun.perfcollector <> - format: match_mc config1:9-12 mask:9-12
109 [46912496791296] INFO perfrun.perfcollector <> - format: match0 config1:0-31 mask:0-31
109 [46912496791296] INFO perfrun.perfcollector <> - format: match1 config1:32-63 mask:32-63
109 [46912496791296] INFO perfrun.perfcollector <> - format: mask_rnid4 config2:31 mask:31
109 [46912496791296] INFO perfrun.perfcollector <> - format: thresh config:24-31 mask:24-31
109 [46912496791296] INFO perfrun.perfcollector <> - hwInfo : PERF_QPI_PMU_DETAILS
109 [46912496791296] INFO perfrun.perfcollector <> - pmu added : family : uncore_qpi , id : 1
109 [46912496791296] INFO perfrun.perfcollector <> - dir found : /sys/bus/event_source/devices/uncore_cbox_0
109 [46912496791296] INFO perfrun.perfcollector <> - format: edge config:18 mask:18
109 [46912496791296] INFO perfrun.perfcollector <> - format: event config:0-7 mask:0-7
109 [46912496791296] INFO perfrun.perfcollector <> - format: umask config:8-15 mask:8-15
109 [46912496791296] INFO perfrun.perfcollector <> - format: filter_c6 config1:61 mask:61
109 [46912496791296] INFO perfrun.perfcollector <> - format: filter_nc config1:62 mask:62
109 [46912496791296] INFO perfrun.perfcollector <> - format: filter_isoc config1:63 mask:63
109 [46912496791296] INFO perfrun.perfcollector <> - format: filter_link config1:6-8 mask:6-8
109 [46912496791296] INFO perfrun.perfcollector <> - format: filter_nid config1:32-47 mask:32-47
110 [46912496791296] INFO perfrun.perfcollector <> - format: filter_opc config1:52-60 mask:52-60
110 [46912496791296] INFO perfrun.perfcollector <> - format: filter_tid config1:0-5 mask:0-5
110 [46912496791296] INFO perfrun.perfcollector <> - format: tid_en config:19 mask:19
110 [46912496791296] INFO perfrun.perfcollector <> - format: thresh config:24-31 mask:24-31
110 [46912496791296] INFO perfrun.perfcollector <> - format: filter_state config1:17-23 mask:17-23
110 [46912496791296] WARN perfrun.perfcollector <> - pmu hwInfo is not set, at file: vcs/perfrun1/plugins/perfcollector/src/controller.cpp:657
110 [46912496791296] INFO perfrun.perfcollector <> - pmu added : family : uncore_cbox , id : 0
110 [46912496791296] INFO perfrun.perfcollector <> - dir found : /sys/bus/event_source/devices/uncore_cbox_1
110 [46912496791296] INFO perfrun.perfcollector <> - format: edge config:18 mask:18
110 [46912496791296] INFO perfrun.perfcollector <> - format: event config:0-7 mask:0-7
110 [46912496791296] INFO perfrun.perfcollector <> - format: umask config:8-15 mask:8-15
110 [46912496791296] INFO perfrun.perfcollector <> - format: filter_c6 config1:61 mask:61
110 [46912496791296] INFO perfrun.perfcollector <> - format: filter_nc config1:62 mask:62
110 [46912496791296] INFO perfrun.perfcollector <> - format: filter_isoc config1:63 mask:63
110 [46912496791296] INFO perfrun.perfcollector <> - format: filter_link config1:6-8 mask:6-8
110 [46912496791296] INFO perfrun.perfcollector <> - format: filter_nid config1:32-47 mask:32-47
110 [46912496791296] INFO perfrun.perfcollector <> - format: filter_opc config1:52-60 mask:52-60
110 [46912496791296] INFO perfrun.perfcollector <> - format: filter_tid config1:0-5 mask:0-5
110 [46912496791296] INFO perfrun.perfcollector <> - format: tid_en config:19 mask:19
110 [46912496791296] INFO perfrun.perfcollector <> - format: thresh config:24-31 mask:24-31
110 [46912496791296] INFO perfrun.perfcollector <> - format: filter_state config1:17-23 mask:17-23
110 [46912496791296] WARN perfrun.perfcollector <> - pmu hwInfo is not set, at file: vcs/perfrun1/plugins/perfcollector/src/controller.cpp:657
110 [46912496791296] INFO perfrun.perfcollector <> - pmu added : family : uncore_cbox , id : 1
110 [46912496791296] INFO perfrun.perfcollector <> - dir found : /sys/bus/event_source/devices/uncore_cbox_2
110 [46912496791296] INFO perfrun.perfcollector <> - format: edge config:18 mask:18
110 [46912496791296] INFO perfrun.perfcollector <> - format: event config:0-7 mask:0-7
111 [46912496791296] INFO perfrun.perfcollector <> - format: umask config:8-15 mask:8-15
111 [46912496791296] INFO perfrun.perfcollector <> - format: filter_c6 config1:61 mask:61
111 [46912496791296] INFO perfrun.perfcollector <> - format: filter_nc config1:62 mask:62
111 [46912496791296] INFO perfrun.perfcollector <> - format: filter_isoc config1:63 mask:63
111 [46912496791296] INFO perfrun.perfcollector <> - format: filter_link config1:6-8 mask:6-8
111 [46912496791296] INFO perfrun.perfcollector <> - format: filter_nid config1:32-47 mask:32-47
111 [46912496791296] INFO perfrun.perfcollector <> - format: filter_opc config1:52-60 mask:52-60
111 [46912496791296] INFO perfrun.perfcollector <> - format: filter_tid config1:0-5 mask:0-5
111 [46912496791296] INFO perfrun.perfcollector <> - format: tid_en config:19 mask:19
111 [46912496791296] INFO perfrun.perfcollector <> - format: thresh config:24-31 mask:24-31
111 [46912496791296] INFO perfrun.perfcollector <> - format: filter_state config1:17-23 mask:17-23
111 [46912496791296] WARN perfrun.perfcollector <> - pmu hwInfo is not set, at file: vcs/perfrun1/plugins/perfcollector/src/controller.cpp:657
111 [46912496791296] INFO perfrun.perfcollector <> - pmu added : family : uncore_cbox , id : 2
111 [46912496791296] INFO perfrun.perfcollector <> - dir found : /sys/bus/event_source/devices/uncore_cbox_3
111 [46912496791296] INFO perfrun.perfcollector <> - format: edge config:18 mask:18
111 [46912496791296] INFO perfrun.perfcollector <> - format: event config:0-7 mask:0-7
111 [46912496791296] INFO perfrun.perfcollector <> - format: umask config:8-15 mask:8-15
111 [46912496791296] INFO perfrun.perfcollector <> - format: filter_c6 config1:61 mask:61
111 [46912496791296] INFO perfrun.perfcollector <> - format: filter_nc config1:62 mask:62
111 [46912496791296] INFO perfrun.perfcollector <> - format: filter_isoc config1:63 mask:63
111 [46912496791296] INFO perfrun.perfcollector <> - format: filter_link config1:6-8 mask:6-8
111 [46912496791296] INFO perfrun.perfcollector <> - format: filter_nid config1:32-47 mask:32-47
111 [46912496791296] INFO perfrun.perfcollector <> - format: filter_opc config1:52-60 mask:52-60
111 [46912496791296] INFO perfrun.perfcollector <> - format: filter_tid config1:0-5 mask:0-5
111 [46912496791296] INFO perfrun.perfcollector <> - format: tid_en config:19 mask:19
111 [46912496791296] INFO perfrun.perfcollector <> - format: thresh config:24-31 mask:24-31
112 [46912496791296] INFO perfrun.perfcollector <> - format: filter_state config1:17-23 mask:17-23
112 [46912496791296] WARN perfrun.perfcollector <> - pmu hwInfo is not set, at file: vcs/perfrun1/plugins/perfcollector/src/controller.cpp:657
112 [46912496791296] INFO perfrun.perfcollector <> - pmu added : family : uncore_cbox , id : 3
112 [46912496791296] INFO perfrun.perfcollector <> - dir found : /sys/bus/event_source/devices/uncore_cbox_4
112 [46912496791296] INFO perfrun.perfcollector <> - format: edge config:18 mask:18
112 [46912496791296] INFO perfrun.perfcollector <> - format: event config:0-7 mask:0-7
112 [46912496791296] INFO perfrun.perfcollector <> - format: umask config:8-15 mask:8-15
112 [46912496791296] INFO perfrun.perfcollector <> - format: filter_c6 config1:61 mask:61
112 [46912496791296] INFO perfrun.perfcollector <> - format: filter_nc config1:62 mask:62
112 [46912496791296] INFO perfrun.perfcollector <> - format: filter_isoc config1:63 mask:63
112 [46912496791296] INFO perfrun.perfcollector <> - format: filter_link config1:6-8 mask:6-8
112 [46912496791296] INFO perfrun.perfcollector <> - format: filter_nid config1:32-47 mask:32-47
112 [46912496791296] INFO perfrun.perfcollector <> - format: filter_opc config1:52-60 mask:52-60
112 [46912496791296] INFO perfrun.perfcollector <> - format: filter_tid config1:0-5 mask:0-5
112 [46912496791296] INFO perfrun.perfcollector <> - format: tid_en config:19 mask:19
112 [46912496791296] INFO perfrun.perfcollector <> - format: thresh config:24-31 mask:24-31
112 [46912496791296] INFO perfrun.perfcollector <> - format: filter_state config1:17-23 mask:17-23
112 [46912496791296] WARN perfrun.perfcollector <> - pmu hwInfo is not set, at file: vcs/perfrun1/plugins/perfcollector/src/controller.cpp:657
113 [46912496791296] INFO perfrun.perfcollector <> - pmu added : family : uncore_cbox , id : 4
113 [46912496791296] INFO perfrun.perfcollector <> - dir found : /sys/bus/event_source/devices/uncore_cbox_5
113 [46912496791296] INFO perfrun.perfcollector <> - format: edge config:18 mask:18
113 [46912496791296] INFO perfrun.perfcollector <> - format: event config:0-7 mask:0-7
113 [46912496791296] INFO perfrun.perfcollector <> - format: umask config:8-15 mask:8-15
113 [46912496791296] INFO perfrun.perfcollector <> - format: filter_c6 config1:61 mask:61
113 [46912496791296] INFO perfrun.perfcollector <> - format: filter_nc config1:62 mask:62
113 [46912496791296] INFO perfrun.perfcollector <> - format: filter_isoc config1:63 mask:63
113 [46912496791296] INFO perfrun.perfcollector <> - format: filter_link config1:6-8 mask:6-8
113 [46912496791296] INFO perfrun.perfcollector <> - format: filter_nid config1:32-47 mask:32-47
113 [46912496791296] INFO perfrun.perfcollector <> - format: filter_opc config1:52-60 mask:52-60
113 [46912496791296] INFO perfrun.perfcollector <> - format: filter_tid config1:0-5 mask:0-5
113 [46912496791296] INFO perfrun.perfcollector <> - format: tid_en config:19 mask:19
113 [46912496791296] INFO perfrun.perfcollector <> - format: thresh config:24-31 mask:24-31
113 [46912496791296] INFO perfrun.perfcollector <> - format: filter_state config1:17-23 mask:17-23
113 [46912496791296] WARN perfrun.perfcollector <> - pmu hwInfo is not set, at file: vcs/perfrun1/plugins/perfcollector/src/controller.cpp:657
113 [46912496791296] INFO perfrun.perfcollector <> - pmu added : family : uncore_cbox , id : 5
113 [46912496791296] INFO perfrun.perfcollector <> - dir found : /sys/bus/event_source/devices/uncore_cbox_6
113 [46912496791296] INFO perfrun.perfcollector <> - format: edge config:18 mask:18
113 [46912496791296] INFO perfrun.perfcollector <> - format: event config:0-7 mask:0-7
113 [46912496791296] INFO perfrun.perfcollector <> - format: umask config:8-15 mask:8-15
113 [46912496791296] INFO perfrun.perfcollector <> - format: filter_c6 config1:61 mask:61
113 [46912496791296] INFO perfrun.perfcollector <> - format: filter_nc config1:62 mask:62
113 [46912496791296] INFO perfrun.perfcollector <> - format: filter_isoc config1:63 mask:63
113 [46912496791296] INFO perfrun.perfcollector <> - format: filter_link config1:6-8 mask:6-8
114 [46912496791296] INFO perfrun.perfcollector <> - format: filter_nid config1:32-47 mask:32-47
114 [46912496791296] INFO perfrun.perfcollector <> - format: filter_opc config1:52-60 mask:52-60
114 [46912496791296] INFO perfrun.perfcollector <> - format: filter_tid config1:0-5 mask:0-5
114 [46912496791296] INFO perfrun.perfcollector <> - format: tid_en config:19 mask:19
114 [46912496791296] INFO perfrun.perfcollector <> - format: thresh config:24-31 mask:24-31
114 [46912496791296] INFO perfrun.perfcollector <> - format: filter_state config1:17-23 mask:17-23
114 [46912496791296] WARN perfrun.perfcollector <> - pmu hwInfo is not set, at file: vcs/perfrun1/plugins/perfcollector/src/controller.cpp:657
114 [46912496791296] INFO perfrun.perfcollector <> - pmu added : family : uncore_cbox , id : 6
114 [46912496791296] INFO perfrun.perfcollector <> - dir found : /sys/bus/event_source/devices/uncore_cbox_7
114 [46912496791296] INFO perfrun.perfcollector <> - format: edge config:18 mask:18
114 [46912496791296] INFO perfrun.perfcollector <> - format: event config:0-7 mask:0-7
114 [46912496791296] INFO perfrun.perfcollector <> - format: umask config:8-15 mask:8-15
114 [46912496791296] INFO perfrun.perfcollector <> - format: filter_c6 config1:61 mask:61
114 [46912496791296] INFO perfrun.perfcollector <> - format: filter_nc config1:62 mask:62
114 [46912496791296] INFO perfrun.perfcollector <> - format: filter_isoc config1:63 mask:63
114 [46912496791296] INFO perfrun.perfcollector <> - format: filter_link config1:6-8 mask:6-8
114 [46912496791296] INFO perfrun.perfcollector <> - format: filter_nid config1:32-47 mask:32-47
114 [46912496791296] INFO perfrun.perfcollector <> - format: filter_opc config1:52-60 mask:52-60
114 [46912496791296] INFO perfrun.perfcollector <> - format: filter_tid config1:0-5 mask:0-5
114 [46912496791296] INFO perfrun.perfcollector <> - format: tid_en config:19 mask:19
114 [46912496791296] INFO perfrun.perfcollector <> - format: thresh config:24-31 mask:24-31
114 [46912496791296] INFO perfrun.perfcollector <> - format: filter_state config1:17-23 mask:17-23
114 [46912496791296] WARN perfrun.perfcollector <> - pmu hwInfo is not set, at file: vcs/perfrun1/plugins/perfcollector/src/controller.cpp:657
114 [46912496791296] INFO perfrun.perfcollector <> - pmu added : family : uncore_cbox , id : 7
114 [46912496791296] INFO perfrun.perfcollector <> - dir found : /sys/bus/event_source/devices/uncore_cbox_8
115 [46912496791296] INFO perfrun.perfcollector <> - format: edge config:18 mask:18
115 [46912496791296] INFO perfrun.perfcollector <> - format: event config:0-7 mask:0-7
115 [46912496791296] INFO perfrun.perfcollector <> - format: umask config:8-15 mask:8-15
115 [46912496791296] INFO perfrun.perfcollector <> - format: filter_c6 config1:61 mask:61
115 [46912496791296] INFO perfrun.perfcollector <> - format: filter_nc config1:62 mask:62
115 [46912496791296] INFO perfrun.perfcollector <> - format: filter_isoc config1:63 mask:63
115 [46912496791296] INFO perfrun.perfcollector <> - format: filter_link config1:6-8 mask:6-8
115 [46912496791296] INFO perfrun.perfcollector <> - format: filter_nid config1:32-47 mask:32-47
115 [46912496791296] INFO perfrun.perfcollector <> - format: filter_opc config1:52-60 mask:52-60
115 [46912496791296] INFO perfrun.perfcollector <> - format: filter_tid config1:0-5 mask:0-5
115 [46912496791296] INFO perfrun.perfcollector <> - format: tid_en config:19 mask:19
115 [46912496791296] INFO perfrun.perfcollector <> - format: thresh config:24-31 mask:24-31
115 [46912496791296] INFO perfrun.perfcollector <> - format: filter_state config1:17-23 mask:17-23
115 [46912496791296] WARN perfrun.perfcollector <> - pmu hwInfo is not set, at file: vcs/perfrun1/plugins/perfcollector/src/controller.cpp:657
115 [46912496791296] INFO perfrun.perfcollector <> - pmu added : family : uncore_cbox , id : 8
115 [46912496791296] INFO perfrun.perfcollector <> - dir found : /sys/bus/event_source/devices/uncore_cbox_9
115 [46912496791296] INFO perfrun.perfcollector <> - format: edge config:18 mask:18
115 [46912496791296] INFO perfrun.perfcollector <> - format: event config:0-7 mask:0-7
115 [46912496791296] INFO perfrun.perfcollector <> - format: umask config:8-15 mask:8-15
115 [46912496791296] INFO perfrun.perfcollector <> - format: filter_c6 config1:61 mask:61
115 [46912496791296] INFO perfrun.perfcollector <> - format: filter_nc config1:62 mask:62
115 [46912496791296] INFO perfrun.perfcollector <> - format: filter_isoc config1:63 mask:63
115 [46912496791296] INFO perfrun.perfcollector <> - format: filter_link config1:6-8 mask:6-8
115 [46912496791296] INFO perfrun.perfcollector <> - format: filter_nid config1:32-47 mask:32-47
116 [46912496791296] INFO perfrun.perfcollector <> - format: filter_opc config1:52-60 mask:52-60
116 [46912496791296] INFO perfrun.perfcollector <> - format: filter_tid config1:0-5 mask:0-5
116 [46912496791296] INFO perfrun.perfcollector <> - format: tid_en config:19 mask:19
116 [46912496791296] INFO perfrun.perfcollector <> - format: thresh config:24-31 mask:24-31
116 [46912496791296] INFO perfrun.perfcollector <> - format: filter_state config1:17-23 mask:17-23
116 [46912496791296] WARN perfrun.perfcollector <> - pmu hwInfo is not set, at file: vcs/perfrun1/plugins/perfcollector/src/controller.cpp:657
116 [46912496791296] INFO perfrun.perfcollector <> - pmu added : family : uncore_cbox , id : 9
116 [46912496791296] INFO perfrun.perfcollector <> - dir found : /sys/bus/event_source/devices/uncore_r2pcie
116 [46912496791296] INFO perfrun.perfcollector <> - format: inv config:23 mask:23
116 [46912496791296] INFO perfrun.perfcollector <> - format: edge config:18 mask:18
116 [46912496791296] INFO perfrun.perfcollector <> - format: event config:0-7 mask:0-7
116 [46912496791296] INFO perfrun.perfcollector <> - format: umask config:8-15 mask:8-15
116 [46912496791296] INFO perfrun.perfcollector <> - format: thresh config:24-31 mask:24-31
116 [46912496791296] WARN perfrun.perfcollector <> - pmu hwInfo is not set, at file: vcs/perfrun1/plugins/perfcollector/src/controller.cpp:657
116 [46912496791296] INFO perfrun.perfcollector <> - pmu added : family : uncore_r2pcie , id : 0
116 [46912496791296] INFO perfrun.perfcollector <> - dir found : /sys/bus/event_source/devices/uncore_r3qpi_0
116 [46912496791296] INFO perfrun.perfcollector <> - format: inv config:23 mask:23
116 [46912496791296] INFO perfrun.perfcollector <> - format: edge config:18 mask:18
116 [46912496791296] INFO perfrun.perfcollector <> - format: event config:0-7 mask:0-7
116 [46912496791296] INFO perfrun.perfcollector <> - format: umask config:8-15 mask:8-15
116 [46912496791296] INFO perfrun.perfcollector <> - format: thresh config:24-31 mask:24-31
116 [46912496791296] WARN perfrun.perfcollector <> - pmu hwInfo is not set, at file: vcs/perfrun1/plugins/perfcollector/src/controller.cpp:657
116 [46912496791296] INFO perfrun.perfcollector <> - pmu added : family : uncore_r3qpi , id : 0
116 [46912496791296] INFO perfrun.perfcollector <> - dir found : /sys/bus/event_source/devices/uncore_r3qpi_1
117 [46912496791296] INFO perfrun.perfcollector <> - format: inv config:23 mask:23
117 [46912496791296] INFO perfrun.perfcollector <> - format: edge config:18 mask:18
117 [46912496791296] INFO perfrun.perfcollector <> - format: event config:0-7 mask:0-7
117 [46912496791296] INFO perfrun.perfcollector <> - format: umask config:8-15 mask:8-15
117 [46912496791296] INFO perfrun.perfcollector <> - format: thresh config:24-31 mask:24-31
117 [46912496791296] WARN perfrun.perfcollector <> - pmu hwInfo is not set, at file: vcs/perfrun1/plugins/perfcollector/src/controller.cpp:657
117 [46912496791296] INFO perfrun.perfcollector <> - pmu added : family : uncore_r3qpi , id : 1
117 [46912496791296] INFO perfrun.perfcollector <> - dir found : /sys/bus/event_source/devices/uncore_sbox_0
117 [46912496791296] INFO perfrun.perfcollector <> - format: inv config:23 mask:23
117 [46912496791296] INFO perfrun.perfcollector <> - format: edge config:18 mask:18
117 [46912496791296] INFO perfrun.perfcollector <> - format: event config:0-7 mask:0-7
117 [46912496791296] INFO perfrun.perfcollector <> - format: umask config:8-15 mask:8-15
117 [46912496791296] INFO perfrun.perfcollector <> - format: tid_en config:19 mask:19
117 [46912496791296] INFO perfrun.perfcollector <> - format: thresh config:24-31 mask:24-31
117 [46912496791296] WARN perfrun.perfcollector <> - pmu hwInfo is not set, at file: vcs/perfrun1/plugins/perfcollector/src/controller.cpp:657
117 [46912496791296] INFO perfrun.perfcollector <> - pmu added : family : uncore_sbox , id : 0
117 [46912496791296] INFO perfrun.perfcollector <> - dir found : /sys/bus/event_source/devices/uncore_sbox_1
117 [46912496791296] INFO perfrun.perfcollector <> - format: inv config:23 mask:23
117 [46912496791296] INFO perfrun.perfcollector <> - format: edge config:18 mask:18
117 [46912496791296] INFO perfrun.perfcollector <> - format: event config:0-7 mask:0-7
117 [46912496791296] INFO perfrun.perfcollector <> - format: umask config:8-15 mask:8-15
117 [46912496791296] INFO perfrun.perfcollector <> - format: tid_en config:19 mask:19
117 [46912496791296] INFO perfrun.perfcollector <> - format: thresh config:24-31 mask:24-31
117 [46912496791296] WARN perfrun.perfcollector <> - pmu hwInfo is not set, at file: vcs/perfrun1/plugins/perfcollector/src/controller.cpp:657
117 [46912496791296] INFO perfrun.perfcollector <> - pmu added : family : uncore_sbox , id : 1
117 [46912496791296] INFO perfrun.perfcollector <> - dir found : /sys/bus/event_source/devices/uncore_sbox_2
118 [46912496791296] INFO perfrun.perfcollector <> - format: inv config:23 mask:23
118 [46912496791296] INFO perfrun.perfcollector <> - format: edge config:18 mask:18
118 [46912496791296] INFO perfrun.perfcollector <> - format: event config:0-7 mask:0-7
118 [46912496791296] INFO perfrun.perfcollector <> - format: umask config:8-15 mask:8-15
118 [46912496791296] INFO perfrun.perfcollector <> - format: tid_en config:19 mask:19
118 [46912496791296] INFO perfrun.perfcollector <> - format: thresh config:24-31 mask:24-31
118 [46912496791296] WARN perfrun.perfcollector <> - pmu hwInfo is not set, at file: vcs/perfrun1/plugins/perfcollector/src/controller.cpp:657
118 [46912496791296] INFO perfrun.perfcollector <> - pmu added : family : uncore_sbox , id : 2
118 [46912496791296] INFO perfrun.perfcollector <> - dir found : /sys/bus/event_source/devices/uncore_sbox_3
118 [46912496791296] INFO perfrun.perfcollector <> - format: inv config:23 mask:23
118 [46912496791296] INFO perfrun.perfcollector <> - format: edge config:18 mask:18
118 [46912496791296] INFO perfrun.perfcollector <> - format: event config:0-7 mask:0-7
118 [46912496791296] INFO perfrun.perfcollector <> - format: umask config:8-15 mask:8-15
118 [46912496791296] INFO perfrun.perfcollector <> - format: tid_en config:19 mask:19
118 [46912496791296] INFO perfrun.perfcollector <> - format: thresh config:24-31 mask:24-31
118 [46912496791296] WARN perfrun.perfcollector <> - pmu hwInfo is not set, at file: vcs/perfrun1/plugins/perfcollector/src/controller.cpp:657
118 [46912496791296] INFO perfrun.perfcollector <> - pmu added : family : uncore_sbox , id : 3
118 [46912496791296] INFO perfrun.perfcollector <> - dir found : /sys/bus/event_source/devices/cstate_core
118 [46912496791296] INFO perfrun.perfcollector <> - format: event config:0-63 mask:0-63
118 [46912496791296] WARN perfrun.perfcollector <> - pmu hwInfo is not set, at file: vcs/perfrun1/plugins/perfcollector/src/controller.cpp:657
118 [46912496791296] INFO perfrun.perfcollector <> - pmu added : family : cstate_core , id : 0
118 [46912496791296] INFO perfrun.perfcollector <> - dir found : /sys/bus/event_source/devices/cstate_pkg
118 [46912496791296] INFO perfrun.perfcollector <> - format: event config:0-63 mask:0-63
118 [46912496791296] WARN perfrun.perfcollector <> - pmu hwInfo is not set, at file: vcs/perfrun1/plugins/perfcollector/src/controller.cpp:657
118 [46912496791296] INFO perfrun.perfcollector <> - pmu added : family : cstate_pkg , id : 0
118 [46912496791296] INFO perfrun.perfcollector <> - dir found : /sys/bus/event_source/devices/intel_bts
118 [46912496791296] WARN perfrun.perfcollector <> - format subdir doesn't exist, at file: vcs/perfrun1/plugins/perfcollector/src/controller.cpp:578
118 [46912496791296] WARN perfrun.perfcollector <> - pmu hwInfo is not set, at file: vcs/perfrun1/plugins/perfcollector/src/controller.cpp:657
119 [46912496791296] INFO perfrun.perfcollector <> - pmu added : family : intel_bts , id : 0
119 [46912496791296] INFO perfrun.perfcollector <> - dir found : /sys/bus/event_source/devices/intel_cqm
119 [46912496791296] INFO perfrun.perfcollector <> - format: event config:0-7 mask:0-7
119 [46912496791296] WARN perfrun.perfcollector <> - pmu hwInfo is not set, at file: vcs/perfrun1/plugins/perfcollector/src/controller.cpp:657
119 [46912496791296] INFO perfrun.perfcollector <> - pmu added : family : intel_cqm , id : 0
119 [46912496791296] INFO perfrun.perfcollector <> - dir found : /sys/bus/event_source/devices/breakpoint
119 [46912496791296] WARN perfrun.perfcollector <> - format subdir doesn't exist, at file: vcs/perfrun1/plugins/perfcollector/src/controller.cpp:578
119 [46912496791296] WARN perfrun.perfcollector <> - pmu hwInfo is not set, at file: vcs/perfrun1/plugins/perfcollector/src/controller.cpp:657
119 [46912496791296] INFO perfrun.perfcollector <> - pmu added : family : breakpoint , id : 0
119 [46912496791296] INFO perfrun.perfcollector <> - dir found : /sys/bus/event_source/devices/uncore_ha_0
119 [46912496791296] INFO perfrun.perfcollector <> - format: inv config:23 mask:23
119 [46912496791296] INFO perfrun.perfcollector <> - format: edge config:18 mask:18
119 [46912496791296] INFO perfrun.perfcollector <> - format: event config:0-7 mask:0-7
119 [46912496791296] INFO perfrun.perfcollector <> - format: umask config:8-15 mask:8-15
119 [46912496791296] INFO perfrun.perfcollector <> - format: thresh config:24-31 mask:24-31
119 [46912496791296] WARN perfrun.perfcollector <> - pmu hwInfo is not set, at file: vcs/perfrun1/plugins/perfcollector/src/controller.cpp:657
119 [46912496791296] INFO perfrun.perfcollector <> - pmu added : family : uncore_ha , id : 0
119 [46912496791296] INFO perfrun.perfcollector <> - dir found : /sys/bus/event_source/devices/uncore_ha_1
119 [46912496791296] INFO perfrun.perfcollector <> - format: inv config:23 mask:23
119 [46912496791296] INFO perfrun.perfcollector <> - format: edge config:18 mask:18
119 [46912496791296] INFO perfrun.perfcollector <> - format: event config:0-7 mask:0-7
119 [46912496791296] INFO perfrun.perfcollector <> - format: umask config:8-15 mask:8-15
119 [46912496791296] INFO perfrun.perfcollector <> - format: thresh config:24-31 mask:24-31
119 [46912496791296] WARN perfrun.perfcollector <> - pmu hwInfo is not set, at file: vcs/perfrun1/plugins/perfcollector/src/controller.cpp:657
119 [46912496791296] INFO perfrun.perfcollector <> - pmu added : family : uncore_ha , id : 1
119 [46912496791296] INFO perfrun.perfcollector <> - dir found : /sys/bus/event_source/devices/uncore_ubox
119 [46912496791296] INFO perfrun.perfcollector <> - format: inv config:23 mask:23
120 [46912496791296] INFO perfrun.perfcollector <> - format: edge config:18 mask:18
120 [46912496791296] INFO perfrun.perfcollector <> - format: event config:0-7 mask:0-7
120 [46912496791296] INFO perfrun.perfcollector <> - format: umask config:8-15 mask:8-15
120 [46912496791296] INFO perfrun.perfcollector <> - format: filter_cid config1:5 mask:5
120 [46912496791296] INFO perfrun.perfcollector <> - format: filter_tid config1:0 mask:0
120 [46912496791296] INFO perfrun.perfcollector <> - format: thresh config:24-28 mask:24-28
120 [46912496791296] WARN perfrun.perfcollector <> - pmu hwInfo is not set, at file: vcs/perfrun1/plugins/perfcollector/src/controller.cpp:657
120 [46912496791296] INFO perfrun.perfcollector <> - pmu added : family : uncore_ubox , id : 0
120 [46912496791296] INFO perfrun.launcher <> - plugin perf has been added successfully
120 [46912496791296] INFO perfrun.launcher <> - plugin tpss has been added successfully
121 [46912496791296] INFO perfrun.launcher <> - plugin cuscol has been added successfully
121 [46912496791296] INFO perfrun.launcher <> - plugin exprof has been added successfully
121 [46912496791296] INFO perfrun.launcher <> - plugin dpdk has been added successfully
121 [46912496791296] INFO perfrun.launcher <> - plugin media has been added successfully
121 [46912496791296] INFO perfrun.launcher <> - plugin commcollector has been added successfully
121 [46912496791296] INFO perfrun.launcher <> - plugin cve has been added successfully
121 [46912496791296] INFO perfrun.launcher <> - the option was added --interval: Specify an interval of data collection (for example, sampling) in milliseconds.
121 [46912496791296] INFO perfrun.launcher <> - the option was added --follow-child: Profile process with or without children.
122 [46912496791296] INFO perfrun.launcher <> - the option was added --gelding: BADMSG: perfrun1.launcher.plugin_manager::gelding
122 [46912496791296] INFO perfrun.launcher <> - the option was added --time-source: Specify time source for measurement. Possible values: sys - wall clock time; tsc - time stamp counter; ext - time from an external source; auto - auto select accurate time source.
122 [46912496791296] INFO perfrun.launcher <> - the option was added --stack: Enable or disable collection of stacks.
122 [46912496791296] INFO perfrun.launcher <> - the option was added --stack-stitching: Enable or disable the stack stitching algorithm for Intel TBB-based applications.
122 [46912496791296] INFO perfrun.launcher <> - the option was added --type: Specify type of data to be collected. For example, --type cpu:counters,waiting:nostack,io.
122 [46912496791296] INFO perfrun.launcher <> - the option was added --mrte-mode: Specify Java/.NET/other managed runtime collection mode. Possible values: native - collect information only for native code; managed - collect information only for managed code; mixed - collect information for both managed and native code; auto - choose the mode based on binary type.
122 [46912496791296] INFO perfrun.launcher <> - the option was added --mrte-mode-list: List supported Java/.NET/other managed runtime collection modes.
122 [46912496791296] INFO perfrun.launcher <> - the option was added --mrte-type: Specify which managed runtimes to collect. Possible values: java - collect information for Java; dotnet - collect information for .NET; python - collect information for CPython. You can specify several values separated by comma.
122 [46912496791296] INFO perfrun.launcher <> - the option was added --mrte-type-list: List supported Java/.NET/other managed runtime types.
122 [46912496791296] INFO perfrun.launcher <> - the option was added --trace-strategy: Specify how to profile a process tree. <string> can be "<process>:trace:notrace" - profile the process but do not profile its children. Shorthand parameters: t - trace, nt - notrace. For example, "vtunedemo.exe:t:t".
122 [46912496791296] INFO perfrun.launcher <> - the option was added --collector: BADMSG: perfrun1.launcher.plugin_manager::collector
122 [46912496791296] INFO perfrun.launcher <> - the option was added --system-wide: Enable system-wide profiling. This mode may require additional permissions.
122 [46912496791296] INFO perfrun.launcher <> - the option was added --kvm-guest: Enable KVM guest OS profiling.
122 [46912496791296] INFO perfrun.launcher <> - the option was added --kvm-guest-kallsyms: Specify a local path to the /proc/kallsyms file copied from the guest OS for proper symbol resolution.
122 [46912496791296] INFO perfrun.launcher <> - the option was added --kvm-guest-modules: Specify a local path to the /proc/modules file copied from the guest OS for proper symbol resolution.
122 [46912496791296] INFO perfrun.launcher <> - the option was added --target-system: BADMSG: perfrun1.launcher.plugin_manager::target-system
122 [46912496791296] INFO perfrun.launcher <> - the option was added --dump-vdso: Dump [vdso] to result directory
122 [46912496791296] INFO perfrun.launcher <> - the option was added --bandwidth-limits: Measure bandwidth limits
122 [46912496791296] INFO perfrun.launcher <> - the option was added --bandwidth-strategy: Bandwidth limits determination specific properties (example: --bandwidth-strategy array-size=0,duration=500).
122 [46912496791296] INFO perfrun.launcher <> - the option was added --bandwidth-config: List of benchmarks to run.
122 [46912496791296] INFO perfrun.launcher <> - the option was added --system-collector-config: Specify subcollectors. Possible values: all, vdso, container, device-info, none.
122 [46912496791296] INFO perfrun.launcher <> - the option was added --itt-config: Specify a sub-set of ITT API to collect.
122 [46912496791296] INFO perfrun.launcher <> - the option was added --itt-debug: Set pseudo-breakpoint at ITT API collector's start to enable the debugger to attach early.
123 [46912496791296] INFO perfrun.launcher <> - the option was added --itt-ring-buffer-multiplier: The size of internal ITT API collector ring buffer, in bytes per second
123 [46912496791296] INFO perfrun.launcher <> - the option was added --ptrace: Ptrace collector.
123 [46912496791296] INFO perfrun.launcher <> - the option was added --target-pid: BADMSG: perfrun1.ptracecollector::target-pid
123 [46912496791296] INFO perfrun.launcher <> - the option was added --ptrace-server-pid: BADMSG: perfrun1.ptracecollector::ptrace-server-pid
123 [46912496791296] INFO perfrun.launcher <> - the option was added --ptrace-trace: BADMSG: perfrun1.ptracecollector::ptrace-trace
123 [46912496791296] INFO perfrun.launcher <> - the option was added --ptrace-time-source: BADMSG: perfrun1.ptracecollector::ptrace-time-source
123 [46912496791296] INFO perfrun.launcher <> - the option was added --ptrace-start-type: BADMSG: perfrun1.ptracecollector::ptrace-start-type
123 [46912496791296] INFO perfrun.launcher <> - the option was added --gpu-config: Specify types of GPU data to be collected. Possible values: preset1, preset2.
123 [46912496791296] INFO perfrun.launcher <> - the option was added --gpu-debug: Enable self-testing of the GPGPU profiling collector.
123 [46912496791296] INFO perfrun.launcher <> - the option was added --stdsrc-config: Specify Standard Sources category tag(s).
123 [46912496791296] INFO perfrun.launcher <> - the option was added --ftrace-config-list: List Linux Ftrace category tag(s).
123 [46912496791296] INFO perfrun.launcher <> - the option was added --ftrace-config: Specify Linux Ftrace category tag(s).
123 [46912496791296] INFO perfrun.launcher <> - the option was added --ftrace-function-groups: Enable tracing of specific groups of functions.
123 [46912496791296] INFO perfrun.launcher <> - the option was added --event-info: BADMSG: perfrun1.stdsrc::event-info
123 [46912496791296] INFO perfrun.launcher <> - the option was added --cpu-list: List supported CPUs.
123 [46912496791296] INFO perfrun.launcher <> - the option was added --target-list: List available targets for performing sampling collection.
123 [46912496791296] INFO perfrun.launcher <> - the option was added --event-value-list: Display event information.
123 [46912496791296] INFO perfrun.launcher <> - the option was added --platform-value-list: Display details of supported platforms.
123 [46912496791296] INFO perfrun.launcher <> - the option was added --uncore-event-list: List uncore events for which a sampling data collection can be performed on this platform.
123 [46912496791296] INFO perfrun.launcher <> - the option was added --modifier-list: Specify the event name <string> for which the modifiers list is requested.
123 [46912496791296] INFO perfrun.launcher <> - the option was added --pmu-list: List supported PMUs.
123 [46912496791296] INFO perfrun.launcher <> - the option was added --os-mode-only: Enable sampling data collection for OS-mode processes only.
123 [46912496791296] INFO perfrun.launcher <> - the option was added --user-mode-only: Enable sampling data collection for user-mode processes only.
123 [46912496791296] INFO perfrun.launcher <> - the option was added --event-config: Perform data collection for the events with <string> configured using the format <event name1>":modifier1=val:modifier2=val/constraint1={:modifier3=val:modifier4=val}...,"<event name2>":... Specify the events(s) to monitor and embed the event names within double quotes("). [:modifier=val] specifies individual event modifiers along with the respective values for a given platform. Note that the modifiers can be generic to an event as well as specific to a constraint (or an event qualifier). The constraint specific special modifiers appear after [/constraint=]. The modifiers can be in decimal or hexadecimal format. Only specific modifiers accept the value as a string. Each event specification is delimited by a comma (,). For a list of supported modifiers and constraints, refer to the documentation.
123 [46912496791296] INFO perfrun.launcher <> - the option was added --chipset-event-config: BADMSG: perfrun1.sep::chipset-event-config
124 [46912496791296] INFO perfrun.launcher <> - the option was added --uncore-event-config: Perform uncore data collection in ebc count mode for the events with <string> configured using the format "<event name1>"...,"<event name2>":... Specify the events(s) to monitor and embed the event names within double quotes(").
124 [46912496791296] INFO perfrun.launcher <> - the option was added --count-emon: Enable counting mode and output the data in EMON format.
124 [46912496791296] INFO perfrun.launcher <> - the option was added --event-based-counts: Enable event-based counting mode. During sampling data collection, event counts data is collected for the list of events specified in -event-config option.
124 [46912496791296] INFO perfrun.launcher <> - the option was added --event-mux-tfactor: Specify the event multiplexing tfactor as <integer> to set the length of the interval between interrupts. The larger the tfactor value, the larger the period between interrupts. Currently this option is only available on Intel platforms codenamed Knights Corner.
124 [46912496791296] INFO perfrun.launcher <> - the option was added --full-pebs-capture: Capture full pebs information.
124 [46912496791296] INFO perfrun.launcher <> - the option was added --last-branch-records: Capture Last Branch Records information.
124 [46912496791296] INFO perfrun.launcher <> - the option was added --pmu-type: Specify the targeted PMU name as <string>.
124 [46912496791296] INFO perfrun.launcher <> - the option was added --platform-type: Specify the targeted platform number as <number>.
124 [46912496791296] INFO perfrun.launcher <> - the option was added --bts-count: Specify the <integer> number of BTS records collected after each sample or context switch (VTSS++ only).
124 [46912496791296] INFO perfrun.launcher <> - the option was added --cpu-mask: Specify which CPU(s) <string> to collect data on. For example, specify "2-8,10,12-14" to sample only CPUs 2 through 8, 10, and 12 through 14.
124 [46912496791296] INFO perfrun.launcher <> - the option was added --event-mux-alg: Specify the event multiplexing algorithm. Possible values: sequence, timer, trigger.
124 [46912496791296] INFO perfrun.launcher <> - the option was added --event-mux-timeslice: Specify the event multiplexing time slice value as <integer>. The time slice specifies the duration between cycles for each event multiplexing group. The default value is 50 milliseconds. This option is valid only for timer-based event multiplexing. Specify the event multiplexing time slice value as <integer>. The time slice specifies the duration between cycles for each event multiplexing group. The default value is 1 millisecond. This option is valid only for timer-based event multiplexing.
124 [46912496791296] INFO perfrun.launcher <> - the option was added --event-mux-factor: Specify the event multiplexing factor as <integer>. It controls the switching of event multiplexing groups. The default factor is 50. This option is valid only for trigger-based event multiplexing. Specify the event multiplexing factor as <integer>. It controls the switching of event multiplexing groups. The default factor is 1. This option is valid only for trigger-based event multiplexing.
124 [46912496791296] INFO perfrun.launcher <> - the option was added --event-mux-trigger: Specify the name of the trigger event for event multiplexing as <string>. This option is valid only for trigger-based event multiplexing. The default trigger is CPU_CLK_UNHALTED.CORE (or CPU_CLK_UNHALTED.THREAD). BADMSG: perfrun1.vtsspp::event-mux-trigger
124 [46912496791296] INFO perfrun.launcher <> - the option was added --pwr-config: BADMSG: perfrun1.vtsspp::pwr-config
124 [46912496791296] INFO perfrun.launcher <> - the option was added --sys-config: BADMSG: perfrun1.vtsspp::sys-config
124 [46912496791296] INFO perfrun.launcher <> - the option was added --pt-mode: BADMSG: perfrun1.vtsspp::pt-mode
124 [46912496791296] INFO perfrun.launcher <> - the option was added --sample-after-multiplier: Specify the sample after multiplier as <double>. This multiplier modifies the sample after value for all the events specified in -event-config option. The values can range from 0.1 to 100.0. SAV multiplier value
124 [46912496791296] INFO perfrun.launcher <> - the option was added --uncore-sampling-interval: Specify the uncore sampling interval as <integer>. This value set the uncore sampling interval for all the uncore events specified in -event-config option.
124 [46912496791296] INFO perfrun.launcher <> - the option was added --count: Enable counting mode. Enable counting mode
124 [46912496791296] INFO perfrun.launcher <> - the option was added --trace-mpi: Configure collector to trace MPI code.
124 [46912496791296] INFO perfrun.launcher <> - the option was added --raw-perf-config: Specify a verified configuration for the Perf collector in the format: <describer>,<content>. For example: map-events-file,<path_to_map_events_file>.
124 [46912496791296] INFO perfrun.launcher <> - the option was added --stackwalk: Specify stack unwinding method. Possible values: online - unwind stacks during collection; offline - unwind stacks after collection is finished. Specify stack unwinding method. Possible value: lbr - unwind stacks during collection. Specify stack unwinding method. Possible values: online - unwind stacks during collection; offline - unwind stacks after collection is finished; lbr - enable LBR-based call stack collection. Specify stack unwinding method. Possible values: online - unwind stacks during collection; offline - unwind stacks after collection is finished. Specify stack unwinding method. Possible values: online - unwind stacks during collection; offline - unwind stacks after collection is finished.
125 [46912496791296] INFO perfrun.launcher <> - the option was added --filter-include: Filter data during collection. Possible values: contended=<on|off> - filter out uncontended events; contended_nostack=<time> - filter out stacks for contended events that take less than <time> microseconds; wait=<time> - ignore transitions and blocks with wait time less than <time> microseconds; wait_nostack=<time> - filter out stacks for waits that take less than <time> microseconds.
125 [46912496791296] INFO perfrun.launcher <> - the option was added --debug-pin: Debug PIN tool and runtime.
125 [46912496791296] INFO perfrun.launcher <> - the option was added --debug-exception: Disallow the application to set own abnormal termination handler.
125 [46912496791296] INFO perfrun.launcher <> - the option was added --trace-type: Specify the trace file granularity. Possible values: per-thread - per-thread trace file generation; per-process - per-process trace file generation.
125 [46912496791296] INFO perfrun.launcher <> - the option was added --instrumentation-type: Specify type of instrumentation.
125 [46912496791296] INFO perfrun.launcher <> - the option was added --altstack: Enable or disable usage of altstacks for profiling signal handlers.
125 [46912496791296] INFO perfrun.launcher <> - the option was added --profiling-signal: BADMSG: perfrun1.ptracecollector::profiling-signal Alternate profiling signal.
125 [46912496791296] INFO perfrun.launcher <> - the option was added --memory-strategy: Specify a minimal memory object size to be traced and a hash table size for faster objects search; for example: --memory-strategy obj-size-min=1024,hash-table-size=4096.
125 [46912496791296] INFO perfrun.launcher <> - the option was added --gpu-profiling-config: Specify a type of deep GPU profiling applied for all kernels and a comma-separated list of GPU kernel names and invocations in the following format: profiling_type[@kernel_name[:start_idx:step:stop_idx]], where profiling_type is one of following: none, bblatency, memlatency; kernel_name is the name of GPU kernel; start_idx is the number of the first invocation; and stop_idx is the number of the last invocation to be profiled.
125 [46912496791296] INFO perfrun.launcher <> - the option was added --custom-collector: Allows to provide arbitrary command line to be run on collection steps.
125 [46912496791296] INFO perfrun.launcher <> - the option was added --exprof-com-list: List available COM ports.
125 [46912496791296] INFO perfrun.launcher <> - the option was added --exprof-dvc-list: List available DvC IDs.
125 [46912496791296] INFO perfrun.launcher <> - the option was added --exprof-trace-channel: BADMSG: perfrun1.exprof::exprof-trace-channel
125 [46912496791296] INFO perfrun.launcher <> - the option was added --exprof-event-config: Specify ExactProfiling Event Classes.
125 [46912496791296] INFO perfrun.launcher <> - the option was added --analyze-dpdk: analyze-dpdk
125 [46912496791296] INFO perfrun.launcher <> - the option was added --network-sampling-interval: network-sampling-interval
125 [46912496791296] INFO perfrun.launcher <> - the option was added --dpdk-file-prefix: dpdk-file-prefix
126 [46912496791296] INFO perfrun.launcher <> - create msngr2::ICliToolContext
127 [46912496791296] INFO perfrun.launcher <> - create file finder object
133 [46912620742400] INFO perfrun.system <> - dumping [vdso] pseudomodule
137 [46912620742400] INFO perfrun.launcher <> - plugin [itt] was disabled because it doesn't support the given collection type.
137 [46912620742400] INFO perfrun.launcher <> - plugin [ptracecollector] was disabled because it doesn't support the given collection type.
137 [46912620742400] INFO perfrun.launcher <> - plugin [gpu] was disabled because it doesn't support the given collection type.
137 [46912620742400] INFO perfrun.launcher <> - plugin [] was disabled because it doesn't support the given collection type.
137 [46912620742400] INFO perfrun.launcher <> - plugin [] was disabled because it doesn't support the given collection type.
137 [46912620742400] INFO perfrun.launcher <> - plugin [] was disabled because it doesn't support the given collection type.
137 [46912620742400] INFO perfrun.launcher <> - plugin [mrte] was disabled because it doesn't support the given collection type.
137 [46912620742400] INFO perfrun.launcher <> - plugin [emon] was disabled because it doesn't support the given collection type.
137 [46912620742400] INFO perfrun.launcher <> - plugin [stdsrc] was disabled because it doesn't support the given collection type.
137 [46912620742400] INFO perfrun.launcher <> - plugin [sep] was disabled because it doesn't support the given collection type.
137 [46912620742400] INFO perfrun.launcher <> - plugin [vtsspp] was disabled because it doesn't support the given collection type.
137 [46912620742400] INFO perfrun.launcher <> - plugin [perf] was disabled because it doesn't support the given collection type.
137 [46912620742400] INFO perfrun.launcher <> - plugin [tpss] was disabled because it doesn't support the given collection type.
137 [46912620742400] INFO perfrun.launcher <> - plugin [cuscol] was disabled because it doesn't support the given collection type.
137 [46912620742400] INFO perfrun.launcher <> - plugin [exprof] was disabled because it doesn't support the given collection type.
137 [46912620742400] INFO perfrun.launcher <> - plugin [dpdk] was disabled because it doesn't support the given collection type.
137 [46912620742400] INFO perfrun.launcher <> - plugin [media] was disabled because it doesn't support the given collection type.
137 [46912620742400] INFO perfrun.commcollector <> - Disabling commcollector because integrity connection type is not used
137 [46912620742400] INFO perfrun.launcher <> - plugin [commcollector] was disabled because it doesn't support the given collection type.
137 [46912620742400] INFO perfrun.launcher <> - plugin [cve] was disabled because it doesn't support the given collection type.
137 [46912496791296] INFO perfrun.launcher <> - Application exit code: 0
137 [46912496791296] INFO perfrun.launcher <> - Exit code: 0
