14 [47830756235712] INFO perfrun.launcher <> - argc = 7; cmdline = /global/common/edison/software/intel/vtune_amplifier_2018.2.0.551022/bin64/amplxe-runss --ui-output-format xml --ui-output-fd 6 --option-file /global/project/projectdirs/alice/ftorales/GH_Correlations/batchjobs/res_dir/config/runss.options 
23 [47830756235712] INFO perfrun.launcher <> - plugin system has been added successfully
24 [47830756235712] INFO perfrun.launcher <> - plugin itt has been added successfully
24 [47830756235712] INFO perfrun.launcher <> - plugin ptracecollector has been added successfully
24 [47830756235712] INFO perfrun.launcher <> - plugin gpu has been added successfully
25 [47830756235712] INFO perfrun.launcher <> - plugin  has been added successfully
25 [47830756235712] INFO perfrun.launcher <> - plugin  has been added successfully
25 [47830756235712] INFO perfrun.launcher <> - plugin  has been added successfully
25 [47830756235712] INFO perfrun.launcher <> - plugin mrte has been added successfully
25 [47830756235712] INFO perfrun.launcher <> - plugin emon has been added successfully
26 [47830756235712] INFO perfrun.launcher <> - plugin stdsrc has been added successfully
26 [47830756235712] INFO perfrun.launcher <> - plugin sep has been added successfully
26 [47830756235712] INFO perfrun.launcher <> - plugin vtsspp has been added successfully
26 [47830756235712] INFO perfrun.sdk <> - Reading value (1) from file: /proc/sys/kernel/perf_event_paranoid
33 [47830756235712] INFO perfrun.perfcollector <> - cpu: family = 6 model = 63
33 [47830756235712] INFO perfrun.perfcollector <> - dir found : /sys/bus/event_source/devices/cpu
33 [47830756235712] INFO perfrun.perfcollector <> - format: pc config:19 mask:19
33 [47830756235712] INFO perfrun.perfcollector <> - format: any config:21 mask:21
33 [47830756235712] INFO perfrun.perfcollector <> - format: inv config:23 mask:23
33 [47830756235712] INFO perfrun.perfcollector <> - format: edge config:18 mask:18
33 [47830756235712] INFO perfrun.perfcollector <> - format: cmask config:24-31 mask:24-31
33 [47830756235712] INFO perfrun.perfcollector <> - format: event config:0-7 mask:0-7
33 [47830756235712] INFO perfrun.perfcollector <> - format: in_tx config:32 mask:32
33 [47830756235712] INFO perfrun.perfcollector <> - format: ldlat config1:0-15 mask:0-15
33 [47830756235712] INFO perfrun.perfcollector <> - format: umask config:8-15 mask:8-15
33 [47830756235712] INFO perfrun.perfcollector <> - format: in_tx_cp config:33 mask:33
33 [47830756235712] INFO perfrun.perfcollector <> - format: offcore_rsp config1:0-63 mask:0-63
33 [47830756235712] INFO perfrun.perfcollector <> - hwInfo : PERF_CPU_PMU_DETAILS
33 [47830756235712] INFO perfrun.perfcollector <> - pmu added : family : cpu , id : 0
34 [47830756235712] INFO perfrun.perfcollector <> - dir found : /sys/bus/event_source/devices/msr
34 [47830756235712] INFO perfrun.perfcollector <> - format: event config:0-63 mask:0-63
34 [47830756235712] WARN perfrun.perfcollector <> - pmu hwInfo is not set, at file: vcs/perfrun1/plugins/perfcollector/src/controller.cpp:657
34 [47830756235712] INFO perfrun.perfcollector <> - pmu added : family : msr , id : 0
34 [47830756235712] INFO perfrun.perfcollector <> - dir found : /sys/bus/event_source/devices/uncore_cbox_10
34 [47830756235712] INFO perfrun.perfcollector <> - format: edge config:18 mask:18
34 [47830756235712] INFO perfrun.perfcollector <> - format: event config:0-7 mask:0-7
34 [47830756235712] INFO perfrun.perfcollector <> - format: umask config:8-15 mask:8-15
34 [47830756235712] INFO perfrun.perfcollector <> - format: filter_c6 config1:61 mask:61
34 [47830756235712] INFO perfrun.perfcollector <> - format: filter_nc config1:62 mask:62
34 [47830756235712] INFO perfrun.perfcollector <> - format: filter_isoc config1:63 mask:63
34 [47830756235712] INFO perfrun.perfcollector <> - format: filter_link config1:6-8 mask:6-8
34 [47830756235712] INFO perfrun.perfcollector <> - format: filter_nid config1:32-47 mask:32-47
34 [47830756235712] INFO perfrun.perfcollector <> - format: filter_opc config1:52-60 mask:52-60
34 [47830756235712] INFO perfrun.perfcollector <> - format: filter_tid config1:0-5 mask:0-5
34 [47830756235712] INFO perfrun.perfcollector <> - format: tid_en config:19 mask:19
34 [47830756235712] INFO perfrun.perfcollector <> - format: thresh config:24-31 mask:24-31
34 [47830756235712] INFO perfrun.perfcollector <> - format: filter_state config1:17-23 mask:17-23
34 [47830756235712] WARN perfrun.perfcollector <> - pmu hwInfo is not set, at file: vcs/perfrun1/plugins/perfcollector/src/controller.cpp:657
34 [47830756235712] INFO perfrun.perfcollector <> - pmu added : family : uncore_cbox , id : 10
34 [47830756235712] INFO perfrun.perfcollector <> - dir found : /sys/bus/event_source/devices/uncore_cbox_11
34 [47830756235712] INFO perfrun.perfcollector <> - format: edge config:18 mask:18
34 [47830756235712] INFO perfrun.perfcollector <> - format: event config:0-7 mask:0-7
34 [47830756235712] INFO perfrun.perfcollector <> - format: umask config:8-15 mask:8-15
34 [47830756235712] INFO perfrun.perfcollector <> - format: filter_c6 config1:61 mask:61
35 [47830756235712] INFO perfrun.perfcollector <> - format: filter_nc config1:62 mask:62
35 [47830756235712] INFO perfrun.perfcollector <> - format: filter_isoc config1:63 mask:63
35 [47830756235712] INFO perfrun.perfcollector <> - format: filter_link config1:6-8 mask:6-8
35 [47830756235712] INFO perfrun.perfcollector <> - format: filter_nid config1:32-47 mask:32-47
35 [47830756235712] INFO perfrun.perfcollector <> - format: filter_opc config1:52-60 mask:52-60
35 [47830756235712] INFO perfrun.perfcollector <> - format: filter_tid config1:0-5 mask:0-5
35 [47830756235712] INFO perfrun.perfcollector <> - format: tid_en config:19 mask:19
35 [47830756235712] INFO perfrun.perfcollector <> - format: thresh config:24-31 mask:24-31
35 [47830756235712] INFO perfrun.perfcollector <> - format: filter_state config1:17-23 mask:17-23
35 [47830756235712] WARN perfrun.perfcollector <> - pmu hwInfo is not set, at file: vcs/perfrun1/plugins/perfcollector/src/controller.cpp:657
35 [47830756235712] INFO perfrun.perfcollector <> - pmu added : family : uncore_cbox , id : 11
35 [47830756235712] INFO perfrun.perfcollector <> - dir found : /sys/bus/event_source/devices/uncore_cbox_12
35 [47830756235712] INFO perfrun.perfcollector <> - format: edge config:18 mask:18
35 [47830756235712] INFO perfrun.perfcollector <> - format: event config:0-7 mask:0-7
35 [47830756235712] INFO perfrun.perfcollector <> - format: umask config:8-15 mask:8-15
35 [47830756235712] INFO perfrun.perfcollector <> - format: filter_c6 config1:61 mask:61
35 [47830756235712] INFO perfrun.perfcollector <> - format: filter_nc config1:62 mask:62
35 [47830756235712] INFO perfrun.perfcollector <> - format: filter_isoc config1:63 mask:63
35 [47830756235712] INFO perfrun.perfcollector <> - format: filter_link config1:6-8 mask:6-8
35 [47830756235712] INFO perfrun.perfcollector <> - format: filter_nid config1:32-47 mask:32-47
35 [47830756235712] INFO perfrun.perfcollector <> - format: filter_opc config1:52-60 mask:52-60
35 [47830756235712] INFO perfrun.perfcollector <> - format: filter_tid config1:0-5 mask:0-5
35 [47830756235712] INFO perfrun.perfcollector <> - format: tid_en config:19 mask:19
35 [47830756235712] INFO perfrun.perfcollector <> - format: thresh config:24-31 mask:24-31
35 [47830756235712] INFO perfrun.perfcollector <> - format: filter_state config1:17-23 mask:17-23
35 [47830756235712] WARN perfrun.perfcollector <> - pmu hwInfo is not set, at file: vcs/perfrun1/plugins/perfcollector/src/controller.cpp:657
36 [47830756235712] INFO perfrun.perfcollector <> - pmu added : family : uncore_cbox , id : 12
36 [47830756235712] INFO perfrun.perfcollector <> - dir found : /sys/bus/event_source/devices/uncore_cbox_13
36 [47830756235712] INFO perfrun.perfcollector <> - format: edge config:18 mask:18
36 [47830756235712] INFO perfrun.perfcollector <> - format: event config:0-7 mask:0-7
36 [47830756235712] INFO perfrun.perfcollector <> - format: umask config:8-15 mask:8-15
36 [47830756235712] INFO perfrun.perfcollector <> - format: filter_c6 config1:61 mask:61
36 [47830756235712] INFO perfrun.perfcollector <> - format: filter_nc config1:62 mask:62
36 [47830756235712] INFO perfrun.perfcollector <> - format: filter_isoc config1:63 mask:63
36 [47830756235712] INFO perfrun.perfcollector <> - format: filter_link config1:6-8 mask:6-8
36 [47830756235712] INFO perfrun.perfcollector <> - format: filter_nid config1:32-47 mask:32-47
36 [47830756235712] INFO perfrun.perfcollector <> - format: filter_opc config1:52-60 mask:52-60
36 [47830756235712] INFO perfrun.perfcollector <> - format: filter_tid config1:0-5 mask:0-5
36 [47830756235712] INFO perfrun.perfcollector <> - format: tid_en config:19 mask:19
36 [47830756235712] INFO perfrun.perfcollector <> - format: thresh config:24-31 mask:24-31
36 [47830756235712] INFO perfrun.perfcollector <> - format: filter_state config1:17-23 mask:17-23
36 [47830756235712] WARN perfrun.perfcollector <> - pmu hwInfo is not set, at file: vcs/perfrun1/plugins/perfcollector/src/controller.cpp:657
36 [47830756235712] INFO perfrun.perfcollector <> - pmu added : family : uncore_cbox , id : 13
36 [47830756235712] INFO perfrun.perfcollector <> - dir found : /sys/bus/event_source/devices/uncore_cbox_14
36 [47830756235712] INFO perfrun.perfcollector <> - format: edge config:18 mask:18
36 [47830756235712] INFO perfrun.perfcollector <> - format: event config:0-7 mask:0-7
36 [47830756235712] INFO perfrun.perfcollector <> - format: umask config:8-15 mask:8-15
36 [47830756235712] INFO perfrun.perfcollector <> - format: filter_c6 config1:61 mask:61
36 [47830756235712] INFO perfrun.perfcollector <> - format: filter_nc config1:62 mask:62
36 [47830756235712] INFO perfrun.perfcollector <> - format: filter_isoc config1:63 mask:63
36 [47830756235712] INFO perfrun.perfcollector <> - format: filter_link config1:6-8 mask:6-8
37 [47830756235712] INFO perfrun.perfcollector <> - format: filter_nid config1:32-47 mask:32-47
37 [47830756235712] INFO perfrun.perfcollector <> - format: filter_opc config1:52-60 mask:52-60
37 [47830756235712] INFO perfrun.perfcollector <> - format: filter_tid config1:0-5 mask:0-5
37 [47830756235712] INFO perfrun.perfcollector <> - format: tid_en config:19 mask:19
37 [47830756235712] INFO perfrun.perfcollector <> - format: thresh config:24-31 mask:24-31
37 [47830756235712] INFO perfrun.perfcollector <> - format: filter_state config1:17-23 mask:17-23
37 [47830756235712] WARN perfrun.perfcollector <> - pmu hwInfo is not set, at file: vcs/perfrun1/plugins/perfcollector/src/controller.cpp:657
37 [47830756235712] INFO perfrun.perfcollector <> - pmu added : family : uncore_cbox , id : 14
37 [47830756235712] INFO perfrun.perfcollector <> - dir found : /sys/bus/event_source/devices/uncore_cbox_15
37 [47830756235712] INFO perfrun.perfcollector <> - format: edge config:18 mask:18
37 [47830756235712] INFO perfrun.perfcollector <> - format: event config:0-7 mask:0-7
37 [47830756235712] INFO perfrun.perfcollector <> - format: umask config:8-15 mask:8-15
37 [47830756235712] INFO perfrun.perfcollector <> - format: filter_c6 config1:61 mask:61
37 [47830756235712] INFO perfrun.perfcollector <> - format: filter_nc config1:62 mask:62
37 [47830756235712] INFO perfrun.perfcollector <> - format: filter_isoc config1:63 mask:63
37 [47830756235712] INFO perfrun.perfcollector <> - format: filter_link config1:6-8 mask:6-8
37 [47830756235712] INFO perfrun.perfcollector <> - format: filter_nid config1:32-47 mask:32-47
37 [47830756235712] INFO perfrun.perfcollector <> - format: filter_opc config1:52-60 mask:52-60
37 [47830756235712] INFO perfrun.perfcollector <> - format: filter_tid config1:0-5 mask:0-5
37 [47830756235712] INFO perfrun.perfcollector <> - format: tid_en config:19 mask:19
37 [47830756235712] INFO perfrun.perfcollector <> - format: thresh config:24-31 mask:24-31
37 [47830756235712] INFO perfrun.perfcollector <> - format: filter_state config1:17-23 mask:17-23
37 [47830756235712] WARN perfrun.perfcollector <> - pmu hwInfo is not set, at file: vcs/perfrun1/plugins/perfcollector/src/controller.cpp:657
37 [47830756235712] INFO perfrun.perfcollector <> - pmu added : family : uncore_cbox , id : 15
37 [47830756235712] INFO perfrun.perfcollector <> - dir found : /sys/bus/event_source/devices/software
37 [47830756235712] WARN perfrun.perfcollector <> - format subdir doesn't exist, at file: vcs/perfrun1/plugins/perfcollector/src/controller.cpp:578
37 [47830756235712] WARN perfrun.perfcollector <> - pmu hwInfo is not set, at file: vcs/perfrun1/plugins/perfcollector/src/controller.cpp:657
37 [47830756235712] INFO perfrun.perfcollector <> - pmu added : family : software , id : 0
38 [47830756235712] INFO perfrun.perfcollector <> - dir found : /sys/bus/event_source/devices/power
38 [47830756235712] INFO perfrun.perfcollector <> - format: event config:0-7 mask:0-7
38 [47830756235712] WARN perfrun.perfcollector <> - pmu hwInfo is not set, at file: vcs/perfrun1/plugins/perfcollector/src/controller.cpp:657
38 [47830756235712] INFO perfrun.perfcollector <> - pmu added : family : power , id : 0
38 [47830756235712] INFO perfrun.perfcollector <> - dir found : /sys/bus/event_source/devices/uncore_pcu
38 [47830756235712] INFO perfrun.perfcollector <> - format: inv config:23 mask:23
38 [47830756235712] INFO perfrun.perfcollector <> - format: occ_invert config:30 mask:30
38 [47830756235712] INFO perfrun.perfcollector <> - format: edge config:18 mask:18
38 [47830756235712] INFO perfrun.perfcollector <> - format: event config:0-7,21 mask:0-7,21
38 [47830756235712] INFO perfrun.perfcollector <> - format: occ_sel config:14-15 mask:14-15
38 [47830756235712] INFO perfrun.perfcollector <> - format: thresh config:24-28 mask:24-28
38 [47830756235712] INFO perfrun.perfcollector <> - format: filter_band0 config1:0-7 mask:0-7
38 [47830756235712] INFO perfrun.perfcollector <> - format: filter_band1 config1:8-15 mask:8-15
38 [47830756235712] INFO perfrun.perfcollector <> - format: filter_band2 config1:16-23 mask:16-23
38 [47830756235712] INFO perfrun.perfcollector <> - format: filter_band3 config1:24-31 mask:24-31
38 [47830756235712] INFO perfrun.perfcollector <> - format: occ_edge config:14-51 mask:14-51
38 [47830756235712] WARN perfrun.perfcollector <> - pmu hwInfo is not set, at file: vcs/perfrun1/plugins/perfcollector/src/controller.cpp:657
39 [47830756235712] INFO perfrun.perfcollector <> - pmu added : family : uncore_pcu , id : 0
39 [47830756235712] INFO perfrun.perfcollector <> - dir found : /sys/bus/event_source/devices/tracepoint
39 [47830756235712] WARN perfrun.perfcollector <> - format subdir doesn't exist, at file: vcs/perfrun1/plugins/perfcollector/src/controller.cpp:578
39 [47830756235712] WARN perfrun.perfcollector <> - pmu hwInfo is not set, at file: vcs/perfrun1/plugins/perfcollector/src/controller.cpp:657
39 [47830756235712] INFO perfrun.perfcollector <> - pmu added : family : tracepoint , id : 0
39 [47830756235712] INFO perfrun.perfcollector <> - dir found : /sys/bus/event_source/devices/uncore_imc_0
39 [47830756235712] INFO perfrun.perfcollector <> - format: inv config:23 mask:23
39 [47830756235712] INFO perfrun.perfcollector <> - format: edge config:18 mask:18
39 [47830756235712] INFO perfrun.perfcollector <> - format: event config:0-7 mask:0-7
39 [47830756235712] INFO perfrun.perfcollector <> - format: umask config:8-15 mask:8-15
39 [47830756235712] INFO perfrun.perfcollector <> - format: thresh config:24-31 mask:24-31
39 [47830756235712] INFO perfrun.perfcollector <> - hwInfo : PERF_IMC_PMU_DETAILS
39 [47830756235712] INFO perfrun.perfcollector <> - pmu added : family : uncore_imc , id : 0
39 [47830756235712] INFO perfrun.perfcollector <> - dir found : /sys/bus/event_source/devices/uncore_imc_1
39 [47830756235712] INFO perfrun.perfcollector <> - format: inv config:23 mask:23
39 [47830756235712] INFO perfrun.perfcollector <> - format: edge config:18 mask:18
39 [47830756235712] INFO perfrun.perfcollector <> - format: event config:0-7 mask:0-7
39 [47830756235712] INFO perfrun.perfcollector <> - format: umask config:8-15 mask:8-15
39 [47830756235712] INFO perfrun.perfcollector <> - format: thresh config:24-31 mask:24-31
39 [47830756235712] INFO perfrun.perfcollector <> - hwInfo : PERF_IMC_PMU_DETAILS
39 [47830756235712] INFO perfrun.perfcollector <> - pmu added : family : uncore_imc , id : 1
39 [47830756235712] INFO perfrun.perfcollector <> - dir found : /sys/bus/event_source/devices/uncore_imc_4
39 [47830756235712] INFO perfrun.perfcollector <> - format: inv config:23 mask:23
39 [47830756235712] INFO perfrun.perfcollector <> - format: edge config:18 mask:18
39 [47830756235712] INFO perfrun.perfcollector <> - format: event config:0-7 mask:0-7
39 [47830756235712] INFO perfrun.perfcollector <> - format: umask config:8-15 mask:8-15
39 [47830756235712] INFO perfrun.perfcollector <> - format: thresh config:24-31 mask:24-31
39 [47830756235712] INFO perfrun.perfcollector <> - hwInfo : PERF_IMC_PMU_DETAILS
40 [47830756235712] INFO perfrun.perfcollector <> - pmu added : family : uncore_imc , id : 4
40 [47830756235712] INFO perfrun.perfcollector <> - dir found : /sys/bus/event_source/devices/uncore_imc_5
40 [47830756235712] INFO perfrun.perfcollector <> - format: inv config:23 mask:23
40 [47830756235712] INFO perfrun.perfcollector <> - format: edge config:18 mask:18
40 [47830756235712] INFO perfrun.perfcollector <> - format: event config:0-7 mask:0-7
40 [47830756235712] INFO perfrun.perfcollector <> - format: umask config:8-15 mask:8-15
40 [47830756235712] INFO perfrun.perfcollector <> - format: thresh config:24-31 mask:24-31
40 [47830756235712] INFO perfrun.perfcollector <> - hwInfo : PERF_IMC_PMU_DETAILS
40 [47830756235712] INFO perfrun.perfcollector <> - pmu added : family : uncore_imc , id : 5
40 [47830756235712] INFO perfrun.perfcollector <> - dir found : /sys/bus/event_source/devices/uncore_qpi_0
40 [47830756235712] INFO perfrun.perfcollector <> - format: inv config:23 mask:23
40 [47830756235712] INFO perfrun.perfcollector <> - format: edge config:18 mask:18
40 [47830756235712] INFO perfrun.perfcollector <> - format: match_rnid4 config1:31 mask:31
40 [47830756235712] INFO perfrun.perfcollector <> - format: event config:0-7,21 mask:0-7,21
40 [47830756235712] INFO perfrun.perfcollector <> - format: mask0 config2:0-31 mask:0-31
40 [47830756235712] INFO perfrun.perfcollector <> - format: mask1 config2:32-63 mask:32-63
40 [47830756235712] INFO perfrun.perfcollector <> - format: umask config:8-15 mask:8-15
40 [47830756235712] INFO perfrun.perfcollector <> - format: mask_rnid30 config2:32-35 mask:32-35
40 [47830756235712] INFO perfrun.perfcollector <> - format: match_rnid30 config1:32-35 mask:32-35
40 [47830756235712] INFO perfrun.perfcollector <> - format: match_dnid config1:13-17 mask:13-17
40 [47830756235712] INFO perfrun.perfcollector <> - format: mask_mc config2:9-12 mask:9-12
40 [47830756235712] INFO perfrun.perfcollector <> - format: mask_dnid config2:13-17 mask:13-17
40 [47830756235712] INFO perfrun.perfcollector <> - format: match_opc config1:5-8 mask:5-8
40 [47830756235712] INFO perfrun.perfcollector <> - format: match_rds config1:48-51 mask:48-51
40 [47830756235712] INFO perfrun.perfcollector <> - format: match_vnw config1:3-4 mask:3-4
41 [47830756235712] INFO perfrun.perfcollector <> - format: mask_opc config2:5-8 mask:5-8
41 [47830756235712] INFO perfrun.perfcollector <> - format: mask_rds config2:48-51 mask:48-51
41 [47830756235712] INFO perfrun.perfcollector <> - format: mask_vnw config2:3-4 mask:3-4
41 [47830756235712] INFO perfrun.perfcollector <> - format: match_mc config1:9-12 mask:9-12
41 [47830756235712] INFO perfrun.perfcollector <> - format: match0 config1:0-31 mask:0-31
41 [47830756235712] INFO perfrun.perfcollector <> - format: match1 config1:32-63 mask:32-63
41 [47830756235712] INFO perfrun.perfcollector <> - format: mask_rnid4 config2:31 mask:31
41 [47830756235712] INFO perfrun.perfcollector <> - format: thresh config:24-31 mask:24-31
41 [47830756235712] INFO perfrun.perfcollector <> - hwInfo : PERF_QPI_PMU_DETAILS
41 [47830756235712] INFO perfrun.perfcollector <> - pmu added : family : uncore_qpi , id : 0
41 [47830756235712] INFO perfrun.perfcollector <> - dir found : /sys/bus/event_source/devices/uncore_qpi_1
41 [47830756235712] INFO perfrun.perfcollector <> - format: inv config:23 mask:23
41 [47830756235712] INFO perfrun.perfcollector <> - format: edge config:18 mask:18
41 [47830756235712] INFO perfrun.perfcollector <> - format: match_rnid4 config1:31 mask:31
41 [47830756235712] INFO perfrun.perfcollector <> - format: event config:0-7,21 mask:0-7,21
41 [47830756235712] INFO perfrun.perfcollector <> - format: mask0 config2:0-31 mask:0-31
41 [47830756235712] INFO perfrun.perfcollector <> - format: mask1 config2:32-63 mask:32-63
41 [47830756235712] INFO perfrun.perfcollector <> - format: umask config:8-15 mask:8-15
41 [47830756235712] INFO perfrun.perfcollector <> - format: mask_rnid30 config2:32-35 mask:32-35
41 [47830756235712] INFO perfrun.perfcollector <> - format: match_rnid30 config1:32-35 mask:32-35
41 [47830756235712] INFO perfrun.perfcollector <> - format: match_dnid config1:13-17 mask:13-17
41 [47830756235712] INFO perfrun.perfcollector <> - format: mask_mc config2:9-12 mask:9-12
41 [47830756235712] INFO perfrun.perfcollector <> - format: mask_dnid config2:13-17 mask:13-17
41 [47830756235712] INFO perfrun.perfcollector <> - format: match_opc config1:5-8 mask:5-8
41 [47830756235712] INFO perfrun.perfcollector <> - format: match_rds config1:48-51 mask:48-51
42 [47830756235712] INFO perfrun.perfcollector <> - format: match_vnw config1:3-4 mask:3-4
42 [47830756235712] INFO perfrun.perfcollector <> - format: mask_opc config2:5-8 mask:5-8
42 [47830756235712] INFO perfrun.perfcollector <> - format: mask_rds config2:48-51 mask:48-51
42 [47830756235712] INFO perfrun.perfcollector <> - format: mask_vnw config2:3-4 mask:3-4
42 [47830756235712] INFO perfrun.perfcollector <> - format: match_mc config1:9-12 mask:9-12
42 [47830756235712] INFO perfrun.perfcollector <> - format: match0 config1:0-31 mask:0-31
42 [47830756235712] INFO perfrun.perfcollector <> - format: match1 config1:32-63 mask:32-63
42 [47830756235712] INFO perfrun.perfcollector <> - format: mask_rnid4 config2:31 mask:31
42 [47830756235712] INFO perfrun.perfcollector <> - format: thresh config:24-31 mask:24-31
42 [47830756235712] INFO perfrun.perfcollector <> - hwInfo : PERF_QPI_PMU_DETAILS
42 [47830756235712] INFO perfrun.perfcollector <> - pmu added : family : uncore_qpi , id : 1
42 [47830756235712] INFO perfrun.perfcollector <> - dir found : /sys/bus/event_source/devices/uncore_cbox_0
42 [47830756235712] INFO perfrun.perfcollector <> - format: edge config:18 mask:18
42 [47830756235712] INFO perfrun.perfcollector <> - format: event config:0-7 mask:0-7
42 [47830756235712] INFO perfrun.perfcollector <> - format: umask config:8-15 mask:8-15
42 [47830756235712] INFO perfrun.perfcollector <> - format: filter_c6 config1:61 mask:61
42 [47830756235712] INFO perfrun.perfcollector <> - format: filter_nc config1:62 mask:62
42 [47830756235712] INFO perfrun.perfcollector <> - format: filter_isoc config1:63 mask:63
42 [47830756235712] INFO perfrun.perfcollector <> - format: filter_link config1:6-8 mask:6-8
42 [47830756235712] INFO perfrun.perfcollector <> - format: filter_nid config1:32-47 mask:32-47
42 [47830756235712] INFO perfrun.perfcollector <> - format: filter_opc config1:52-60 mask:52-60
42 [47830756235712] INFO perfrun.perfcollector <> - format: filter_tid config1:0-5 mask:0-5
42 [47830756235712] INFO perfrun.perfcollector <> - format: tid_en config:19 mask:19
42 [47830756235712] INFO perfrun.perfcollector <> - format: thresh config:24-31 mask:24-31
42 [47830756235712] INFO perfrun.perfcollector <> - format: filter_state config1:17-23 mask:17-23
42 [47830756235712] WARN perfrun.perfcollector <> - pmu hwInfo is not set, at file: vcs/perfrun1/plugins/perfcollector/src/controller.cpp:657
43 [47830756235712] INFO perfrun.perfcollector <> - pmu added : family : uncore_cbox , id : 0
43 [47830756235712] INFO perfrun.perfcollector <> - dir found : /sys/bus/event_source/devices/uncore_cbox_1
43 [47830756235712] INFO perfrun.perfcollector <> - format: edge config:18 mask:18
43 [47830756235712] INFO perfrun.perfcollector <> - format: event config:0-7 mask:0-7
43 [47830756235712] INFO perfrun.perfcollector <> - format: umask config:8-15 mask:8-15
43 [47830756235712] INFO perfrun.perfcollector <> - format: filter_c6 config1:61 mask:61
43 [47830756235712] INFO perfrun.perfcollector <> - format: filter_nc config1:62 mask:62
43 [47830756235712] INFO perfrun.perfcollector <> - format: filter_isoc config1:63 mask:63
43 [47830756235712] INFO perfrun.perfcollector <> - format: filter_link config1:6-8 mask:6-8
43 [47830756235712] INFO perfrun.perfcollector <> - format: filter_nid config1:32-47 mask:32-47
43 [47830756235712] INFO perfrun.perfcollector <> - format: filter_opc config1:52-60 mask:52-60
43 [47830756235712] INFO perfrun.perfcollector <> - format: filter_tid config1:0-5 mask:0-5
43 [47830756235712] INFO perfrun.perfcollector <> - format: tid_en config:19 mask:19
43 [47830756235712] INFO perfrun.perfcollector <> - format: thresh config:24-31 mask:24-31
43 [47830756235712] INFO perfrun.perfcollector <> - format: filter_state config1:17-23 mask:17-23
43 [47830756235712] WARN perfrun.perfcollector <> - pmu hwInfo is not set, at file: vcs/perfrun1/plugins/perfcollector/src/controller.cpp:657
43 [47830756235712] INFO perfrun.perfcollector <> - pmu added : family : uncore_cbox , id : 1
43 [47830756235712] INFO perfrun.perfcollector <> - dir found : /sys/bus/event_source/devices/uncore_cbox_2
43 [47830756235712] INFO perfrun.perfcollector <> - format: edge config:18 mask:18
43 [47830756235712] INFO perfrun.perfcollector <> - format: event config:0-7 mask:0-7
43 [47830756235712] INFO perfrun.perfcollector <> - format: umask config:8-15 mask:8-15
43 [47830756235712] INFO perfrun.perfcollector <> - format: filter_c6 config1:61 mask:61
43 [47830756235712] INFO perfrun.perfcollector <> - format: filter_nc config1:62 mask:62
43 [47830756235712] INFO perfrun.perfcollector <> - format: filter_isoc config1:63 mask:63
44 [47830756235712] INFO perfrun.perfcollector <> - format: filter_link config1:6-8 mask:6-8
44 [47830756235712] INFO perfrun.perfcollector <> - format: filter_nid config1:32-47 mask:32-47
44 [47830756235712] INFO perfrun.perfcollector <> - format: filter_opc config1:52-60 mask:52-60
44 [47830756235712] INFO perfrun.perfcollector <> - format: filter_tid config1:0-5 mask:0-5
44 [47830756235712] INFO perfrun.perfcollector <> - format: tid_en config:19 mask:19
44 [47830756235712] INFO perfrun.perfcollector <> - format: thresh config:24-31 mask:24-31
44 [47830756235712] INFO perfrun.perfcollector <> - format: filter_state config1:17-23 mask:17-23
44 [47830756235712] WARN perfrun.perfcollector <> - pmu hwInfo is not set, at file: vcs/perfrun1/plugins/perfcollector/src/controller.cpp:657
44 [47830756235712] INFO perfrun.perfcollector <> - pmu added : family : uncore_cbox , id : 2
44 [47830756235712] INFO perfrun.perfcollector <> - dir found : /sys/bus/event_source/devices/uncore_cbox_3
44 [47830756235712] INFO perfrun.perfcollector <> - format: edge config:18 mask:18
44 [47830756235712] INFO perfrun.perfcollector <> - format: event config:0-7 mask:0-7
44 [47830756235712] INFO perfrun.perfcollector <> - format: umask config:8-15 mask:8-15
44 [47830756235712] INFO perfrun.perfcollector <> - format: filter_c6 config1:61 mask:61
44 [47830756235712] INFO perfrun.perfcollector <> - format: filter_nc config1:62 mask:62
44 [47830756235712] INFO perfrun.perfcollector <> - format: filter_isoc config1:63 mask:63
44 [47830756235712] INFO perfrun.perfcollector <> - format: filter_link config1:6-8 mask:6-8
44 [47830756235712] INFO perfrun.perfcollector <> - format: filter_nid config1:32-47 mask:32-47
44 [47830756235712] INFO perfrun.perfcollector <> - format: filter_opc config1:52-60 mask:52-60
44 [47830756235712] INFO perfrun.perfcollector <> - format: filter_tid config1:0-5 mask:0-5
44 [47830756235712] INFO perfrun.perfcollector <> - format: tid_en config:19 mask:19
44 [47830756235712] INFO perfrun.perfcollector <> - format: thresh config:24-31 mask:24-31
44 [47830756235712] INFO perfrun.perfcollector <> - format: filter_state config1:17-23 mask:17-23
44 [47830756235712] WARN perfrun.perfcollector <> - pmu hwInfo is not set, at file: vcs/perfrun1/plugins/perfcollector/src/controller.cpp:657
44 [47830756235712] INFO perfrun.perfcollector <> - pmu added : family : uncore_cbox , id : 3
44 [47830756235712] INFO perfrun.perfcollector <> - dir found : /sys/bus/event_source/devices/uncore_cbox_4
45 [47830756235712] INFO perfrun.perfcollector <> - format: edge config:18 mask:18
45 [47830756235712] INFO perfrun.perfcollector <> - format: event config:0-7 mask:0-7
45 [47830756235712] INFO perfrun.perfcollector <> - format: umask config:8-15 mask:8-15
45 [47830756235712] INFO perfrun.perfcollector <> - format: filter_c6 config1:61 mask:61
45 [47830756235712] INFO perfrun.perfcollector <> - format: filter_nc config1:62 mask:62
45 [47830756235712] INFO perfrun.perfcollector <> - format: filter_isoc config1:63 mask:63
45 [47830756235712] INFO perfrun.perfcollector <> - format: filter_link config1:6-8 mask:6-8
45 [47830756235712] INFO perfrun.perfcollector <> - format: filter_nid config1:32-47 mask:32-47
45 [47830756235712] INFO perfrun.perfcollector <> - format: filter_opc config1:52-60 mask:52-60
45 [47830756235712] INFO perfrun.perfcollector <> - format: filter_tid config1:0-5 mask:0-5
45 [47830756235712] INFO perfrun.perfcollector <> - format: tid_en config:19 mask:19
45 [47830756235712] INFO perfrun.perfcollector <> - format: thresh config:24-31 mask:24-31
45 [47830756235712] INFO perfrun.perfcollector <> - format: filter_state config1:17-23 mask:17-23
45 [47830756235712] WARN perfrun.perfcollector <> - pmu hwInfo is not set, at file: vcs/perfrun1/plugins/perfcollector/src/controller.cpp:657
45 [47830756235712] INFO perfrun.perfcollector <> - pmu added : family : uncore_cbox , id : 4
45 [47830756235712] INFO perfrun.perfcollector <> - dir found : /sys/bus/event_source/devices/uncore_cbox_5
45 [47830756235712] INFO perfrun.perfcollector <> - format: edge config:18 mask:18
45 [47830756235712] INFO perfrun.perfcollector <> - format: event config:0-7 mask:0-7
45 [47830756235712] INFO perfrun.perfcollector <> - format: umask config:8-15 mask:8-15
45 [47830756235712] INFO perfrun.perfcollector <> - format: filter_c6 config1:61 mask:61
45 [47830756235712] INFO perfrun.perfcollector <> - format: filter_nc config1:62 mask:62
45 [47830756235712] INFO perfrun.perfcollector <> - format: filter_isoc config1:63 mask:63
45 [47830756235712] INFO perfrun.perfcollector <> - format: filter_link config1:6-8 mask:6-8
45 [47830756235712] INFO perfrun.perfcollector <> - format: filter_nid config1:32-47 mask:32-47
45 [47830756235712] INFO perfrun.perfcollector <> - format: filter_opc config1:52-60 mask:52-60
46 [47830756235712] INFO perfrun.perfcollector <> - format: filter_tid config1:0-5 mask:0-5
46 [47830756235712] INFO perfrun.perfcollector <> - format: tid_en config:19 mask:19
46 [47830756235712] INFO perfrun.perfcollector <> - format: thresh config:24-31 mask:24-31
46 [47830756235712] INFO perfrun.perfcollector <> - format: filter_state config1:17-23 mask:17-23
46 [47830756235712] WARN perfrun.perfcollector <> - pmu hwInfo is not set, at file: vcs/perfrun1/plugins/perfcollector/src/controller.cpp:657
46 [47830756235712] INFO perfrun.perfcollector <> - pmu added : family : uncore_cbox , id : 5
46 [47830756235712] INFO perfrun.perfcollector <> - dir found : /sys/bus/event_source/devices/uncore_cbox_6
46 [47830756235712] INFO perfrun.perfcollector <> - format: edge config:18 mask:18
46 [47830756235712] INFO perfrun.perfcollector <> - format: event config:0-7 mask:0-7
46 [47830756235712] INFO perfrun.perfcollector <> - format: umask config:8-15 mask:8-15
46 [47830756235712] INFO perfrun.perfcollector <> - format: filter_c6 config1:61 mask:61
46 [47830756235712] INFO perfrun.perfcollector <> - format: filter_nc config1:62 mask:62
46 [47830756235712] INFO perfrun.perfcollector <> - format: filter_isoc config1:63 mask:63
46 [47830756235712] INFO perfrun.perfcollector <> - format: filter_link config1:6-8 mask:6-8
46 [47830756235712] INFO perfrun.perfcollector <> - format: filter_nid config1:32-47 mask:32-47
46 [47830756235712] INFO perfrun.perfcollector <> - format: filter_opc config1:52-60 mask:52-60
46 [47830756235712] INFO perfrun.perfcollector <> - format: filter_tid config1:0-5 mask:0-5
46 [47830756235712] INFO perfrun.perfcollector <> - format: tid_en config:19 mask:19
46 [47830756235712] INFO perfrun.perfcollector <> - format: thresh config:24-31 mask:24-31
46 [47830756235712] INFO perfrun.perfcollector <> - format: filter_state config1:17-23 mask:17-23
46 [47830756235712] WARN perfrun.perfcollector <> - pmu hwInfo is not set, at file: vcs/perfrun1/plugins/perfcollector/src/controller.cpp:657
46 [47830756235712] INFO perfrun.perfcollector <> - pmu added : family : uncore_cbox , id : 6
46 [47830756235712] INFO perfrun.perfcollector <> - dir found : /sys/bus/event_source/devices/uncore_cbox_7
46 [47830756235712] INFO perfrun.perfcollector <> - format: edge config:18 mask:18
46 [47830756235712] INFO perfrun.perfcollector <> - format: event config:0-7 mask:0-7
47 [47830756235712] INFO perfrun.perfcollector <> - format: umask config:8-15 mask:8-15
47 [47830756235712] INFO perfrun.perfcollector <> - format: filter_c6 config1:61 mask:61
47 [47830756235712] INFO perfrun.perfcollector <> - format: filter_nc config1:62 mask:62
47 [47830756235712] INFO perfrun.perfcollector <> - format: filter_isoc config1:63 mask:63
47 [47830756235712] INFO perfrun.perfcollector <> - format: filter_link config1:6-8 mask:6-8
47 [47830756235712] INFO perfrun.perfcollector <> - format: filter_nid config1:32-47 mask:32-47
47 [47830756235712] INFO perfrun.perfcollector <> - format: filter_opc config1:52-60 mask:52-60
47 [47830756235712] INFO perfrun.perfcollector <> - format: filter_tid config1:0-5 mask:0-5
47 [47830756235712] INFO perfrun.perfcollector <> - format: tid_en config:19 mask:19
47 [47830756235712] INFO perfrun.perfcollector <> - format: thresh config:24-31 mask:24-31
47 [47830756235712] INFO perfrun.perfcollector <> - format: filter_state config1:17-23 mask:17-23
47 [47830756235712] WARN perfrun.perfcollector <> - pmu hwInfo is not set, at file: vcs/perfrun1/plugins/perfcollector/src/controller.cpp:657
47 [47830756235712] INFO perfrun.perfcollector <> - pmu added : family : uncore_cbox , id : 7
47 [47830756235712] INFO perfrun.perfcollector <> - dir found : /sys/bus/event_source/devices/uncore_cbox_8
47 [47830756235712] INFO perfrun.perfcollector <> - format: edge config:18 mask:18
47 [47830756235712] INFO perfrun.perfcollector <> - format: event config:0-7 mask:0-7
47 [47830756235712] INFO perfrun.perfcollector <> - format: umask config:8-15 mask:8-15
47 [47830756235712] INFO perfrun.perfcollector <> - format: filter_c6 config1:61 mask:61
47 [47830756235712] INFO perfrun.perfcollector <> - format: filter_nc config1:62 mask:62
47 [47830756235712] INFO perfrun.perfcollector <> - format: filter_isoc config1:63 mask:63
47 [47830756235712] INFO perfrun.perfcollector <> - format: filter_link config1:6-8 mask:6-8
47 [47830756235712] INFO perfrun.perfcollector <> - format: filter_nid config1:32-47 mask:32-47
47 [47830756235712] INFO perfrun.perfcollector <> - format: filter_opc config1:52-60 mask:52-60
47 [47830756235712] INFO perfrun.perfcollector <> - format: filter_tid config1:0-5 mask:0-5
47 [47830756235712] INFO perfrun.perfcollector <> - format: tid_en config:19 mask:19
48 [47830756235712] INFO perfrun.perfcollector <> - format: thresh config:24-31 mask:24-31
48 [47830756235712] INFO perfrun.perfcollector <> - format: filter_state config1:17-23 mask:17-23
48 [47830756235712] WARN perfrun.perfcollector <> - pmu hwInfo is not set, at file: vcs/perfrun1/plugins/perfcollector/src/controller.cpp:657
48 [47830756235712] INFO perfrun.perfcollector <> - pmu added : family : uncore_cbox , id : 8
48 [47830756235712] INFO perfrun.perfcollector <> - dir found : /sys/bus/event_source/devices/uncore_cbox_9
48 [47830756235712] INFO perfrun.perfcollector <> - format: edge config:18 mask:18
48 [47830756235712] INFO perfrun.perfcollector <> - format: event config:0-7 mask:0-7
48 [47830756235712] INFO perfrun.perfcollector <> - format: umask config:8-15 mask:8-15
48 [47830756235712] INFO perfrun.perfcollector <> - format: filter_c6 config1:61 mask:61
48 [47830756235712] INFO perfrun.perfcollector <> - format: filter_nc config1:62 mask:62
48 [47830756235712] INFO perfrun.perfcollector <> - format: filter_isoc config1:63 mask:63
48 [47830756235712] INFO perfrun.perfcollector <> - format: filter_link config1:6-8 mask:6-8
48 [47830756235712] INFO perfrun.perfcollector <> - format: filter_nid config1:32-47 mask:32-47
48 [47830756235712] INFO perfrun.perfcollector <> - format: filter_opc config1:52-60 mask:52-60
48 [47830756235712] INFO perfrun.perfcollector <> - format: filter_tid config1:0-5 mask:0-5
48 [47830756235712] INFO perfrun.perfcollector <> - format: tid_en config:19 mask:19
48 [47830756235712] INFO perfrun.perfcollector <> - format: thresh config:24-31 mask:24-31
48 [47830756235712] INFO perfrun.perfcollector <> - format: filter_state config1:17-23 mask:17-23
48 [47830756235712] WARN perfrun.perfcollector <> - pmu hwInfo is not set, at file: vcs/perfrun1/plugins/perfcollector/src/controller.cpp:657
48 [47830756235712] INFO perfrun.perfcollector <> - pmu added : family : uncore_cbox , id : 9
48 [47830756235712] INFO perfrun.perfcollector <> - dir found : /sys/bus/event_source/devices/uncore_r2pcie
48 [47830756235712] INFO perfrun.perfcollector <> - format: inv config:23 mask:23
48 [47830756235712] INFO perfrun.perfcollector <> - format: edge config:18 mask:18
48 [47830756235712] INFO perfrun.perfcollector <> - format: event config:0-7 mask:0-7
48 [47830756235712] INFO perfrun.perfcollector <> - format: umask config:8-15 mask:8-15
48 [47830756235712] INFO perfrun.perfcollector <> - format: thresh config:24-31 mask:24-31
49 [47830756235712] WARN perfrun.perfcollector <> - pmu hwInfo is not set, at file: vcs/perfrun1/plugins/perfcollector/src/controller.cpp:657
49 [47830756235712] INFO perfrun.perfcollector <> - pmu added : family : uncore_r2pcie , id : 0
49 [47830756235712] INFO perfrun.perfcollector <> - dir found : /sys/bus/event_source/devices/uncore_r3qpi_0
49 [47830756235712] INFO perfrun.perfcollector <> - format: inv config:23 mask:23
49 [47830756235712] INFO perfrun.perfcollector <> - format: edge config:18 mask:18
49 [47830756235712] INFO perfrun.perfcollector <> - format: event config:0-7 mask:0-7
49 [47830756235712] INFO perfrun.perfcollector <> - format: umask config:8-15 mask:8-15
49 [47830756235712] INFO perfrun.perfcollector <> - format: thresh config:24-31 mask:24-31
49 [47830756235712] WARN perfrun.perfcollector <> - pmu hwInfo is not set, at file: vcs/perfrun1/plugins/perfcollector/src/controller.cpp:657
49 [47830756235712] INFO perfrun.perfcollector <> - pmu added : family : uncore_r3qpi , id : 0
49 [47830756235712] INFO perfrun.perfcollector <> - dir found : /sys/bus/event_source/devices/uncore_r3qpi_1
49 [47830756235712] INFO perfrun.perfcollector <> - format: inv config:23 mask:23
49 [47830756235712] INFO perfrun.perfcollector <> - format: edge config:18 mask:18
49 [47830756235712] INFO perfrun.perfcollector <> - format: event config:0-7 mask:0-7
49 [47830756235712] INFO perfrun.perfcollector <> - format: umask config:8-15 mask:8-15
49 [47830756235712] INFO perfrun.perfcollector <> - format: thresh config:24-31 mask:24-31
49 [47830756235712] WARN perfrun.perfcollector <> - pmu hwInfo is not set, at file: vcs/perfrun1/plugins/perfcollector/src/controller.cpp:657
49 [47830756235712] INFO perfrun.perfcollector <> - pmu added : family : uncore_r3qpi , id : 1
49 [47830756235712] INFO perfrun.perfcollector <> - dir found : /sys/bus/event_source/devices/uncore_sbox_0
49 [47830756235712] INFO perfrun.perfcollector <> - format: inv config:23 mask:23
49 [47830756235712] INFO perfrun.perfcollector <> - format: edge config:18 mask:18
49 [47830756235712] INFO perfrun.perfcollector <> - format: event config:0-7 mask:0-7
49 [47830756235712] INFO perfrun.perfcollector <> - format: umask config:8-15 mask:8-15
49 [47830756235712] INFO perfrun.perfcollector <> - format: tid_en config:19 mask:19
49 [47830756235712] INFO perfrun.perfcollector <> - format: thresh config:24-31 mask:24-31
49 [47830756235712] WARN perfrun.perfcollector <> - pmu hwInfo is not set, at file: vcs/perfrun1/plugins/perfcollector/src/controller.cpp:657
50 [47830756235712] INFO perfrun.perfcollector <> - pmu added : family : uncore_sbox , id : 0
50 [47830756235712] INFO perfrun.perfcollector <> - dir found : /sys/bus/event_source/devices/uncore_sbox_1
50 [47830756235712] INFO perfrun.perfcollector <> - format: inv config:23 mask:23
50 [47830756235712] INFO perfrun.perfcollector <> - format: edge config:18 mask:18
50 [47830756235712] INFO perfrun.perfcollector <> - format: event config:0-7 mask:0-7
50 [47830756235712] INFO perfrun.perfcollector <> - format: umask config:8-15 mask:8-15
50 [47830756235712] INFO perfrun.perfcollector <> - format: tid_en config:19 mask:19
50 [47830756235712] INFO perfrun.perfcollector <> - format: thresh config:24-31 mask:24-31
50 [47830756235712] WARN perfrun.perfcollector <> - pmu hwInfo is not set, at file: vcs/perfrun1/plugins/perfcollector/src/controller.cpp:657
50 [47830756235712] INFO perfrun.perfcollector <> - pmu added : family : uncore_sbox , id : 1
50 [47830756235712] INFO perfrun.perfcollector <> - dir found : /sys/bus/event_source/devices/uncore_sbox_2
50 [47830756235712] INFO perfrun.perfcollector <> - format: inv config:23 mask:23
50 [47830756235712] INFO perfrun.perfcollector <> - format: edge config:18 mask:18
50 [47830756235712] INFO perfrun.perfcollector <> - format: event config:0-7 mask:0-7
50 [47830756235712] INFO perfrun.perfcollector <> - format: umask config:8-15 mask:8-15
50 [47830756235712] INFO perfrun.perfcollector <> - format: tid_en config:19 mask:19
50 [47830756235712] INFO perfrun.perfcollector <> - format: thresh config:24-31 mask:24-31
50 [47830756235712] WARN perfrun.perfcollector <> - pmu hwInfo is not set, at file: vcs/perfrun1/plugins/perfcollector/src/controller.cpp:657
50 [47830756235712] INFO perfrun.perfcollector <> - pmu added : family : uncore_sbox , id : 2
50 [47830756235712] INFO perfrun.perfcollector <> - dir found : /sys/bus/event_source/devices/uncore_sbox_3
50 [47830756235712] INFO perfrun.perfcollector <> - format: inv config:23 mask:23
50 [47830756235712] INFO perfrun.perfcollector <> - format: edge config:18 mask:18
50 [47830756235712] INFO perfrun.perfcollector <> - format: event config:0-7 mask:0-7
50 [47830756235712] INFO perfrun.perfcollector <> - format: umask config:8-15 mask:8-15
50 [47830756235712] INFO perfrun.perfcollector <> - format: tid_en config:19 mask:19
51 [47830756235712] INFO perfrun.perfcollector <> - format: thresh config:24-31 mask:24-31
51 [47830756235712] WARN perfrun.perfcollector <> - pmu hwInfo is not set, at file: vcs/perfrun1/plugins/perfcollector/src/controller.cpp:657
51 [47830756235712] INFO perfrun.perfcollector <> - pmu added : family : uncore_sbox , id : 3
51 [47830756235712] INFO perfrun.perfcollector <> - dir found : /sys/bus/event_source/devices/cstate_core
51 [47830756235712] INFO perfrun.perfcollector <> - format: event config:0-63 mask:0-63
51 [47830756235712] WARN perfrun.perfcollector <> - pmu hwInfo is not set, at file: vcs/perfrun1/plugins/perfcollector/src/controller.cpp:657
51 [47830756235712] INFO perfrun.perfcollector <> - pmu added : family : cstate_core , id : 0
51 [47830756235712] INFO perfrun.perfcollector <> - dir found : /sys/bus/event_source/devices/cstate_pkg
51 [47830756235712] INFO perfrun.perfcollector <> - format: event config:0-63 mask:0-63
51 [47830756235712] WARN perfrun.perfcollector <> - pmu hwInfo is not set, at file: vcs/perfrun1/plugins/perfcollector/src/controller.cpp:657
51 [47830756235712] INFO perfrun.perfcollector <> - pmu added : family : cstate_pkg , id : 0
51 [47830756235712] INFO perfrun.perfcollector <> - dir found : /sys/bus/event_source/devices/intel_bts
51 [47830756235712] WARN perfrun.perfcollector <> - format subdir doesn't exist, at file: vcs/perfrun1/plugins/perfcollector/src/controller.cpp:578
51 [47830756235712] WARN perfrun.perfcollector <> - pmu hwInfo is not set, at file: vcs/perfrun1/plugins/perfcollector/src/controller.cpp:657
51 [47830756235712] INFO perfrun.perfcollector <> - pmu added : family : intel_bts , id : 0
51 [47830756235712] INFO perfrun.perfcollector <> - dir found : /sys/bus/event_source/devices/intel_cqm
51 [47830756235712] INFO perfrun.perfcollector <> - format: event config:0-7 mask:0-7
51 [47830756235712] WARN perfrun.perfcollector <> - pmu hwInfo is not set, at file: vcs/perfrun1/plugins/perfcollector/src/controller.cpp:657
51 [47830756235712] INFO perfrun.perfcollector <> - pmu added : family : intel_cqm , id : 0
51 [47830756235712] INFO perfrun.perfcollector <> - dir found : /sys/bus/event_source/devices/breakpoint
51 [47830756235712] WARN perfrun.perfcollector <> - format subdir doesn't exist, at file: vcs/perfrun1/plugins/perfcollector/src/controller.cpp:578
51 [47830756235712] WARN perfrun.perfcollector <> - pmu hwInfo is not set, at file: vcs/perfrun1/plugins/perfcollector/src/controller.cpp:657
51 [47830756235712] INFO perfrun.perfcollector <> - pmu added : family : breakpoint , id : 0
51 [47830756235712] INFO perfrun.perfcollector <> - dir found : /sys/bus/event_source/devices/uncore_ha_0
51 [47830756235712] INFO perfrun.perfcollector <> - format: inv config:23 mask:23
51 [47830756235712] INFO perfrun.perfcollector <> - format: edge config:18 mask:18
51 [47830756235712] INFO perfrun.perfcollector <> - format: event config:0-7 mask:0-7
51 [47830756235712] INFO perfrun.perfcollector <> - format: umask config:8-15 mask:8-15
51 [47830756235712] INFO perfrun.perfcollector <> - format: thresh config:24-31 mask:24-31
51 [47830756235712] WARN perfrun.perfcollector <> - pmu hwInfo is not set, at file: vcs/perfrun1/plugins/perfcollector/src/controller.cpp:657
52 [47830756235712] INFO perfrun.perfcollector <> - pmu added : family : uncore_ha , id : 0
52 [47830756235712] INFO perfrun.perfcollector <> - dir found : /sys/bus/event_source/devices/uncore_ha_1
52 [47830756235712] INFO perfrun.perfcollector <> - format: inv config:23 mask:23
52 [47830756235712] INFO perfrun.perfcollector <> - format: edge config:18 mask:18
52 [47830756235712] INFO perfrun.perfcollector <> - format: event config:0-7 mask:0-7
52 [47830756235712] INFO perfrun.perfcollector <> - format: umask config:8-15 mask:8-15
52 [47830756235712] INFO perfrun.perfcollector <> - format: thresh config:24-31 mask:24-31
52 [47830756235712] WARN perfrun.perfcollector <> - pmu hwInfo is not set, at file: vcs/perfrun1/plugins/perfcollector/src/controller.cpp:657
52 [47830756235712] INFO perfrun.perfcollector <> - pmu added : family : uncore_ha , id : 1
52 [47830756235712] INFO perfrun.perfcollector <> - dir found : /sys/bus/event_source/devices/uncore_ubox
52 [47830756235712] INFO perfrun.perfcollector <> - format: inv config:23 mask:23
52 [47830756235712] INFO perfrun.perfcollector <> - format: edge config:18 mask:18
52 [47830756235712] INFO perfrun.perfcollector <> - format: event config:0-7 mask:0-7
52 [47830756235712] INFO perfrun.perfcollector <> - format: umask config:8-15 mask:8-15
52 [47830756235712] INFO perfrun.perfcollector <> - format: filter_cid config1:5 mask:5
52 [47830756235712] INFO perfrun.perfcollector <> - format: filter_tid config1:0 mask:0
52 [47830756235712] INFO perfrun.perfcollector <> - format: thresh config:24-28 mask:24-28
52 [47830756235712] WARN perfrun.perfcollector <> - pmu hwInfo is not set, at file: vcs/perfrun1/plugins/perfcollector/src/controller.cpp:657
52 [47830756235712] INFO perfrun.perfcollector <> - pmu added : family : uncore_ubox , id : 0
52 [47830756235712] INFO perfrun.launcher <> - plugin perf has been added successfully
53 [47830756235712] INFO perfrun.launcher <> - plugin tpss has been added successfully
53 [47830756235712] INFO perfrun.launcher <> - plugin cuscol has been added successfully
53 [47830756235712] INFO perfrun.launcher <> - plugin exprof has been added successfully
53 [47830756235712] INFO perfrun.launcher <> - plugin dpdk has been added successfully
53 [47830756235712] INFO perfrun.launcher <> - plugin media has been added successfully
53 [47830756235712] INFO perfrun.launcher <> - plugin commcollector has been added successfully
53 [47830756235712] INFO perfrun.launcher <> - plugin cve has been added successfully
54 [47830756235712] INFO perfrun.launcher <> - the option was added --interval: Specify an interval of data collection (for example, sampling) in milliseconds.
54 [47830756235712] INFO perfrun.launcher <> - the option was added --follow-child: Profile process with or without children.
54 [47830756235712] INFO perfrun.launcher <> - the option was added --gelding: BADMSG: perfrun1.launcher.plugin_manager::gelding
54 [47830756235712] INFO perfrun.launcher <> - the option was added --time-source: Specify time source for measurement. Possible values: sys - wall clock time; tsc - time stamp counter; ext - time from an external source; auto - auto select accurate time source.
54 [47830756235712] INFO perfrun.launcher <> - the option was added --stack: Enable or disable collection of stacks.
54 [47830756235712] INFO perfrun.launcher <> - the option was added --stack-stitching: Enable or disable the stack stitching algorithm for Intel TBB-based applications.
54 [47830756235712] INFO perfrun.launcher <> - the option was added --type: Specify type of data to be collected. For example, --type cpu:counters,waiting:nostack,io.
54 [47830756235712] INFO perfrun.launcher <> - the option was added --mrte-mode: Specify Java/.NET/other managed runtime collection mode. Possible values: native - collect information only for native code; managed - collect information only for managed code; mixed - collect information for both managed and native code; auto - choose the mode based on binary type.
54 [47830756235712] INFO perfrun.launcher <> - the option was added --mrte-mode-list: List supported Java/.NET/other managed runtime collection modes.
54 [47830756235712] INFO perfrun.launcher <> - the option was added --mrte-type: Specify which managed runtimes to collect. Possible values: java - collect information for Java; dotnet - collect information for .NET; python - collect information for CPython. You can specify several values separated by comma.
54 [47830756235712] INFO perfrun.launcher <> - the option was added --mrte-type-list: List supported Java/.NET/other managed runtime types.
54 [47830756235712] INFO perfrun.launcher <> - the option was added --trace-strategy: Specify how to profile a process tree. <string> can be "<process>:trace:notrace" - profile the process but do not profile its children. Shorthand parameters: t - trace, nt - notrace. For example, "vtunedemo.exe:t:t".
54 [47830756235712] INFO perfrun.launcher <> - the option was added --collector: BADMSG: perfrun1.launcher.plugin_manager::collector
54 [47830756235712] INFO perfrun.launcher <> - the option was added --system-wide: Enable system-wide profiling. This mode may require additional permissions.
54 [47830756235712] INFO perfrun.launcher <> - the option was added --kvm-guest: Enable KVM guest OS profiling.
54 [47830756235712] INFO perfrun.launcher <> - the option was added --kvm-guest-kallsyms: Specify a local path to the /proc/kallsyms file copied from the guest OS for proper symbol resolution.
54 [47830756235712] INFO perfrun.launcher <> - the option was added --kvm-guest-modules: Specify a local path to the /proc/modules file copied from the guest OS for proper symbol resolution.
54 [47830756235712] INFO perfrun.launcher <> - the option was added --target-system: BADMSG: perfrun1.launcher.plugin_manager::target-system
54 [47830756235712] INFO perfrun.launcher <> - the option was added --dump-vdso: Dump [vdso] to result directory
54 [47830756235712] INFO perfrun.launcher <> - the option was added --bandwidth-limits: Measure bandwidth limits
54 [47830756235712] INFO perfrun.launcher <> - the option was added --bandwidth-strategy: Bandwidth limits determination specific properties (example: --bandwidth-strategy array-size=0,duration=500).
54 [47830756235712] INFO perfrun.launcher <> - the option was added --bandwidth-config: List of benchmarks to run.
55 [47830756235712] INFO perfrun.launcher <> - the option was added --system-collector-config: Specify subcollectors. Possible values: all, vdso, container, device-info, none.
55 [47830756235712] INFO perfrun.launcher <> - the option was added --itt-config: Specify a sub-set of ITT API to collect.
55 [47830756235712] INFO perfrun.launcher <> - the option was added --itt-debug: Set pseudo-breakpoint at ITT API collector's start to enable the debugger to attach early.
55 [47830756235712] INFO perfrun.launcher <> - the option was added --itt-ring-buffer-multiplier: The size of internal ITT API collector ring buffer, in bytes per second
55 [47830756235712] INFO perfrun.launcher <> - the option was added --ptrace: Ptrace collector.
55 [47830756235712] INFO perfrun.launcher <> - the option was added --target-pid: BADMSG: perfrun1.ptracecollector::target-pid
55 [47830756235712] INFO perfrun.launcher <> - the option was added --ptrace-server-pid: BADMSG: perfrun1.ptracecollector::ptrace-server-pid
55 [47830756235712] INFO perfrun.launcher <> - the option was added --ptrace-trace: BADMSG: perfrun1.ptracecollector::ptrace-trace
55 [47830756235712] INFO perfrun.launcher <> - the option was added --ptrace-time-source: BADMSG: perfrun1.ptracecollector::ptrace-time-source
55 [47830756235712] INFO perfrun.launcher <> - the option was added --ptrace-start-type: BADMSG: perfrun1.ptracecollector::ptrace-start-type
55 [47830756235712] INFO perfrun.launcher <> - the option was added --gpu-config: Specify types of GPU data to be collected. Possible values: preset1, preset2.
55 [47830756235712] INFO perfrun.launcher <> - the option was added --gpu-debug: Enable self-testing of the GPGPU profiling collector.
55 [47830756235712] INFO perfrun.launcher <> - the option was added --stdsrc-config: Specify Standard Sources category tag(s).
55 [47830756235712] INFO perfrun.launcher <> - the option was added --ftrace-config-list: List Linux Ftrace category tag(s).
55 [47830756235712] INFO perfrun.launcher <> - the option was added --ftrace-config: Specify Linux Ftrace category tag(s).
55 [47830756235712] INFO perfrun.launcher <> - the option was added --ftrace-function-groups: Enable tracing of specific groups of functions.
55 [47830756235712] INFO perfrun.launcher <> - the option was added --event-info: BADMSG: perfrun1.stdsrc::event-info
55 [47830756235712] INFO perfrun.launcher <> - the option was added --cpu-list: List supported CPUs.
55 [47830756235712] INFO perfrun.launcher <> - the option was added --target-list: List available targets for performing sampling collection.
55 [47830756235712] INFO perfrun.launcher <> - the option was added --event-value-list: Display event information.
55 [47830756235712] INFO perfrun.launcher <> - the option was added --platform-value-list: Display details of supported platforms.
55 [47830756235712] INFO perfrun.launcher <> - the option was added --uncore-event-list: List uncore events for which a sampling data collection can be performed on this platform.
55 [47830756235712] INFO perfrun.launcher <> - the option was added --modifier-list: Specify the event name <string> for which the modifiers list is requested.
55 [47830756235712] INFO perfrun.launcher <> - the option was added --pmu-list: List supported PMUs.
55 [47830756235712] INFO perfrun.launcher <> - the option was added --os-mode-only: Enable sampling data collection for OS-mode processes only.
55 [47830756235712] INFO perfrun.launcher <> - the option was added --user-mode-only: Enable sampling data collection for user-mode processes only.
56 [47830756235712] INFO perfrun.launcher <> - the option was added --event-config: Perform data collection for the events with <string> configured using the format <event name1>":modifier1=val:modifier2=val/constraint1={:modifier3=val:modifier4=val}...,"<event name2>":... Specify the events(s) to monitor and embed the event names within double quotes("). [:modifier=val] specifies individual event modifiers along with the respective values for a given platform. Note that the modifiers can be generic to an event as well as specific to a constraint (or an event qualifier). The constraint specific special modifiers appear after [/constraint=]. The modifiers can be in decimal or hexadecimal format. Only specific modifiers accept the value as a string. Each event specification is delimited by a comma (,). For a list of supported modifiers and constraints, refer to the documentation.
56 [47830756235712] INFO perfrun.launcher <> - the option was added --chipset-event-config: BADMSG: perfrun1.sep::chipset-event-config
56 [47830756235712] INFO perfrun.launcher <> - the option was added --uncore-event-config: Perform uncore data collection in ebc count mode for the events with <string> configured using the format "<event name1>"...,"<event name2>":... Specify the events(s) to monitor and embed the event names within double quotes(").
56 [47830756235712] INFO perfrun.launcher <> - the option was added --count-emon: Enable counting mode and output the data in EMON format.
56 [47830756235712] INFO perfrun.launcher <> - the option was added --event-based-counts: Enable event-based counting mode. During sampling data collection, event counts data is collected for the list of events specified in -event-config option.
56 [47830756235712] INFO perfrun.launcher <> - the option was added --event-mux-tfactor: Specify the event multiplexing tfactor as <integer> to set the length of the interval between interrupts. The larger the tfactor value, the larger the period between interrupts. Currently this option is only available on Intel platforms codenamed Knights Corner.
56 [47830756235712] INFO perfrun.launcher <> - the option was added --full-pebs-capture: Capture full pebs information.
56 [47830756235712] INFO perfrun.launcher <> - the option was added --last-branch-records: Capture Last Branch Records information.
56 [47830756235712] INFO perfrun.launcher <> - the option was added --pmu-type: Specify the targeted PMU name as <string>.
56 [47830756235712] INFO perfrun.launcher <> - the option was added --platform-type: Specify the targeted platform number as <number>.
56 [47830756235712] INFO perfrun.launcher <> - the option was added --bts-count: Specify the <integer> number of BTS records collected after each sample or context switch (VTSS++ only).
56 [47830756235712] INFO perfrun.launcher <> - the option was added --cpu-mask: Specify which CPU(s) <string> to collect data on. For example, specify "2-8,10,12-14" to sample only CPUs 2 through 8, 10, and 12 through 14.
56 [47830756235712] INFO perfrun.launcher <> - the option was added --event-mux-alg: Specify the event multiplexing algorithm. Possible values: sequence, timer, trigger.
56 [47830756235712] INFO perfrun.launcher <> - the option was added --event-mux-timeslice: Specify the event multiplexing time slice value as <integer>. The time slice specifies the duration between cycles for each event multiplexing group. The default value is 50 milliseconds. This option is valid only for timer-based event multiplexing. Specify the event multiplexing time slice value as <integer>. The time slice specifies the duration between cycles for each event multiplexing group. The default value is 1 millisecond. This option is valid only for timer-based event multiplexing.
56 [47830756235712] INFO perfrun.launcher <> - the option was added --event-mux-factor: Specify the event multiplexing factor as <integer>. It controls the switching of event multiplexing groups. The default factor is 50. This option is valid only for trigger-based event multiplexing. Specify the event multiplexing factor as <integer>. It controls the switching of event multiplexing groups. The default factor is 1. This option is valid only for trigger-based event multiplexing.
56 [47830756235712] INFO perfrun.launcher <> - the option was added --event-mux-trigger: Specify the name of the trigger event for event multiplexing as <string>. This option is valid only for trigger-based event multiplexing. The default trigger is CPU_CLK_UNHALTED.CORE (or CPU_CLK_UNHALTED.THREAD). BADMSG: perfrun1.vtsspp::event-mux-trigger
56 [47830756235712] INFO perfrun.launcher <> - the option was added --pwr-config: BADMSG: perfrun1.vtsspp::pwr-config
56 [47830756235712] INFO perfrun.launcher <> - the option was added --sys-config: BADMSG: perfrun1.vtsspp::sys-config
56 [47830756235712] INFO perfrun.launcher <> - the option was added --pt-mode: BADMSG: perfrun1.vtsspp::pt-mode
56 [47830756235712] INFO perfrun.launcher <> - the option was added --sample-after-multiplier: Specify the sample after multiplier as <double>. This multiplier modifies the sample after value for all the events specified in -event-config option. The values can range from 0.1 to 100.0. SAV multiplier value
56 [47830756235712] INFO perfrun.launcher <> - the option was added --uncore-sampling-interval: Specify the uncore sampling interval as <integer>. This value set the uncore sampling interval for all the uncore events specified in -event-config option.
56 [47830756235712] INFO perfrun.launcher <> - the option was added --count: Enable counting mode. Enable counting mode
56 [47830756235712] INFO perfrun.launcher <> - the option was added --trace-mpi: Configure collector to trace MPI code.
56 [47830756235712] INFO perfrun.launcher <> - the option was added --raw-perf-config: Specify a verified configuration for the Perf collector in the format: <describer>,<content>. For example: map-events-file,<path_to_map_events_file>.
56 [47830756235712] INFO perfrun.launcher <> - the option was added --stackwalk: Specify stack unwinding method. Possible values: online - unwind stacks during collection; offline - unwind stacks after collection is finished. Specify stack unwinding method. Possible value: lbr - unwind stacks during collection. Specify stack unwinding method. Possible values: online - unwind stacks during collection; offline - unwind stacks after collection is finished; lbr - enable LBR-based call stack collection. Specify stack unwinding method. Possible values: online - unwind stacks during collection; offline - unwind stacks after collection is finished. Specify stack unwinding method. Possible values: online - unwind stacks during collection; offline - unwind stacks after collection is finished.
56 [47830756235712] INFO perfrun.launcher <> - the option was added --filter-include: Filter data during collection. Possible values: contended=<on|off> - filter out uncontended events; contended_nostack=<time> - filter out stacks for contended events that take less than <time> microseconds; wait=<time> - ignore transitions and blocks with wait time less than <time> microseconds; wait_nostack=<time> - filter out stacks for waits that take less than <time> microseconds.
56 [47830756235712] INFO perfrun.launcher <> - the option was added --debug-pin: Debug PIN tool and runtime.
57 [47830756235712] INFO perfrun.launcher <> - the option was added --debug-exception: Disallow the application to set own abnormal termination handler.
57 [47830756235712] INFO perfrun.launcher <> - the option was added --trace-type: Specify the trace file granularity. Possible values: per-thread - per-thread trace file generation; per-process - per-process trace file generation.
57 [47830756235712] INFO perfrun.launcher <> - the option was added --instrumentation-type: Specify type of instrumentation.
57 [47830756235712] INFO perfrun.launcher <> - the option was added --altstack: Enable or disable usage of altstacks for profiling signal handlers.
57 [47830756235712] INFO perfrun.launcher <> - the option was added --profiling-signal: BADMSG: perfrun1.ptracecollector::profiling-signal Alternate profiling signal.
57 [47830756235712] INFO perfrun.launcher <> - the option was added --memory-strategy: Specify a minimal memory object size to be traced and a hash table size for faster objects search; for example: --memory-strategy obj-size-min=1024,hash-table-size=4096.
57 [47830756235712] INFO perfrun.launcher <> - the option was added --gpu-profiling-config: Specify a type of deep GPU profiling applied for all kernels and a comma-separated list of GPU kernel names and invocations in the following format: profiling_type[@kernel_name[:start_idx:step:stop_idx]], where profiling_type is one of following: none, bblatency, memlatency; kernel_name is the name of GPU kernel; start_idx is the number of the first invocation; and stop_idx is the number of the last invocation to be profiled.
57 [47830756235712] INFO perfrun.launcher <> - the option was added --custom-collector: Allows to provide arbitrary command line to be run on collection steps.
57 [47830756235712] INFO perfrun.launcher <> - the option was added --exprof-com-list: List available COM ports.
57 [47830756235712] INFO perfrun.launcher <> - the option was added --exprof-dvc-list: List available DvC IDs.
57 [47830756235712] INFO perfrun.launcher <> - the option was added --exprof-trace-channel: BADMSG: perfrun1.exprof::exprof-trace-channel
57 [47830756235712] INFO perfrun.launcher <> - the option was added --exprof-event-config: Specify ExactProfiling Event Classes.
57 [47830756235712] INFO perfrun.launcher <> - the option was added --analyze-dpdk: analyze-dpdk
57 [47830756235712] INFO perfrun.launcher <> - the option was added --network-sampling-interval: network-sampling-interval
57 [47830756235712] INFO perfrun.launcher <> - the option was added --dpdk-file-prefix: dpdk-file-prefix
61 [47830756235712] INFO perfrun.launcher <> - create msngr2::ICliToolContext
61 [47830756235712] INFO perfrun.launcher <> - create file finder object
61 [47830756235712] INFO perfrun.launcher <> - create a result directory: pattern = /global/project/projectdirs/alice/ftorales/GH_Correlations/batchjobs/res_dir pid = 4294967295
63 [47830756235712] INFO perfrun.sdk <> - checked that the directory /global/project/projectdirs/alice/ftorales/GH_Correlations/batchjobs/res_dir is a local directory
63 [47830756235712] INFO perfrun.sdk <> - the directory /global/project/projectdirs/alice/ftorales/GH_Correlations/batchjobs/res_dir is located on a share or its FS ID is unknown 1196443219
64 [47830756235712] INFO perfrun.launcher <> - Create a local result directory /tmp/amplxe-tmp-fernando/amplxe-res-31111-428554428575667 due to the user result path /global/project/projectdirs/alice/ftorales/GH_Correlations/batchjobs/res_dir is located on a share
64 [47830756235712] INFO perfrun.launcher <> - create data directory = /tmp/amplxe-tmp-fernando/amplxe-res-31111-428554428575667/data.0
64 [47830756235712] INFO perfrun.launcher <> - create data directory = /global/project/projectdirs/alice/ftorales/GH_Correlations/batchjobs/res_dir/data.0
79 [47830880208640] INFO perfrun.sdk <> - Allocating TMU :/tmp/amplxe-tmp-fernando/amplxe-res-31111-428554428575667/data.0/systemcollector-31111-cori11.sc
79 [47830880208640] INFO perfrun.system <> - Tpss based collection
80 [47830880208640] INFO perfrun.launcher <> - plugin [ptracecollector] was disabled because it doesn't support the given collection type.
80 [47830880208640] INFO perfrun.launcher <> - plugin [gpu] was disabled because it doesn't support the given collection type.
80 [47830880208640] INFO perfrun.launcher <> - plugin [] was disabled because it doesn't support the given collection type.
80 [47830880208640] INFO perfrun.launcher <> - plugin [] was disabled because it doesn't support the given collection type.
80 [47830880208640] INFO perfrun.launcher <> - plugin [] was disabled because it doesn't support the given collection type.
80 [47830880208640] INFO perfrun.launcher <> - plugin [mrte] was disabled because it doesn't support the given collection type.
80 [47830880208640] INFO perfrun.launcher <> - plugin [emon] was disabled because it doesn't support the given collection type.
80 [47830880208640] INFO perfrun.launcher <> - plugin [stdsrc] was disabled because it doesn't support the given collection type.
80 [47830880208640] INFO perfrun.launcher <> - plugin [sep] was disabled because it doesn't support the given collection type.
80 [47830880208640] INFO perfrun.launcher <> - plugin [vtsspp] was disabled because it doesn't support the given collection type.
80 [47830880208640] INFO perfrun.launcher <> - plugin [perf] was disabled because it doesn't support the given collection type.
80 [47830880208640] INFO perfrun.tpss <> - initialize tpss controller
80 [47830880208640] INFO perfrun.tpss <> - configure collection mode: value = cpu:counters:nostack
80 [47830880208640] INFO perfrun.tpss <> - configure collection mode: value = cpu:stack
80 [47830880208640] INFO perfrun.tpss <> - default obj-size-min=1024
80 [47830880208640] INFO perfrun.tpss <> - default hash-table-size=0
158 [47830880208640] INFO perfrun.launcher <> - plugin [cuscol] was disabled because it doesn't support the given collection type.
158 [47830880208640] INFO perfrun.launcher <> - plugin [exprof] was disabled because it doesn't support the given collection type.
158 [47830880208640] INFO perfrun.launcher <> - plugin [dpdk] was disabled because it doesn't support the given collection type.
158 [47830880208640] INFO perfrun.commcollector <> - Disabling commcollector because integrity connection type is not used
158 [47830880208640] INFO perfrun.launcher <> - plugin [commcollector] was disabled because it doesn't support the given collection type.
158 [47830880208640] INFO perfrun.launcher <> - plugin [cve] was disabled because it doesn't support the given collection type.
159 [47830756235712] INFO perfrun.launcher <> - set environment variable: LD_LIBRARY_PATH = /global/common/edison/software/intel/vtune_amplifier_2018.2.0.551022/lib32/runtime:/global/common/edison/software/intel/vtune_amplifier_2018.2.0.551022/lib64/runtime:/usr/common/software/root/6.06.06/lib/root:/usr/common/software/libevent/2.0.22-20150630/lib:/usr/common/software/hdf5/1.10.1/intel/lib:/opt/cray/job/2.2.3-6.0.7.0_44.1__g6c4e934.ari/lib64:/opt/intel/compilers_and_libraries_2018.1.163/linux/compiler/lib/intel64:/opt/intel/compilers_and_libraries_2018.1.163/linux/mkl/lib/intel64:/usr/syscom/nsg/lib:/global/common/edison/software/intel/vtune_amplifier_2018.2.0.551022/lib64
159 [47830756235712] INFO perfrun.launcher <> - set environment variable: INTEL_LIBITTNOTIFY32 = /global/common/edison/software/intel/vtune_amplifier_2018.2.0.551022/lib32/runtime/libittnotify_collector.so
159 [47830756235712] INFO perfrun.launcher <> - set environment variable: INTEL_LIBITTNOTIFY64 = /global/common/edison/software/intel/vtune_amplifier_2018.2.0.551022/lib64/runtime/libittnotify_collector.so
159 [47830756235712] INFO perfrun.launcher <> - set environment variable: INTEL_ITTNOTIFY_GROUPS = 
159 [47830756235712] INFO perfrun.launcher <> - set environment variable: INTEL_JIT_PROFILER32 = /global/common/edison/software/intel/vtune_amplifier_2018.2.0.551022/lib32/runtime/libittnotify_collector.so
159 [47830756235712] INFO perfrun.launcher <> - set environment variable: INTEL_JIT_PROFILER64 = /global/common/edison/software/intel/vtune_amplifier_2018.2.0.551022/lib64/runtime/libittnotify_collector.so
159 [47830756235712] INFO perfrun.launcher <> - set environment variable: VS_PROFILER = libittnotify_collector.so
159 [47830756235712] INFO perfrun.launcher <> - set environment variable: ENABLE_JITPROFILING = 1
159 [47830756235712] INFO perfrun.launcher <> - set environment variable: CL_CONFIG_USE_VTUNE = True
159 [47830756235712] INFO perfrun.launcher <> - set environment variable: __OCL_MIC_INTEL_LIBITTNOTIFY64 = /amplxe/results/libittnotify_collector.so
159 [47830756235712] INFO perfrun.launcher <> - set environment variable: __OCL_MIC_INTEL_JIT_PROFILER64 = /amplxe/results/libittnotify_collector.so
159 [47830756235712] INFO perfrun.launcher <> - set environment variable: KMP_FORKJOIN_FRAMES = 0
159 [47830756235712] INFO perfrun.launcher <> - set environment variable: KMP_FORKJOIN_FRAMES_MODE = 0
159 [47830756235712] INFO perfrun.launcher <> - RpcServer: run RPC server to handle requests
160 [47830756235712] INFO perfrun.launcher <> - Launcher: command line to start before modification = ./Batch_Mix_Correlations ../InputData/13d_0GeVTrack_paired.root ../InputData/13d_MB_0GeV.hdf5 0 19 0
161 [47830756235712] INFO perfrun.launcher <> - Launcher: command line to start after modification = /global/common/edison/software/intel/vtune_amplifier_2018.2.0.551022/bin64/pin -error_file /tmp/amplxe-tmp-fernando/amplxe-res-31111-428554428575667/data.0/pinerr.tpsslog -detach_reattach -follow_execv -tool_load_option deepbind -t64 /global/common/edison/software/intel/vtune_amplifier_2018.2.0.551022/lib64/libtpsstool.so -t /global/common/edison/software/intel/vtune_amplifier_2018.2.0.551022/lib32/libtpsstool.so -server_name tpss_ipc.31111 -prd_dir /global/common/edison/software/intel/vtune_amplifier_2018.2.0.551022 -- ./Batch_Mix_Correlations ../InputData/13d_0GeVTrack_paired.root ../InputData/13d_MB_0GeV.hdf5 0 19 0
161 [47830756235712] INFO perfrun.launcher <> - ProcessCreator object was created
163 [47830756235712] INFO perfrun.launcher <> - Launcher: the process was started in suspend mode
267 [47830880208640] INFO perfrun.system <> - Helper runtool '/global/common/edison/software/intel/vtune_amplifier_2018.2.0.551022/bin32/amplxe-runss -dump-vdso -r /tmp/amplxe-tmp-fernando/amplxe-res-31111-428554428575667 --tmp-dir /tmp/amplxe-tmp-fernando' returned 0
368 [47830880208640] INFO perfrun.system <> - Helper runtool '/global/common/edison/software/intel/vtune_amplifier_2018.2.0.551022/bin64/amplxe-runss -dump-vdso -r /tmp/amplxe-tmp-fernando/amplxe-res-31111-428554428575667 --tmp-dir /tmp/amplxe-tmp-fernando' returned 0
375 [47830880208640] WARN perfrun.sdk <> - Failed to find xl binary on any of the system paths: /bin, /sbin, /usr/bin, /usr/sbin., at file: vcs/perfrun1/sdk/src/utils.cpp:433
375 [47830880208640] WARN perfrun.system <> - Could not start ContainerMapping collector, at file: vcs/perfrun1/plugins/system/src/controller.cpp:496
385 [47830880208640] INFO perfrun.itt <> - start itt controller for pid #31121
385 [47830880208640] INFO perfrun.tpss <> - start tpss controller for pid #31121
436 [47830756235712] INFO perfrun.launcher <> - Launcher: all plugins were started
436 [47830756235712] INFO perfrun.launcher <> - DirectoryMonitor object was created
436 [47830756235712] INFO perfrun.launcher <> - DirectoryMonitor: a callback was added
436 [47830756235712] INFO perfrun.launcher <> - DirectoryMonitor was started with pingTime = 1000
436 [47830756235712] INFO perfrun.launcher <> - DeadlineTimer is going to be constructed
436 [47830756235712] INFO perfrun.launcher <> - DeadlineTimer: a callback was added
444 [47830756235712] INFO perfrun.launcher <> - Launcher: resume the profiled application and  wait its termination or stop command
301963 [47830756235712] INFO perfrun.launcher <> - Launcher: the profiled application was terminated  with exit code = 0
301972 [47830880208640] INFO perfrun.itt <> - stop itt controller
301972 [47830880208640] INFO perfrun.itt <> - detach itt controller
301972 [47830880208640] INFO perfrun.tpss <> - stop tpss controller
301972 [47830880208640] ERROR perfrun.launcher <> - media can not perform an operation and will be disabled., at file: vcs/perfrun1/launcher/src/plugin_manager_impl.hpp:426
301973 [47830880208640] INFO perfrun.sdk <> - De-allocating TMU: /tmp/amplxe-tmp-fernando/amplxe-res-31111-428554428575667/data.0/systemcollector-31111-cori11.sc
301973 [47830880208640] INFO perfrun.system <> - closed the system trace file: /tmp/amplxe-tmp-fernando/amplxe-res-31111-428554428575667/data.0/systemcollector-31111-cori11.sc
301973 [47830756235712] INFO perfrun.launcher <> - Launcher: all plugins were stopped.
301973 [47830756235712] INFO perfrun.launcher <> - DeadlineTimer is going to be destroyed
301973 [47830756235712] INFO perfrun.launcher <> - DirectoryMonitor object was destroyed
301973 [47830756235712] WARN perfrun.launcher <> - Stop command is ignored because it is received when collection is already stopped, at file: vcs/perfrun1/launcher/src/command_handler.cpp:209
302014 [47830756235712] INFO perfrun.launcher <> - Application exit code: 0
302014 [47830756235712] INFO perfrun.launcher <> - Exit code: 0
