94 [46912496789952] INFO perfrun.launcher <> - argc = 7; cmdline = /global/common/edison/software/intel/vtune_amplifier_2018.2.0.551022/bin64/amplxe-runss --ui-output-format xml --ui-output-fd 6 --option-file /global/project/projectdirs/alice/ftorales/GH_Correlations/pair_gale_shapley/vtune_results/18g7a_v2/config/runss.options 
103 [46912496789952] INFO perfrun.launcher <> - plugin system has been added successfully
104 [46912496789952] INFO perfrun.launcher <> - plugin itt has been added successfully
104 [46912496789952] INFO perfrun.launcher <> - plugin ptracecollector has been added successfully
104 [46912496789952] INFO perfrun.launcher <> - plugin gpu has been added successfully
104 [46912496789952] INFO perfrun.launcher <> - plugin  has been added successfully
104 [46912496789952] INFO perfrun.launcher <> - plugin  has been added successfully
104 [46912496789952] INFO perfrun.launcher <> - plugin  has been added successfully
104 [46912496789952] INFO perfrun.launcher <> - plugin mrte has been added successfully
104 [46912496789952] INFO perfrun.launcher <> - plugin emon has been added successfully
105 [46912496789952] INFO perfrun.launcher <> - plugin stdsrc has been added successfully
105 [46912496789952] INFO perfrun.launcher <> - plugin sep has been added successfully
105 [46912496789952] INFO perfrun.launcher <> - plugin vtsspp has been added successfully
105 [46912496789952] INFO perfrun.sdk <> - Reading value (2) from file: /proc/sys/kernel/perf_event_paranoid
111 [46912496789952] INFO perfrun.perfcollector <> - cpu: family = 6 model = 63
111 [46912496789952] INFO perfrun.perfcollector <> - dir found : /sys/bus/event_source/devices/cpu
112 [46912496789952] INFO perfrun.perfcollector <> - format: pc config:19 mask:19
112 [46912496789952] INFO perfrun.perfcollector <> - format: any config:21 mask:21
112 [46912496789952] INFO perfrun.perfcollector <> - format: inv config:23 mask:23
112 [46912496789952] INFO perfrun.perfcollector <> - format: edge config:18 mask:18
112 [46912496789952] INFO perfrun.perfcollector <> - format: cmask config:24-31 mask:24-31
112 [46912496789952] INFO perfrun.perfcollector <> - format: event config:0-7 mask:0-7
112 [46912496789952] INFO perfrun.perfcollector <> - format: in_tx config:32 mask:32
112 [46912496789952] INFO perfrun.perfcollector <> - format: ldlat config1:0-15 mask:0-15
112 [46912496789952] INFO perfrun.perfcollector <> - format: umask config:8-15 mask:8-15
112 [46912496789952] INFO perfrun.perfcollector <> - format: in_tx_cp config:33 mask:33
112 [46912496789952] INFO perfrun.perfcollector <> - format: offcore_rsp config1:0-63 mask:0-63
112 [46912496789952] INFO perfrun.perfcollector <> - hwInfo : PERF_CPU_PMU_DETAILS
112 [46912496789952] INFO perfrun.perfcollector <> - pmu added : family : cpu , id : 0
112 [46912496789952] INFO perfrun.perfcollector <> - dir found : /sys/bus/event_source/devices/msr
112 [46912496789952] INFO perfrun.perfcollector <> - format: event config:0-63 mask:0-63
112 [46912496789952] WARN perfrun.perfcollector <> - pmu hwInfo is not set, at file: vcs/perfrun1/plugins/perfcollector/src/controller.cpp:657
112 [46912496789952] INFO perfrun.perfcollector <> - pmu added : family : msr , id : 0
112 [46912496789952] INFO perfrun.perfcollector <> - dir found : /sys/bus/event_source/devices/uncore_cbox_10
112 [46912496789952] INFO perfrun.perfcollector <> - format: edge config:18 mask:18
112 [46912496789952] INFO perfrun.perfcollector <> - format: event config:0-7 mask:0-7
112 [46912496789952] INFO perfrun.perfcollector <> - format: umask config:8-15 mask:8-15
112 [46912496789952] INFO perfrun.perfcollector <> - format: filter_c6 config1:61 mask:61
112 [46912496789952] INFO perfrun.perfcollector <> - format: filter_nc config1:62 mask:62
112 [46912496789952] INFO perfrun.perfcollector <> - format: filter_isoc config1:63 mask:63
112 [46912496789952] INFO perfrun.perfcollector <> - format: filter_link config1:6-8 mask:6-8
112 [46912496789952] INFO perfrun.perfcollector <> - format: filter_nid config1:32-47 mask:32-47
113 [46912496789952] INFO perfrun.perfcollector <> - format: filter_opc config1:52-60 mask:52-60
113 [46912496789952] INFO perfrun.perfcollector <> - format: filter_tid config1:0-5 mask:0-5
113 [46912496789952] INFO perfrun.perfcollector <> - format: tid_en config:19 mask:19
113 [46912496789952] INFO perfrun.perfcollector <> - format: thresh config:24-31 mask:24-31
113 [46912496789952] INFO perfrun.perfcollector <> - format: filter_state config1:17-23 mask:17-23
113 [46912496789952] WARN perfrun.perfcollector <> - pmu hwInfo is not set, at file: vcs/perfrun1/plugins/perfcollector/src/controller.cpp:657
113 [46912496789952] INFO perfrun.perfcollector <> - pmu added : family : uncore_cbox , id : 10
113 [46912496789952] INFO perfrun.perfcollector <> - dir found : /sys/bus/event_source/devices/uncore_cbox_11
113 [46912496789952] INFO perfrun.perfcollector <> - format: edge config:18 mask:18
113 [46912496789952] INFO perfrun.perfcollector <> - format: event config:0-7 mask:0-7
113 [46912496789952] INFO perfrun.perfcollector <> - format: umask config:8-15 mask:8-15
113 [46912496789952] INFO perfrun.perfcollector <> - format: filter_c6 config1:61 mask:61
113 [46912496789952] INFO perfrun.perfcollector <> - format: filter_nc config1:62 mask:62
113 [46912496789952] INFO perfrun.perfcollector <> - format: filter_isoc config1:63 mask:63
113 [46912496789952] INFO perfrun.perfcollector <> - format: filter_link config1:6-8 mask:6-8
113 [46912496789952] INFO perfrun.perfcollector <> - format: filter_nid config1:32-47 mask:32-47
113 [46912496789952] INFO perfrun.perfcollector <> - format: filter_opc config1:52-60 mask:52-60
113 [46912496789952] INFO perfrun.perfcollector <> - format: filter_tid config1:0-5 mask:0-5
113 [46912496789952] INFO perfrun.perfcollector <> - format: tid_en config:19 mask:19
113 [46912496789952] INFO perfrun.perfcollector <> - format: thresh config:24-31 mask:24-31
113 [46912496789952] INFO perfrun.perfcollector <> - format: filter_state config1:17-23 mask:17-23
113 [46912496789952] WARN perfrun.perfcollector <> - pmu hwInfo is not set, at file: vcs/perfrun1/plugins/perfcollector/src/controller.cpp:657
113 [46912496789952] INFO perfrun.perfcollector <> - pmu added : family : uncore_cbox , id : 11
113 [46912496789952] INFO perfrun.perfcollector <> - dir found : /sys/bus/event_source/devices/uncore_cbox_12
113 [46912496789952] INFO perfrun.perfcollector <> - format: edge config:18 mask:18
113 [46912496789952] INFO perfrun.perfcollector <> - format: event config:0-7 mask:0-7
113 [46912496789952] INFO perfrun.perfcollector <> - format: umask config:8-15 mask:8-15
113 [46912496789952] INFO perfrun.perfcollector <> - format: filter_c6 config1:61 mask:61
114 [46912496789952] INFO perfrun.perfcollector <> - format: filter_nc config1:62 mask:62
114 [46912496789952] INFO perfrun.perfcollector <> - format: filter_isoc config1:63 mask:63
114 [46912496789952] INFO perfrun.perfcollector <> - format: filter_link config1:6-8 mask:6-8
114 [46912496789952] INFO perfrun.perfcollector <> - format: filter_nid config1:32-47 mask:32-47
114 [46912496789952] INFO perfrun.perfcollector <> - format: filter_opc config1:52-60 mask:52-60
114 [46912496789952] INFO perfrun.perfcollector <> - format: filter_tid config1:0-5 mask:0-5
114 [46912496789952] INFO perfrun.perfcollector <> - format: tid_en config:19 mask:19
114 [46912496789952] INFO perfrun.perfcollector <> - format: thresh config:24-31 mask:24-31
114 [46912496789952] INFO perfrun.perfcollector <> - format: filter_state config1:17-23 mask:17-23
114 [46912496789952] WARN perfrun.perfcollector <> - pmu hwInfo is not set, at file: vcs/perfrun1/plugins/perfcollector/src/controller.cpp:657
114 [46912496789952] INFO perfrun.perfcollector <> - pmu added : family : uncore_cbox , id : 12
114 [46912496789952] INFO perfrun.perfcollector <> - dir found : /sys/bus/event_source/devices/uncore_cbox_13
114 [46912496789952] INFO perfrun.perfcollector <> - format: edge config:18 mask:18
114 [46912496789952] INFO perfrun.perfcollector <> - format: event config:0-7 mask:0-7
114 [46912496789952] INFO perfrun.perfcollector <> - format: umask config:8-15 mask:8-15
114 [46912496789952] INFO perfrun.perfcollector <> - format: filter_c6 config1:61 mask:61
114 [46912496789952] INFO perfrun.perfcollector <> - format: filter_nc config1:62 mask:62
114 [46912496789952] INFO perfrun.perfcollector <> - format: filter_isoc config1:63 mask:63
114 [46912496789952] INFO perfrun.perfcollector <> - format: filter_link config1:6-8 mask:6-8
114 [46912496789952] INFO perfrun.perfcollector <> - format: filter_nid config1:32-47 mask:32-47
114 [46912496789952] INFO perfrun.perfcollector <> - format: filter_opc config1:52-60 mask:52-60
114 [46912496789952] INFO perfrun.perfcollector <> - format: filter_tid config1:0-5 mask:0-5
114 [46912496789952] INFO perfrun.perfcollector <> - format: tid_en config:19 mask:19
114 [46912496789952] INFO perfrun.perfcollector <> - format: thresh config:24-31 mask:24-31
114 [46912496789952] INFO perfrun.perfcollector <> - format: filter_state config1:17-23 mask:17-23
114 [46912496789952] WARN perfrun.perfcollector <> - pmu hwInfo is not set, at file: vcs/perfrun1/plugins/perfcollector/src/controller.cpp:657
114 [46912496789952] INFO perfrun.perfcollector <> - pmu added : family : uncore_cbox , id : 13
114 [46912496789952] INFO perfrun.perfcollector <> - dir found : /sys/bus/event_source/devices/uncore_cbox_14
115 [46912496789952] INFO perfrun.perfcollector <> - format: edge config:18 mask:18
115 [46912496789952] INFO perfrun.perfcollector <> - format: event config:0-7 mask:0-7
115 [46912496789952] INFO perfrun.perfcollector <> - format: umask config:8-15 mask:8-15
115 [46912496789952] INFO perfrun.perfcollector <> - format: filter_c6 config1:61 mask:61
115 [46912496789952] INFO perfrun.perfcollector <> - format: filter_nc config1:62 mask:62
115 [46912496789952] INFO perfrun.perfcollector <> - format: filter_isoc config1:63 mask:63
115 [46912496789952] INFO perfrun.perfcollector <> - format: filter_link config1:6-8 mask:6-8
115 [46912496789952] INFO perfrun.perfcollector <> - format: filter_nid config1:32-47 mask:32-47
115 [46912496789952] INFO perfrun.perfcollector <> - format: filter_opc config1:52-60 mask:52-60
115 [46912496789952] INFO perfrun.perfcollector <> - format: filter_tid config1:0-5 mask:0-5
115 [46912496789952] INFO perfrun.perfcollector <> - format: tid_en config:19 mask:19
115 [46912496789952] INFO perfrun.perfcollector <> - format: thresh config:24-31 mask:24-31
115 [46912496789952] INFO perfrun.perfcollector <> - format: filter_state config1:17-23 mask:17-23
115 [46912496789952] WARN perfrun.perfcollector <> - pmu hwInfo is not set, at file: vcs/perfrun1/plugins/perfcollector/src/controller.cpp:657
115 [46912496789952] INFO perfrun.perfcollector <> - pmu added : family : uncore_cbox , id : 14
115 [46912496789952] INFO perfrun.perfcollector <> - dir found : /sys/bus/event_source/devices/uncore_cbox_15
115 [46912496789952] INFO perfrun.perfcollector <> - format: edge config:18 mask:18
115 [46912496789952] INFO perfrun.perfcollector <> - format: event config:0-7 mask:0-7
115 [46912496789952] INFO perfrun.perfcollector <> - format: umask config:8-15 mask:8-15
115 [46912496789952] INFO perfrun.perfcollector <> - format: filter_c6 config1:61 mask:61
115 [46912496789952] INFO perfrun.perfcollector <> - format: filter_nc config1:62 mask:62
115 [46912496789952] INFO perfrun.perfcollector <> - format: filter_isoc config1:63 mask:63
115 [46912496789952] INFO perfrun.perfcollector <> - format: filter_link config1:6-8 mask:6-8
115 [46912496789952] INFO perfrun.perfcollector <> - format: filter_nid config1:32-47 mask:32-47
115 [46912496789952] INFO perfrun.perfcollector <> - format: filter_opc config1:52-60 mask:52-60
115 [46912496789952] INFO perfrun.perfcollector <> - format: filter_tid config1:0-5 mask:0-5
115 [46912496789952] INFO perfrun.perfcollector <> - format: tid_en config:19 mask:19
115 [46912496789952] INFO perfrun.perfcollector <> - format: thresh config:24-31 mask:24-31
116 [46912496789952] INFO perfrun.perfcollector <> - format: filter_state config1:17-23 mask:17-23
116 [46912496789952] WARN perfrun.perfcollector <> - pmu hwInfo is not set, at file: vcs/perfrun1/plugins/perfcollector/src/controller.cpp:657
116 [46912496789952] INFO perfrun.perfcollector <> - pmu added : family : uncore_cbox , id : 15
116 [46912496789952] INFO perfrun.perfcollector <> - dir found : /sys/bus/event_source/devices/software
116 [46912496789952] WARN perfrun.perfcollector <> - format subdir doesn't exist, at file: vcs/perfrun1/plugins/perfcollector/src/controller.cpp:578
116 [46912496789952] WARN perfrun.perfcollector <> - pmu hwInfo is not set, at file: vcs/perfrun1/plugins/perfcollector/src/controller.cpp:657
116 [46912496789952] INFO perfrun.perfcollector <> - pmu added : family : software , id : 0
116 [46912496789952] INFO perfrun.perfcollector <> - dir found : /sys/bus/event_source/devices/power
116 [46912496789952] INFO perfrun.perfcollector <> - format: event config:0-7 mask:0-7
116 [46912496789952] WARN perfrun.perfcollector <> - pmu hwInfo is not set, at file: vcs/perfrun1/plugins/perfcollector/src/controller.cpp:657
116 [46912496789952] INFO perfrun.perfcollector <> - pmu added : family : power , id : 0
116 [46912496789952] INFO perfrun.perfcollector <> - dir found : /sys/bus/event_source/devices/uncore_pcu
116 [46912496789952] INFO perfrun.perfcollector <> - format: inv config:23 mask:23
116 [46912496789952] INFO perfrun.perfcollector <> - format: occ_invert config:30 mask:30
116 [46912496789952] INFO perfrun.perfcollector <> - format: edge config:18 mask:18
116 [46912496789952] INFO perfrun.perfcollector <> - format: event config:0-7,21 mask:0-7,21
116 [46912496789952] INFO perfrun.perfcollector <> - format: occ_sel config:14-15 mask:14-15
116 [46912496789952] INFO perfrun.perfcollector <> - format: thresh config:24-28 mask:24-28
116 [46912496789952] INFO perfrun.perfcollector <> - format: filter_band0 config1:0-7 mask:0-7
116 [46912496789952] INFO perfrun.perfcollector <> - format: filter_band1 config1:8-15 mask:8-15
116 [46912496789952] INFO perfrun.perfcollector <> - format: filter_band2 config1:16-23 mask:16-23
116 [46912496789952] INFO perfrun.perfcollector <> - format: filter_band3 config1:24-31 mask:24-31
116 [46912496789952] INFO perfrun.perfcollector <> - format: occ_edge config:14-51 mask:14-51
117 [46912496789952] WARN perfrun.perfcollector <> - pmu hwInfo is not set, at file: vcs/perfrun1/plugins/perfcollector/src/controller.cpp:657
117 [46912496789952] INFO perfrun.perfcollector <> - pmu added : family : uncore_pcu , id : 0
117 [46912496789952] INFO perfrun.perfcollector <> - dir found : /sys/bus/event_source/devices/tracepoint
117 [46912496789952] WARN perfrun.perfcollector <> - format subdir doesn't exist, at file: vcs/perfrun1/plugins/perfcollector/src/controller.cpp:578
117 [46912496789952] WARN perfrun.perfcollector <> - pmu hwInfo is not set, at file: vcs/perfrun1/plugins/perfcollector/src/controller.cpp:657
117 [46912496789952] INFO perfrun.perfcollector <> - pmu added : family : tracepoint , id : 0
117 [46912496789952] INFO perfrun.perfcollector <> - dir found : /sys/bus/event_source/devices/uncore_imc_0
117 [46912496789952] INFO perfrun.perfcollector <> - format: inv config:23 mask:23
117 [46912496789952] INFO perfrun.perfcollector <> - format: edge config:18 mask:18
117 [46912496789952] INFO perfrun.perfcollector <> - format: event config:0-7 mask:0-7
117 [46912496789952] INFO perfrun.perfcollector <> - format: umask config:8-15 mask:8-15
117 [46912496789952] INFO perfrun.perfcollector <> - format: thresh config:24-31 mask:24-31
117 [46912496789952] INFO perfrun.perfcollector <> - hwInfo : PERF_IMC_PMU_DETAILS
117 [46912496789952] INFO perfrun.perfcollector <> - pmu added : family : uncore_imc , id : 0
117 [46912496789952] INFO perfrun.perfcollector <> - dir found : /sys/bus/event_source/devices/uncore_imc_1
117 [46912496789952] INFO perfrun.perfcollector <> - format: inv config:23 mask:23
117 [46912496789952] INFO perfrun.perfcollector <> - format: edge config:18 mask:18
117 [46912496789952] INFO perfrun.perfcollector <> - format: event config:0-7 mask:0-7
117 [46912496789952] INFO perfrun.perfcollector <> - format: umask config:8-15 mask:8-15
117 [46912496789952] INFO perfrun.perfcollector <> - format: thresh config:24-31 mask:24-31
117 [46912496789952] INFO perfrun.perfcollector <> - hwInfo : PERF_IMC_PMU_DETAILS
117 [46912496789952] INFO perfrun.perfcollector <> - pmu added : family : uncore_imc , id : 1
117 [46912496789952] INFO perfrun.perfcollector <> - dir found : /sys/bus/event_source/devices/uncore_imc_4
117 [46912496789952] INFO perfrun.perfcollector <> - format: inv config:23 mask:23
117 [46912496789952] INFO perfrun.perfcollector <> - format: edge config:18 mask:18
117 [46912496789952] INFO perfrun.perfcollector <> - format: event config:0-7 mask:0-7
117 [46912496789952] INFO perfrun.perfcollector <> - format: umask config:8-15 mask:8-15
117 [46912496789952] INFO perfrun.perfcollector <> - format: thresh config:24-31 mask:24-31
117 [46912496789952] INFO perfrun.perfcollector <> - hwInfo : PERF_IMC_PMU_DETAILS
117 [46912496789952] INFO perfrun.perfcollector <> - pmu added : family : uncore_imc , id : 4
117 [46912496789952] INFO perfrun.perfcollector <> - dir found : /sys/bus/event_source/devices/uncore_imc_5
118 [46912496789952] INFO perfrun.perfcollector <> - format: inv config:23 mask:23
118 [46912496789952] INFO perfrun.perfcollector <> - format: edge config:18 mask:18
118 [46912496789952] INFO perfrun.perfcollector <> - format: event config:0-7 mask:0-7
118 [46912496789952] INFO perfrun.perfcollector <> - format: umask config:8-15 mask:8-15
118 [46912496789952] INFO perfrun.perfcollector <> - format: thresh config:24-31 mask:24-31
118 [46912496789952] INFO perfrun.perfcollector <> - hwInfo : PERF_IMC_PMU_DETAILS
118 [46912496789952] INFO perfrun.perfcollector <> - pmu added : family : uncore_imc , id : 5
118 [46912496789952] INFO perfrun.perfcollector <> - dir found : /sys/bus/event_source/devices/uncore_qpi_0
118 [46912496789952] INFO perfrun.perfcollector <> - format: inv config:23 mask:23
118 [46912496789952] INFO perfrun.perfcollector <> - format: edge config:18 mask:18
118 [46912496789952] INFO perfrun.perfcollector <> - format: match_rnid4 config1:31 mask:31
118 [46912496789952] INFO perfrun.perfcollector <> - format: event config:0-7,21 mask:0-7,21
118 [46912496789952] INFO perfrun.perfcollector <> - format: mask0 config2:0-31 mask:0-31
118 [46912496789952] INFO perfrun.perfcollector <> - format: mask1 config2:32-63 mask:32-63
118 [46912496789952] INFO perfrun.perfcollector <> - format: umask config:8-15 mask:8-15
118 [46912496789952] INFO perfrun.perfcollector <> - format: mask_rnid30 config2:32-35 mask:32-35
118 [46912496789952] INFO perfrun.perfcollector <> - format: match_rnid30 config1:32-35 mask:32-35
118 [46912496789952] INFO perfrun.perfcollector <> - format: match_dnid config1:13-17 mask:13-17
118 [46912496789952] INFO perfrun.perfcollector <> - format: mask_mc config2:9-12 mask:9-12
118 [46912496789952] INFO perfrun.perfcollector <> - format: mask_dnid config2:13-17 mask:13-17
118 [46912496789952] INFO perfrun.perfcollector <> - format: match_opc config1:5-8 mask:5-8
118 [46912496789952] INFO perfrun.perfcollector <> - format: match_rds config1:48-51 mask:48-51
118 [46912496789952] INFO perfrun.perfcollector <> - format: match_vnw config1:3-4 mask:3-4
118 [46912496789952] INFO perfrun.perfcollector <> - format: mask_opc config2:5-8 mask:5-8
118 [46912496789952] INFO perfrun.perfcollector <> - format: mask_rds config2:48-51 mask:48-51
119 [46912496789952] INFO perfrun.perfcollector <> - format: mask_vnw config2:3-4 mask:3-4
119 [46912496789952] INFO perfrun.perfcollector <> - format: match_mc config1:9-12 mask:9-12
119 [46912496789952] INFO perfrun.perfcollector <> - format: match0 config1:0-31 mask:0-31
119 [46912496789952] INFO perfrun.perfcollector <> - format: match1 config1:32-63 mask:32-63
119 [46912496789952] INFO perfrun.perfcollector <> - format: mask_rnid4 config2:31 mask:31
119 [46912496789952] INFO perfrun.perfcollector <> - format: thresh config:24-31 mask:24-31
119 [46912496789952] INFO perfrun.perfcollector <> - hwInfo : PERF_QPI_PMU_DETAILS
119 [46912496789952] INFO perfrun.perfcollector <> - pmu added : family : uncore_qpi , id : 0
119 [46912496789952] INFO perfrun.perfcollector <> - dir found : /sys/bus/event_source/devices/uncore_qpi_1
119 [46912496789952] INFO perfrun.perfcollector <> - format: inv config:23 mask:23
119 [46912496789952] INFO perfrun.perfcollector <> - format: edge config:18 mask:18
119 [46912496789952] INFO perfrun.perfcollector <> - format: match_rnid4 config1:31 mask:31
119 [46912496789952] INFO perfrun.perfcollector <> - format: event config:0-7,21 mask:0-7,21
119 [46912496789952] INFO perfrun.perfcollector <> - format: mask0 config2:0-31 mask:0-31
119 [46912496789952] INFO perfrun.perfcollector <> - format: mask1 config2:32-63 mask:32-63
119 [46912496789952] INFO perfrun.perfcollector <> - format: umask config:8-15 mask:8-15
119 [46912496789952] INFO perfrun.perfcollector <> - format: mask_rnid30 config2:32-35 mask:32-35
119 [46912496789952] INFO perfrun.perfcollector <> - format: match_rnid30 config1:32-35 mask:32-35
119 [46912496789952] INFO perfrun.perfcollector <> - format: match_dnid config1:13-17 mask:13-17
119 [46912496789952] INFO perfrun.perfcollector <> - format: mask_mc config2:9-12 mask:9-12
119 [46912496789952] INFO perfrun.perfcollector <> - format: mask_dnid config2:13-17 mask:13-17
119 [46912496789952] INFO perfrun.perfcollector <> - format: match_opc config1:5-8 mask:5-8
119 [46912496789952] INFO perfrun.perfcollector <> - format: match_rds config1:48-51 mask:48-51
119 [46912496789952] INFO perfrun.perfcollector <> - format: match_vnw config1:3-4 mask:3-4
119 [46912496789952] INFO perfrun.perfcollector <> - format: mask_opc config2:5-8 mask:5-8
120 [46912496789952] INFO perfrun.perfcollector <> - format: mask_rds config2:48-51 mask:48-51
120 [46912496789952] INFO perfrun.perfcollector <> - format: mask_vnw config2:3-4 mask:3-4
120 [46912496789952] INFO perfrun.perfcollector <> - format: match_mc config1:9-12 mask:9-12
120 [46912496789952] INFO perfrun.perfcollector <> - format: match0 config1:0-31 mask:0-31
120 [46912496789952] INFO perfrun.perfcollector <> - format: match1 config1:32-63 mask:32-63
120 [46912496789952] INFO perfrun.perfcollector <> - format: mask_rnid4 config2:31 mask:31
120 [46912496789952] INFO perfrun.perfcollector <> - format: thresh config:24-31 mask:24-31
120 [46912496789952] INFO perfrun.perfcollector <> - hwInfo : PERF_QPI_PMU_DETAILS
120 [46912496789952] INFO perfrun.perfcollector <> - pmu added : family : uncore_qpi , id : 1
120 [46912496789952] INFO perfrun.perfcollector <> - dir found : /sys/bus/event_source/devices/uncore_cbox_0
120 [46912496789952] INFO perfrun.perfcollector <> - format: edge config:18 mask:18
120 [46912496789952] INFO perfrun.perfcollector <> - format: event config:0-7 mask:0-7
120 [46912496789952] INFO perfrun.perfcollector <> - format: umask config:8-15 mask:8-15
120 [46912496789952] INFO perfrun.perfcollector <> - format: filter_c6 config1:61 mask:61
120 [46912496789952] INFO perfrun.perfcollector <> - format: filter_nc config1:62 mask:62
120 [46912496789952] INFO perfrun.perfcollector <> - format: filter_isoc config1:63 mask:63
120 [46912496789952] INFO perfrun.perfcollector <> - format: filter_link config1:6-8 mask:6-8
120 [46912496789952] INFO perfrun.perfcollector <> - format: filter_nid config1:32-47 mask:32-47
120 [46912496789952] INFO perfrun.perfcollector <> - format: filter_opc config1:52-60 mask:52-60
120 [46912496789952] INFO perfrun.perfcollector <> - format: filter_tid config1:0-5 mask:0-5
120 [46912496789952] INFO perfrun.perfcollector <> - format: tid_en config:19 mask:19
120 [46912496789952] INFO perfrun.perfcollector <> - format: thresh config:24-31 mask:24-31
120 [46912496789952] INFO perfrun.perfcollector <> - format: filter_state config1:17-23 mask:17-23
120 [46912496789952] WARN perfrun.perfcollector <> - pmu hwInfo is not set, at file: vcs/perfrun1/plugins/perfcollector/src/controller.cpp:657
120 [46912496789952] INFO perfrun.perfcollector <> - pmu added : family : uncore_cbox , id : 0
120 [46912496789952] INFO perfrun.perfcollector <> - dir found : /sys/bus/event_source/devices/uncore_cbox_1
121 [46912496789952] INFO perfrun.perfcollector <> - format: edge config:18 mask:18
121 [46912496789952] INFO perfrun.perfcollector <> - format: event config:0-7 mask:0-7
121 [46912496789952] INFO perfrun.perfcollector <> - format: umask config:8-15 mask:8-15
121 [46912496789952] INFO perfrun.perfcollector <> - format: filter_c6 config1:61 mask:61
121 [46912496789952] INFO perfrun.perfcollector <> - format: filter_nc config1:62 mask:62
121 [46912496789952] INFO perfrun.perfcollector <> - format: filter_isoc config1:63 mask:63
121 [46912496789952] INFO perfrun.perfcollector <> - format: filter_link config1:6-8 mask:6-8
121 [46912496789952] INFO perfrun.perfcollector <> - format: filter_nid config1:32-47 mask:32-47
121 [46912496789952] INFO perfrun.perfcollector <> - format: filter_opc config1:52-60 mask:52-60
121 [46912496789952] INFO perfrun.perfcollector <> - format: filter_tid config1:0-5 mask:0-5
121 [46912496789952] INFO perfrun.perfcollector <> - format: tid_en config:19 mask:19
121 [46912496789952] INFO perfrun.perfcollector <> - format: thresh config:24-31 mask:24-31
121 [46912496789952] INFO perfrun.perfcollector <> - format: filter_state config1:17-23 mask:17-23
121 [46912496789952] WARN perfrun.perfcollector <> - pmu hwInfo is not set, at file: vcs/perfrun1/plugins/perfcollector/src/controller.cpp:657
121 [46912496789952] INFO perfrun.perfcollector <> - pmu added : family : uncore_cbox , id : 1
121 [46912496789952] INFO perfrun.perfcollector <> - dir found : /sys/bus/event_source/devices/uncore_cbox_2
121 [46912496789952] INFO perfrun.perfcollector <> - format: edge config:18 mask:18
121 [46912496789952] INFO perfrun.perfcollector <> - format: event config:0-7 mask:0-7
121 [46912496789952] INFO perfrun.perfcollector <> - format: umask config:8-15 mask:8-15
121 [46912496789952] INFO perfrun.perfcollector <> - format: filter_c6 config1:61 mask:61
121 [46912496789952] INFO perfrun.perfcollector <> - format: filter_nc config1:62 mask:62
121 [46912496789952] INFO perfrun.perfcollector <> - format: filter_isoc config1:63 mask:63
121 [46912496789952] INFO perfrun.perfcollector <> - format: filter_link config1:6-8 mask:6-8
121 [46912496789952] INFO perfrun.perfcollector <> - format: filter_nid config1:32-47 mask:32-47
121 [46912496789952] INFO perfrun.perfcollector <> - format: filter_opc config1:52-60 mask:52-60
121 [46912496789952] INFO perfrun.perfcollector <> - format: filter_tid config1:0-5 mask:0-5
122 [46912496789952] INFO perfrun.perfcollector <> - format: tid_en config:19 mask:19
122 [46912496789952] INFO perfrun.perfcollector <> - format: thresh config:24-31 mask:24-31
122 [46912496789952] INFO perfrun.perfcollector <> - format: filter_state config1:17-23 mask:17-23
122 [46912496789952] WARN perfrun.perfcollector <> - pmu hwInfo is not set, at file: vcs/perfrun1/plugins/perfcollector/src/controller.cpp:657
122 [46912496789952] INFO perfrun.perfcollector <> - pmu added : family : uncore_cbox , id : 2
122 [46912496789952] INFO perfrun.perfcollector <> - dir found : /sys/bus/event_source/devices/uncore_cbox_3
122 [46912496789952] INFO perfrun.perfcollector <> - format: edge config:18 mask:18
122 [46912496789952] INFO perfrun.perfcollector <> - format: event config:0-7 mask:0-7
122 [46912496789952] INFO perfrun.perfcollector <> - format: umask config:8-15 mask:8-15
122 [46912496789952] INFO perfrun.perfcollector <> - format: filter_c6 config1:61 mask:61
122 [46912496789952] INFO perfrun.perfcollector <> - format: filter_nc config1:62 mask:62
122 [46912496789952] INFO perfrun.perfcollector <> - format: filter_isoc config1:63 mask:63
122 [46912496789952] INFO perfrun.perfcollector <> - format: filter_link config1:6-8 mask:6-8
122 [46912496789952] INFO perfrun.perfcollector <> - format: filter_nid config1:32-47 mask:32-47
122 [46912496789952] INFO perfrun.perfcollector <> - format: filter_opc config1:52-60 mask:52-60
122 [46912496789952] INFO perfrun.perfcollector <> - format: filter_tid config1:0-5 mask:0-5
122 [46912496789952] INFO perfrun.perfcollector <> - format: tid_en config:19 mask:19
122 [46912496789952] INFO perfrun.perfcollector <> - format: thresh config:24-31 mask:24-31
122 [46912496789952] INFO perfrun.perfcollector <> - format: filter_state config1:17-23 mask:17-23
122 [46912496789952] WARN perfrun.perfcollector <> - pmu hwInfo is not set, at file: vcs/perfrun1/plugins/perfcollector/src/controller.cpp:657
122 [46912496789952] INFO perfrun.perfcollector <> - pmu added : family : uncore_cbox , id : 3
122 [46912496789952] INFO perfrun.perfcollector <> - dir found : /sys/bus/event_source/devices/uncore_cbox_4
122 [46912496789952] INFO perfrun.perfcollector <> - format: edge config:18 mask:18
122 [46912496789952] INFO perfrun.perfcollector <> - format: event config:0-7 mask:0-7
122 [46912496789952] INFO perfrun.perfcollector <> - format: umask config:8-15 mask:8-15
122 [46912496789952] INFO perfrun.perfcollector <> - format: filter_c6 config1:61 mask:61
122 [46912496789952] INFO perfrun.perfcollector <> - format: filter_nc config1:62 mask:62
123 [46912496789952] INFO perfrun.perfcollector <> - format: filter_isoc config1:63 mask:63
123 [46912496789952] INFO perfrun.perfcollector <> - format: filter_link config1:6-8 mask:6-8
123 [46912496789952] INFO perfrun.perfcollector <> - format: filter_nid config1:32-47 mask:32-47
123 [46912496789952] INFO perfrun.perfcollector <> - format: filter_opc config1:52-60 mask:52-60
123 [46912496789952] INFO perfrun.perfcollector <> - format: filter_tid config1:0-5 mask:0-5
123 [46912496789952] INFO perfrun.perfcollector <> - format: tid_en config:19 mask:19
123 [46912496789952] INFO perfrun.perfcollector <> - format: thresh config:24-31 mask:24-31
123 [46912496789952] INFO perfrun.perfcollector <> - format: filter_state config1:17-23 mask:17-23
123 [46912496789952] WARN perfrun.perfcollector <> - pmu hwInfo is not set, at file: vcs/perfrun1/plugins/perfcollector/src/controller.cpp:657
123 [46912496789952] INFO perfrun.perfcollector <> - pmu added : family : uncore_cbox , id : 4
123 [46912496789952] INFO perfrun.perfcollector <> - dir found : /sys/bus/event_source/devices/uncore_cbox_5
123 [46912496789952] INFO perfrun.perfcollector <> - format: edge config:18 mask:18
123 [46912496789952] INFO perfrun.perfcollector <> - format: event config:0-7 mask:0-7
123 [46912496789952] INFO perfrun.perfcollector <> - format: umask config:8-15 mask:8-15
123 [46912496789952] INFO perfrun.perfcollector <> - format: filter_c6 config1:61 mask:61
123 [46912496789952] INFO perfrun.perfcollector <> - format: filter_nc config1:62 mask:62
123 [46912496789952] INFO perfrun.perfcollector <> - format: filter_isoc config1:63 mask:63
123 [46912496789952] INFO perfrun.perfcollector <> - format: filter_link config1:6-8 mask:6-8
123 [46912496789952] INFO perfrun.perfcollector <> - format: filter_nid config1:32-47 mask:32-47
123 [46912496789952] INFO perfrun.perfcollector <> - format: filter_opc config1:52-60 mask:52-60
123 [46912496789952] INFO perfrun.perfcollector <> - format: filter_tid config1:0-5 mask:0-5
123 [46912496789952] INFO perfrun.perfcollector <> - format: tid_en config:19 mask:19
123 [46912496789952] INFO perfrun.perfcollector <> - format: thresh config:24-31 mask:24-31
123 [46912496789952] INFO perfrun.perfcollector <> - format: filter_state config1:17-23 mask:17-23
123 [46912496789952] WARN perfrun.perfcollector <> - pmu hwInfo is not set, at file: vcs/perfrun1/plugins/perfcollector/src/controller.cpp:657
123 [46912496789952] INFO perfrun.perfcollector <> - pmu added : family : uncore_cbox , id : 5
123 [46912496789952] INFO perfrun.perfcollector <> - dir found : /sys/bus/event_source/devices/uncore_cbox_6
123 [46912496789952] INFO perfrun.perfcollector <> - format: edge config:18 mask:18
124 [46912496789952] INFO perfrun.perfcollector <> - format: event config:0-7 mask:0-7
124 [46912496789952] INFO perfrun.perfcollector <> - format: umask config:8-15 mask:8-15
124 [46912496789952] INFO perfrun.perfcollector <> - format: filter_c6 config1:61 mask:61
124 [46912496789952] INFO perfrun.perfcollector <> - format: filter_nc config1:62 mask:62
124 [46912496789952] INFO perfrun.perfcollector <> - format: filter_isoc config1:63 mask:63
124 [46912496789952] INFO perfrun.perfcollector <> - format: filter_link config1:6-8 mask:6-8
124 [46912496789952] INFO perfrun.perfcollector <> - format: filter_nid config1:32-47 mask:32-47
124 [46912496789952] INFO perfrun.perfcollector <> - format: filter_opc config1:52-60 mask:52-60
124 [46912496789952] INFO perfrun.perfcollector <> - format: filter_tid config1:0-5 mask:0-5
124 [46912496789952] INFO perfrun.perfcollector <> - format: tid_en config:19 mask:19
124 [46912496789952] INFO perfrun.perfcollector <> - format: thresh config:24-31 mask:24-31
124 [46912496789952] INFO perfrun.perfcollector <> - format: filter_state config1:17-23 mask:17-23
124 [46912496789952] WARN perfrun.perfcollector <> - pmu hwInfo is not set, at file: vcs/perfrun1/plugins/perfcollector/src/controller.cpp:657
124 [46912496789952] INFO perfrun.perfcollector <> - pmu added : family : uncore_cbox , id : 6
124 [46912496789952] INFO perfrun.perfcollector <> - dir found : /sys/bus/event_source/devices/uncore_cbox_7
124 [46912496789952] INFO perfrun.perfcollector <> - format: edge config:18 mask:18
124 [46912496789952] INFO perfrun.perfcollector <> - format: event config:0-7 mask:0-7
124 [46912496789952] INFO perfrun.perfcollector <> - format: umask config:8-15 mask:8-15
124 [46912496789952] INFO perfrun.perfcollector <> - format: filter_c6 config1:61 mask:61
124 [46912496789952] INFO perfrun.perfcollector <> - format: filter_nc config1:62 mask:62
124 [46912496789952] INFO perfrun.perfcollector <> - format: filter_isoc config1:63 mask:63
124 [46912496789952] INFO perfrun.perfcollector <> - format: filter_link config1:6-8 mask:6-8
124 [46912496789952] INFO perfrun.perfcollector <> - format: filter_nid config1:32-47 mask:32-47
124 [46912496789952] INFO perfrun.perfcollector <> - format: filter_opc config1:52-60 mask:52-60
125 [46912496789952] INFO perfrun.perfcollector <> - format: filter_tid config1:0-5 mask:0-5
125 [46912496789952] INFO perfrun.perfcollector <> - format: tid_en config:19 mask:19
125 [46912496789952] INFO perfrun.perfcollector <> - format: thresh config:24-31 mask:24-31
125 [46912496789952] INFO perfrun.perfcollector <> - format: filter_state config1:17-23 mask:17-23
125 [46912496789952] WARN perfrun.perfcollector <> - pmu hwInfo is not set, at file: vcs/perfrun1/plugins/perfcollector/src/controller.cpp:657
125 [46912496789952] INFO perfrun.perfcollector <> - pmu added : family : uncore_cbox , id : 7
125 [46912496789952] INFO perfrun.perfcollector <> - dir found : /sys/bus/event_source/devices/uncore_cbox_8
125 [46912496789952] INFO perfrun.perfcollector <> - format: edge config:18 mask:18
125 [46912496789952] INFO perfrun.perfcollector <> - format: event config:0-7 mask:0-7
125 [46912496789952] INFO perfrun.perfcollector <> - format: umask config:8-15 mask:8-15
125 [46912496789952] INFO perfrun.perfcollector <> - format: filter_c6 config1:61 mask:61
125 [46912496789952] INFO perfrun.perfcollector <> - format: filter_nc config1:62 mask:62
125 [46912496789952] INFO perfrun.perfcollector <> - format: filter_isoc config1:63 mask:63
125 [46912496789952] INFO perfrun.perfcollector <> - format: filter_link config1:6-8 mask:6-8
125 [46912496789952] INFO perfrun.perfcollector <> - format: filter_nid config1:32-47 mask:32-47
125 [46912496789952] INFO perfrun.perfcollector <> - format: filter_opc config1:52-60 mask:52-60
125 [46912496789952] INFO perfrun.perfcollector <> - format: filter_tid config1:0-5 mask:0-5
125 [46912496789952] INFO perfrun.perfcollector <> - format: tid_en config:19 mask:19
125 [46912496789952] INFO perfrun.perfcollector <> - format: thresh config:24-31 mask:24-31
125 [46912496789952] INFO perfrun.perfcollector <> - format: filter_state config1:17-23 mask:17-23
125 [46912496789952] WARN perfrun.perfcollector <> - pmu hwInfo is not set, at file: vcs/perfrun1/plugins/perfcollector/src/controller.cpp:657
125 [46912496789952] INFO perfrun.perfcollector <> - pmu added : family : uncore_cbox , id : 8
125 [46912496789952] INFO perfrun.perfcollector <> - dir found : /sys/bus/event_source/devices/uncore_cbox_9
125 [46912496789952] INFO perfrun.perfcollector <> - format: edge config:18 mask:18
125 [46912496789952] INFO perfrun.perfcollector <> - format: event config:0-7 mask:0-7
125 [46912496789952] INFO perfrun.perfcollector <> - format: umask config:8-15 mask:8-15
125 [46912496789952] INFO perfrun.perfcollector <> - format: filter_c6 config1:61 mask:61
125 [46912496789952] INFO perfrun.perfcollector <> - format: filter_nc config1:62 mask:62
125 [46912496789952] INFO perfrun.perfcollector <> - format: filter_isoc config1:63 mask:63
126 [46912496789952] INFO perfrun.perfcollector <> - format: filter_link config1:6-8 mask:6-8
126 [46912496789952] INFO perfrun.perfcollector <> - format: filter_nid config1:32-47 mask:32-47
126 [46912496789952] INFO perfrun.perfcollector <> - format: filter_opc config1:52-60 mask:52-60
126 [46912496789952] INFO perfrun.perfcollector <> - format: filter_tid config1:0-5 mask:0-5
126 [46912496789952] INFO perfrun.perfcollector <> - format: tid_en config:19 mask:19
126 [46912496789952] INFO perfrun.perfcollector <> - format: thresh config:24-31 mask:24-31
126 [46912496789952] INFO perfrun.perfcollector <> - format: filter_state config1:17-23 mask:17-23
126 [46912496789952] WARN perfrun.perfcollector <> - pmu hwInfo is not set, at file: vcs/perfrun1/plugins/perfcollector/src/controller.cpp:657
126 [46912496789952] INFO perfrun.perfcollector <> - pmu added : family : uncore_cbox , id : 9
126 [46912496789952] INFO perfrun.perfcollector <> - dir found : /sys/bus/event_source/devices/uncore_r2pcie
126 [46912496789952] INFO perfrun.perfcollector <> - format: inv config:23 mask:23
126 [46912496789952] INFO perfrun.perfcollector <> - format: edge config:18 mask:18
126 [46912496789952] INFO perfrun.perfcollector <> - format: event config:0-7 mask:0-7
126 [46912496789952] INFO perfrun.perfcollector <> - format: umask config:8-15 mask:8-15
126 [46912496789952] INFO perfrun.perfcollector <> - format: thresh config:24-31 mask:24-31
126 [46912496789952] WARN perfrun.perfcollector <> - pmu hwInfo is not set, at file: vcs/perfrun1/plugins/perfcollector/src/controller.cpp:657
126 [46912496789952] INFO perfrun.perfcollector <> - pmu added : family : uncore_r2pcie , id : 0
126 [46912496789952] INFO perfrun.perfcollector <> - dir found : /sys/bus/event_source/devices/uncore_r3qpi_0
126 [46912496789952] INFO perfrun.perfcollector <> - format: inv config:23 mask:23
126 [46912496789952] INFO perfrun.perfcollector <> - format: edge config:18 mask:18
126 [46912496789952] INFO perfrun.perfcollector <> - format: event config:0-7 mask:0-7
126 [46912496789952] INFO perfrun.perfcollector <> - format: umask config:8-15 mask:8-15
126 [46912496789952] INFO perfrun.perfcollector <> - format: thresh config:24-31 mask:24-31
126 [46912496789952] WARN perfrun.perfcollector <> - pmu hwInfo is not set, at file: vcs/perfrun1/plugins/perfcollector/src/controller.cpp:657
126 [46912496789952] INFO perfrun.perfcollector <> - pmu added : family : uncore_r3qpi , id : 0
126 [46912496789952] INFO perfrun.perfcollector <> - dir found : /sys/bus/event_source/devices/uncore_r3qpi_1
126 [46912496789952] INFO perfrun.perfcollector <> - format: inv config:23 mask:23
127 [46912496789952] INFO perfrun.perfcollector <> - format: edge config:18 mask:18
127 [46912496789952] INFO perfrun.perfcollector <> - format: event config:0-7 mask:0-7
127 [46912496789952] INFO perfrun.perfcollector <> - format: umask config:8-15 mask:8-15
127 [46912496789952] INFO perfrun.perfcollector <> - format: thresh config:24-31 mask:24-31
127 [46912496789952] WARN perfrun.perfcollector <> - pmu hwInfo is not set, at file: vcs/perfrun1/plugins/perfcollector/src/controller.cpp:657
127 [46912496789952] INFO perfrun.perfcollector <> - pmu added : family : uncore_r3qpi , id : 1
127 [46912496789952] INFO perfrun.perfcollector <> - dir found : /sys/bus/event_source/devices/uncore_sbox_0
127 [46912496789952] INFO perfrun.perfcollector <> - format: inv config:23 mask:23
127 [46912496789952] INFO perfrun.perfcollector <> - format: edge config:18 mask:18
127 [46912496789952] INFO perfrun.perfcollector <> - format: event config:0-7 mask:0-7
127 [46912496789952] INFO perfrun.perfcollector <> - format: umask config:8-15 mask:8-15
127 [46912496789952] INFO perfrun.perfcollector <> - format: tid_en config:19 mask:19
127 [46912496789952] INFO perfrun.perfcollector <> - format: thresh config:24-31 mask:24-31
127 [46912496789952] WARN perfrun.perfcollector <> - pmu hwInfo is not set, at file: vcs/perfrun1/plugins/perfcollector/src/controller.cpp:657
127 [46912496789952] INFO perfrun.perfcollector <> - pmu added : family : uncore_sbox , id : 0
127 [46912496789952] INFO perfrun.perfcollector <> - dir found : /sys/bus/event_source/devices/uncore_sbox_1
127 [46912496789952] INFO perfrun.perfcollector <> - format: inv config:23 mask:23
127 [46912496789952] INFO perfrun.perfcollector <> - format: edge config:18 mask:18
127 [46912496789952] INFO perfrun.perfcollector <> - format: event config:0-7 mask:0-7
127 [46912496789952] INFO perfrun.perfcollector <> - format: umask config:8-15 mask:8-15
127 [46912496789952] INFO perfrun.perfcollector <> - format: tid_en config:19 mask:19
127 [46912496789952] INFO perfrun.perfcollector <> - format: thresh config:24-31 mask:24-31
127 [46912496789952] WARN perfrun.perfcollector <> - pmu hwInfo is not set, at file: vcs/perfrun1/plugins/perfcollector/src/controller.cpp:657
127 [46912496789952] INFO perfrun.perfcollector <> - pmu added : family : uncore_sbox , id : 1
127 [46912496789952] INFO perfrun.perfcollector <> - dir found : /sys/bus/event_source/devices/uncore_sbox_2
127 [46912496789952] INFO perfrun.perfcollector <> - format: inv config:23 mask:23
127 [46912496789952] INFO perfrun.perfcollector <> - format: edge config:18 mask:18
127 [46912496789952] INFO perfrun.perfcollector <> - format: event config:0-7 mask:0-7
128 [46912496789952] INFO perfrun.perfcollector <> - format: umask config:8-15 mask:8-15
128 [46912496789952] INFO perfrun.perfcollector <> - format: tid_en config:19 mask:19
128 [46912496789952] INFO perfrun.perfcollector <> - format: thresh config:24-31 mask:24-31
128 [46912496789952] WARN perfrun.perfcollector <> - pmu hwInfo is not set, at file: vcs/perfrun1/plugins/perfcollector/src/controller.cpp:657
128 [46912496789952] INFO perfrun.perfcollector <> - pmu added : family : uncore_sbox , id : 2
128 [46912496789952] INFO perfrun.perfcollector <> - dir found : /sys/bus/event_source/devices/uncore_sbox_3
128 [46912496789952] INFO perfrun.perfcollector <> - format: inv config:23 mask:23
128 [46912496789952] INFO perfrun.perfcollector <> - format: edge config:18 mask:18
128 [46912496789952] INFO perfrun.perfcollector <> - format: event config:0-7 mask:0-7
128 [46912496789952] INFO perfrun.perfcollector <> - format: umask config:8-15 mask:8-15
128 [46912496789952] INFO perfrun.perfcollector <> - format: tid_en config:19 mask:19
128 [46912496789952] INFO perfrun.perfcollector <> - format: thresh config:24-31 mask:24-31
128 [46912496789952] WARN perfrun.perfcollector <> - pmu hwInfo is not set, at file: vcs/perfrun1/plugins/perfcollector/src/controller.cpp:657
128 [46912496789952] INFO perfrun.perfcollector <> - pmu added : family : uncore_sbox , id : 3
128 [46912496789952] INFO perfrun.perfcollector <> - dir found : /sys/bus/event_source/devices/cstate_core
128 [46912496789952] INFO perfrun.perfcollector <> - format: event config:0-63 mask:0-63
128 [46912496789952] WARN perfrun.perfcollector <> - pmu hwInfo is not set, at file: vcs/perfrun1/plugins/perfcollector/src/controller.cpp:657
128 [46912496789952] INFO perfrun.perfcollector <> - pmu added : family : cstate_core , id : 0
128 [46912496789952] INFO perfrun.perfcollector <> - dir found : /sys/bus/event_source/devices/cstate_pkg
128 [46912496789952] INFO perfrun.perfcollector <> - format: event config:0-63 mask:0-63
128 [46912496789952] WARN perfrun.perfcollector <> - pmu hwInfo is not set, at file: vcs/perfrun1/plugins/perfcollector/src/controller.cpp:657
128 [46912496789952] INFO perfrun.perfcollector <> - pmu added : family : cstate_pkg , id : 0
128 [46912496789952] INFO perfrun.perfcollector <> - dir found : /sys/bus/event_source/devices/intel_bts
128 [46912496789952] WARN perfrun.perfcollector <> - format subdir doesn't exist, at file: vcs/perfrun1/plugins/perfcollector/src/controller.cpp:578
128 [46912496789952] WARN perfrun.perfcollector <> - pmu hwInfo is not set, at file: vcs/perfrun1/plugins/perfcollector/src/controller.cpp:657
128 [46912496789952] INFO perfrun.perfcollector <> - pmu added : family : intel_bts , id : 0
128 [46912496789952] INFO perfrun.perfcollector <> - dir found : /sys/bus/event_source/devices/intel_cqm
128 [46912496789952] INFO perfrun.perfcollector <> - format: event config:0-7 mask:0-7
128 [46912496789952] WARN perfrun.perfcollector <> - pmu hwInfo is not set, at file: vcs/perfrun1/plugins/perfcollector/src/controller.cpp:657
128 [46912496789952] INFO perfrun.perfcollector <> - pmu added : family : intel_cqm , id : 0
128 [46912496789952] INFO perfrun.perfcollector <> - dir found : /sys/bus/event_source/devices/breakpoint
128 [46912496789952] WARN perfrun.perfcollector <> - format subdir doesn't exist, at file: vcs/perfrun1/plugins/perfcollector/src/controller.cpp:578
128 [46912496789952] WARN perfrun.perfcollector <> - pmu hwInfo is not set, at file: vcs/perfrun1/plugins/perfcollector/src/controller.cpp:657
129 [46912496789952] INFO perfrun.perfcollector <> - pmu added : family : breakpoint , id : 0
129 [46912496789952] INFO perfrun.perfcollector <> - dir found : /sys/bus/event_source/devices/uncore_ha_0
129 [46912496789952] INFO perfrun.perfcollector <> - format: inv config:23 mask:23
129 [46912496789952] INFO perfrun.perfcollector <> - format: edge config:18 mask:18
129 [46912496789952] INFO perfrun.perfcollector <> - format: event config:0-7 mask:0-7
129 [46912496789952] INFO perfrun.perfcollector <> - format: umask config:8-15 mask:8-15
129 [46912496789952] INFO perfrun.perfcollector <> - format: thresh config:24-31 mask:24-31
129 [46912496789952] WARN perfrun.perfcollector <> - pmu hwInfo is not set, at file: vcs/perfrun1/plugins/perfcollector/src/controller.cpp:657
129 [46912496789952] INFO perfrun.perfcollector <> - pmu added : family : uncore_ha , id : 0
129 [46912496789952] INFO perfrun.perfcollector <> - dir found : /sys/bus/event_source/devices/uncore_ha_1
129 [46912496789952] INFO perfrun.perfcollector <> - format: inv config:23 mask:23
129 [46912496789952] INFO perfrun.perfcollector <> - format: edge config:18 mask:18
129 [46912496789952] INFO perfrun.perfcollector <> - format: event config:0-7 mask:0-7
129 [46912496789952] INFO perfrun.perfcollector <> - format: umask config:8-15 mask:8-15
129 [46912496789952] INFO perfrun.perfcollector <> - format: thresh config:24-31 mask:24-31
129 [46912496789952] WARN perfrun.perfcollector <> - pmu hwInfo is not set, at file: vcs/perfrun1/plugins/perfcollector/src/controller.cpp:657
129 [46912496789952] INFO perfrun.perfcollector <> - pmu added : family : uncore_ha , id : 1
129 [46912496789952] INFO perfrun.perfcollector <> - dir found : /sys/bus/event_source/devices/uncore_ubox
129 [46912496789952] INFO perfrun.perfcollector <> - format: inv config:23 mask:23
129 [46912496789952] INFO perfrun.perfcollector <> - format: edge config:18 mask:18
129 [46912496789952] INFO perfrun.perfcollector <> - format: event config:0-7 mask:0-7
129 [46912496789952] INFO perfrun.perfcollector <> - format: umask config:8-15 mask:8-15
129 [46912496789952] INFO perfrun.perfcollector <> - format: filter_cid config1:5 mask:5
129 [46912496789952] INFO perfrun.perfcollector <> - format: filter_tid config1:0 mask:0
129 [46912496789952] INFO perfrun.perfcollector <> - format: thresh config:24-28 mask:24-28
129 [46912496789952] WARN perfrun.perfcollector <> - pmu hwInfo is not set, at file: vcs/perfrun1/plugins/perfcollector/src/controller.cpp:657
129 [46912496789952] INFO perfrun.perfcollector <> - pmu added : family : uncore_ubox , id : 0
130 [46912496789952] INFO perfrun.launcher <> - plugin perf has been added successfully
130 [46912496789952] INFO perfrun.launcher <> - plugin tpss has been added successfully
130 [46912496789952] INFO perfrun.launcher <> - plugin cuscol has been added successfully
130 [46912496789952] INFO perfrun.launcher <> - plugin exprof has been added successfully
130 [46912496789952] INFO perfrun.launcher <> - plugin dpdk has been added successfully
130 [46912496789952] INFO perfrun.launcher <> - plugin media has been added successfully
130 [46912496789952] INFO perfrun.launcher <> - plugin commcollector has been added successfully
130 [46912496789952] INFO perfrun.launcher <> - plugin cve has been added successfully
131 [46912496789952] INFO perfrun.launcher <> - the option was added --interval: Specify an interval of data collection (for example, sampling) in milliseconds.
131 [46912496789952] INFO perfrun.launcher <> - the option was added --follow-child: Profile process with or without children.
131 [46912496789952] INFO perfrun.launcher <> - the option was added --gelding: BADMSG: perfrun1.launcher.plugin_manager::gelding
131 [46912496789952] INFO perfrun.launcher <> - the option was added --time-source: Specify time source for measurement. Possible values: sys - wall clock time; tsc - time stamp counter; ext - time from an external source; auto - auto select accurate time source.
131 [46912496789952] INFO perfrun.launcher <> - the option was added --stack: Enable or disable collection of stacks.
131 [46912496789952] INFO perfrun.launcher <> - the option was added --stack-stitching: Enable or disable the stack stitching algorithm for Intel TBB-based applications.
131 [46912496789952] INFO perfrun.launcher <> - the option was added --type: Specify type of data to be collected. For example, --type cpu:counters,waiting:nostack,io.
131 [46912496789952] INFO perfrun.launcher <> - the option was added --mrte-mode: Specify Java/.NET/other managed runtime collection mode. Possible values: native - collect information only for native code; managed - collect information only for managed code; mixed - collect information for both managed and native code; auto - choose the mode based on binary type.
131 [46912496789952] INFO perfrun.launcher <> - the option was added --mrte-mode-list: List supported Java/.NET/other managed runtime collection modes.
131 [46912496789952] INFO perfrun.launcher <> - the option was added --mrte-type: Specify which managed runtimes to collect. Possible values: java - collect information for Java; dotnet - collect information for .NET; python - collect information for CPython. You can specify several values separated by comma.
131 [46912496789952] INFO perfrun.launcher <> - the option was added --mrte-type-list: List supported Java/.NET/other managed runtime types.
131 [46912496789952] INFO perfrun.launcher <> - the option was added --trace-strategy: Specify how to profile a process tree. <string> can be "<process>:trace:notrace" - profile the process but do not profile its children. Shorthand parameters: t - trace, nt - notrace. For example, "vtunedemo.exe:t:t".
131 [46912496789952] INFO perfrun.launcher <> - the option was added --collector: BADMSG: perfrun1.launcher.plugin_manager::collector
131 [46912496789952] INFO perfrun.launcher <> - the option was added --system-wide: Enable system-wide profiling. This mode may require additional permissions.
131 [46912496789952] INFO perfrun.launcher <> - the option was added --kvm-guest: Enable KVM guest OS profiling.
131 [46912496789952] INFO perfrun.launcher <> - the option was added --kvm-guest-kallsyms: Specify a local path to the /proc/kallsyms file copied from the guest OS for proper symbol resolution.
131 [46912496789952] INFO perfrun.launcher <> - the option was added --kvm-guest-modules: Specify a local path to the /proc/modules file copied from the guest OS for proper symbol resolution.
131 [46912496789952] INFO perfrun.launcher <> - the option was added --target-system: BADMSG: perfrun1.launcher.plugin_manager::target-system
131 [46912496789952] INFO perfrun.launcher <> - the option was added --dump-vdso: Dump [vdso] to result directory
131 [46912496789952] INFO perfrun.launcher <> - the option was added --bandwidth-limits: Measure bandwidth limits
131 [46912496789952] INFO perfrun.launcher <> - the option was added --bandwidth-strategy: Bandwidth limits determination specific properties (example: --bandwidth-strategy array-size=0,duration=500).
131 [46912496789952] INFO perfrun.launcher <> - the option was added --bandwidth-config: List of benchmarks to run.
131 [46912496789952] INFO perfrun.launcher <> - the option was added --system-collector-config: Specify subcollectors. Possible values: all, vdso, container, device-info, none.
131 [46912496789952] INFO perfrun.launcher <> - the option was added --itt-config: Specify a sub-set of ITT API to collect.
131 [46912496789952] INFO perfrun.launcher <> - the option was added --itt-debug: Set pseudo-breakpoint at ITT API collector's start to enable the debugger to attach early.
131 [46912496789952] INFO perfrun.launcher <> - the option was added --itt-ring-buffer-multiplier: The size of internal ITT API collector ring buffer, in bytes per second
132 [46912496789952] INFO perfrun.launcher <> - the option was added --ptrace: Ptrace collector.
132 [46912496789952] INFO perfrun.launcher <> - the option was added --target-pid: BADMSG: perfrun1.ptracecollector::target-pid
132 [46912496789952] INFO perfrun.launcher <> - the option was added --ptrace-server-pid: BADMSG: perfrun1.ptracecollector::ptrace-server-pid
132 [46912496789952] INFO perfrun.launcher <> - the option was added --ptrace-trace: BADMSG: perfrun1.ptracecollector::ptrace-trace
132 [46912496789952] INFO perfrun.launcher <> - the option was added --ptrace-time-source: BADMSG: perfrun1.ptracecollector::ptrace-time-source
132 [46912496789952] INFO perfrun.launcher <> - the option was added --ptrace-start-type: BADMSG: perfrun1.ptracecollector::ptrace-start-type
132 [46912496789952] INFO perfrun.launcher <> - the option was added --gpu-config: Specify types of GPU data to be collected. Possible values: preset1, preset2.
132 [46912496789952] INFO perfrun.launcher <> - the option was added --gpu-debug: Enable self-testing of the GPGPU profiling collector.
132 [46912496789952] INFO perfrun.launcher <> - the option was added --stdsrc-config: Specify Standard Sources category tag(s).
132 [46912496789952] INFO perfrun.launcher <> - the option was added --ftrace-config-list: List Linux Ftrace category tag(s).
132 [46912496789952] INFO perfrun.launcher <> - the option was added --ftrace-config: Specify Linux Ftrace category tag(s).
132 [46912496789952] INFO perfrun.launcher <> - the option was added --ftrace-function-groups: Enable tracing of specific groups of functions.
132 [46912496789952] INFO perfrun.launcher <> - the option was added --event-info: BADMSG: perfrun1.stdsrc::event-info
132 [46912496789952] INFO perfrun.launcher <> - the option was added --cpu-list: List supported CPUs.
132 [46912496789952] INFO perfrun.launcher <> - the option was added --target-list: List available targets for performing sampling collection.
132 [46912496789952] INFO perfrun.launcher <> - the option was added --event-value-list: Display event information.
132 [46912496789952] INFO perfrun.launcher <> - the option was added --platform-value-list: Display details of supported platforms.
132 [46912496789952] INFO perfrun.launcher <> - the option was added --uncore-event-list: List uncore events for which a sampling data collection can be performed on this platform.
132 [46912496789952] INFO perfrun.launcher <> - the option was added --modifier-list: Specify the event name <string> for which the modifiers list is requested.
132 [46912496789952] INFO perfrun.launcher <> - the option was added --pmu-list: List supported PMUs.
132 [46912496789952] INFO perfrun.launcher <> - the option was added --os-mode-only: Enable sampling data collection for OS-mode processes only.
132 [46912496789952] INFO perfrun.launcher <> - the option was added --user-mode-only: Enable sampling data collection for user-mode processes only.
132 [46912496789952] INFO perfrun.launcher <> - the option was added --event-config: Perform data collection for the events with <string> configured using the format <event name1>":modifier1=val:modifier2=val/constraint1={:modifier3=val:modifier4=val}...,"<event name2>":... Specify the events(s) to monitor and embed the event names within double quotes("). [:modifier=val] specifies individual event modifiers along with the respective values for a given platform. Note that the modifiers can be generic to an event as well as specific to a constraint (or an event qualifier). The constraint specific special modifiers appear after [/constraint=]. The modifiers can be in decimal or hexadecimal format. Only specific modifiers accept the value as a string. Each event specification is delimited by a comma (,). For a list of supported modifiers and constraints, refer to the documentation.
132 [46912496789952] INFO perfrun.launcher <> - the option was added --chipset-event-config: BADMSG: perfrun1.sep::chipset-event-config
132 [46912496789952] INFO perfrun.launcher <> - the option was added --uncore-event-config: Perform uncore data collection in ebc count mode for the events with <string> configured using the format "<event name1>"...,"<event name2>":... Specify the events(s) to monitor and embed the event names within double quotes(").
132 [46912496789952] INFO perfrun.launcher <> - the option was added --count-emon: Enable counting mode and output the data in EMON format.
133 [46912496789952] INFO perfrun.launcher <> - the option was added --event-based-counts: Enable event-based counting mode. During sampling data collection, event counts data is collected for the list of events specified in -event-config option.
133 [46912496789952] INFO perfrun.launcher <> - the option was added --event-mux-tfactor: Specify the event multiplexing tfactor as <integer> to set the length of the interval between interrupts. The larger the tfactor value, the larger the period between interrupts. Currently this option is only available on Intel platforms codenamed Knights Corner.
133 [46912496789952] INFO perfrun.launcher <> - the option was added --full-pebs-capture: Capture full pebs information.
133 [46912496789952] INFO perfrun.launcher <> - the option was added --last-branch-records: Capture Last Branch Records information.
133 [46912496789952] INFO perfrun.launcher <> - the option was added --pmu-type: Specify the targeted PMU name as <string>.
133 [46912496789952] INFO perfrun.launcher <> - the option was added --platform-type: Specify the targeted platform number as <number>.
133 [46912496789952] INFO perfrun.launcher <> - the option was added --bts-count: Specify the <integer> number of BTS records collected after each sample or context switch (VTSS++ only).
133 [46912496789952] INFO perfrun.launcher <> - the option was added --cpu-mask: Specify which CPU(s) <string> to collect data on. For example, specify "2-8,10,12-14" to sample only CPUs 2 through 8, 10, and 12 through 14.
133 [46912496789952] INFO perfrun.launcher <> - the option was added --event-mux-alg: Specify the event multiplexing algorithm. Possible values: sequence, timer, trigger.
133 [46912496789952] INFO perfrun.launcher <> - the option was added --event-mux-timeslice: Specify the event multiplexing time slice value as <integer>. The time slice specifies the duration between cycles for each event multiplexing group. The default value is 50 milliseconds. This option is valid only for timer-based event multiplexing. Specify the event multiplexing time slice value as <integer>. The time slice specifies the duration between cycles for each event multiplexing group. The default value is 1 millisecond. This option is valid only for timer-based event multiplexing.
133 [46912496789952] INFO perfrun.launcher <> - the option was added --event-mux-factor: Specify the event multiplexing factor as <integer>. It controls the switching of event multiplexing groups. The default factor is 50. This option is valid only for trigger-based event multiplexing. Specify the event multiplexing factor as <integer>. It controls the switching of event multiplexing groups. The default factor is 1. This option is valid only for trigger-based event multiplexing.
133 [46912496789952] INFO perfrun.launcher <> - the option was added --event-mux-trigger: Specify the name of the trigger event for event multiplexing as <string>. This option is valid only for trigger-based event multiplexing. The default trigger is CPU_CLK_UNHALTED.CORE (or CPU_CLK_UNHALTED.THREAD). BADMSG: perfrun1.vtsspp::event-mux-trigger
133 [46912496789952] INFO perfrun.launcher <> - the option was added --pwr-config: BADMSG: perfrun1.vtsspp::pwr-config
133 [46912496789952] INFO perfrun.launcher <> - the option was added --sys-config: BADMSG: perfrun1.vtsspp::sys-config
133 [46912496789952] INFO perfrun.launcher <> - the option was added --pt-mode: BADMSG: perfrun1.vtsspp::pt-mode
133 [46912496789952] INFO perfrun.launcher <> - the option was added --sample-after-multiplier: Specify the sample after multiplier as <double>. This multiplier modifies the sample after value for all the events specified in -event-config option. The values can range from 0.1 to 100.0. SAV multiplier value
133 [46912496789952] INFO perfrun.launcher <> - the option was added --uncore-sampling-interval: Specify the uncore sampling interval as <integer>. This value set the uncore sampling interval for all the uncore events specified in -event-config option.
133 [46912496789952] INFO perfrun.launcher <> - the option was added --count: Enable counting mode. Enable counting mode
133 [46912496789952] INFO perfrun.launcher <> - the option was added --trace-mpi: Configure collector to trace MPI code.
133 [46912496789952] INFO perfrun.launcher <> - the option was added --raw-perf-config: Specify a verified configuration for the Perf collector in the format: <describer>,<content>. For example: map-events-file,<path_to_map_events_file>.
133 [46912496789952] INFO perfrun.launcher <> - the option was added --stackwalk: Specify stack unwinding method. Possible values: online - unwind stacks during collection; offline - unwind stacks after collection is finished. Specify stack unwinding method. Possible value: lbr - unwind stacks during collection. Specify stack unwinding method. Possible values: online - unwind stacks during collection; offline - unwind stacks after collection is finished; lbr - enable LBR-based call stack collection. Specify stack unwinding method. Possible values: online - unwind stacks during collection; offline - unwind stacks after collection is finished. Specify stack unwinding method. Possible values: online - unwind stacks during collection; offline - unwind stacks after collection is finished.
133 [46912496789952] INFO perfrun.launcher <> - the option was added --filter-include: Filter data during collection. Possible values: contended=<on|off> - filter out uncontended events; contended_nostack=<time> - filter out stacks for contended events that take less than <time> microseconds; wait=<time> - ignore transitions and blocks with wait time less than <time> microseconds; wait_nostack=<time> - filter out stacks for waits that take less than <time> microseconds.
133 [46912496789952] INFO perfrun.launcher <> - the option was added --debug-pin: Debug PIN tool and runtime.
133 [46912496789952] INFO perfrun.launcher <> - the option was added --debug-exception: Disallow the application to set own abnormal termination handler.
133 [46912496789952] INFO perfrun.launcher <> - the option was added --trace-type: Specify the trace file granularity. Possible values: per-thread - per-thread trace file generation; per-process - per-process trace file generation.
133 [46912496789952] INFO perfrun.launcher <> - the option was added --instrumentation-type: Specify type of instrumentation.
133 [46912496789952] INFO perfrun.launcher <> - the option was added --altstack: Enable or disable usage of altstacks for profiling signal handlers.
133 [46912496789952] INFO perfrun.launcher <> - the option was added --profiling-signal: BADMSG: perfrun1.ptracecollector::profiling-signal Alternate profiling signal.
133 [46912496789952] INFO perfrun.launcher <> - the option was added --memory-strategy: Specify a minimal memory object size to be traced and a hash table size for faster objects search; for example: --memory-strategy obj-size-min=1024,hash-table-size=4096.
133 [46912496789952] INFO perfrun.launcher <> - the option was added --gpu-profiling-config: Specify a type of deep GPU profiling applied for all kernels and a comma-separated list of GPU kernel names and invocations in the following format: profiling_type[@kernel_name[:start_idx:step:stop_idx]], where profiling_type is one of following: none, bblatency, memlatency; kernel_name is the name of GPU kernel; start_idx is the number of the first invocation; and stop_idx is the number of the last invocation to be profiled.
133 [46912496789952] INFO perfrun.launcher <> - the option was added --custom-collector: Allows to provide arbitrary command line to be run on collection steps.
133 [46912496789952] INFO perfrun.launcher <> - the option was added --exprof-com-list: List available COM ports.
134 [46912496789952] INFO perfrun.launcher <> - the option was added --exprof-dvc-list: List available DvC IDs.
134 [46912496789952] INFO perfrun.launcher <> - the option was added --exprof-trace-channel: BADMSG: perfrun1.exprof::exprof-trace-channel
134 [46912496789952] INFO perfrun.launcher <> - the option was added --exprof-event-config: Specify ExactProfiling Event Classes.
134 [46912496789952] INFO perfrun.launcher <> - the option was added --analyze-dpdk: analyze-dpdk
134 [46912496789952] INFO perfrun.launcher <> - the option was added --network-sampling-interval: network-sampling-interval
134 [46912496789952] INFO perfrun.launcher <> - the option was added --dpdk-file-prefix: dpdk-file-prefix
136 [46912496789952] INFO perfrun.launcher <> - create msngr2::ICliToolContext
137 [46912496789952] INFO perfrun.launcher <> - create file finder object
137 [46912496789952] INFO perfrun.launcher <> - create a result directory: pattern = /global/project/projectdirs/alice/ftorales/GH_Correlations/pair_gale_shapley/vtune_results/18g7a_v2 pid = 4294967295
138 [46912496789952] INFO perfrun.sdk <> - checked that the directory /global/project/projectdirs/alice/ftorales/GH_Correlations/pair_gale_shapley/vtune_results/18g7a_v2 is a local directory
138 [46912496789952] INFO perfrun.sdk <> - the directory /global/project/projectdirs/alice/ftorales/GH_Correlations/pair_gale_shapley/vtune_results/18g7a_v2 is located on a share or its FS ID is unknown 1196443219
139 [46912496789952] INFO perfrun.launcher <> - Create a local result directory /tmp/amplxe-tmp-fernando/amplxe-res-57462-5536768650310028 due to the user result path /global/project/projectdirs/alice/ftorales/GH_Correlations/pair_gale_shapley/vtune_results/18g7a_v2 is located on a share
139 [46912496789952] INFO perfrun.launcher <> - create data directory = /tmp/amplxe-tmp-fernando/amplxe-res-57462-5536768650310028/data.0
139 [46912496789952] INFO perfrun.launcher <> - create data directory = /global/project/projectdirs/alice/ftorales/GH_Correlations/pair_gale_shapley/vtune_results/18g7a_v2/data.0
158 [46912620742400] INFO perfrun.sdk <> - Allocating TMU :/tmp/amplxe-tmp-fernando/amplxe-res-57462-5536768650310028/data.0/systemcollector-57462-cori08.sc
158 [46912620742400] INFO perfrun.system <> - Tpss based collection
158 [46912620742400] INFO perfrun.launcher <> - plugin [ptracecollector] was disabled because it doesn't support the given collection type.
158 [46912620742400] INFO perfrun.launcher <> - plugin [gpu] was disabled because it doesn't support the given collection type.
158 [46912620742400] INFO perfrun.launcher <> - plugin [] was disabled because it doesn't support the given collection type.
158 [46912620742400] INFO perfrun.launcher <> - plugin [] was disabled because it doesn't support the given collection type.
158 [46912620742400] INFO perfrun.launcher <> - plugin [] was disabled because it doesn't support the given collection type.
158 [46912620742400] INFO perfrun.launcher <> - plugin [mrte] was disabled because it doesn't support the given collection type.
158 [46912620742400] INFO perfrun.launcher <> - plugin [emon] was disabled because it doesn't support the given collection type.
158 [46912620742400] INFO perfrun.launcher <> - plugin [stdsrc] was disabled because it doesn't support the given collection type.
158 [46912620742400] INFO perfrun.launcher <> - plugin [sep] was disabled because it doesn't support the given collection type.
159 [46912620742400] INFO perfrun.launcher <> - plugin [vtsspp] was disabled because it doesn't support the given collection type.
159 [46912620742400] INFO perfrun.launcher <> - plugin [perf] was disabled because it doesn't support the given collection type.
159 [46912620742400] INFO perfrun.tpss <> - initialize tpss controller
159 [46912620742400] INFO perfrun.tpss <> - configure collection mode: value = cpu:counters:nostack
159 [46912620742400] INFO perfrun.tpss <> - configure collection mode: value = cpu:stack
159 [46912620742400] INFO perfrun.tpss <> - default obj-size-min=1024
159 [46912620742400] INFO perfrun.tpss <> - default hash-table-size=0
237 [46912620742400] INFO perfrun.launcher <> - plugin [cuscol] was disabled because it doesn't support the given collection type.
237 [46912620742400] INFO perfrun.launcher <> - plugin [exprof] was disabled because it doesn't support the given collection type.
237 [46912620742400] INFO perfrun.launcher <> - plugin [dpdk] was disabled because it doesn't support the given collection type.
238 [46912620742400] INFO perfrun.commcollector <> - Disabling commcollector because integrity connection type is not used
238 [46912620742400] INFO perfrun.launcher <> - plugin [commcollector] was disabled because it doesn't support the given collection type.
238 [46912620742400] INFO perfrun.launcher <> - plugin [cve] was disabled because it doesn't support the given collection type.
238 [46912496789952] INFO perfrun.launcher <> - set environment variable: LD_LIBRARY_PATH = /global/common/edison/software/intel/vtune_amplifier_2018.2.0.551022/lib32/runtime:/global/common/edison/software/intel/vtune_amplifier_2018.2.0.551022/lib64/runtime:/usr/common/software/root/6.06.06/lib/root:/usr/common/software/libevent/2.0.22-20150630/lib:/usr/common/software/hdf5/1.10.1/intel/lib:/opt/cray/job/2.2.3-6.0.7.0_44.1__g6c4e934.ari/lib64:/opt/intel/compilers_and_libraries_2018.1.163/linux/compiler/lib/intel64:/opt/intel/compilers_and_libraries_2018.1.163/linux/mkl/lib/intel64:/usr/syscom/nsg/lib:/global/common/edison/software/intel/vtune_amplifier_2018.2.0.551022/lib64
238 [46912496789952] INFO perfrun.launcher <> - set environment variable: INTEL_LIBITTNOTIFY32 = /global/common/edison/software/intel/vtune_amplifier_2018.2.0.551022/lib32/runtime/libittnotify_collector.so
238 [46912496789952] INFO perfrun.launcher <> - set environment variable: INTEL_LIBITTNOTIFY64 = /global/common/edison/software/intel/vtune_amplifier_2018.2.0.551022/lib64/runtime/libittnotify_collector.so
238 [46912496789952] INFO perfrun.launcher <> - set environment variable: INTEL_ITTNOTIFY_GROUPS = 
238 [46912496789952] INFO perfrun.launcher <> - set environment variable: INTEL_JIT_PROFILER32 = /global/common/edison/software/intel/vtune_amplifier_2018.2.0.551022/lib32/runtime/libittnotify_collector.so
238 [46912496789952] INFO perfrun.launcher <> - set environment variable: INTEL_JIT_PROFILER64 = /global/common/edison/software/intel/vtune_amplifier_2018.2.0.551022/lib64/runtime/libittnotify_collector.so
238 [46912496789952] INFO perfrun.launcher <> - set environment variable: VS_PROFILER = libittnotify_collector.so
238 [46912496789952] INFO perfrun.launcher <> - set environment variable: ENABLE_JITPROFILING = 1
238 [46912496789952] INFO perfrun.launcher <> - set environment variable: CL_CONFIG_USE_VTUNE = True
238 [46912496789952] INFO perfrun.launcher <> - set environment variable: __OCL_MIC_INTEL_LIBITTNOTIFY64 = /amplxe/results/libittnotify_collector.so
238 [46912496789952] INFO perfrun.launcher <> - set environment variable: __OCL_MIC_INTEL_JIT_PROFILER64 = /amplxe/results/libittnotify_collector.so
238 [46912496789952] INFO perfrun.launcher <> - set environment variable: KMP_FORKJOIN_FRAMES = 0
238 [46912496789952] INFO perfrun.launcher <> - set environment variable: KMP_FORKJOIN_FRAMES_MODE = 0
238 [46912496789952] INFO perfrun.launcher <> - RpcServer: run RPC server to handle requests
256 [46912496789952] INFO perfrun.launcher <> - Launcher: command line to start before modification = ./Parallel_mix_gale_shapley ../InputData/18g7b_calofast_pthat6_UnComp2.root ../InputData/18g7b_calofast_pthat6_UnComp2.root 0 1 0
256 [46912496789952] INFO perfrun.launcher <> - Launcher: command line to start after modification = /global/common/edison/software/intel/vtune_amplifier_2018.2.0.551022/bin64/pin -error_file /tmp/amplxe-tmp-fernando/amplxe-res-57462-5536768650310028/data.0/pinerr.tpsslog -detach_reattach -follow_execv -tool_load_option deepbind -t64 /global/common/edison/software/intel/vtune_amplifier_2018.2.0.551022/lib64/libtpsstool.so -t /global/common/edison/software/intel/vtune_amplifier_2018.2.0.551022/lib32/libtpsstool.so -server_name tpss_ipc.57462 -prd_dir /global/common/edison/software/intel/vtune_amplifier_2018.2.0.551022 -- ./Parallel_mix_gale_shapley ../InputData/18g7b_calofast_pthat6_UnComp2.root ../InputData/18g7b_calofast_pthat6_UnComp2.root 0 1 0
256 [46912496789952] INFO perfrun.launcher <> - ProcessCreator object was created
258 [46912496789952] INFO perfrun.launcher <> - Launcher: the process was started in suspend mode
364 [46912620742400] INFO perfrun.system <> - Helper runtool '/global/common/edison/software/intel/vtune_amplifier_2018.2.0.551022/bin32/amplxe-runss -dump-vdso -r /tmp/amplxe-tmp-fernando/amplxe-res-57462-5536768650310028 --tmp-dir /tmp/amplxe-tmp-fernando' returned 0
496 [46912620742400] INFO perfrun.system <> - Helper runtool '/global/common/edison/software/intel/vtune_amplifier_2018.2.0.551022/bin64/amplxe-runss -dump-vdso -r /tmp/amplxe-tmp-fernando/amplxe-res-57462-5536768650310028 --tmp-dir /tmp/amplxe-tmp-fernando' returned 0
504 [46912620742400] WARN perfrun.sdk <> - Failed to find xl binary on any of the system paths: /bin, /sbin, /usr/bin, /usr/sbin., at file: vcs/perfrun1/sdk/src/utils.cpp:433
504 [46912620742400] WARN perfrun.system <> - Could not start ContainerMapping collector, at file: vcs/perfrun1/plugins/system/src/controller.cpp:496
526 [46912620742400] INFO perfrun.itt <> - start itt controller for pid #57524
537 [46912620742400] INFO perfrun.tpss <> - start tpss controller for pid #57524
604 [46912496789952] INFO perfrun.launcher <> - Launcher: all plugins were started
604 [46912496789952] INFO perfrun.launcher <> - DirectoryMonitor object was created
604 [46912496789952] INFO perfrun.launcher <> - DirectoryMonitor: a callback was added
604 [46912496789952] INFO perfrun.launcher <> - DirectoryMonitor was started with pingTime = 1000
604 [46912496789952] INFO perfrun.launcher <> - DeadlineTimer is going to be constructed
604 [46912496789952] INFO perfrun.launcher <> - DeadlineTimer: a callback was added
627 [46912496789952] INFO perfrun.launcher <> - Launcher: resume the profiled application and  wait its termination or stop command
19379 [46912496789952] INFO perfrun.launcher <> - Launcher: the profiled application was terminated  with exit code = 0
19387 [46912620742400] INFO perfrun.itt <> - stop itt controller
19387 [46912620742400] INFO perfrun.itt <> - detach itt controller
19387 [46912620742400] INFO perfrun.tpss <> - stop tpss controller
19388 [46912620742400] ERROR perfrun.launcher <> - media can not perform an operation and will be disabled., at file: vcs/perfrun1/launcher/src/plugin_manager_impl.hpp:426
19388 [46912620742400] INFO perfrun.sdk <> - De-allocating TMU: /tmp/amplxe-tmp-fernando/amplxe-res-57462-5536768650310028/data.0/systemcollector-57462-cori08.sc
19388 [46912620742400] INFO perfrun.system <> - closed the system trace file: /tmp/amplxe-tmp-fernando/amplxe-res-57462-5536768650310028/data.0/systemcollector-57462-cori08.sc
19388 [46912496789952] INFO perfrun.launcher <> - Launcher: all plugins were stopped.
19388 [46912496789952] INFO perfrun.launcher <> - DeadlineTimer is going to be destroyed
19388 [46912496789952] INFO perfrun.launcher <> - DirectoryMonitor object was destroyed
19388 [46912496789952] WARN perfrun.launcher <> - Stop command is ignored because it is received when collection is already stopped, at file: vcs/perfrun1/launcher/src/command_handler.cpp:209
19434 [46912496789952] INFO perfrun.launcher <> - Application exit code: 0
19434 [46912496789952] INFO perfrun.launcher <> - Exit code: 0
