124 [46912496791296] INFO perfrun.launcher <> - argc = 6; cmdline = /global/common/edison/software/intel/vtune_amplifier_2018.2.0.551022/bin64/amplxe-runss -dump-vdso -r /tmp/amplxe-tmp-fernando/amplxe-res-23463-391135883365619 --tmp-dir /tmp/amplxe-tmp-fernando 
135 [46912496791296] INFO perfrun.launcher <> - plugin system has been added successfully
135 [46912496791296] INFO perfrun.launcher <> - plugin itt has been added successfully
136 [46912496791296] INFO perfrun.launcher <> - plugin ptracecollector has been added successfully
136 [46912496791296] INFO perfrun.launcher <> - plugin gpu has been added successfully
136 [46912496791296] INFO perfrun.launcher <> - plugin  has been added successfully
136 [46912496791296] INFO perfrun.launcher <> - plugin  has been added successfully
136 [46912496791296] INFO perfrun.launcher <> - plugin  has been added successfully
136 [46912496791296] INFO perfrun.launcher <> - plugin mrte has been added successfully
136 [46912496791296] INFO perfrun.launcher <> - plugin emon has been added successfully
137 [46912496791296] INFO perfrun.launcher <> - plugin stdsrc has been added successfully
138 [46912496791296] INFO perfrun.launcher <> - plugin sep has been added successfully
138 [46912496791296] INFO perfrun.launcher <> - plugin vtsspp has been added successfully
138 [46912496791296] INFO perfrun.sdk <> - Reading value (2) from file: /proc/sys/kernel/perf_event_paranoid
146 [46912496791296] INFO perfrun.perfcollector <> - cpu: family = 6 model = 63
146 [46912496791296] INFO perfrun.perfcollector <> - dir found : /sys/bus/event_source/devices/cpu
146 [46912496791296] INFO perfrun.perfcollector <> - format: pc config:19 mask:19
146 [46912496791296] INFO perfrun.perfcollector <> - format: any config:21 mask:21
146 [46912496791296] INFO perfrun.perfcollector <> - format: inv config:23 mask:23
146 [46912496791296] INFO perfrun.perfcollector <> - format: edge config:18 mask:18
146 [46912496791296] INFO perfrun.perfcollector <> - format: cmask config:24-31 mask:24-31
147 [46912496791296] INFO perfrun.perfcollector <> - format: event config:0-7 mask:0-7
147 [46912496791296] INFO perfrun.perfcollector <> - format: in_tx config:32 mask:32
147 [46912496791296] INFO perfrun.perfcollector <> - format: ldlat config1:0-15 mask:0-15
147 [46912496791296] INFO perfrun.perfcollector <> - format: umask config:8-15 mask:8-15
147 [46912496791296] INFO perfrun.perfcollector <> - format: in_tx_cp config:33 mask:33
147 [46912496791296] INFO perfrun.perfcollector <> - format: offcore_rsp config1:0-63 mask:0-63
147 [46912496791296] INFO perfrun.perfcollector <> - hwInfo : PERF_CPU_PMU_DETAILS
147 [46912496791296] INFO perfrun.perfcollector <> - pmu added : family : cpu , id : 0
147 [46912496791296] INFO perfrun.perfcollector <> - dir found : /sys/bus/event_source/devices/msr
147 [46912496791296] INFO perfrun.perfcollector <> - format: event config:0-63 mask:0-63
147 [46912496791296] WARN perfrun.perfcollector <> - pmu hwInfo is not set, at file: vcs/perfrun1/plugins/perfcollector/src/controller.cpp:657
147 [46912496791296] INFO perfrun.perfcollector <> - pmu added : family : msr , id : 0
147 [46912496791296] INFO perfrun.perfcollector <> - dir found : /sys/bus/event_source/devices/uncore_cbox_10
147 [46912496791296] INFO perfrun.perfcollector <> - format: edge config:18 mask:18
147 [46912496791296] INFO perfrun.perfcollector <> - format: event config:0-7 mask:0-7
147 [46912496791296] INFO perfrun.perfcollector <> - format: umask config:8-15 mask:8-15
147 [46912496791296] INFO perfrun.perfcollector <> - format: filter_c6 config1:61 mask:61
147 [46912496791296] INFO perfrun.perfcollector <> - format: filter_nc config1:62 mask:62
147 [46912496791296] INFO perfrun.perfcollector <> - format: filter_isoc config1:63 mask:63
147 [46912496791296] INFO perfrun.perfcollector <> - format: filter_link config1:6-8 mask:6-8
147 [46912496791296] INFO perfrun.perfcollector <> - format: filter_nid config1:32-47 mask:32-47
147 [46912496791296] INFO perfrun.perfcollector <> - format: filter_opc config1:52-60 mask:52-60
147 [46912496791296] INFO perfrun.perfcollector <> - format: filter_tid config1:0-5 mask:0-5
148 [46912496791296] INFO perfrun.perfcollector <> - format: tid_en config:19 mask:19
148 [46912496791296] INFO perfrun.perfcollector <> - format: thresh config:24-31 mask:24-31
148 [46912496791296] INFO perfrun.perfcollector <> - format: filter_state config1:17-23 mask:17-23
148 [46912496791296] WARN perfrun.perfcollector <> - pmu hwInfo is not set, at file: vcs/perfrun1/plugins/perfcollector/src/controller.cpp:657
148 [46912496791296] INFO perfrun.perfcollector <> - pmu added : family : uncore_cbox , id : 10
148 [46912496791296] INFO perfrun.perfcollector <> - dir found : /sys/bus/event_source/devices/uncore_cbox_11
148 [46912496791296] INFO perfrun.perfcollector <> - format: edge config:18 mask:18
148 [46912496791296] INFO perfrun.perfcollector <> - format: event config:0-7 mask:0-7
148 [46912496791296] INFO perfrun.perfcollector <> - format: umask config:8-15 mask:8-15
148 [46912496791296] INFO perfrun.perfcollector <> - format: filter_c6 config1:61 mask:61
148 [46912496791296] INFO perfrun.perfcollector <> - format: filter_nc config1:62 mask:62
148 [46912496791296] INFO perfrun.perfcollector <> - format: filter_isoc config1:63 mask:63
148 [46912496791296] INFO perfrun.perfcollector <> - format: filter_link config1:6-8 mask:6-8
148 [46912496791296] INFO perfrun.perfcollector <> - format: filter_nid config1:32-47 mask:32-47
148 [46912496791296] INFO perfrun.perfcollector <> - format: filter_opc config1:52-60 mask:52-60
148 [46912496791296] INFO perfrun.perfcollector <> - format: filter_tid config1:0-5 mask:0-5
148 [46912496791296] INFO perfrun.perfcollector <> - format: tid_en config:19 mask:19
148 [46912496791296] INFO perfrun.perfcollector <> - format: thresh config:24-31 mask:24-31
148 [46912496791296] INFO perfrun.perfcollector <> - format: filter_state config1:17-23 mask:17-23
148 [46912496791296] WARN perfrun.perfcollector <> - pmu hwInfo is not set, at file: vcs/perfrun1/plugins/perfcollector/src/controller.cpp:657
148 [46912496791296] INFO perfrun.perfcollector <> - pmu added : family : uncore_cbox , id : 11
148 [46912496791296] INFO perfrun.perfcollector <> - dir found : /sys/bus/event_source/devices/uncore_cbox_12
149 [46912496791296] INFO perfrun.perfcollector <> - format: edge config:18 mask:18
149 [46912496791296] INFO perfrun.perfcollector <> - format: event config:0-7 mask:0-7
149 [46912496791296] INFO perfrun.perfcollector <> - format: umask config:8-15 mask:8-15
149 [46912496791296] INFO perfrun.perfcollector <> - format: filter_c6 config1:61 mask:61
149 [46912496791296] INFO perfrun.perfcollector <> - format: filter_nc config1:62 mask:62
149 [46912496791296] INFO perfrun.perfcollector <> - format: filter_isoc config1:63 mask:63
149 [46912496791296] INFO perfrun.perfcollector <> - format: filter_link config1:6-8 mask:6-8
149 [46912496791296] INFO perfrun.perfcollector <> - format: filter_nid config1:32-47 mask:32-47
149 [46912496791296] INFO perfrun.perfcollector <> - format: filter_opc config1:52-60 mask:52-60
149 [46912496791296] INFO perfrun.perfcollector <> - format: filter_tid config1:0-5 mask:0-5
149 [46912496791296] INFO perfrun.perfcollector <> - format: tid_en config:19 mask:19
149 [46912496791296] INFO perfrun.perfcollector <> - format: thresh config:24-31 mask:24-31
149 [46912496791296] INFO perfrun.perfcollector <> - format: filter_state config1:17-23 mask:17-23
149 [46912496791296] WARN perfrun.perfcollector <> - pmu hwInfo is not set, at file: vcs/perfrun1/plugins/perfcollector/src/controller.cpp:657
149 [46912496791296] INFO perfrun.perfcollector <> - pmu added : family : uncore_cbox , id : 12
149 [46912496791296] INFO perfrun.perfcollector <> - dir found : /sys/bus/event_source/devices/uncore_cbox_13
149 [46912496791296] INFO perfrun.perfcollector <> - format: edge config:18 mask:18
149 [46912496791296] INFO perfrun.perfcollector <> - format: event config:0-7 mask:0-7
149 [46912496791296] INFO perfrun.perfcollector <> - format: umask config:8-15 mask:8-15
149 [46912496791296] INFO perfrun.perfcollector <> - format: filter_c6 config1:61 mask:61
149 [46912496791296] INFO perfrun.perfcollector <> - format: filter_nc config1:62 mask:62
149 [46912496791296] INFO perfrun.perfcollector <> - format: filter_isoc config1:63 mask:63
149 [46912496791296] INFO perfrun.perfcollector <> - format: filter_link config1:6-8 mask:6-8
149 [46912496791296] INFO perfrun.perfcollector <> - format: filter_nid config1:32-47 mask:32-47
150 [46912496791296] INFO perfrun.perfcollector <> - format: filter_opc config1:52-60 mask:52-60
150 [46912496791296] INFO perfrun.perfcollector <> - format: filter_tid config1:0-5 mask:0-5
150 [46912496791296] INFO perfrun.perfcollector <> - format: tid_en config:19 mask:19
150 [46912496791296] INFO perfrun.perfcollector <> - format: thresh config:24-31 mask:24-31
150 [46912496791296] INFO perfrun.perfcollector <> - format: filter_state config1:17-23 mask:17-23
150 [46912496791296] WARN perfrun.perfcollector <> - pmu hwInfo is not set, at file: vcs/perfrun1/plugins/perfcollector/src/controller.cpp:657
150 [46912496791296] INFO perfrun.perfcollector <> - pmu added : family : uncore_cbox , id : 13
150 [46912496791296] INFO perfrun.perfcollector <> - dir found : /sys/bus/event_source/devices/uncore_cbox_14
150 [46912496791296] INFO perfrun.perfcollector <> - format: edge config:18 mask:18
150 [46912496791296] INFO perfrun.perfcollector <> - format: event config:0-7 mask:0-7
150 [46912496791296] INFO perfrun.perfcollector <> - format: umask config:8-15 mask:8-15
150 [46912496791296] INFO perfrun.perfcollector <> - format: filter_c6 config1:61 mask:61
150 [46912496791296] INFO perfrun.perfcollector <> - format: filter_nc config1:62 mask:62
150 [46912496791296] INFO perfrun.perfcollector <> - format: filter_isoc config1:63 mask:63
150 [46912496791296] INFO perfrun.perfcollector <> - format: filter_link config1:6-8 mask:6-8
150 [46912496791296] INFO perfrun.perfcollector <> - format: filter_nid config1:32-47 mask:32-47
150 [46912496791296] INFO perfrun.perfcollector <> - format: filter_opc config1:52-60 mask:52-60
150 [46912496791296] INFO perfrun.perfcollector <> - format: filter_tid config1:0-5 mask:0-5
150 [46912496791296] INFO perfrun.perfcollector <> - format: tid_en config:19 mask:19
150 [46912496791296] INFO perfrun.perfcollector <> - format: thresh config:24-31 mask:24-31
150 [46912496791296] INFO perfrun.perfcollector <> - format: filter_state config1:17-23 mask:17-23
150 [46912496791296] WARN perfrun.perfcollector <> - pmu hwInfo is not set, at file: vcs/perfrun1/plugins/perfcollector/src/controller.cpp:657
150 [46912496791296] INFO perfrun.perfcollector <> - pmu added : family : uncore_cbox , id : 14
150 [46912496791296] INFO perfrun.perfcollector <> - dir found : /sys/bus/event_source/devices/uncore_cbox_15
150 [46912496791296] INFO perfrun.perfcollector <> - format: edge config:18 mask:18
151 [46912496791296] INFO perfrun.perfcollector <> - format: event config:0-7 mask:0-7
151 [46912496791296] INFO perfrun.perfcollector <> - format: umask config:8-15 mask:8-15
151 [46912496791296] INFO perfrun.perfcollector <> - format: filter_c6 config1:61 mask:61
151 [46912496791296] INFO perfrun.perfcollector <> - format: filter_nc config1:62 mask:62
151 [46912496791296] INFO perfrun.perfcollector <> - format: filter_isoc config1:63 mask:63
151 [46912496791296] INFO perfrun.perfcollector <> - format: filter_link config1:6-8 mask:6-8
151 [46912496791296] INFO perfrun.perfcollector <> - format: filter_nid config1:32-47 mask:32-47
151 [46912496791296] INFO perfrun.perfcollector <> - format: filter_opc config1:52-60 mask:52-60
151 [46912496791296] INFO perfrun.perfcollector <> - format: filter_tid config1:0-5 mask:0-5
151 [46912496791296] INFO perfrun.perfcollector <> - format: tid_en config:19 mask:19
151 [46912496791296] INFO perfrun.perfcollector <> - format: thresh config:24-31 mask:24-31
151 [46912496791296] INFO perfrun.perfcollector <> - format: filter_state config1:17-23 mask:17-23
151 [46912496791296] WARN perfrun.perfcollector <> - pmu hwInfo is not set, at file: vcs/perfrun1/plugins/perfcollector/src/controller.cpp:657
151 [46912496791296] INFO perfrun.perfcollector <> - pmu added : family : uncore_cbox , id : 15
151 [46912496791296] INFO perfrun.perfcollector <> - dir found : /sys/bus/event_source/devices/software
151 [46912496791296] WARN perfrun.perfcollector <> - format subdir doesn't exist, at file: vcs/perfrun1/plugins/perfcollector/src/controller.cpp:578
151 [46912496791296] WARN perfrun.perfcollector <> - pmu hwInfo is not set, at file: vcs/perfrun1/plugins/perfcollector/src/controller.cpp:657
151 [46912496791296] INFO perfrun.perfcollector <> - pmu added : family : software , id : 0
151 [46912496791296] INFO perfrun.perfcollector <> - dir found : /sys/bus/event_source/devices/power
151 [46912496791296] INFO perfrun.perfcollector <> - format: event config:0-7 mask:0-7
151 [46912496791296] WARN perfrun.perfcollector <> - pmu hwInfo is not set, at file: vcs/perfrun1/plugins/perfcollector/src/controller.cpp:657
151 [46912496791296] INFO perfrun.perfcollector <> - pmu added : family : power , id : 0
151 [46912496791296] INFO perfrun.perfcollector <> - dir found : /sys/bus/event_source/devices/uncore_pcu
151 [46912496791296] INFO perfrun.perfcollector <> - format: inv config:23 mask:23
152 [46912496791296] INFO perfrun.perfcollector <> - format: occ_invert config:30 mask:30
152 [46912496791296] INFO perfrun.perfcollector <> - format: edge config:18 mask:18
152 [46912496791296] INFO perfrun.perfcollector <> - format: event config:0-7,21 mask:0-7,21
152 [46912496791296] INFO perfrun.perfcollector <> - format: occ_sel config:14-15 mask:14-15
152 [46912496791296] INFO perfrun.perfcollector <> - format: thresh config:24-28 mask:24-28
152 [46912496791296] INFO perfrun.perfcollector <> - format: filter_band0 config1:0-7 mask:0-7
152 [46912496791296] INFO perfrun.perfcollector <> - format: filter_band1 config1:8-15 mask:8-15
152 [46912496791296] INFO perfrun.perfcollector <> - format: filter_band2 config1:16-23 mask:16-23
152 [46912496791296] INFO perfrun.perfcollector <> - format: filter_band3 config1:24-31 mask:24-31
152 [46912496791296] INFO perfrun.perfcollector <> - format: occ_edge config:14-51 mask:14-51
152 [46912496791296] WARN perfrun.perfcollector <> - pmu hwInfo is not set, at file: vcs/perfrun1/plugins/perfcollector/src/controller.cpp:657
152 [46912496791296] INFO perfrun.perfcollector <> - pmu added : family : uncore_pcu , id : 0
152 [46912496791296] INFO perfrun.perfcollector <> - dir found : /sys/bus/event_source/devices/tracepoint
152 [46912496791296] WARN perfrun.perfcollector <> - format subdir doesn't exist, at file: vcs/perfrun1/plugins/perfcollector/src/controller.cpp:578
152 [46912496791296] WARN perfrun.perfcollector <> - pmu hwInfo is not set, at file: vcs/perfrun1/plugins/perfcollector/src/controller.cpp:657
152 [46912496791296] INFO perfrun.perfcollector <> - pmu added : family : tracepoint , id : 0
152 [46912496791296] INFO perfrun.perfcollector <> - dir found : /sys/bus/event_source/devices/uncore_imc_0
152 [46912496791296] INFO perfrun.perfcollector <> - format: inv config:23 mask:23
152 [46912496791296] INFO perfrun.perfcollector <> - format: edge config:18 mask:18
153 [46912496791296] INFO perfrun.perfcollector <> - format: event config:0-7 mask:0-7
153 [46912496791296] INFO perfrun.perfcollector <> - format: umask config:8-15 mask:8-15
153 [46912496791296] INFO perfrun.perfcollector <> - format: thresh config:24-31 mask:24-31
153 [46912496791296] INFO perfrun.perfcollector <> - hwInfo : PERF_IMC_PMU_DETAILS
153 [46912496791296] INFO perfrun.perfcollector <> - pmu added : family : uncore_imc , id : 0
153 [46912496791296] INFO perfrun.perfcollector <> - dir found : /sys/bus/event_source/devices/uncore_imc_1
153 [46912496791296] INFO perfrun.perfcollector <> - format: inv config:23 mask:23
153 [46912496791296] INFO perfrun.perfcollector <> - format: edge config:18 mask:18
153 [46912496791296] INFO perfrun.perfcollector <> - format: event config:0-7 mask:0-7
153 [46912496791296] INFO perfrun.perfcollector <> - format: umask config:8-15 mask:8-15
153 [46912496791296] INFO perfrun.perfcollector <> - format: thresh config:24-31 mask:24-31
153 [46912496791296] INFO perfrun.perfcollector <> - hwInfo : PERF_IMC_PMU_DETAILS
153 [46912496791296] INFO perfrun.perfcollector <> - pmu added : family : uncore_imc , id : 1
153 [46912496791296] INFO perfrun.perfcollector <> - dir found : /sys/bus/event_source/devices/uncore_imc_4
153 [46912496791296] INFO perfrun.perfcollector <> - format: inv config:23 mask:23
153 [46912496791296] INFO perfrun.perfcollector <> - format: edge config:18 mask:18
153 [46912496791296] INFO perfrun.perfcollector <> - format: event config:0-7 mask:0-7
153 [46912496791296] INFO perfrun.perfcollector <> - format: umask config:8-15 mask:8-15
153 [46912496791296] INFO perfrun.perfcollector <> - format: thresh config:24-31 mask:24-31
153 [46912496791296] INFO perfrun.perfcollector <> - hwInfo : PERF_IMC_PMU_DETAILS
153 [46912496791296] INFO perfrun.perfcollector <> - pmu added : family : uncore_imc , id : 4
153 [46912496791296] INFO perfrun.perfcollector <> - dir found : /sys/bus/event_source/devices/uncore_imc_5
153 [46912496791296] INFO perfrun.perfcollector <> - format: inv config:23 mask:23
153 [46912496791296] INFO perfrun.perfcollector <> - format: edge config:18 mask:18
154 [46912496791296] INFO perfrun.perfcollector <> - format: event config:0-7 mask:0-7
154 [46912496791296] INFO perfrun.perfcollector <> - format: umask config:8-15 mask:8-15
154 [46912496791296] INFO perfrun.perfcollector <> - format: thresh config:24-31 mask:24-31
154 [46912496791296] INFO perfrun.perfcollector <> - hwInfo : PERF_IMC_PMU_DETAILS
154 [46912496791296] INFO perfrun.perfcollector <> - pmu added : family : uncore_imc , id : 5
154 [46912496791296] INFO perfrun.perfcollector <> - dir found : /sys/bus/event_source/devices/uncore_qpi_0
154 [46912496791296] INFO perfrun.perfcollector <> - format: inv config:23 mask:23
154 [46912496791296] INFO perfrun.perfcollector <> - format: edge config:18 mask:18
154 [46912496791296] INFO perfrun.perfcollector <> - format: match_rnid4 config1:31 mask:31
154 [46912496791296] INFO perfrun.perfcollector <> - format: event config:0-7,21 mask:0-7,21
154 [46912496791296] INFO perfrun.perfcollector <> - format: mask0 config2:0-31 mask:0-31
154 [46912496791296] INFO perfrun.perfcollector <> - format: mask1 config2:32-63 mask:32-63
154 [46912496791296] INFO perfrun.perfcollector <> - format: umask config:8-15 mask:8-15
154 [46912496791296] INFO perfrun.perfcollector <> - format: mask_rnid30 config2:32-35 mask:32-35
154 [46912496791296] INFO perfrun.perfcollector <> - format: match_rnid30 config1:32-35 mask:32-35
154 [46912496791296] INFO perfrun.perfcollector <> - format: match_dnid config1:13-17 mask:13-17
154 [46912496791296] INFO perfrun.perfcollector <> - format: mask_mc config2:9-12 mask:9-12
154 [46912496791296] INFO perfrun.perfcollector <> - format: mask_dnid config2:13-17 mask:13-17
154 [46912496791296] INFO perfrun.perfcollector <> - format: match_opc config1:5-8 mask:5-8
154 [46912496791296] INFO perfrun.perfcollector <> - format: match_rds config1:48-51 mask:48-51
154 [46912496791296] INFO perfrun.perfcollector <> - format: match_vnw config1:3-4 mask:3-4
155 [46912496791296] INFO perfrun.perfcollector <> - format: mask_opc config2:5-8 mask:5-8
155 [46912496791296] INFO perfrun.perfcollector <> - format: mask_rds config2:48-51 mask:48-51
155 [46912496791296] INFO perfrun.perfcollector <> - format: mask_vnw config2:3-4 mask:3-4
155 [46912496791296] INFO perfrun.perfcollector <> - format: match_mc config1:9-12 mask:9-12
155 [46912496791296] INFO perfrun.perfcollector <> - format: match0 config1:0-31 mask:0-31
155 [46912496791296] INFO perfrun.perfcollector <> - format: match1 config1:32-63 mask:32-63
155 [46912496791296] INFO perfrun.perfcollector <> - format: mask_rnid4 config2:31 mask:31
155 [46912496791296] INFO perfrun.perfcollector <> - format: thresh config:24-31 mask:24-31
155 [46912496791296] INFO perfrun.perfcollector <> - hwInfo : PERF_QPI_PMU_DETAILS
155 [46912496791296] INFO perfrun.perfcollector <> - pmu added : family : uncore_qpi , id : 0
155 [46912496791296] INFO perfrun.perfcollector <> - dir found : /sys/bus/event_source/devices/uncore_qpi_1
155 [46912496791296] INFO perfrun.perfcollector <> - format: inv config:23 mask:23
155 [46912496791296] INFO perfrun.perfcollector <> - format: edge config:18 mask:18
155 [46912496791296] INFO perfrun.perfcollector <> - format: match_rnid4 config1:31 mask:31
155 [46912496791296] INFO perfrun.perfcollector <> - format: event config:0-7,21 mask:0-7,21
155 [46912496791296] INFO perfrun.perfcollector <> - format: mask0 config2:0-31 mask:0-31
155 [46912496791296] INFO perfrun.perfcollector <> - format: mask1 config2:32-63 mask:32-63
155 [46912496791296] INFO perfrun.perfcollector <> - format: umask config:8-15 mask:8-15
155 [46912496791296] INFO perfrun.perfcollector <> - format: mask_rnid30 config2:32-35 mask:32-35
155 [46912496791296] INFO perfrun.perfcollector <> - format: match_rnid30 config1:32-35 mask:32-35
156 [46912496791296] INFO perfrun.perfcollector <> - format: match_dnid config1:13-17 mask:13-17
156 [46912496791296] INFO perfrun.perfcollector <> - format: mask_mc config2:9-12 mask:9-12
156 [46912496791296] INFO perfrun.perfcollector <> - format: mask_dnid config2:13-17 mask:13-17
156 [46912496791296] INFO perfrun.perfcollector <> - format: match_opc config1:5-8 mask:5-8
156 [46912496791296] INFO perfrun.perfcollector <> - format: match_rds config1:48-51 mask:48-51
156 [46912496791296] INFO perfrun.perfcollector <> - format: match_vnw config1:3-4 mask:3-4
156 [46912496791296] INFO perfrun.perfcollector <> - format: mask_opc config2:5-8 mask:5-8
156 [46912496791296] INFO perfrun.perfcollector <> - format: mask_rds config2:48-51 mask:48-51
156 [46912496791296] INFO perfrun.perfcollector <> - format: mask_vnw config2:3-4 mask:3-4
156 [46912496791296] INFO perfrun.perfcollector <> - format: match_mc config1:9-12 mask:9-12
156 [46912496791296] INFO perfrun.perfcollector <> - format: match0 config1:0-31 mask:0-31
156 [46912496791296] INFO perfrun.perfcollector <> - format: match1 config1:32-63 mask:32-63
156 [46912496791296] INFO perfrun.perfcollector <> - format: mask_rnid4 config2:31 mask:31
156 [46912496791296] INFO perfrun.perfcollector <> - format: thresh config:24-31 mask:24-31
156 [46912496791296] INFO perfrun.perfcollector <> - hwInfo : PERF_QPI_PMU_DETAILS
156 [46912496791296] INFO perfrun.perfcollector <> - pmu added : family : uncore_qpi , id : 1
156 [46912496791296] INFO perfrun.perfcollector <> - dir found : /sys/bus/event_source/devices/uncore_cbox_0
156 [46912496791296] INFO perfrun.perfcollector <> - format: edge config:18 mask:18
156 [46912496791296] INFO perfrun.perfcollector <> - format: event config:0-7 mask:0-7
156 [46912496791296] INFO perfrun.perfcollector <> - format: umask config:8-15 mask:8-15
156 [46912496791296] INFO perfrun.perfcollector <> - format: filter_c6 config1:61 mask:61
156 [46912496791296] INFO perfrun.perfcollector <> - format: filter_nc config1:62 mask:62
157 [46912496791296] INFO perfrun.perfcollector <> - format: filter_isoc config1:63 mask:63
157 [46912496791296] INFO perfrun.perfcollector <> - format: filter_link config1:6-8 mask:6-8
157 [46912496791296] INFO perfrun.perfcollector <> - format: filter_nid config1:32-47 mask:32-47
157 [46912496791296] INFO perfrun.perfcollector <> - format: filter_opc config1:52-60 mask:52-60
157 [46912496791296] INFO perfrun.perfcollector <> - format: filter_tid config1:0-5 mask:0-5
157 [46912496791296] INFO perfrun.perfcollector <> - format: tid_en config:19 mask:19
157 [46912496791296] INFO perfrun.perfcollector <> - format: thresh config:24-31 mask:24-31
157 [46912496791296] INFO perfrun.perfcollector <> - format: filter_state config1:17-23 mask:17-23
157 [46912496791296] WARN perfrun.perfcollector <> - pmu hwInfo is not set, at file: vcs/perfrun1/plugins/perfcollector/src/controller.cpp:657
157 [46912496791296] INFO perfrun.perfcollector <> - pmu added : family : uncore_cbox , id : 0
157 [46912496791296] INFO perfrun.perfcollector <> - dir found : /sys/bus/event_source/devices/uncore_cbox_1
157 [46912496791296] INFO perfrun.perfcollector <> - format: edge config:18 mask:18
157 [46912496791296] INFO perfrun.perfcollector <> - format: event config:0-7 mask:0-7
157 [46912496791296] INFO perfrun.perfcollector <> - format: umask config:8-15 mask:8-15
157 [46912496791296] INFO perfrun.perfcollector <> - format: filter_c6 config1:61 mask:61
157 [46912496791296] INFO perfrun.perfcollector <> - format: filter_nc config1:62 mask:62
157 [46912496791296] INFO perfrun.perfcollector <> - format: filter_isoc config1:63 mask:63
157 [46912496791296] INFO perfrun.perfcollector <> - format: filter_link config1:6-8 mask:6-8
157 [46912496791296] INFO perfrun.perfcollector <> - format: filter_nid config1:32-47 mask:32-47
157 [46912496791296] INFO perfrun.perfcollector <> - format: filter_opc config1:52-60 mask:52-60
157 [46912496791296] INFO perfrun.perfcollector <> - format: filter_tid config1:0-5 mask:0-5
157 [46912496791296] INFO perfrun.perfcollector <> - format: tid_en config:19 mask:19
157 [46912496791296] INFO perfrun.perfcollector <> - format: thresh config:24-31 mask:24-31
158 [46912496791296] INFO perfrun.perfcollector <> - format: filter_state config1:17-23 mask:17-23
158 [46912496791296] WARN perfrun.perfcollector <> - pmu hwInfo is not set, at file: vcs/perfrun1/plugins/perfcollector/src/controller.cpp:657
158 [46912496791296] INFO perfrun.perfcollector <> - pmu added : family : uncore_cbox , id : 1
158 [46912496791296] INFO perfrun.perfcollector <> - dir found : /sys/bus/event_source/devices/uncore_cbox_2
158 [46912496791296] INFO perfrun.perfcollector <> - format: edge config:18 mask:18
158 [46912496791296] INFO perfrun.perfcollector <> - format: event config:0-7 mask:0-7
158 [46912496791296] INFO perfrun.perfcollector <> - format: umask config:8-15 mask:8-15
158 [46912496791296] INFO perfrun.perfcollector <> - format: filter_c6 config1:61 mask:61
158 [46912496791296] INFO perfrun.perfcollector <> - format: filter_nc config1:62 mask:62
158 [46912496791296] INFO perfrun.perfcollector <> - format: filter_isoc config1:63 mask:63
158 [46912496791296] INFO perfrun.perfcollector <> - format: filter_link config1:6-8 mask:6-8
158 [46912496791296] INFO perfrun.perfcollector <> - format: filter_nid config1:32-47 mask:32-47
158 [46912496791296] INFO perfrun.perfcollector <> - format: filter_opc config1:52-60 mask:52-60
158 [46912496791296] INFO perfrun.perfcollector <> - format: filter_tid config1:0-5 mask:0-5
158 [46912496791296] INFO perfrun.perfcollector <> - format: tid_en config:19 mask:19
158 [46912496791296] INFO perfrun.perfcollector <> - format: thresh config:24-31 mask:24-31
158 [46912496791296] INFO perfrun.perfcollector <> - format: filter_state config1:17-23 mask:17-23
158 [46912496791296] WARN perfrun.perfcollector <> - pmu hwInfo is not set, at file: vcs/perfrun1/plugins/perfcollector/src/controller.cpp:657
158 [46912496791296] INFO perfrun.perfcollector <> - pmu added : family : uncore_cbox , id : 2
158 [46912496791296] INFO perfrun.perfcollector <> - dir found : /sys/bus/event_source/devices/uncore_cbox_3
158 [46912496791296] INFO perfrun.perfcollector <> - format: edge config:18 mask:18
158 [46912496791296] INFO perfrun.perfcollector <> - format: event config:0-7 mask:0-7
159 [46912496791296] INFO perfrun.perfcollector <> - format: umask config:8-15 mask:8-15
159 [46912496791296] INFO perfrun.perfcollector <> - format: filter_c6 config1:61 mask:61
159 [46912496791296] INFO perfrun.perfcollector <> - format: filter_nc config1:62 mask:62
159 [46912496791296] INFO perfrun.perfcollector <> - format: filter_isoc config1:63 mask:63
159 [46912496791296] INFO perfrun.perfcollector <> - format: filter_link config1:6-8 mask:6-8
159 [46912496791296] INFO perfrun.perfcollector <> - format: filter_nid config1:32-47 mask:32-47
159 [46912496791296] INFO perfrun.perfcollector <> - format: filter_opc config1:52-60 mask:52-60
159 [46912496791296] INFO perfrun.perfcollector <> - format: filter_tid config1:0-5 mask:0-5
159 [46912496791296] INFO perfrun.perfcollector <> - format: tid_en config:19 mask:19
159 [46912496791296] INFO perfrun.perfcollector <> - format: thresh config:24-31 mask:24-31
159 [46912496791296] INFO perfrun.perfcollector <> - format: filter_state config1:17-23 mask:17-23
159 [46912496791296] WARN perfrun.perfcollector <> - pmu hwInfo is not set, at file: vcs/perfrun1/plugins/perfcollector/src/controller.cpp:657
159 [46912496791296] INFO perfrun.perfcollector <> - pmu added : family : uncore_cbox , id : 3
159 [46912496791296] INFO perfrun.perfcollector <> - dir found : /sys/bus/event_source/devices/uncore_cbox_4
159 [46912496791296] INFO perfrun.perfcollector <> - format: edge config:18 mask:18
159 [46912496791296] INFO perfrun.perfcollector <> - format: event config:0-7 mask:0-7
159 [46912496791296] INFO perfrun.perfcollector <> - format: umask config:8-15 mask:8-15
159 [46912496791296] INFO perfrun.perfcollector <> - format: filter_c6 config1:61 mask:61
159 [46912496791296] INFO perfrun.perfcollector <> - format: filter_nc config1:62 mask:62
159 [46912496791296] INFO perfrun.perfcollector <> - format: filter_isoc config1:63 mask:63
159 [46912496791296] INFO perfrun.perfcollector <> - format: filter_link config1:6-8 mask:6-8
159 [46912496791296] INFO perfrun.perfcollector <> - format: filter_nid config1:32-47 mask:32-47
160 [46912496791296] INFO perfrun.perfcollector <> - format: filter_opc config1:52-60 mask:52-60
160 [46912496791296] INFO perfrun.perfcollector <> - format: filter_tid config1:0-5 mask:0-5
160 [46912496791296] INFO perfrun.perfcollector <> - format: tid_en config:19 mask:19
160 [46912496791296] INFO perfrun.perfcollector <> - format: thresh config:24-31 mask:24-31
160 [46912496791296] INFO perfrun.perfcollector <> - format: filter_state config1:17-23 mask:17-23
160 [46912496791296] WARN perfrun.perfcollector <> - pmu hwInfo is not set, at file: vcs/perfrun1/plugins/perfcollector/src/controller.cpp:657
160 [46912496791296] INFO perfrun.perfcollector <> - pmu added : family : uncore_cbox , id : 4
160 [46912496791296] INFO perfrun.perfcollector <> - dir found : /sys/bus/event_source/devices/uncore_cbox_5
160 [46912496791296] INFO perfrun.perfcollector <> - format: edge config:18 mask:18
160 [46912496791296] INFO perfrun.perfcollector <> - format: event config:0-7 mask:0-7
160 [46912496791296] INFO perfrun.perfcollector <> - format: umask config:8-15 mask:8-15
160 [46912496791296] INFO perfrun.perfcollector <> - format: filter_c6 config1:61 mask:61
160 [46912496791296] INFO perfrun.perfcollector <> - format: filter_nc config1:62 mask:62
160 [46912496791296] INFO perfrun.perfcollector <> - format: filter_isoc config1:63 mask:63
160 [46912496791296] INFO perfrun.perfcollector <> - format: filter_link config1:6-8 mask:6-8
160 [46912496791296] INFO perfrun.perfcollector <> - format: filter_nid config1:32-47 mask:32-47
160 [46912496791296] INFO perfrun.perfcollector <> - format: filter_opc config1:52-60 mask:52-60
160 [46912496791296] INFO perfrun.perfcollector <> - format: filter_tid config1:0-5 mask:0-5
160 [46912496791296] INFO perfrun.perfcollector <> - format: tid_en config:19 mask:19
160 [46912496791296] INFO perfrun.perfcollector <> - format: thresh config:24-31 mask:24-31
160 [46912496791296] INFO perfrun.perfcollector <> - format: filter_state config1:17-23 mask:17-23
160 [46912496791296] WARN perfrun.perfcollector <> - pmu hwInfo is not set, at file: vcs/perfrun1/plugins/perfcollector/src/controller.cpp:657
160 [46912496791296] INFO perfrun.perfcollector <> - pmu added : family : uncore_cbox , id : 5
160 [46912496791296] INFO perfrun.perfcollector <> - dir found : /sys/bus/event_source/devices/uncore_cbox_6
161 [46912496791296] INFO perfrun.perfcollector <> - format: edge config:18 mask:18
161 [46912496791296] INFO perfrun.perfcollector <> - format: event config:0-7 mask:0-7
161 [46912496791296] INFO perfrun.perfcollector <> - format: umask config:8-15 mask:8-15
161 [46912496791296] INFO perfrun.perfcollector <> - format: filter_c6 config1:61 mask:61
161 [46912496791296] INFO perfrun.perfcollector <> - format: filter_nc config1:62 mask:62
161 [46912496791296] INFO perfrun.perfcollector <> - format: filter_isoc config1:63 mask:63
161 [46912496791296] INFO perfrun.perfcollector <> - format: filter_link config1:6-8 mask:6-8
161 [46912496791296] INFO perfrun.perfcollector <> - format: filter_nid config1:32-47 mask:32-47
161 [46912496791296] INFO perfrun.perfcollector <> - format: filter_opc config1:52-60 mask:52-60
161 [46912496791296] INFO perfrun.perfcollector <> - format: filter_tid config1:0-5 mask:0-5
161 [46912496791296] INFO perfrun.perfcollector <> - format: tid_en config:19 mask:19
161 [46912496791296] INFO perfrun.perfcollector <> - format: thresh config:24-31 mask:24-31
161 [46912496791296] INFO perfrun.perfcollector <> - format: filter_state config1:17-23 mask:17-23
161 [46912496791296] WARN perfrun.perfcollector <> - pmu hwInfo is not set, at file: vcs/perfrun1/plugins/perfcollector/src/controller.cpp:657
161 [46912496791296] INFO perfrun.perfcollector <> - pmu added : family : uncore_cbox , id : 6
161 [46912496791296] INFO perfrun.perfcollector <> - dir found : /sys/bus/event_source/devices/uncore_cbox_7
161 [46912496791296] INFO perfrun.perfcollector <> - format: edge config:18 mask:18
161 [46912496791296] INFO perfrun.perfcollector <> - format: event config:0-7 mask:0-7
161 [46912496791296] INFO perfrun.perfcollector <> - format: umask config:8-15 mask:8-15
161 [46912496791296] INFO perfrun.perfcollector <> - format: filter_c6 config1:61 mask:61
161 [46912496791296] INFO perfrun.perfcollector <> - format: filter_nc config1:62 mask:62
161 [46912496791296] INFO perfrun.perfcollector <> - format: filter_isoc config1:63 mask:63
162 [46912496791296] INFO perfrun.perfcollector <> - format: filter_link config1:6-8 mask:6-8
162 [46912496791296] INFO perfrun.perfcollector <> - format: filter_nid config1:32-47 mask:32-47
162 [46912496791296] INFO perfrun.perfcollector <> - format: filter_opc config1:52-60 mask:52-60
162 [46912496791296] INFO perfrun.perfcollector <> - format: filter_tid config1:0-5 mask:0-5
162 [46912496791296] INFO perfrun.perfcollector <> - format: tid_en config:19 mask:19
162 [46912496791296] INFO perfrun.perfcollector <> - format: thresh config:24-31 mask:24-31
162 [46912496791296] INFO perfrun.perfcollector <> - format: filter_state config1:17-23 mask:17-23
162 [46912496791296] WARN perfrun.perfcollector <> - pmu hwInfo is not set, at file: vcs/perfrun1/plugins/perfcollector/src/controller.cpp:657
162 [46912496791296] INFO perfrun.perfcollector <> - pmu added : family : uncore_cbox , id : 7
162 [46912496791296] INFO perfrun.perfcollector <> - dir found : /sys/bus/event_source/devices/uncore_cbox_8
162 [46912496791296] INFO perfrun.perfcollector <> - format: edge config:18 mask:18
162 [46912496791296] INFO perfrun.perfcollector <> - format: event config:0-7 mask:0-7
162 [46912496791296] INFO perfrun.perfcollector <> - format: umask config:8-15 mask:8-15
162 [46912496791296] INFO perfrun.perfcollector <> - format: filter_c6 config1:61 mask:61
162 [46912496791296] INFO perfrun.perfcollector <> - format: filter_nc config1:62 mask:62
162 [46912496791296] INFO perfrun.perfcollector <> - format: filter_isoc config1:63 mask:63
162 [46912496791296] INFO perfrun.perfcollector <> - format: filter_link config1:6-8 mask:6-8
162 [46912496791296] INFO perfrun.perfcollector <> - format: filter_nid config1:32-47 mask:32-47
162 [46912496791296] INFO perfrun.perfcollector <> - format: filter_opc config1:52-60 mask:52-60
162 [46912496791296] INFO perfrun.perfcollector <> - format: filter_tid config1:0-5 mask:0-5
162 [46912496791296] INFO perfrun.perfcollector <> - format: tid_en config:19 mask:19
163 [46912496791296] INFO perfrun.perfcollector <> - format: thresh config:24-31 mask:24-31
163 [46912496791296] INFO perfrun.perfcollector <> - format: filter_state config1:17-23 mask:17-23
163 [46912496791296] WARN perfrun.perfcollector <> - pmu hwInfo is not set, at file: vcs/perfrun1/plugins/perfcollector/src/controller.cpp:657
163 [46912496791296] INFO perfrun.perfcollector <> - pmu added : family : uncore_cbox , id : 8
163 [46912496791296] INFO perfrun.perfcollector <> - dir found : /sys/bus/event_source/devices/uncore_cbox_9
163 [46912496791296] INFO perfrun.perfcollector <> - format: edge config:18 mask:18
163 [46912496791296] INFO perfrun.perfcollector <> - format: event config:0-7 mask:0-7
163 [46912496791296] INFO perfrun.perfcollector <> - format: umask config:8-15 mask:8-15
163 [46912496791296] INFO perfrun.perfcollector <> - format: filter_c6 config1:61 mask:61
163 [46912496791296] INFO perfrun.perfcollector <> - format: filter_nc config1:62 mask:62
163 [46912496791296] INFO perfrun.perfcollector <> - format: filter_isoc config1:63 mask:63
163 [46912496791296] INFO perfrun.perfcollector <> - format: filter_link config1:6-8 mask:6-8
163 [46912496791296] INFO perfrun.perfcollector <> - format: filter_nid config1:32-47 mask:32-47
163 [46912496791296] INFO perfrun.perfcollector <> - format: filter_opc config1:52-60 mask:52-60
163 [46912496791296] INFO perfrun.perfcollector <> - format: filter_tid config1:0-5 mask:0-5
163 [46912496791296] INFO perfrun.perfcollector <> - format: tid_en config:19 mask:19
163 [46912496791296] INFO perfrun.perfcollector <> - format: thresh config:24-31 mask:24-31
163 [46912496791296] INFO perfrun.perfcollector <> - format: filter_state config1:17-23 mask:17-23
163 [46912496791296] WARN perfrun.perfcollector <> - pmu hwInfo is not set, at file: vcs/perfrun1/plugins/perfcollector/src/controller.cpp:657
163 [46912496791296] INFO perfrun.perfcollector <> - pmu added : family : uncore_cbox , id : 9
163 [46912496791296] INFO perfrun.perfcollector <> - dir found : /sys/bus/event_source/devices/uncore_r2pcie
164 [46912496791296] INFO perfrun.perfcollector <> - format: inv config:23 mask:23
164 [46912496791296] INFO perfrun.perfcollector <> - format: edge config:18 mask:18
164 [46912496791296] INFO perfrun.perfcollector <> - format: event config:0-7 mask:0-7
164 [46912496791296] INFO perfrun.perfcollector <> - format: umask config:8-15 mask:8-15
164 [46912496791296] INFO perfrun.perfcollector <> - format: thresh config:24-31 mask:24-31
164 [46912496791296] WARN perfrun.perfcollector <> - pmu hwInfo is not set, at file: vcs/perfrun1/plugins/perfcollector/src/controller.cpp:657
164 [46912496791296] INFO perfrun.perfcollector <> - pmu added : family : uncore_r2pcie , id : 0
164 [46912496791296] INFO perfrun.perfcollector <> - dir found : /sys/bus/event_source/devices/uncore_r3qpi_0
164 [46912496791296] INFO perfrun.perfcollector <> - format: inv config:23 mask:23
164 [46912496791296] INFO perfrun.perfcollector <> - format: edge config:18 mask:18
164 [46912496791296] INFO perfrun.perfcollector <> - format: event config:0-7 mask:0-7
164 [46912496791296] INFO perfrun.perfcollector <> - format: umask config:8-15 mask:8-15
164 [46912496791296] INFO perfrun.perfcollector <> - format: thresh config:24-31 mask:24-31
164 [46912496791296] WARN perfrun.perfcollector <> - pmu hwInfo is not set, at file: vcs/perfrun1/plugins/perfcollector/src/controller.cpp:657
164 [46912496791296] INFO perfrun.perfcollector <> - pmu added : family : uncore_r3qpi , id : 0
164 [46912496791296] INFO perfrun.perfcollector <> - dir found : /sys/bus/event_source/devices/uncore_r3qpi_1
164 [46912496791296] INFO perfrun.perfcollector <> - format: inv config:23 mask:23
164 [46912496791296] INFO perfrun.perfcollector <> - format: edge config:18 mask:18
164 [46912496791296] INFO perfrun.perfcollector <> - format: event config:0-7 mask:0-7
164 [46912496791296] INFO perfrun.perfcollector <> - format: umask config:8-15 mask:8-15
164 [46912496791296] INFO perfrun.perfcollector <> - format: thresh config:24-31 mask:24-31
164 [46912496791296] WARN perfrun.perfcollector <> - pmu hwInfo is not set, at file: vcs/perfrun1/plugins/perfcollector/src/controller.cpp:657
164 [46912496791296] INFO perfrun.perfcollector <> - pmu added : family : uncore_r3qpi , id : 1
164 [46912496791296] INFO perfrun.perfcollector <> - dir found : /sys/bus/event_source/devices/uncore_sbox_0
164 [46912496791296] INFO perfrun.perfcollector <> - format: inv config:23 mask:23
164 [46912496791296] INFO perfrun.perfcollector <> - format: edge config:18 mask:18
164 [46912496791296] INFO perfrun.perfcollector <> - format: event config:0-7 mask:0-7
164 [46912496791296] INFO perfrun.perfcollector <> - format: umask config:8-15 mask:8-15
165 [46912496791296] INFO perfrun.perfcollector <> - format: tid_en config:19 mask:19
165 [46912496791296] INFO perfrun.perfcollector <> - format: thresh config:24-31 mask:24-31
165 [46912496791296] WARN perfrun.perfcollector <> - pmu hwInfo is not set, at file: vcs/perfrun1/plugins/perfcollector/src/controller.cpp:657
165 [46912496791296] INFO perfrun.perfcollector <> - pmu added : family : uncore_sbox , id : 0
165 [46912496791296] INFO perfrun.perfcollector <> - dir found : /sys/bus/event_source/devices/uncore_sbox_1
165 [46912496791296] INFO perfrun.perfcollector <> - format: inv config:23 mask:23
165 [46912496791296] INFO perfrun.perfcollector <> - format: edge config:18 mask:18
165 [46912496791296] INFO perfrun.perfcollector <> - format: event config:0-7 mask:0-7
165 [46912496791296] INFO perfrun.perfcollector <> - format: umask config:8-15 mask:8-15
165 [46912496791296] INFO perfrun.perfcollector <> - format: tid_en config:19 mask:19
165 [46912496791296] INFO perfrun.perfcollector <> - format: thresh config:24-31 mask:24-31
165 [46912496791296] WARN perfrun.perfcollector <> - pmu hwInfo is not set, at file: vcs/perfrun1/plugins/perfcollector/src/controller.cpp:657
165 [46912496791296] INFO perfrun.perfcollector <> - pmu added : family : uncore_sbox , id : 1
165 [46912496791296] INFO perfrun.perfcollector <> - dir found : /sys/bus/event_source/devices/uncore_sbox_2
165 [46912496791296] INFO perfrun.perfcollector <> - format: inv config:23 mask:23
165 [46912496791296] INFO perfrun.perfcollector <> - format: edge config:18 mask:18
165 [46912496791296] INFO perfrun.perfcollector <> - format: event config:0-7 mask:0-7
165 [46912496791296] INFO perfrun.perfcollector <> - format: umask config:8-15 mask:8-15
165 [46912496791296] INFO perfrun.perfcollector <> - format: tid_en config:19 mask:19
165 [46912496791296] INFO perfrun.perfcollector <> - format: thresh config:24-31 mask:24-31
165 [46912496791296] WARN perfrun.perfcollector <> - pmu hwInfo is not set, at file: vcs/perfrun1/plugins/perfcollector/src/controller.cpp:657
165 [46912496791296] INFO perfrun.perfcollector <> - pmu added : family : uncore_sbox , id : 2
165 [46912496791296] INFO perfrun.perfcollector <> - dir found : /sys/bus/event_source/devices/uncore_sbox_3
165 [46912496791296] INFO perfrun.perfcollector <> - format: inv config:23 mask:23
165 [46912496791296] INFO perfrun.perfcollector <> - format: edge config:18 mask:18
165 [46912496791296] INFO perfrun.perfcollector <> - format: event config:0-7 mask:0-7
165 [46912496791296] INFO perfrun.perfcollector <> - format: umask config:8-15 mask:8-15
165 [46912496791296] INFO perfrun.perfcollector <> - format: tid_en config:19 mask:19
166 [46912496791296] INFO perfrun.perfcollector <> - format: thresh config:24-31 mask:24-31
166 [46912496791296] WARN perfrun.perfcollector <> - pmu hwInfo is not set, at file: vcs/perfrun1/plugins/perfcollector/src/controller.cpp:657
166 [46912496791296] INFO perfrun.perfcollector <> - pmu added : family : uncore_sbox , id : 3
166 [46912496791296] INFO perfrun.perfcollector <> - dir found : /sys/bus/event_source/devices/cstate_core
166 [46912496791296] INFO perfrun.perfcollector <> - format: event config:0-63 mask:0-63
166 [46912496791296] WARN perfrun.perfcollector <> - pmu hwInfo is not set, at file: vcs/perfrun1/plugins/perfcollector/src/controller.cpp:657
166 [46912496791296] INFO perfrun.perfcollector <> - pmu added : family : cstate_core , id : 0
166 [46912496791296] INFO perfrun.perfcollector <> - dir found : /sys/bus/event_source/devices/cstate_pkg
166 [46912496791296] INFO perfrun.perfcollector <> - format: event config:0-63 mask:0-63
166 [46912496791296] WARN perfrun.perfcollector <> - pmu hwInfo is not set, at file: vcs/perfrun1/plugins/perfcollector/src/controller.cpp:657
166 [46912496791296] INFO perfrun.perfcollector <> - pmu added : family : cstate_pkg , id : 0
166 [46912496791296] INFO perfrun.perfcollector <> - dir found : /sys/bus/event_source/devices/intel_bts
166 [46912496791296] WARN perfrun.perfcollector <> - format subdir doesn't exist, at file: vcs/perfrun1/plugins/perfcollector/src/controller.cpp:578
166 [46912496791296] WARN perfrun.perfcollector <> - pmu hwInfo is not set, at file: vcs/perfrun1/plugins/perfcollector/src/controller.cpp:657
166 [46912496791296] INFO perfrun.perfcollector <> - pmu added : family : intel_bts , id : 0
166 [46912496791296] INFO perfrun.perfcollector <> - dir found : /sys/bus/event_source/devices/intel_cqm
166 [46912496791296] INFO perfrun.perfcollector <> - format: event config:0-7 mask:0-7
166 [46912496791296] WARN perfrun.perfcollector <> - pmu hwInfo is not set, at file: vcs/perfrun1/plugins/perfcollector/src/controller.cpp:657
166 [46912496791296] INFO perfrun.perfcollector <> - pmu added : family : intel_cqm , id : 0
166 [46912496791296] INFO perfrun.perfcollector <> - dir found : /sys/bus/event_source/devices/breakpoint
166 [46912496791296] WARN perfrun.perfcollector <> - format subdir doesn't exist, at file: vcs/perfrun1/plugins/perfcollector/src/controller.cpp:578
166 [46912496791296] WARN perfrun.perfcollector <> - pmu hwInfo is not set, at file: vcs/perfrun1/plugins/perfcollector/src/controller.cpp:657
166 [46912496791296] INFO perfrun.perfcollector <> - pmu added : family : breakpoint , id : 0
166 [46912496791296] INFO perfrun.perfcollector <> - dir found : /sys/bus/event_source/devices/uncore_ha_0
166 [46912496791296] INFO perfrun.perfcollector <> - format: inv config:23 mask:23
166 [46912496791296] INFO perfrun.perfcollector <> - format: edge config:18 mask:18
166 [46912496791296] INFO perfrun.perfcollector <> - format: event config:0-7 mask:0-7
166 [46912496791296] INFO perfrun.perfcollector <> - format: umask config:8-15 mask:8-15
166 [46912496791296] INFO perfrun.perfcollector <> - format: thresh config:24-31 mask:24-31
166 [46912496791296] WARN perfrun.perfcollector <> - pmu hwInfo is not set, at file: vcs/perfrun1/plugins/perfcollector/src/controller.cpp:657
166 [46912496791296] INFO perfrun.perfcollector <> - pmu added : family : uncore_ha , id : 0
166 [46912496791296] INFO perfrun.perfcollector <> - dir found : /sys/bus/event_source/devices/uncore_ha_1
167 [46912496791296] INFO perfrun.perfcollector <> - format: inv config:23 mask:23
167 [46912496791296] INFO perfrun.perfcollector <> - format: edge config:18 mask:18
167 [46912496791296] INFO perfrun.perfcollector <> - format: event config:0-7 mask:0-7
167 [46912496791296] INFO perfrun.perfcollector <> - format: umask config:8-15 mask:8-15
167 [46912496791296] INFO perfrun.perfcollector <> - format: thresh config:24-31 mask:24-31
167 [46912496791296] WARN perfrun.perfcollector <> - pmu hwInfo is not set, at file: vcs/perfrun1/plugins/perfcollector/src/controller.cpp:657
167 [46912496791296] INFO perfrun.perfcollector <> - pmu added : family : uncore_ha , id : 1
167 [46912496791296] INFO perfrun.perfcollector <> - dir found : /sys/bus/event_source/devices/uncore_ubox
167 [46912496791296] INFO perfrun.perfcollector <> - format: inv config:23 mask:23
167 [46912496791296] INFO perfrun.perfcollector <> - format: edge config:18 mask:18
167 [46912496791296] INFO perfrun.perfcollector <> - format: event config:0-7 mask:0-7
167 [46912496791296] INFO perfrun.perfcollector <> - format: umask config:8-15 mask:8-15
167 [46912496791296] INFO perfrun.perfcollector <> - format: filter_cid config1:5 mask:5
167 [46912496791296] INFO perfrun.perfcollector <> - format: filter_tid config1:0 mask:0
167 [46912496791296] INFO perfrun.perfcollector <> - format: thresh config:24-28 mask:24-28
167 [46912496791296] WARN perfrun.perfcollector <> - pmu hwInfo is not set, at file: vcs/perfrun1/plugins/perfcollector/src/controller.cpp:657
167 [46912496791296] INFO perfrun.perfcollector <> - pmu added : family : uncore_ubox , id : 0
167 [46912496791296] INFO perfrun.launcher <> - plugin perf has been added successfully
167 [46912496791296] INFO perfrun.launcher <> - plugin tpss has been added successfully
168 [46912496791296] INFO perfrun.launcher <> - plugin cuscol has been added successfully
168 [46912496791296] INFO perfrun.launcher <> - plugin exprof has been added successfully
168 [46912496791296] INFO perfrun.launcher <> - plugin dpdk has been added successfully
168 [46912496791296] INFO perfrun.launcher <> - plugin media has been added successfully
168 [46912496791296] INFO perfrun.launcher <> - plugin commcollector has been added successfully
168 [46912496791296] INFO perfrun.launcher <> - plugin cve has been added successfully
168 [46912496791296] INFO perfrun.launcher <> - the option was added --interval: Specify an interval of data collection (for example, sampling) in milliseconds.
168 [46912496791296] INFO perfrun.launcher <> - the option was added --follow-child: Profile process with or without children.
168 [46912496791296] INFO perfrun.launcher <> - the option was added --gelding: BADMSG: perfrun1.launcher.plugin_manager::gelding
168 [46912496791296] INFO perfrun.launcher <> - the option was added --time-source: Specify time source for measurement. Possible values: sys - wall clock time; tsc - time stamp counter; ext - time from an external source; auto - auto select accurate time source.
168 [46912496791296] INFO perfrun.launcher <> - the option was added --stack: Enable or disable collection of stacks.
168 [46912496791296] INFO perfrun.launcher <> - the option was added --stack-stitching: Enable or disable the stack stitching algorithm for Intel TBB-based applications.
168 [46912496791296] INFO perfrun.launcher <> - the option was added --type: Specify type of data to be collected. For example, --type cpu:counters,waiting:nostack,io.
168 [46912496791296] INFO perfrun.launcher <> - the option was added --mrte-mode: Specify Java/.NET/other managed runtime collection mode. Possible values: native - collect information only for native code; managed - collect information only for managed code; mixed - collect information for both managed and native code; auto - choose the mode based on binary type.
168 [46912496791296] INFO perfrun.launcher <> - the option was added --mrte-mode-list: List supported Java/.NET/other managed runtime collection modes.
169 [46912496791296] INFO perfrun.launcher <> - the option was added --mrte-type: Specify which managed runtimes to collect. Possible values: java - collect information for Java; dotnet - collect information for .NET; python - collect information for CPython. You can specify several values separated by comma.
169 [46912496791296] INFO perfrun.launcher <> - the option was added --mrte-type-list: List supported Java/.NET/other managed runtime types.
169 [46912496791296] INFO perfrun.launcher <> - the option was added --trace-strategy: Specify how to profile a process tree. <string> can be "<process>:trace:notrace" - profile the process but do not profile its children. Shorthand parameters: t - trace, nt - notrace. For example, "vtunedemo.exe:t:t".
169 [46912496791296] INFO perfrun.launcher <> - the option was added --collector: BADMSG: perfrun1.launcher.plugin_manager::collector
169 [46912496791296] INFO perfrun.launcher <> - the option was added --system-wide: Enable system-wide profiling. This mode may require additional permissions.
169 [46912496791296] INFO perfrun.launcher <> - the option was added --kvm-guest: Enable KVM guest OS profiling.
169 [46912496791296] INFO perfrun.launcher <> - the option was added --kvm-guest-kallsyms: Specify a local path to the /proc/kallsyms file copied from the guest OS for proper symbol resolution.
169 [46912496791296] INFO perfrun.launcher <> - the option was added --kvm-guest-modules: Specify a local path to the /proc/modules file copied from the guest OS for proper symbol resolution.
169 [46912496791296] INFO perfrun.launcher <> - the option was added --target-system: BADMSG: perfrun1.launcher.plugin_manager::target-system
169 [46912496791296] INFO perfrun.launcher <> - the option was added --dump-vdso: Dump [vdso] to result directory
169 [46912496791296] INFO perfrun.launcher <> - the option was added --bandwidth-limits: Measure bandwidth limits
169 [46912496791296] INFO perfrun.launcher <> - the option was added --bandwidth-strategy: Bandwidth limits determination specific properties (example: --bandwidth-strategy array-size=0,duration=500).
169 [46912496791296] INFO perfrun.launcher <> - the option was added --bandwidth-config: List of benchmarks to run.
169 [46912496791296] INFO perfrun.launcher <> - the option was added --system-collector-config: Specify subcollectors. Possible values: all, vdso, container, device-info, none.
169 [46912496791296] INFO perfrun.launcher <> - the option was added --itt-config: Specify a sub-set of ITT API to collect.
169 [46912496791296] INFO perfrun.launcher <> - the option was added --itt-debug: Set pseudo-breakpoint at ITT API collector's start to enable the debugger to attach early.
169 [46912496791296] INFO perfrun.launcher <> - the option was added --itt-ring-buffer-multiplier: The size of internal ITT API collector ring buffer, in bytes per second
169 [46912496791296] INFO perfrun.launcher <> - the option was added --ptrace: Ptrace collector.
169 [46912496791296] INFO perfrun.launcher <> - the option was added --target-pid: BADMSG: perfrun1.ptracecollector::target-pid
169 [46912496791296] INFO perfrun.launcher <> - the option was added --ptrace-server-pid: BADMSG: perfrun1.ptracecollector::ptrace-server-pid
169 [46912496791296] INFO perfrun.launcher <> - the option was added --ptrace-trace: BADMSG: perfrun1.ptracecollector::ptrace-trace
169 [46912496791296] INFO perfrun.launcher <> - the option was added --ptrace-time-source: BADMSG: perfrun1.ptracecollector::ptrace-time-source
169 [46912496791296] INFO perfrun.launcher <> - the option was added --ptrace-start-type: BADMSG: perfrun1.ptracecollector::ptrace-start-type
169 [46912496791296] INFO perfrun.launcher <> - the option was added --gpu-config: Specify types of GPU data to be collected. Possible values: preset1, preset2.
170 [46912496791296] INFO perfrun.launcher <> - the option was added --gpu-debug: Enable self-testing of the GPGPU profiling collector.
170 [46912496791296] INFO perfrun.launcher <> - the option was added --stdsrc-config: Specify Standard Sources category tag(s).
170 [46912496791296] INFO perfrun.launcher <> - the option was added --ftrace-config-list: List Linux Ftrace category tag(s).
170 [46912496791296] INFO perfrun.launcher <> - the option was added --ftrace-config: Specify Linux Ftrace category tag(s).
170 [46912496791296] INFO perfrun.launcher <> - the option was added --ftrace-function-groups: Enable tracing of specific groups of functions.
170 [46912496791296] INFO perfrun.launcher <> - the option was added --event-info: BADMSG: perfrun1.stdsrc::event-info
170 [46912496791296] INFO perfrun.launcher <> - the option was added --cpu-list: List supported CPUs.
170 [46912496791296] INFO perfrun.launcher <> - the option was added --target-list: List available targets for performing sampling collection.
170 [46912496791296] INFO perfrun.launcher <> - the option was added --event-value-list: Display event information.
170 [46912496791296] INFO perfrun.launcher <> - the option was added --platform-value-list: Display details of supported platforms.
170 [46912496791296] INFO perfrun.launcher <> - the option was added --uncore-event-list: List uncore events for which a sampling data collection can be performed on this platform.
170 [46912496791296] INFO perfrun.launcher <> - the option was added --modifier-list: Specify the event name <string> for which the modifiers list is requested.
170 [46912496791296] INFO perfrun.launcher <> - the option was added --pmu-list: List supported PMUs.
170 [46912496791296] INFO perfrun.launcher <> - the option was added --os-mode-only: Enable sampling data collection for OS-mode processes only.
170 [46912496791296] INFO perfrun.launcher <> - the option was added --user-mode-only: Enable sampling data collection for user-mode processes only.
170 [46912496791296] INFO perfrun.launcher <> - the option was added --event-config: Perform data collection for the events with <string> configured using the format <event name1>":modifier1=val:modifier2=val/constraint1={:modifier3=val:modifier4=val}...,"<event name2>":... Specify the events(s) to monitor and embed the event names within double quotes("). [:modifier=val] specifies individual event modifiers along with the respective values for a given platform. Note that the modifiers can be generic to an event as well as specific to a constraint (or an event qualifier). The constraint specific special modifiers appear after [/constraint=]. The modifiers can be in decimal or hexadecimal format. Only specific modifiers accept the value as a string. Each event specification is delimited by a comma (,). For a list of supported modifiers and constraints, refer to the documentation.
170 [46912496791296] INFO perfrun.launcher <> - the option was added --chipset-event-config: BADMSG: perfrun1.sep::chipset-event-config
170 [46912496791296] INFO perfrun.launcher <> - the option was added --uncore-event-config: Perform uncore data collection in ebc count mode for the events with <string> configured using the format "<event name1>"...,"<event name2>":... Specify the events(s) to monitor and embed the event names within double quotes(").
170 [46912496791296] INFO perfrun.launcher <> - the option was added --count-emon: Enable counting mode and output the data in EMON format.
170 [46912496791296] INFO perfrun.launcher <> - the option was added --event-based-counts: Enable event-based counting mode. During sampling data collection, event counts data is collected for the list of events specified in -event-config option.
170 [46912496791296] INFO perfrun.launcher <> - the option was added --event-mux-tfactor: Specify the event multiplexing tfactor as <integer> to set the length of the interval between interrupts. The larger the tfactor value, the larger the period between interrupts. Currently this option is only available on Intel platforms codenamed Knights Corner.
170 [46912496791296] INFO perfrun.launcher <> - the option was added --full-pebs-capture: Capture full pebs information.
170 [46912496791296] INFO perfrun.launcher <> - the option was added --last-branch-records: Capture Last Branch Records information.
170 [46912496791296] INFO perfrun.launcher <> - the option was added --pmu-type: Specify the targeted PMU name as <string>.
171 [46912496791296] INFO perfrun.launcher <> - the option was added --platform-type: Specify the targeted platform number as <number>.
171 [46912496791296] INFO perfrun.launcher <> - the option was added --bts-count: Specify the <integer> number of BTS records collected after each sample or context switch (VTSS++ only).
171 [46912496791296] INFO perfrun.launcher <> - the option was added --cpu-mask: Specify which CPU(s) <string> to collect data on. For example, specify "2-8,10,12-14" to sample only CPUs 2 through 8, 10, and 12 through 14.
171 [46912496791296] INFO perfrun.launcher <> - the option was added --event-mux-alg: Specify the event multiplexing algorithm. Possible values: sequence, timer, trigger.
171 [46912496791296] INFO perfrun.launcher <> - the option was added --event-mux-timeslice: Specify the event multiplexing time slice value as <integer>. The time slice specifies the duration between cycles for each event multiplexing group. The default value is 50 milliseconds. This option is valid only for timer-based event multiplexing. Specify the event multiplexing time slice value as <integer>. The time slice specifies the duration between cycles for each event multiplexing group. The default value is 1 millisecond. This option is valid only for timer-based event multiplexing.
171 [46912496791296] INFO perfrun.launcher <> - the option was added --event-mux-factor: Specify the event multiplexing factor as <integer>. It controls the switching of event multiplexing groups. The default factor is 50. This option is valid only for trigger-based event multiplexing. Specify the event multiplexing factor as <integer>. It controls the switching of event multiplexing groups. The default factor is 1. This option is valid only for trigger-based event multiplexing.
171 [46912496791296] INFO perfrun.launcher <> - the option was added --event-mux-trigger: Specify the name of the trigger event for event multiplexing as <string>. This option is valid only for trigger-based event multiplexing. The default trigger is CPU_CLK_UNHALTED.CORE (or CPU_CLK_UNHALTED.THREAD). BADMSG: perfrun1.vtsspp::event-mux-trigger
171 [46912496791296] INFO perfrun.launcher <> - the option was added --pwr-config: BADMSG: perfrun1.vtsspp::pwr-config
171 [46912496791296] INFO perfrun.launcher <> - the option was added --sys-config: BADMSG: perfrun1.vtsspp::sys-config
171 [46912496791296] INFO perfrun.launcher <> - the option was added --pt-mode: BADMSG: perfrun1.vtsspp::pt-mode
171 [46912496791296] INFO perfrun.launcher <> - the option was added --sample-after-multiplier: Specify the sample after multiplier as <double>. This multiplier modifies the sample after value for all the events specified in -event-config option. The values can range from 0.1 to 100.0. SAV multiplier value
171 [46912496791296] INFO perfrun.launcher <> - the option was added --uncore-sampling-interval: Specify the uncore sampling interval as <integer>. This value set the uncore sampling interval for all the uncore events specified in -event-config option.
171 [46912496791296] INFO perfrun.launcher <> - the option was added --count: Enable counting mode. Enable counting mode
171 [46912496791296] INFO perfrun.launcher <> - the option was added --trace-mpi: Configure collector to trace MPI code.
171 [46912496791296] INFO perfrun.launcher <> - the option was added --raw-perf-config: Specify a verified configuration for the Perf collector in the format: <describer>,<content>. For example: map-events-file,<path_to_map_events_file>.
171 [46912496791296] INFO perfrun.launcher <> - the option was added --stackwalk: Specify stack unwinding method. Possible values: online - unwind stacks during collection; offline - unwind stacks after collection is finished. Specify stack unwinding method. Possible value: lbr - unwind stacks during collection. Specify stack unwinding method. Possible values: online - unwind stacks during collection; offline - unwind stacks after collection is finished; lbr - enable LBR-based call stack collection. Specify stack unwinding method. Possible values: online - unwind stacks during collection; offline - unwind stacks after collection is finished. Specify stack unwinding method. Possible values: online - unwind stacks during collection; offline - unwind stacks after collection is finished.
171 [46912496791296] INFO perfrun.launcher <> - the option was added --filter-include: Filter data during collection. Possible values: contended=<on|off> - filter out uncontended events; contended_nostack=<time> - filter out stacks for contended events that take less than <time> microseconds; wait=<time> - ignore transitions and blocks with wait time less than <time> microseconds; wait_nostack=<time> - filter out stacks for waits that take less than <time> microseconds.
171 [46912496791296] INFO perfrun.launcher <> - the option was added --debug-pin: Debug PIN tool and runtime.
171 [46912496791296] INFO perfrun.launcher <> - the option was added --debug-exception: Disallow the application to set own abnormal termination handler.
171 [46912496791296] INFO perfrun.launcher <> - the option was added --trace-type: Specify the trace file granularity. Possible values: per-thread - per-thread trace file generation; per-process - per-process trace file generation.
171 [46912496791296] INFO perfrun.launcher <> - the option was added --instrumentation-type: Specify type of instrumentation.
171 [46912496791296] INFO perfrun.launcher <> - the option was added --altstack: Enable or disable usage of altstacks for profiling signal handlers.
171 [46912496791296] INFO perfrun.launcher <> - the option was added --profiling-signal: BADMSG: perfrun1.ptracecollector::profiling-signal Alternate profiling signal.
171 [46912496791296] INFO perfrun.launcher <> - the option was added --memory-strategy: Specify a minimal memory object size to be traced and a hash table size for faster objects search; for example: --memory-strategy obj-size-min=1024,hash-table-size=4096.
172 [46912496791296] INFO perfrun.launcher <> - the option was added --gpu-profiling-config: Specify a type of deep GPU profiling applied for all kernels and a comma-separated list of GPU kernel names and invocations in the following format: profiling_type[@kernel_name[:start_idx:step:stop_idx]], where profiling_type is one of following: none, bblatency, memlatency; kernel_name is the name of GPU kernel; start_idx is the number of the first invocation; and stop_idx is the number of the last invocation to be profiled.
172 [46912496791296] INFO perfrun.launcher <> - the option was added --custom-collector: Allows to provide arbitrary command line to be run on collection steps.
172 [46912496791296] INFO perfrun.launcher <> - the option was added --exprof-com-list: List available COM ports.
172 [46912496791296] INFO perfrun.launcher <> - the option was added --exprof-dvc-list: List available DvC IDs.
172 [46912496791296] INFO perfrun.launcher <> - the option was added --exprof-trace-channel: BADMSG: perfrun1.exprof::exprof-trace-channel
172 [46912496791296] INFO perfrun.launcher <> - the option was added --exprof-event-config: Specify ExactProfiling Event Classes.
172 [46912496791296] INFO perfrun.launcher <> - the option was added --analyze-dpdk: analyze-dpdk
172 [46912496791296] INFO perfrun.launcher <> - the option was added --network-sampling-interval: network-sampling-interval
172 [46912496791296] INFO perfrun.launcher <> - the option was added --dpdk-file-prefix: dpdk-file-prefix
173 [46912496791296] INFO perfrun.launcher <> - create msngr2::ICliToolContext
173 [46912496791296] INFO perfrun.launcher <> - create file finder object
179 [46912620742400] INFO perfrun.system <> - dumping [vdso] pseudomodule
180 [46912620742400] INFO perfrun.launcher <> - plugin [itt] was disabled because it doesn't support the given collection type.
180 [46912620742400] INFO perfrun.launcher <> - plugin [ptracecollector] was disabled because it doesn't support the given collection type.
180 [46912620742400] INFO perfrun.launcher <> - plugin [gpu] was disabled because it doesn't support the given collection type.
180 [46912620742400] INFO perfrun.launcher <> - plugin [] was disabled because it doesn't support the given collection type.
180 [46912620742400] INFO perfrun.launcher <> - plugin [] was disabled because it doesn't support the given collection type.
180 [46912620742400] INFO perfrun.launcher <> - plugin [] was disabled because it doesn't support the given collection type.
180 [46912620742400] INFO perfrun.launcher <> - plugin [mrte] was disabled because it doesn't support the given collection type.
180 [46912620742400] INFO perfrun.launcher <> - plugin [emon] was disabled because it doesn't support the given collection type.
180 [46912620742400] INFO perfrun.launcher <> - plugin [stdsrc] was disabled because it doesn't support the given collection type.
180 [46912620742400] INFO perfrun.launcher <> - plugin [sep] was disabled because it doesn't support the given collection type.
180 [46912620742400] INFO perfrun.launcher <> - plugin [vtsspp] was disabled because it doesn't support the given collection type.
180 [46912620742400] INFO perfrun.launcher <> - plugin [perf] was disabled because it doesn't support the given collection type.
181 [46912620742400] INFO perfrun.launcher <> - plugin [tpss] was disabled because it doesn't support the given collection type.
181 [46912620742400] INFO perfrun.launcher <> - plugin [cuscol] was disabled because it doesn't support the given collection type.
181 [46912620742400] INFO perfrun.launcher <> - plugin [exprof] was disabled because it doesn't support the given collection type.
181 [46912620742400] INFO perfrun.launcher <> - plugin [dpdk] was disabled because it doesn't support the given collection type.
181 [46912620742400] INFO perfrun.launcher <> - plugin [media] was disabled because it doesn't support the given collection type.
181 [46912620742400] INFO perfrun.commcollector <> - Disabling commcollector because integrity connection type is not used
181 [46912620742400] INFO perfrun.launcher <> - plugin [commcollector] was disabled because it doesn't support the given collection type.
181 [46912620742400] INFO perfrun.launcher <> - plugin [cve] was disabled because it doesn't support the given collection type.
181 [46912496791296] INFO perfrun.launcher <> - Application exit code: 0
181 [46912496791296] INFO perfrun.launcher <> - Exit code: 0
